Log file open, 10/03/18 20:14:37
LogWindows: Failed to load 'aqProf.dll' (GetLastError=126)
LogWindows: File 'aqProf.dll' does not exist
LogWindows: Failed to load 'VSPerf140.dll' (GetLastError=126)
LogWindows: File 'VSPerf140.dll' does not exist
LogWindows: Failed to load 'VtuneApi.dll' (GetLastError=126)
LogWindows: File 'VtuneApi.dll' does not exist
LogWindows: Failed to load 'VtuneApi32e.dll' (GetLastError=126)
LogWindows: File 'VtuneApi32e.dll' does not exist
LogInit: Display: Running engine for game: ProjectSushiSlasher
LogPlatformFile: Not using cached read wrapper
LogTaskGraph: Started task graph with 5 named threads and 14 total threads with 3 sets of task threads.
LogStats: Stats thread started at 1.919679
LogD3D11RHI: Loaded GFSDK_Aftermath_Lib.x64.dll
LogICUInternationalization: Display: ICU TimeZone Detection - Raw Offset: +2:00, Platform Override: ''
LogPluginManager: Mounting plugin Paper2D
LogPluginManager: Mounting plugin AISupport
LogPluginManager: Mounting plugin LightPropagationVolume
LogPluginManager: Mounting plugin CLionSourceCodeAccess
LogPluginManager: Mounting plugin CodeLiteSourceCodeAccess
LogPluginManager: Mounting plugin GitSourceControl
LogPluginManager: Mounting plugin KDevelopSourceCodeAccess
LogPluginManager: Mounting plugin NullSourceCodeAccess
LogPluginManager: Mounting plugin PerforceSourceControl
LogPluginManager: Mounting plugin SubversionSourceControl
LogPluginManager: Mounting plugin UObjectPlugin
LogPluginManager: Mounting plugin VisualStudioCodeSourceCodeAccess
LogPluginManager: Mounting plugin VisualStudioSourceCodeAccess
LogPluginManager: Mounting plugin XCodeSourceCodeAccess
LogPluginManager: Mounting plugin AssetManagerEditor
LogPluginManager: Mounting plugin CryptoKeys
LogPluginManager: Mounting plugin DataValidation
LogPluginManager: Mounting plugin FacialAnimation
LogPluginManager: Mounting plugin GameplayTagsEditor
LogPluginManager: Mounting plugin MacGraphicsSwitching
LogPluginManager: Mounting plugin MeshEditor
LogPluginManager: Mounting plugin MobileLauncherProfileWizard
LogPluginManager: Mounting plugin PluginBrowser
LogPluginManager: Mounting plugin SpeedTreeImporter
LogPluginManager: Mounting plugin DatasmithContent
LogPluginManager: Mounting plugin AlembicImporter
LogPluginManager: Mounting plugin AppleImageUtils
LogPluginManager: Mounting plugin AppleVision
LogPluginManager: Mounting plugin BackChannel
LogPluginManager: Mounting plugin CharacterAI
LogPluginManager: Mounting plugin GeometryCache
LogPluginManager: Mounting plugin HTML5Networking
LogPluginManager: Mounting plugin ProxyLODPlugin
LogPluginManager: Mounting plugin MagicLeap
LogPluginManager: Mounting plugin MagicLeapEmulator
LogPluginManager: Mounting plugin MagicLeapMedia
LogPluginManager: Mounting plugin AndroidMedia
LogPluginManager: Mounting plugin AvfMedia
LogPluginManager: Mounting plugin ImgMedia
LogPluginManager: Mounting plugin LinearTimecode
LogPluginManager: Mounting plugin MediaCompositing
LogPluginManager: Mounting plugin MediaPlayerEditor
LogPluginManager: Mounting plugin WmfMedia
LogPluginManager: Mounting plugin TcpMessaging
LogPluginManager: Mounting plugin UdpMessaging
LogPluginManager: Mounting plugin ActorSequence
LogPluginManager: Mounting plugin LevelSequenceEditor
LogPluginManager: Mounting plugin MatineeToLevelSequence
LogPluginManager: Mounting plugin NetcodeUnitTest
LogPluginManager: Mounting plugin NUTUnrealEngine4
LogPluginManager: Mounting plugin OnlineSubsystemGooglePlay
LogPluginManager: Mounting plugin OnlineSubsystemIOS
LogPluginManager: Mounting plugin OnlineSubsystem
LogPluginManager: Mounting plugin OnlineSubsystemNull
LogPluginManager: Mounting plugin OnlineSubsystemUtils
LogPluginManager: Mounting plugin LauncherChunkInstaller
LogPluginManager: Mounting plugin AndroidDeviceProfileSelector
LogPluginManager: Mounting plugin AndroidMoviePlayer
LogPluginManager: Mounting plugin AndroidPermission
LogPluginManager: Mounting plugin AppleMoviePlayer
LogPluginManager: Mounting plugin ArchVisCharacter
LogPluginManager: Mounting plugin AudioCapture
LogPluginManager: Mounting plugin CableComponent
LogPluginManager: Mounting plugin CustomMeshComponent
LogPluginManager: Mounting plugin EditableMesh
LogPluginManager: Mounting plugin ExampleDeviceProfileSelector
LogPluginManager: Mounting plugin GoogleCloudMessaging
LogPluginManager: Mounting plugin ImmediatePhysics
LogPluginManager: Mounting plugin IOSDeviceProfileSelector
LogPluginManager: Mounting plugin LinuxDeviceProfileSelector
LogPluginManager: Mounting plugin LocationServicesBPLibrary
LogPluginManager: Mounting plugin MobilePatchingUtils
LogPluginManager: Mounting plugin OculusVR
LogPluginManager: Plugin shader directory ../../../Engine/Plugins/Runtime/Oculus/OculusVR/Shaders found
LogPluginManager: Mapping shader source directory ../../../Engine/Plugins/Runtime/Oculus/OculusVR/Shaders to virtual directory /Plugin/OculusVR
LogPluginManager: Mounting plugin PhysXVehicles
LogPluginManager: Mounting plugin ProceduralMeshComponent
LogPluginManager: Mounting plugin RuntimePhysXCooking
LogPluginManager: Mounting plugin SteamVR
LogPluginManager: Mounting plugin WindowsMoviePlayer
LogStreaming: Display: Took  0.353s to configure plugins.
LogInit: Using libcurl 7.55.1-DEV
LogInit:  - built for x86_64-pc-win32
LogInit:  - supports SSL with OpenSSL/1.0.2h
LogInit:  - supports HTTP deflate (compression) using libz 1.2.8
LogInit:  - other features:
LogInit:      CURL_VERSION_SSL
LogInit:      CURL_VERSION_LIBZ
LogInit:      CURL_VERSION_IPV6
LogInit:      CURL_VERSION_ASYNCHDNS
LogInit:      CURL_VERSION_LARGEFILE
LogInit:      CURL_VERSION_IDN
LogInit:  CurlRequestOptions (configurable via config and command line):
LogInit:  - bVerifyPeer = false  - Libcurl will NOT verify peer certificate
LogInit:  - bUseHttpProxy = false  - Libcurl will NOT use HTTP proxy
LogInit:  - bDontReuseConnections = false  - Libcurl will reuse connections
LogInit:  - CertBundlePath = nullptr  - Libcurl will use whatever was configured at build time.
LogInit:  - MaxHostConnections = 16  - Libcurl will limit the number of connections to a host
LogInit:  - LocalHostAddr = Default
LogInit:  - BufferSize = 65536
LogInit: WinSock: version 1.1 (2.2), MaxSocks=32767, MaxUdp=65467
LogInit: Build: ++UE4+Release-4.20-CL-4369336
LogInit: Engine Version: 4.20.3-4369336+++UE4+Release-4.20
LogInit: Compatible Engine Version: 4.20.0-4212847+++UE4+Release-4.20
LogInit: Net CL: 4212847
LogInit: OS: Windows 10 (), CPU: Intel(R) Core(TM) i5-4670K CPU @ 3.40GHz, GPU: NVIDIA GeForce GTX 770
LogInit: Compiled (64-bit): Sep 17 2018 12:26:19
LogInit: Compiled with Visual C++: 19.13.26129.00
LogInit: Build Configuration: Development
LogInit: Branch Name: ++UE4+Release-4.20
LogInit: Command Line:  
LogInit: Base Directory: D:/Software/UE_4.20/Engine/Binaries/Win64/
LogInit: Installed Engine Build: 1
LogDevObjectVersion: Number of dev versions registered: 20
LogDevObjectVersion:   Dev-Blueprints (B0D832E4-1F89-4F0D-ACCF-7EB736FD4AA2): 10
LogDevObjectVersion:   Dev-Build (E1C64328-A22C-4D53-A36C-8E866417BD8C): 0
LogDevObjectVersion:   Dev-Core (375EC13C-06E4-48FB-B500-84F0262A717E): 2
LogDevObjectVersion:   Dev-Editor (E4B068ED-F494-42E9-A231-DA0B2E46BB41): 24
LogDevObjectVersion:   Dev-Framework (CFFC743F-43B0-4480-9391-14DF171D2073): 34
LogDevObjectVersion:   Dev-Mobile (B02B49B5-BB20-44E9-A304-32B752E40360): 2
LogDevObjectVersion:   Dev-Networking (A4E4105C-59A1-49B5-A7C5-40C4547EDFEE): 0
LogDevObjectVersion:   Dev-Online (39C831C9-5AE6-47DC-9A44-9C173E1C8E7C): 0
LogDevObjectVersion:   Dev-Physics (78F01B33-EBEA-4F98-B9B4-84EACCB95AA2): 0
LogDevObjectVersion:   Dev-Platform (6631380F-2D4D-43E0-8009-CF276956A95A): 0
LogDevObjectVersion:   Dev-Rendering (12F88B9F-8875-4AFC-A67C-D90C383ABD29): 26
LogDevObjectVersion:   Dev-Sequencer (7B5AE74C-D270-4C10-A958-57980B212A5A): 9
LogDevObjectVersion:   Dev-VR (D7296918-1DD6-4BDD-9DE2-64A83CC13884): 2
LogDevObjectVersion:   Dev-LoadTimes (C2A15278-BFE7-4AFE-6C17-90FF531DF755): 1
LogDevObjectVersion:   Private-Geometry (6EACA3D4-40EC-4CC1-B786-8BED09428FC5): 3
LogDevObjectVersion:   Dev-AnimPhys (29E575DD-E0A3-4627-9D10-D276232CDCEA): 17
LogDevObjectVersion:   Dev-ReflectionCapture (6B266CEC-1EC7-4B8F-A30B-E4D90942FC07): 1
LogDevObjectVersion:   Dev-Automation (0DF73D61-A23F-47EA-B727-89E90C41499A): 1
LogDevObjectVersion:   FortniteMain (601D1886-AC64-4F84-AA16-D3DE0DEAC7D6): 12
LogDevObjectVersion:   Dev-Enterprise (9DFFBCD6-494F-0158-E221-12823C92A888): 1
LogStreaming: Display: Took  0.039s to delete old logs.
LogInit: Presizing for max 8388607 objects, including 0 objects not considered by GC, pre-allocating 0 bytes for permanent pool.
LogInit: Object subsystem initialized
[2018.10.03-18.14.41:524][  0]LogInit: Selected Device Profile: [Windows]
[2018.10.03-18.14.41:524][  0]LogInit: Applying CVar settings loaded from the selected device profile: [Windows]
[2018.10.03-18.14.41:570][  0]LogHAL: Display: Platform has ~ 12 GB [12766343168 / 17179869184 / 12], which maps to Larger [LargestMinGB=32, LargerMinGB=12, DefaultMinGB=8, SmallerMinGB=6, SmallestMinGB=0)
[2018.10.03-18.14.41:582][  0]LogInit: Setting Device Profile CVar: [[r.Vulkan.UseRealUBs:1]]
[2018.10.03-18.14.41:582][  0]LogInit: Going up to parent DeviceProfile []
[2018.10.03-18.14.41:634][  0]LogInit: Computer: DESKTOP-7D7BSHQ
[2018.10.03-18.14.41:634][  0]LogInit: User: manif3st
[2018.10.03-18.14.41:634][  0]LogInit: CPU Page size=4096, Cores=4
[2018.10.03-18.14.41:634][  0]LogInit: High frequency timer resolution =3.320308 MHz
[2018.10.03-18.14.41:635][  0]LogMemory: Memory total: Physical=11.9GB (12GB approx)
[2018.10.03-18.14.41:635][  0]LogMemory: Platform Memory Stats for Windows
[2018.10.03-18.14.41:635][  0]LogMemory: Process Physical Memory: 99.04 MB used, 99.04 MB peak
[2018.10.03-18.14.41:635][  0]LogMemory: Process Virtual Memory: 82.69 MB used, 82.69 MB peak
[2018.10.03-18.14.41:635][  0]LogMemory: Physical Memory: 4319.63 MB used,  7855.30 MB free, 12174.93 MB total
[2018.10.03-18.14.41:635][  0]LogMemory: Virtual Memory: 4604.54 MB used,  7855.30 MB free, 134217728.00 MB total
[2018.10.03-18.14.42:298][  0]LogInit: Using OS detected language (en-US).
[2018.10.03-18.14.42:298][  0]LogInit: Using OS detected locale (en-ZA).
[2018.10.03-18.14.42:405][  0]LogTextLocalizationManager: No specific localization for 'en-US' exists, so the 'en' localization will be used.
[2018.10.03-18.14.43:348][  0]LogStreaming: Display: Took  1.029s to InitEngineTextLocalization.
[2018.10.03-18.14.43:369][  0]LogInit: Setting process to per monitor DPI aware
[2018.10.03-18.14.44:069][  0]LogSlate: New Slate User Created.  User Index 0, Is Virtual User: 0
[2018.10.03-18.14.44:069][  0]LogSlate: Slate User Registered.  User Index 0, Is Virtual User: 0
[2018.10.03-18.14.44:753][  0]LogHMD: Failed to initialize OpenVR with code 110
[2018.10.03-18.14.44:753][  0]LogD3D11RHI: D3D11 adapters:
[2018.10.03-18.14.44:799][  0]LogD3D11RHI:    0. 'NVIDIA GeForce GTX 770' (Feature Level 11_0)
[2018.10.03-18.14.44:799][  0]LogD3D11RHI:       2007/0/6087 MB DedicatedVideo/DedicatedSystem/SharedSystem, Outputs:2, VendorId:0x10de
[2018.10.03-18.14.44:807][  0]LogD3D11RHI:    1. 'Intel(R) HD Graphics 4600' (Feature Level 11_0)
[2018.10.03-18.14.44:807][  0]LogD3D11RHI:       112/0/2048 MB DedicatedVideo/DedicatedSystem/SharedSystem, Outputs:1, VendorId:0x8086
[2018.10.03-18.14.44:809][  0]LogD3D11RHI:    2. 'Microsoft Basic Render Driver' (Feature Level 11_0)
[2018.10.03-18.14.44:809][  0]LogD3D11RHI:       0/0/6087 MB DedicatedVideo/DedicatedSystem/SharedSystem, Outputs:0, VendorId:0x1414
[2018.10.03-18.14.44:809][  0]LogD3D11RHI: Chosen D3D11 Adapter: 0
[2018.10.03-18.14.44:819][  0]LogD3D11RHI: Creating new Direct3DDevice
[2018.10.03-18.14.44:819][  0]LogD3D11RHI:     GPU DeviceId: 0x1184 (for the marketing name, search the web for "GPU Device Id")
[2018.10.03-18.14.44:829][  0]LogWindows: EnumDisplayDevices:
[2018.10.03-18.14.44:829][  0]LogWindows:    0. 'NVIDIA GeForce GTX 770' (P:0 D:1)
[2018.10.03-18.14.44:829][  0]LogWindows:    1. 'NVIDIA GeForce GTX 770' (P:1 D:1)
[2018.10.03-18.14.44:829][  0]LogWindows:    2. 'NVIDIA GeForce GTX 770' (P:0 D:0)
[2018.10.03-18.14.44:829][  0]LogWindows:    3. 'NVIDIA GeForce GTX 770' (P:0 D:0)
[2018.10.03-18.14.44:830][  0]LogWindows:    4. 'Intel(R) HD Graphics 4600' (P:0 D:1)
[2018.10.03-18.14.44:830][  0]LogWindows:    5. 'Intel(R) HD Graphics 4600' (P:0 D:0)
[2018.10.03-18.14.44:830][  0]LogWindows:    6. 'Intel(R) HD Graphics 4600' (P:0 D:0)
[2018.10.03-18.14.44:830][  0]LogWindows: DebugString: PrimaryIsNotTheChoosenAdapter PrimaryIsNotTheChoosenAdapter PrimaryIsNotTheChoosenAdapter FoundDriverCount:4 
[2018.10.03-18.14.44:830][  0]LogD3D11RHI:     Adapter Name: NVIDIA GeForce GTX 770
[2018.10.03-18.14.44:831][  0]LogD3D11RHI:   Driver Version: 411.70 (internal:24.21.14.1170, unified:411.70)
[2018.10.03-18.14.44:831][  0]LogD3D11RHI:      Driver Date: 9-25-2018
[2018.10.03-18.14.44:831][  0]LogRHI: Texture pool is 1404 MB (70% of 2007 MB)
[2018.10.03-18.14.44:865][  0]LogD3D11RHI: Async texture creation enabled
[2018.10.03-18.14.45:162][  0]LogD3D11RHI: GPU Timing Frequency: 1000.000000 (Debug: 2 2)
[2018.10.03-18.14.45:278][  0]LogShaderCompilers: Guid format shader working directory is -8 characters bigger than the processId version (../../../../../Work/SushiSlasher/ProjectSushiSlasher 4.20/Intermediate/Shaders/WorkingDirectory/4936/).
[2018.10.03-18.14.45:278][  0]LogShaderCompilers: Cleaned the shader compiler working directory 'C:/Users/manif3st/AppData/Local/Temp/UnrealShaderWorkingDir/81B3BCC340FA9F75DC2687BA50129621/'.
[2018.10.03-18.14.45:849][  0]LogTemp: Display: Loaded TP AllDesktopTargetPlatform
[2018.10.03-18.14.45:884][  0]LogTemp: Display: Loaded TP MacClientTargetPlatform
[2018.10.03-18.14.45:908][  0]LogTemp: Display: Loaded TP MacNoEditorTargetPlatform
[2018.10.03-18.14.45:933][  0]LogTemp: Display: Loaded TP MacServerTargetPlatform
[2018.10.03-18.14.45:979][  0]LogTemp: Display: Loaded TP MacTargetPlatform
[2018.10.03-18.14.46:024][  0]LogTemp: Display: Loaded TP WindowsClientTargetPlatform
[2018.10.03-18.14.46:049][  0]LogTemp: Display: Loaded TP WindowsNoEditorTargetPlatform
[2018.10.03-18.14.46:083][  0]LogTemp: Display: Loaded TP WindowsServerTargetPlatform
[2018.10.03-18.14.46:095][  0]LogTemp: Display: Loaded TP WindowsTargetPlatform
[2018.10.03-18.14.46:199][  0]LogTemp: Display: Loaded TP AndroidTargetPlatform
[2018.10.03-18.14.46:199][  0]LogTemp: Display: Loaded TP AndroidTargetPlatform
[2018.10.03-18.14.46:199][  0]LogTemp: Display: Loaded TP AndroidTargetPlatform
[2018.10.03-18.14.46:199][  0]LogTemp: Display: Loaded TP AndroidTargetPlatform
[2018.10.03-18.14.46:200][  0]LogTemp: Display: Loaded TP AndroidTargetPlatform
[2018.10.03-18.14.46:200][  0]LogTemp: Display: Loaded TP AndroidTargetPlatform
[2018.10.03-18.14.46:200][  0]LogTemp: Display: Loaded TP AndroidTargetPlatform
[2018.10.03-18.14.46:200][  0]LogTemp: Display: Loaded TP AndroidTargetPlatform
[2018.10.03-18.14.46:200][  0]LogTemp: Display: Loaded TP AndroidTargetPlatform
[2018.10.03-18.14.46:200][  0]LogTemp: Display: Loaded TP AndroidTargetPlatform
[2018.10.03-18.14.46:200][  0]LogTemp: Display: Loaded TP AndroidTargetPlatform
[2018.10.03-18.14.46:200][  0]LogTemp: Display: Loaded TP AndroidTargetPlatform
[2018.10.03-18.14.46:200][  0]LogTemp: Display: Loaded TP AndroidTargetPlatform
[2018.10.03-18.14.46:200][  0]LogTemp: Display: Loaded TP AndroidTargetPlatform
[2018.10.03-18.14.46:200][  0]LogTemp: Display: Loaded TP AndroidTargetPlatform
[2018.10.03-18.14.46:200][  0]LogTemp: Display: Loaded TP AndroidTargetPlatform
[2018.10.03-18.14.46:200][  0]LogTemp: Display: Loaded TP AndroidTargetPlatform
[2018.10.03-18.14.46:200][  0]LogTemp: Display: Loaded TP AndroidTargetPlatform
[2018.10.03-18.14.46:223][  0]LogTemp: Display: Loaded TP HTML5TargetPlatform
[2018.10.03-18.14.46:390][  0]LogTemp: Display: Loaded TP IOSTargetPlatform
[2018.10.03-18.14.46:390][  0]LogTemp: Display: Loaded TP IOSTargetPlatform
[2018.10.03-18.14.46:422][  0]LogTemp: Display: Loaded TP TVOSTargetPlatform
[2018.10.03-18.14.46:423][  0]LogTemp: Display: Loaded TP TVOSTargetPlatform
[2018.10.03-18.14.46:449][  0]LogTemp: Display: Loaded TP LinuxClientTargetPlatform
[2018.10.03-18.14.46:469][  0]LogTemp: Display: Loaded TP LinuxNoEditorTargetPlatform
[2018.10.03-18.14.46:517][  0]LogTemp: Display: Loaded TP LinuxServerTargetPlatform
[2018.10.03-18.14.46:544][  0]LogTemp: Display: Loaded TP LinuxTargetPlatform
[2018.10.03-18.14.46:573][  0]LogTemp: Display: Loaded TP LuminTargetPlatform
[2018.10.03-18.14.46:573][  0]LogTargetPlatformManager: Display: Building Assets For Windows
[2018.10.03-18.14.47:555][  0]LogXGEController: Cleaning working directory: C:/Users/manif3st/AppData/Local/Temp/UnrealXGEWorkingDir/
[2018.10.03-18.14.47:555][  0]LogXGEController: Cannot use XGE Controller as Incredibuild is not installed on this machine.
[2018.10.03-18.14.47:555][  0]LogShaderCompilers: Cannot use XGE Shader Compiler as Incredibuild is not installed on this machine.
[2018.10.03-18.14.47:555][  0]LogShaderCompilers: Display: Using Local Shader Compiler.
[2018.10.03-18.14.50:407][  0]LogDerivedDataCache: Display: Max Cache Size: 512 MB
[2018.10.03-18.14.50:645][  0]LogDerivedDataCache: Loaded boot cache 0.23s 71MB C:/Users/manif3st/AppData/Local/UnrealEngine/4.20/DerivedDataCache/Boot.ddc.
[2018.10.03-18.14.50:645][  0]LogDerivedDataCache: Display: Loaded Boot cache: C:/Users/manif3st/AppData/Local/UnrealEngine/4.20/DerivedDataCache/Boot.ddc
[2018.10.03-18.14.50:645][  0]LogDerivedDataCache: FDerivedDataBackendGraph:  Pak pak cache file ../../../../../Work/SushiSlasher/ProjectSushiSlasher 4.20/DerivedDataCache/DDC.ddp not found, will not use a pak cache.
[2018.10.03-18.14.50:645][  0]LogDerivedDataCache: Unable to find inner node Pak for hierarchical cache Hierarchy.
[2018.10.03-18.14.50:645][  0]LogDerivedDataCache: FDerivedDataBackendGraph:  CompressedPak pak cache file ../../../../../Work/SushiSlasher/ProjectSushiSlasher 4.20/DerivedDataCache/Compressed.ddp not found, will not use a pak cache.
[2018.10.03-18.14.50:645][  0]LogDerivedDataCache: Unable to find inner node CompressedPak for hierarchical cache Hierarchy.
[2018.10.03-18.14.50:728][  0]LogDerivedDataCache: Display: Pak cache opened for reading ../../../Engine/DerivedDataCache/Compressed.ddp.
[2018.10.03-18.14.50:742][  0]LogDerivedDataCache: Using Local data cache path C:/Users/manif3st/AppData/Local/UnrealEngine/Common/DerivedDataCache: Writable
[2018.10.03-18.14.50:742][  0]LogDerivedDataCache: Shared data cache path not found in *engine.ini, will not use an Shared cache.
[2018.10.03-18.14.50:742][  0]LogDerivedDataCache: Unable to find inner node Shared for hierarchical cache Hierarchy.
[2018.10.03-18.14.50:759][  0]LogMaterial: Verifying Global Shaders for PCD3D_SM5
[2018.10.03-18.14.50:878][  0]LogSlate: Using FreeType 2.6.0
[2018.10.03-18.14.50:969][  0]LogSlate: SlateFontServices - WITH_FREETYPE: 1, WITH_HARFBUZZ: 1
[2018.10.03-18.14.51:846][  0]LogAssetRegistry: FAssetRegistry took 0.0361 seconds to start up
[2018.10.03-18.14.56:875][  0]LogInit: Selected Device Profile: [Windows]
[2018.10.03-18.14.58:530][  0]LogSimplygon: Simplygon DLL not present - disabling.
[2018.10.03-18.14.58:722][  0]LogMeshReduction: Using SimplygonSwarm for distributed automatic mesh merging
[2018.10.03-18.14.58:722][  0]LogMeshReduction: Using ProxyLODMeshReduction for automatic mesh merging
[2018.10.03-18.14.58:722][  0]LogMeshReduction: Using QuadricMeshReduction for automatic static mesh reduction
[2018.10.03-18.14.58:722][  0]LogMeshReduction: No automatic skeletal mesh reduction module available
[2018.10.03-18.14.59:233][  0]LogNetVersion: ProjectSushiSlasher 1.0.0, NetCL: 4212847, EngineNetVer: 5, GameNetVer: 0 (Checksum: 3441658974)
[2018.10.03-18.15.04:464][  0]LogPackageLocalizationCache: Processed 11 localized package path(s) for 2 prioritized culture(s) in 0.160096 seconds
[2018.10.03-18.15.04:516][  0]LogUObjectArray: 38425 objects as part of root set at end of initial load.
[2018.10.03-18.15.04:516][  0]LogUObjectAllocator: 6690872 out of 0 bytes used by permanent object pool.
[2018.10.03-18.15.04:516][  0]LogUObjectArray: CloseDisregardForGC: 0/0 objects in disregard for GC pool
[2018.10.03-18.15.14:863][  0]LogTcpMessaging: Initializing TcpMessaging bridge
[2018.10.03-18.15.14:904][  0]LogUdpMessaging: Initializing bridge on interface 0.0.0.0:0 to multicast group 230.0.0.1:6666.
[2018.10.03-18.15.16:244][  0]SourceControl: Source control is disabled
[2018.10.03-18.15.19:289][  0]LogAndroidPermission: UAndroidPermissionCallbackProxy::GetInstance
[2018.10.03-18.15.19:493][  0]LogOcInput: OculusInput pre-init called
[2018.10.03-18.15.20:328][  0]LogEngine: Initializing Engine...
[2018.10.03-18.15.20:369][  0]LogHMD: Failed to initialize OpenVR with code 110
[2018.10.03-18.15.20:413][  0]LogStats: UGameplayTagsManager::ConstructGameplayTagTree: ImportINI prefixes -  0.000 s
[2018.10.03-18.15.20:413][  0]LogStats: UGameplayTagsManager::ConstructGameplayTagTree: Construct from data asset -  0.000 s
[2018.10.03-18.15.20:413][  0]LogStats: UGameplayTagsManager::ConstructGameplayTagTree: ImportINI -  0.000 s
[2018.10.03-18.15.20:413][  0]LogStats: UGameplayTagsManager::ConstructGameplayTagTree: GameplayTagTreeChangedEvent.Broadcast -  0.000 s
[2018.10.03-18.15.21:081][  0]LogInit: Initializing FReadOnlyCVARCache
[2018.10.03-18.15.21:679][  0]LogAIModule: Creating AISystem for world Untitled
[2018.10.03-18.15.21:947][  0]LogInit: XAudio2 using 'Speakers (Realtek High Definition Audio)' : 2 channels at 48 kHz using 32 bits per sample (channel mask 0x3)
[2018.10.03-18.15.21:997][  0]LogInit: FAudioDevice initialized.
[2018.10.03-18.15.21:998][  0]LogNetVersion: Set ProjectVersion to 1.0.0.0. Version Checksum will be recalculated on next use.
[2018.10.03-18.15.22:135][  0]LogDerivedDataCache: Saved boot cache 0.14s 71MB C:/Users/manif3st/AppData/Local/UnrealEngine/4.20/DerivedDataCache/Boot.ddc.
[2018.10.03-18.15.22:141][  0]LogInit: Texture streaming: Enabled
[2018.10.03-18.15.22:384][  0]LogEngineSessionManager: EngineSessionManager initialized
[2018.10.03-18.15.22:643][  0]LogInit: Transaction tracking system initialized
[2018.10.03-18.15.23:209][  0]BlueprintLog: New page: Editor Load
[2018.10.03-18.15.24:931][  0]LocalizationService: Localization service is disabled
[2018.10.03-18.15.29:547][  0]LogFileCache: Scanning file cache for directory 'D:/Work/SushiSlasher/ProjectSushiSlasher 4.20/Content/' took 0.04s
[2018.10.03-18.15.29:547][  0]LogCook: Display: Max memory allowance for cook 16384mb min free memory 0mb
[2018.10.03-18.15.29:557][  0]LogCook: Display: Mobile HDR setting 1
[2018.10.03-18.15.29:568][  0]LogGameplayTags: Display: UGameplayTagsManager::DoneAddingNativeTags. DelegateIsBound: 0
[2018.10.03-18.15.29:569][  0]LogStats: UGameplayTagsManager::ConstructGameplayTagTree: ImportINI prefixes -  0.000 s
[2018.10.03-18.15.29:569][  0]LogStats: UGameplayTagsManager::ConstructGameplayTagTree: Construct from data asset -  0.000 s
[2018.10.03-18.15.29:569][  0]LogStats: UGameplayTagsManager::ConstructGameplayTagTree: ImportINI -  0.000 s
[2018.10.03-18.15.29:569][  0]LogStats: UGameplayTagsManager::ConstructGameplayTagTree: GameplayTagTreeChangedEvent.Broadcast -  0.000 s
[2018.10.03-18.15.31:705][  0]Cmd: MAP LOAD FILE="../../../../../Work/SushiSlasher/ProjectSushiSlasher 4.20/Content/SideScrollerBP/Maps/SideScrollerExampleMap.umap" TEMPLATE=0 SHOWPROGRESS=1 FEATURELEVEL=3
[2018.10.03-18.15.31:705][  0]LogEditorServer: Warning: Can't find file '../../../../../Work/SushiSlasher/ProjectSushiSlasher 4.20/Content/SideScrollerBP/Maps/SideScrollerExampleMap.umap'
[2018.10.03-18.15.31:705][  0]Cmd: MAP CHECKDEP NOCLEARLOG
[2018.10.03-18.15.31:846][  0]MapCheck: Map check complete: 0 Error(s), 0 Warning(s), took 140,67ms to complete.
[2018.10.03-18.15.31:846][  0]LogFileHelpers: Loading map 'SideScrollerExampleMap' took 0.169
[2018.10.03-18.15.34:365][  0]LogSlate: Updating window title bar state: overlay mode, drag disabled, window buttons hidden, title bar hidden
[2018.10.03-18.15.34:410][  0]LogSlate: Updating window title bar state: overlay mode, drag disabled, window buttons hidden, title bar hidden
[2018.10.03-18.15.34:427][  0]LogSlate: Updating window title bar state: overlay mode, drag disabled, window buttons hidden, title bar hidden
[2018.10.03-18.15.34:444][  0]LogSlate: Updating window title bar state: overlay mode, drag disabled, window buttons hidden, title bar hidden
[2018.10.03-18.15.34:600][  0]LogCollectionManager: Loaded 0 collections in 0.001493 seconds
[2018.10.03-18.15.34:725][  0]LogFileCache: Scanning file cache for directory 'D:/Work/SushiSlasher/ProjectSushiSlasher 4.20/Saved/Collections/' took 0.01s
[2018.10.03-18.15.34:725][  0]LogFileCache: Scanning file cache for directory 'D:/Work/SushiSlasher/ProjectSushiSlasher 4.20/Content/Developers/manif3st/Collections/' took 0.01s
[2018.10.03-18.15.34:725][  0]LogFileCache: Scanning file cache for directory 'D:/Work/SushiSlasher/ProjectSushiSlasher 4.20/Content/Collections/' took 0.01s
[2018.10.03-18.15.34:725][  0]LogCollectionManager: Rebuilt the GUID cache for 0 collections in 0.000000 seconds
[2018.10.03-18.15.34:759][  0]LogContentBrowser: Native class hierarchy populated in 0.0249 seconds. Added 2572 classes and 603 folders.
[2018.10.03-18.15.34:850][  0]LogContentBrowser: Native class hierarchy updated for 'WidgetCarousel' in 0.0006 seconds. Added 0 classes and 0 folders.
[2018.10.03-18.15.35:778][  0]LogContentBrowser: Native class hierarchy updated for 'AddContentDialog' in 0.0004 seconds. Added 0 classes and 0 folders.
[2018.10.03-18.15.35:887][  0]LogContentBrowser: Native class hierarchy updated for 'SceneOutliner' in 0.0005 seconds. Added 1 classes and 2 folders.
[2018.10.03-18.15.36:730][  0]LogSlate: Took 0.011544 seconds to synchronously load lazily loaded font '../../../Engine/Content/Slate/Fonts/Roboto-Regular.ttf' (155K)
[2018.10.03-18.15.36:767][  0]LogSlate: Took 0.016368 seconds to synchronously load lazily loaded font '../../../Engine/Content/Slate/Fonts/Roboto-Bold.ttf' (160K)
[2018.10.03-18.15.36:848][  0]LogSlate: Took 0.012570 seconds to synchronously load lazily loaded font '../../../Engine/Content/Editor/Slate/Fonts/FontAwesome.ttf' (139K)
[2018.10.03-18.15.37:573][  0]LogRenderer: Reallocating scene render targets to support 1208x636 Format 10 NumSamples 1 (Frame:1).
[2018.10.03-18.15.38:527][  0]LogContentBrowser: Native class hierarchy updated for 'HierarchicalLODOutliner' in 0.0006 seconds. Added 0 classes and 0 folders.
[2018.10.03-18.15.38:527][  0]LogLoad: (Engine Initialization) Total time: 73.90 seconds
[2018.10.03-18.15.38:527][  0]LogLoad: (Engine Initialization) Total Blueprint compile time: 0.00 seconds
[2018.10.03-18.15.39:340][  0]LogContentStreaming: Texture pool size now 1000 MB
[2018.10.03-18.15.40:129][  3]LogAssetRegistry: Asset discovery search completed in 48.3065 seconds
[2018.10.03-18.15.40:131][  3]LogCollectionManager: Rebuilt the object cache for 0 collections in 0.000000 seconds (found 0 objects)
[2018.10.03-18.15.40:131][  3]LogCollectionManager: Fixed up redirectors for 0 collections in 0.000046 seconds (updated 0 objects)
[2018.10.03-18.15.43:931][ 14]LogSlate: Took 0.013409 seconds to synchronously load lazily loaded font '../../../Engine/Content/Slate/Fonts/Roboto-Light.ttf' (167K)
[2018.10.03-18.15.48:607][ 29]LogSlate: FSceneViewport::OnFocusLost() reason 0
[2018.10.03-18.16.05:150][418]LogAIModule: Creating AISystem for world DefaultMap
[2018.10.03-18.16.11:110][999]LogSlate: Took 0.000272 seconds to synchronously load lazily loaded font '../../../Engine/Content/Slate/Fonts/Roboto-Light.ttf' (167K)
[2018.10.03-18.16.11:145][999]LogAssetEditorManager: Opening Asset editor for World /Game/Maps/DefaultMap.DefaultMap
[2018.10.03-18.16.11:761][999]Cmd: MAP LOAD FILE="../../../../../Work/SushiSlasher/ProjectSushiSlasher 4.20/Content/Maps/DefaultMap.umap" TEMPLATE=0 SHOWPROGRESS=1 FEATURELEVEL=3
[2018.10.03-18.16.11:764][999]LightingResults: New page: Lighting Build
[2018.10.03-18.16.11:787][999]LogContentBrowser: Native class hierarchy updated for 'StatsViewer' in 0.0009 seconds. Added 5 classes and 0 folders.
[2018.10.03-18.16.11:789][999]LoadErrors: New page: Loading map: DefaultMap.umap
[2018.10.03-18.16.11:850][999]MapCheck: New page: Map Check
[2018.10.03-18.16.11:850][999]LightingResults: New page: Lighting Build
[2018.10.03-18.16.12:435][999]LogEditorServer: Finished looking for orphan Actors (0.000 secs)
[2018.10.03-18.16.12:593][999]Cmd: MAP CHECKDEP NOCLEARLOG
[2018.10.03-18.16.12:656][999]MapCheck: Map check complete: 0 Error(s), 0 Warning(s), took 62,174ms to complete.
[2018.10.03-18.16.12:657][999]LogFileHelpers: Loading map 'DefaultMap' took 0.928
[2018.10.03-18.16.20:289][846]LogSlate: FSceneViewport::OnFocusLost() reason 0
[2018.10.03-18.16.20:372][856]LogTemp: Repeating last play command: Selected Viewport
[2018.10.03-18.16.20:432][856]LogBlueprintUserMessages: Early PlayInEditor Detection: Level '/Game/Maps/DefaultMap.DefaultMap:PersistentLevel' has LevelScriptBlueprint '/Game/Maps/DefaultMap.DefaultMap:PersistentLevel.DefaultMap' with GeneratedClass '/Game/Maps/DefaultMap.DefaultMap_C' with ClassGeneratedBy '/Game/Maps/DefaultMap.DefaultMap:PersistentLevel.DefaultMap'
[2018.10.03-18.16.20:471][856]LogPlayLevel: PlayLevel: No blueprints needed recompiling
[2018.10.03-18.16.20:723][856]PIE: New page: PIE session: DefaultMap (03 Oct 2018, 10:16:20 PM)
[2018.10.03-18.16.20:723][856]LogPlayLevel: Creating play world package: /Game/Maps/UEDPIE_0_DefaultMap
[2018.10.03-18.16.20:786][856]LogPlayLevel: PIE: StaticDuplicateObject took: (0.063162s)
[2018.10.03-18.16.20:787][856]LogAIModule: Creating AISystem for world DefaultMap
[2018.10.03-18.16.20:804][856]LogPlayLevel: PIE: World Init took: (0.017627s)
[2018.10.03-18.16.20:804][856]LogPlayLevel: PIE: Created PIE world by copying editor world from /Game/Maps/DefaultMap.DefaultMap to /Game/Maps/UEDPIE_0_DefaultMap.DefaultMap (0.081117s)
[2018.10.03-18.16.20:880][856]LogInit: XAudio2 using 'Speakers (Realtek High Definition Audio)' : 2 channels at 48 kHz using 32 bits per sample (channel mask 0x3)
[2018.10.03-18.16.20:903][856]LogInit: FAudioDevice initialized.
[2018.10.03-18.16.20:984][856]LogLoad: Game class is 'SushiSlasherGamemode_C'
[2018.10.03-18.16.21:010][856]LogWorld: Bringing World /Game/Maps/UEDPIE_0_DefaultMap.DefaultMap up for play (max tick rate 0) at 2018.10.03-20.16.21
[2018.10.03-18.16.21:130][856]LogWorld: Bringing up level for play took: 0.124526
[2018.10.03-18.16.21:343][856]LogContentBrowser: Native class hierarchy updated for 'MovieSceneCapture' in 0.0006 seconds. Added 10 classes and 0 folders.
[2018.10.03-18.16.21:597][856]PIE: Play in editor start time for /Game/Maps/UEDPIE_0_DefaultMap 0,556
[2018.10.03-18.16.21:598][856]LogBlueprintUserMessages: Late PlayInEditor Detection: Level '/Game/Maps/DefaultMap.DefaultMap:PersistentLevel' has LevelScriptBlueprint '/Game/Maps/DefaultMap.DefaultMap:PersistentLevel.DefaultMap' with GeneratedClass '/Game/Maps/DefaultMap.DefaultMap_C' with ClassGeneratedBy '/Game/Maps/DefaultMap.DefaultMap:PersistentLevel.DefaultMap'
[2018.10.03-18.16.21:781][857]LogCharacterMovement: Warning: GetSimulationTimeStep() - Max iterations 8 hit while remaining time 0.068777 > MaxSimulationTimeStep (0.050) for 'AINinjaBP_348', movement 'Walking'
[2018.10.03-18.16.29:665][764]LogBlueprintUserMessages: Early EndPlayMap Detection: Level '/Game/Maps/DefaultMap.DefaultMap:PersistentLevel' has LevelScriptBlueprint '/Game/Maps/DefaultMap.DefaultMap:PersistentLevel.DefaultMap' with GeneratedClass '/Game/Maps/DefaultMap.DefaultMap_C' with ClassGeneratedBy '/Game/Maps/DefaultMap.DefaultMap:PersistentLevel.DefaultMap'
[2018.10.03-18.16.29:674][764]LogSlate: Updating window title bar state: overlay mode, drag disabled, window buttons hidden, title bar hidden
[2018.10.03-18.16.29:781][764]LogPlayLevel: Display: Shutting down PIE online subsystems
[2018.10.03-18.16.29:782][764]LogBlueprintUserMessages: Late EndPlayMap Detection: Level '/Game/Maps/DefaultMap.DefaultMap:PersistentLevel' has LevelScriptBlueprint '/Game/Maps/DefaultMap.DefaultMap:PersistentLevel.DefaultMap' with GeneratedClass '/Game/Maps/DefaultMap.DefaultMap_C' with ClassGeneratedBy '/Game/Maps/DefaultMap.DefaultMap:PersistentLevel.DefaultMap'
[2018.10.03-18.16.29:830][764]LogSlate: Updating window title bar state: overlay mode, drag disabled, window buttons hidden, title bar hidden
[2018.10.03-18.16.29:967][765]LogPlayLevel: Display: Destroying online subsystem :Context_1
[2018.10.03-18.16.33:868][220]LogSlate: FSceneViewport::OnFocusLost() reason 0
[2018.10.03-18.16.37:724][583]LogAssetEditorManager: Opening Asset editor for AnimSequence /Game/SushiSlasher/Animations/Ninja_attack1_idle.Ninja_attack1_idle
[2018.10.03-18.16.37:949][583]LogContentBrowser: Native class hierarchy updated for 'SkeletonEditor' in 0.0003 seconds. Added 1 classes and 2 folders.
[2018.10.03-18.16.38:773][583]LogActorComponent: RegisterComponentWithWorld: (/Engine/Transient.World_2:PersistentLevel.AnimationEditorPreviewActor_0.DebugSkelMeshComponent_0) Already registered. Aborting.
[2018.10.03-18.16.38:814][583]LogContentBrowser: Native class hierarchy updated for 'PinnedCommandList' in 0.0004 seconds. Added 1 classes and 0 folders.
[2018.10.03-18.16.39:601][583]LogSkeletalMesh: USkeletalMeshComponent::InitArticulated : Bodies already created (/Engine/Transient.World_2:PersistentLevel.AnimationEditorPreviewActor_0.DebugSkelMeshComponent_0) - call TermArticulated first.
[2018.10.03-18.16.41:530][583]LogContentBrowser: Native class hierarchy updated for 'ClothingSystemEditorInterface' in 0.0004 seconds. Added 1 classes and 0 folders.
[2018.10.03-18.16.41:574][583]LogContentBrowser: Verbose: The majority of assets in the view are of type: AnimSequence
[2018.10.03-18.16.47:862][172]LogSlate: FSceneViewport::OnFocusLost() reason 0
[2018.10.03-18.16.47:985][181]LogSlate: Window 'Ninja_attack1_idle' being destroyed
[2018.10.03-18.16.47:988][181]LogSlate: Window 'Ninja_attack1_idle' being destroyed
[2018.10.03-18.17.00:296][546]LogSlate: FSceneViewport::OnFocusLost() reason 0
[2018.10.03-18.17.00:379][556]LogTemp: Repeating last play command: Selected Viewport
[2018.10.03-18.17.00:407][556]LogBlueprintUserMessages: Early PlayInEditor Detection: Level '/Game/Maps/DefaultMap.DefaultMap:PersistentLevel' has LevelScriptBlueprint '/Game/Maps/DefaultMap.DefaultMap:PersistentLevel.DefaultMap' with GeneratedClass '/Game/Maps/DefaultMap.DefaultMap_C' with ClassGeneratedBy '/Game/Maps/DefaultMap.DefaultMap:PersistentLevel.DefaultMap'
[2018.10.03-18.17.00:407][556]LogPlayLevel: PlayLevel: No blueprints needed recompiling
[2018.10.03-18.17.00:407][556]PIE: New page: PIE session: DefaultMap (03 Oct 2018, 10:17:00 PM)
[2018.10.03-18.17.00:407][556]LogPlayLevel: Creating play world package: /Game/Maps/UEDPIE_0_DefaultMap
[2018.10.03-18.17.00:411][556]LogPlayLevel: PIE: StaticDuplicateObject took: (0.004306s)
[2018.10.03-18.17.00:412][556]LogAIModule: Creating AISystem for world DefaultMap
[2018.10.03-18.17.00:412][556]LogPlayLevel: PIE: World Init took: (0.000569s)
[2018.10.03-18.17.00:412][556]LogPlayLevel: PIE: Created PIE world by copying editor world from /Game/Maps/DefaultMap.DefaultMap to /Game/Maps/UEDPIE_0_DefaultMap.DefaultMap (0.004976s)
[2018.10.03-18.17.00:505][556]LogInit: XAudio2 using 'Speakers (Realtek High Definition Audio)' : 2 channels at 48 kHz using 32 bits per sample (channel mask 0x3)
[2018.10.03-18.17.00:521][556]LogInit: FAudioDevice initialized.
[2018.10.03-18.17.00:553][556]LogLoad: Game class is 'SushiSlasherGamemode_C'
[2018.10.03-18.17.00:555][556]LogWorld: Bringing World /Game/Maps/UEDPIE_0_DefaultMap.DefaultMap up for play (max tick rate 0) at 2018.10.03-20.17.00
[2018.10.03-18.17.00:555][556]LogWorld: Bringing up level for play took: 0.001406
[2018.10.03-18.17.00:569][556]PIE: Play in editor start time for /Game/Maps/UEDPIE_0_DefaultMap -0,471
[2018.10.03-18.17.00:569][556]LogBlueprintUserMessages: Late PlayInEditor Detection: Level '/Game/Maps/DefaultMap.DefaultMap:PersistentLevel' has LevelScriptBlueprint '/Game/Maps/DefaultMap.DefaultMap:PersistentLevel.DefaultMap' with GeneratedClass '/Game/Maps/DefaultMap.DefaultMap_C' with ClassGeneratedBy '/Game/Maps/DefaultMap.DefaultMap:PersistentLevel.DefaultMap'
[2018.10.03-18.17.27:780][759]LogBlueprintUserMessages: [HealthDeplete2_479] Depleted health by 50
[2018.10.03-18.17.28:209][807]LogBlueprintUserMessages: [HealthDeplete3] Depleted health by 50
[2018.10.03-18.17.28:717][868]LogBlueprintUserMessages: [HealthRegen_329] Large Wasabi Ball consumed
[2018.10.03-18.17.45:326][830]LogBlueprintUserMessages: Early EndPlayMap Detection: Level '/Game/Maps/DefaultMap.DefaultMap:PersistentLevel' has LevelScriptBlueprint '/Game/Maps/DefaultMap.DefaultMap:PersistentLevel.DefaultMap' with GeneratedClass '/Game/Maps/DefaultMap.DefaultMap_C' with ClassGeneratedBy '/Game/Maps/DefaultMap.DefaultMap:PersistentLevel.DefaultMap'
[2018.10.03-18.17.45:326][830]LogSlate: Updating window title bar state: overlay mode, drag disabled, window buttons hidden, title bar hidden
[2018.10.03-18.17.45:360][830]LogPlayLevel: Display: Shutting down PIE online subsystems
[2018.10.03-18.17.45:360][830]LogBlueprintUserMessages: Late EndPlayMap Detection: Level '/Game/Maps/DefaultMap.DefaultMap:PersistentLevel' has LevelScriptBlueprint '/Game/Maps/DefaultMap.DefaultMap:PersistentLevel.DefaultMap' with GeneratedClass '/Game/Maps/DefaultMap.DefaultMap_C' with ClassGeneratedBy '/Game/Maps/DefaultMap.DefaultMap:PersistentLevel.DefaultMap'
[2018.10.03-18.17.45:382][830]LogSlate: Updating window title bar state: overlay mode, drag disabled, window buttons hidden, title bar hidden
[2018.10.03-18.17.45:426][834]LogPlayLevel: Display: Destroying online subsystem :Context_10
[2018.10.03-19.01.31:639][974]LogEditorViewport: Clicking on Actor (LMB): BP_Sky_Sphere_C (Sky Sphere)
[2018.10.03-19.01.33:942][114]LogSlate: FSceneViewport::OnFocusLost() reason 0
[2018.10.03-19.01.37:917][570]LogAssetEditorManager: Opening Asset editor for WidgetBlueprint /Game/HUD/NinjaHud.NinjaHud
[2018.10.03-19.01.39:231][570]LogContentBrowser: Native class hierarchy updated for 'BlueprintGraph' in 0.0012 seconds. Added 116 classes and 0 folders.
[2018.10.03-19.01.42:047][570]LogSlate: Took 0.034411 seconds to synchronously load lazily loaded font '../../../Engine/Content/Slate/Fonts/Roboto-BoldCondensed.ttf' (158K)
[2018.10.03-19.01.45:449][740]LogSlate: Window 'NinjaHud' being destroyed
[2018.10.03-19.01.45:452][740]LogSlate: Window 'NinjaHud' being destroyed
[2018.10.03-19.03.21:907][249]LogSlate: Window 'Pick Parent Class' being destroyed
[2018.10.03-19.03.36:727][848]LogAssetEditorManager: Opening Asset editor for WidgetBlueprint /Game/HUD/crosshair.crosshair
[2018.10.03-19.04.14:893][399]LogSlate: Took 0.012644 seconds to synchronously load lazily loaded font '../../../Engine/Content/Slate/Fonts/Roboto-Italic.ttf' (157K)
[2018.10.03-19.04.44:920][271]LogFileHelpers: Editor autosave (incl. sublevels) for '/Game/Maps/DefaultMap' took 0.104
[2018.10.03-19.04.44:970][271]OBJ SavePackage: Generating thumbnails for [0] asset(s) in package [/Game/HUD/crosshair] ([1] browsable assets)...
[2018.10.03-19.04.44:970][271]OBJ SavePackage: Finished generating thumbnails for package [/Game/HUD/crosshair]
[2018.10.03-19.04.44:970][271]Cmd: OBJ SAVEPACKAGE PACKAGE="/Game/HUD/crosshair" FILE="../../../../../Work/SushiSlasher/ProjectSushiSlasher 4.20/Saved/Autosaves/Game/HUD/crosshair_Auto1.uasset" SILENT=false AUTOSAVING=true
[2018.10.03-19.04.45:198][271]LogSavePackage: Moving '../../../../../Work/SushiSlasher/ProjectSushiSlasher 4.20/Saved/crosshair_Auto10260082B41859CA59F9143A225C9F1C9.tmp' to '../../../../../Work/SushiSlasher/ProjectSushiSlasher 4.20/Saved/Autosaves/Game/HUD/crosshair_Auto1.uasset'
[2018.10.03-19.04.45:240][271]LogFileHelpers: Auto-saving content packages took 0.319
[2018.10.03-19.06.25:989][629]LogSlate: Window 'crosshair*' being destroyed
[2018.10.03-19.06.25:991][629]LogSlate: Window 'crosshair*' being destroyed
[2018.10.03-19.06.29:643][805]LogSlate: Window 'Save Content' being destroyed
[2018.10.03-19.06.29:730][805]LogSlate: Window 'ProjectSushiSlasher - Unreal Editor' being destroyed
[2018.10.03-19.06.30:016][806]Cmd: QUIT_EDITOR
[2018.10.03-19.06.30:944][806]LogWindowsTextInputMethodSystem: Display: IME system now deactivated.
[2018.10.03-19.06.31:017][806]LogExit: Preparing to exit.
[2018.10.03-19.06.32:657][806]LogExit: Editor shut down
[2018.10.03-19.06.32:658][806]LogExit: Transaction tracking system shut down
[2018.10.03-19.06.35:054][806]LogExit: Object subsystem successfully closed.
[2018.10.03-19.06.35:142][806]LogShaderCompilers: Display: Shaders left to compile 0
[2018.10.03-19.06.35:176][806]LogD3D11RHI: Shutdown
[2018.10.03-19.06.35:177][806]LogD3D11RHI: CleanupD3DDevice
[2018.10.03-19.06.35:248][806]LogD3D11RHI: ~FD3D11DynamicRHI
[2018.10.03-19.06.36:554][806]LogModuleManager: Shutting down and abandoning module SequencerWidgets (626)
[2018.10.03-19.06.36:554][806]LogModuleManager: Shutting down and abandoning module BlueprintGraph (624)
[2018.10.03-19.06.36:554][806]LogModuleManager: Shutting down and abandoning module ClothingSystemEditorInterface (622)
[2018.10.03-19.06.36:554][806]LogModuleManager: Shutting down and abandoning module PinnedCommandList (620)
[2018.10.03-19.06.36:554][806]LogModuleManager: Shutting down and abandoning module SkeletonEditor (618)
[2018.10.03-19.06.36:554][806]LogModuleManager: Shutting down and abandoning module AnimationEditor (616)
[2018.10.03-19.06.36:555][806]LogModuleManager: Shutting down and abandoning module MovieSceneCapture (614)
[2018.10.03-19.06.36:555][806]LogModuleManager: Shutting down and abandoning module Voice (612)
[2018.10.03-19.06.36:568][806]LogModuleManager: Shutting down and abandoning module StatsViewer (610)
[2018.10.03-19.06.36:568][806]LogModuleManager: Shutting down and abandoning module HierarchicalLODOutliner (608)
[2018.10.03-19.06.36:568][806]LogModuleManager: Shutting down and abandoning module SceneOutliner (606)
[2018.10.03-19.06.36:568][806]LogModuleManager: Shutting down and abandoning module AddContentDialog (604)
[2018.10.03-19.06.36:604][806]LogModuleManager: Shutting down and abandoning module WidgetCarousel (603)
[2018.10.03-19.06.36:604][806]LogModuleManager: Shutting down and abandoning module EditorWidgets (600)
[2018.10.03-19.06.36:604][806]LogModuleManager: Shutting down and abandoning module CollectionManager (598)
[2018.10.03-19.06.36:633][806]LogModuleManager: Shutting down and abandoning module FoliageEdit (596)
[2018.10.03-19.06.36:649][806]LogModuleManager: Shutting down and abandoning module LandscapeEditor (594)
[2018.10.03-19.06.36:703][806]LogModuleManager: Shutting down and abandoning module MeshPaintMode (592)
[2018.10.03-19.06.36:714][806]LogModuleManager: Shutting down and abandoning module SceneDepthPickerMode (590)
[2018.10.03-19.06.36:714][806]LogModuleManager: Shutting down and abandoning module ActorPickerMode (588)
[2018.10.03-19.06.36:714][806]LogModuleManager: Shutting down and abandoning module GeometryMode (586)
[2018.10.03-19.06.36:714][806]LogModuleManager: Shutting down and abandoning module TextureAlignMode (584)
[2018.10.03-19.06.36:714][806]LogModuleManager: Shutting down and abandoning module BspMode (582)
[2018.10.03-19.06.36:714][806]LogModuleManager: Shutting down and abandoning module PIEPreviewDeviceProfileSelector (580)
[2018.10.03-19.06.36:725][806]LogModuleManager: Shutting down and abandoning module SequenceRecorderSections (578)
[2018.10.03-19.06.36:736][806]LogModuleManager: Shutting down and abandoning module AutomationWorker (576)
[2018.10.03-19.06.36:736][806]LogModuleManager: Shutting down and abandoning module AudioCaptureEditor (574)
[2018.10.03-19.06.36:737][806]LogModuleManager: Shutting down and abandoning module SequenceRecorder (573)
[2018.10.03-19.06.36:749][806]LogModuleManager: Shutting down and abandoning module MatineeToLevelSequence (570)
[2018.10.03-19.06.36:775][806]LogModuleManager: Shutting down and abandoning module LevelSequenceEditor (568)
[2018.10.03-19.06.36:797][806]LogModuleManager: Shutting down and abandoning module PlacementMode (567)
[2018.10.03-19.06.36:797][806]LogModuleManager: Shutting down and abandoning module MaterialEditor (566)
[2018.10.03-19.06.36:844][806]LogModuleManager: Shutting down and abandoning module WmfMediaFactory (562)
[2018.10.03-19.06.36:844][806]LogModuleManager: Shutting down and abandoning module WmfMediaEditor (560)
[2018.10.03-19.06.36:844][806]LogModuleManager: Shutting down and abandoning module MediaPlayerEditor (558)
[2018.10.03-19.06.36:883][806]LogModuleManager: Shutting down and abandoning module OpenExrWrapper (556)
[2018.10.03-19.06.36:883][806]LogModuleManager: Shutting down and abandoning module ImgMediaFactory (554)
[2018.10.03-19.06.36:883][806]LogModuleManager: Shutting down and abandoning module ImgMediaEditor (552)
[2018.10.03-19.06.36:884][806]LogModuleManager: Shutting down and abandoning module AvfMediaFactory (550)
[2018.10.03-19.06.36:884][806]LogModuleManager: Shutting down and abandoning module AvfMediaEditor (548)
[2018.10.03-19.06.36:884][806]LogModuleManager: Shutting down and abandoning module AndroidMediaFactory (546)
[2018.10.03-19.06.36:884][806]LogModuleManager: Shutting down and abandoning module AndroidMediaEditor (544)
[2018.10.03-19.06.36:884][806]LogModuleManager: Shutting down and abandoning module MagicLeapCameraPreviewFactory (542)
[2018.10.03-19.06.36:884][806]LogModuleManager: Shutting down and abandoning module MagicLeapMediaFactory (540)
[2018.10.03-19.06.36:884][806]LogModuleManager: Shutting down and abandoning module MagicLeapMediaEditor (538)
[2018.10.03-19.06.36:884][806]LogModuleManager: Shutting down and abandoning module CharacterAI (536)
[2018.10.03-19.06.36:884][806]LogModuleManager: Shutting down and abandoning module SmartSnapping (534)
[2018.10.03-19.06.36:884][806]LogModuleManager: Shutting down and abandoning module SessionServices (532)
[2018.10.03-19.06.36:884][806]LogModuleManager: Shutting down and abandoning module ViewportSnapping (530)
[2018.10.03-19.06.36:884][806]LogModuleManager: Shutting down and abandoning module ViewportInteraction (528)
[2018.10.03-19.06.36:884][806]LogModuleManager: Shutting down and abandoning module ClothPainter (526)
[2018.10.03-19.06.36:923][806]LogModuleManager: Shutting down and abandoning module SkeletalMeshEditor (525)
[2018.10.03-19.06.36:957][806]LogModuleManager: Shutting down and abandoning module LogVisualizer (522)
[2018.10.03-19.06.36:995][806]LogModuleManager: Shutting down and abandoning module IntroTutorials (520)
[2018.10.03-19.06.37:032][806]LogModuleManager: Shutting down and abandoning module GameProjectGeneration (519)
[2018.10.03-19.06.37:071][806]LogModuleManager: Shutting down and abandoning module LuminPlatformEditor (516)
[2018.10.03-19.06.37:071][806]LogModuleManager: Shutting down and abandoning module IOSPlatformEditor (514)
[2018.10.03-19.06.37:080][806]LogModuleManager: Shutting down and abandoning module HTML5PlatformEditor (512)
[2018.10.03-19.06.37:080][806]LogModuleManager: Shutting down and abandoning module AndroidPlatformEditor (510)
[2018.10.03-19.06.37:080][806]LogModuleManager: Shutting down and abandoning module AndroidDeviceDetection (509)
[2018.10.03-19.06.37:444][806]LogModuleManager: Shutting down and abandoning module WindowsPlatformEditor (506)
[2018.10.03-19.06.37:444][806]LogModuleManager: Shutting down and abandoning module LuminRuntimeSettings (504)
[2018.10.03-19.06.37:444][806]LogModuleManager: Shutting down and abandoning module IOSRuntimeSettings (502)
[2018.10.03-19.06.37:444][806]LogModuleManager: Shutting down and abandoning module AndroidRuntimeSettings (500)
[2018.10.03-19.06.37:444][806]LogModuleManager: Shutting down and abandoning module InputBindingEditor (498)
[2018.10.03-19.06.37:477][806]LogModuleManager: Shutting down and abandoning module MergeActors (496)
[2018.10.03-19.06.37:490][806]LogModuleManager: Shutting down and abandoning module LocalizationDashboard (494)
[2018.10.03-19.06.37:505][806]LogModuleManager: Shutting down and abandoning module LocalizationService (493)
[2018.10.03-19.06.37:513][806]LogModuleManager: Shutting down and abandoning module HardwareTargeting (490)
[2018.10.03-19.06.37:513][806]LogModuleManager: Shutting down and abandoning module DeviceProfileEditor (488)
[2018.10.03-19.06.37:513][806]LogModuleManager: Shutting down and abandoning module UndoHistory (486)
[2018.10.03-19.06.37:528][806]LogModuleManager: Shutting down and abandoning module XmlParser (484)
[2018.10.03-19.06.37:529][806]LogModuleManager: Shutting down and abandoning module Blutility (482)
[2018.10.03-19.06.37:529][806]LogModuleManager: Shutting down and abandoning module ProjectSettingsViewer (480)
[2018.10.03-19.06.37:529][806]LogModuleManager: Shutting down and abandoning module ProjectTargetPlatformEditor (479)
[2018.10.03-19.06.37:529][806]LogModuleManager: Shutting down and abandoning module EditorSettingsViewer (476)
[2018.10.03-19.06.37:529][806]LogModuleManager: Shutting down and abandoning module SettingsEditor (474)
[2018.10.03-19.06.37:550][806]LogModuleManager: Shutting down and abandoning module ProjectLauncher (472)
[2018.10.03-19.06.37:564][806]LogModuleManager: Shutting down and abandoning module SessionFrontend (470)
[2018.10.03-19.06.37:576][806]LogModuleManager: Shutting down and abandoning module ProfilerClient (468)
[2018.10.03-19.06.37:587][806]LogModuleManager: Shutting down and abandoning module DeviceManager (466)
[2018.10.03-19.06.37:605][806]LogModuleManager: Shutting down and abandoning module TargetDeviceServices (465)
[2018.10.03-19.06.37:683][806]LogModuleManager: Shutting down and abandoning module AutomationController (462)
[2018.10.03-19.06.37:704][806]LogModuleManager: Shutting down and abandoning module AutomationWindow (460)
[2018.10.03-19.06.37:723][806]LogModuleManager: Shutting down and abandoning module Layers (458)
[2018.10.03-19.06.37:753][806]LogModuleManager: Shutting down and abandoning module ComponentVisualizers (456)
[2018.10.03-19.06.37:753][806]LogModuleManager: Shutting down and abandoning module DetailCustomizations (454)
[2018.10.03-19.06.37:769][806]LogModuleManager: Shutting down and abandoning module PackagesDialog (452)
[2018.10.03-19.06.37:769][806]LogModuleManager: Shutting down and abandoning module Persona (450)
[2018.10.03-19.06.37:777][806]LogModuleManager: Shutting down and abandoning module AdvancedPreviewScene (449)
[2018.10.03-19.06.37:777][806]LogModuleManager: Shutting down and abandoning module AnimGraph (447)
[2018.10.03-19.06.37:796][806]LogModuleManager: Shutting down and abandoning module Kismet (444)
[2018.10.03-19.06.37:827][806]LogModuleManager: Shutting down and abandoning module GraphEditor (442)
[2018.10.03-19.06.37:827][806]LogModuleManager: Shutting down and abandoning module ClassViewer (440)
[2018.10.03-19.06.37:828][806]LogModuleManager: Shutting down and abandoning module Toolbox (438)
[2018.10.03-19.06.37:828][806]LogModuleManager: Shutting down and abandoning module ModuleUI (436)
[2018.10.03-19.06.37:840][806]LogModuleManager: Shutting down and abandoning module MovieSceneTools (434)
[2018.10.03-19.06.37:869][806]LogModuleManager: Shutting down and abandoning module OutputLog (432)
[2018.10.03-19.06.37:869][806]LogModuleManager: Shutting down and abandoning module GammaUI (430)
[2018.10.03-19.06.37:887][806]LogModuleManager: Shutting down and abandoning module Documentation (428)
[2018.10.03-19.06.37:887][806]LogModuleManager: Shutting down and abandoning module MovieSceneTracks (426)
[2018.10.03-19.06.37:887][806]LogModuleManager: Shutting down and abandoning module MovieScene (424)
[2018.10.03-19.06.37:887][806]LogModuleManager: Shutting down and abandoning module StreamingPauseRendering (422)
[2018.10.03-19.06.37:901][806]LogModuleManager: Shutting down and abandoning module LauncherPlatform (420)
[2018.10.03-19.06.37:901][806]LogModuleManager: Shutting down and abandoning module AnalyticsET (418)
[2018.10.03-19.06.37:901][806]LogModuleManager: Shutting down and abandoning module PortalServices (416)
[2018.10.03-19.06.37:901][806]LogModuleManager: Shutting down and abandoning module PortalRpc (414)
[2018.10.03-19.06.37:901][806]LogModuleManager: Shutting down and abandoning module MessagingRpc (412)
[2018.10.03-19.06.37:901][806]LogModuleManager: Shutting down and abandoning module AIModule (410)
[2018.10.03-19.06.37:912][806]LogModuleManager: Shutting down and abandoning module GameplayDebugger (409)
[2018.10.03-19.06.37:923][806]LogModuleManager: Shutting down and abandoning module AITestSuite (407)
[2018.10.03-19.06.37:934][806]LogModuleManager: Shutting down and abandoning module NavigationSystem (405)
[2018.10.03-19.06.37:934][806]LogModuleManager: Shutting down and abandoning module DesktopPlatform (402)
[2018.10.03-19.06.37:935][806]LogModuleManager: Shutting down and abandoning module ProfilerService (400)
[2018.10.03-19.06.38:006][806]LogModuleManager: Shutting down and abandoning module TaskGraph (398)
[2018.10.03-19.06.38:037][806]LogModuleManager: Shutting down and abandoning module SteamVRController (396)
[2018.10.03-19.06.38:037][806]LogModuleManager: Shutting down and abandoning module ProceduralMeshComponentEditor (394)
[2018.10.03-19.06.38:037][806]LogModuleManager: Shutting down and abandoning module ProceduralMeshComponent (392)
[2018.10.03-19.06.38:047][806]LogModuleManager: Shutting down and abandoning module OculusInput (390)
[2018.10.03-19.06.38:047][806]LogModuleManager: Shutting down and abandoning module MobilePatchingUtils (388)
[2018.10.03-19.06.38:047][806]LogModuleManager: Shutting down and abandoning module EditableMesh (386)
[2018.10.03-19.06.38:056][806]LogModuleManager: Shutting down and abandoning module CustomMeshComponent (384)
[2018.10.03-19.06.38:056][806]LogModuleManager: Shutting down and abandoning module CableComponent (382)
[2018.10.03-19.06.38:056][806]LogModuleManager: Shutting down and abandoning module AudioCapture (380)
[2018.10.03-19.06.38:056][806]LogModuleManager: Shutting down and abandoning module ArchVisCharacter (378)
[2018.10.03-19.06.38:056][806]LogModuleManager: Shutting down and abandoning module AndroidPermission (376)
[2018.10.03-19.06.38:056][806]LogModuleManager: Shutting down and abandoning module NUTUnrealEngine4 (374)
[2018.10.03-19.06.38:056][806]LogModuleManager: Shutting down and abandoning module NetcodeUnitTest (372)
[2018.10.03-19.06.38:102][806]LogModuleManager: Shutting down and abandoning module MediaCompositingEditor (370)
[2018.10.03-19.06.38:102][806]LogModuleManager: Shutting down and abandoning module MediaCompositing (368)
[2018.10.03-19.06.38:102][806]LogModuleManager: Shutting down and abandoning module LinearTimecode (366)
[2018.10.03-19.06.38:102][806]LogModuleManager: Shutting down and abandoning module ImgMedia (364)
[2018.10.03-19.06.38:122][806]LogModuleManager: Shutting down and abandoning module HTML5Networking (362)
[2018.10.03-19.06.38:122][806]LogModuleManager: Shutting down and abandoning module GeometryCacheTracks (360)
[2018.10.03-19.06.38:122][806]LogModuleManager: Shutting down and abandoning module GeometryCacheSequencer (358)
[2018.10.03-19.06.38:123][806]LogModuleManager: Shutting down and abandoning module BackChannel (356)
[2018.10.03-19.06.38:153][806]LogModuleManager: Shutting down and abandoning module AppleVision (354)
[2018.10.03-19.06.38:153][806]LogModuleManager: Shutting down and abandoning module AppleImageUtils (352)
[2018.10.03-19.06.38:153][806]LogModuleManager: Shutting down and abandoning module AlembicImporter (350)
[2018.10.03-19.06.38:153][806]LogModuleManager: Shutting down and abandoning module AlembicLibrary (349)
[2018.10.03-19.06.38:153][806]LogModuleManager: Shutting down and abandoning module GeometryCache (348)
[2018.10.03-19.06.38:153][806]LogModuleManager: Shutting down and abandoning module GeometryCacheEd (347)
[2018.10.03-19.06.38:153][806]LogModuleManager: Shutting down and abandoning module DatasmithContentEditor (342)
[2018.10.03-19.06.38:164][806]LogModuleManager: Shutting down and abandoning module DatasmithContent (340)
[2018.10.03-19.06.38:165][806]LogModuleManager: Shutting down and abandoning module SpeedTreeImporter (338)
[2018.10.03-19.06.38:165][806]LogModuleManager: Shutting down and abandoning module PluginBrowser (336)
[2018.10.03-19.06.38:203][806]LogModuleManager: Shutting down and abandoning module MobileLauncherProfileWizard (334)
[2018.10.03-19.06.38:216][806]LogModuleManager: Shutting down and abandoning module PolygonModeling (332)
[2018.10.03-19.06.38:216][806]LogModuleManager: Shutting down and abandoning module MeshEditor (330)
[2018.10.03-19.06.38:225][806]LogModuleManager: Shutting down and abandoning module CryptoKeysOpenSSL (328)
[2018.10.03-19.06.38:239][806]LogModuleManager: Shutting down and abandoning module CryptoKeys (326)
[2018.10.03-19.06.38:239][806]LogModuleManager: Shutting down and abandoning module VisualStudioSourceCodeAccess (324)
[2018.10.03-19.06.38:239][806]LogModuleManager: Shutting down and abandoning module VisualStudioCodeSourceCodeAccess (322)
[2018.10.03-19.06.38:240][806]LogModuleManager: Shutting down and abandoning module UObjectPlugin (320)
[2018.10.03-19.06.38:240][806]LogModuleManager: Shutting down and abandoning module SubversionSourceControl (318)
[2018.10.03-19.06.38:270][806]LogModuleManager: Shutting down and abandoning module PerforceSourceControl (316)
[2018.10.03-19.06.38:309][806]LogModuleManager: Shutting down and abandoning module GitSourceControl (314)
[2018.10.03-19.06.38:309][806]LogModuleManager: Shutting down and abandoning module SourceControl (313)
[2018.10.03-19.06.38:317][806]LogModuleManager: Shutting down and abandoning module CLionSourceCodeAccess (310)
[2018.10.03-19.06.38:317][806]LogModuleManager: Shutting down and abandoning module LightPropagationVolumeEditor (308)
[2018.10.03-19.06.38:317][806]LogModuleManager: Shutting down and abandoning module PaperTiledImporter (306)
[2018.10.03-19.06.38:317][806]LogModuleManager: Shutting down and abandoning module PaperSpriteSheetImporter (304)
[2018.10.03-19.06.38:317][806]LogModuleManager: Shutting down and abandoning module Paper2DEditor (302)
[2018.10.03-19.06.38:346][806]LogModuleManager: Shutting down and abandoning module MeshPaint (301)
[2018.10.03-19.06.38:356][806]LogModuleManager: Shutting down and abandoning module RuntimePhysXCooking (298)
[2018.10.03-19.06.38:356][806]LogModuleManager: Shutting down and abandoning module PhysXVehiclesEditor (296)
[2018.10.03-19.06.38:356][806]LogModuleManager: Shutting down and abandoning module PhysXVehicles (294)
[2018.10.03-19.06.38:356][806]LogModuleManager: Shutting down and abandoning module OculusEditor (292)
[2018.10.03-19.06.38:375][806]LogModuleManager: Shutting down and abandoning module LocationServicesBPLibrary (290)
[2018.10.03-19.06.38:375][806]LogModuleManager: Shutting down and abandoning module ImmediatePhysicsEditor (288)
[2018.10.03-19.06.38:375][806]LogModuleManager: Shutting down and abandoning module ImmediatePhysics (286)
[2018.10.03-19.06.38:394][806]LogModuleManager: Shutting down and abandoning module ActorSequence (284)
[2018.10.03-19.06.38:394][806]LogModuleManager: Shutting down and abandoning module UdpMessaging (282)
[2018.10.03-19.06.38:496][806]LogModuleManager: Shutting down and abandoning module TcpMessaging (280)
[2018.10.03-19.06.38:633][806]LogModuleManager: Shutting down and abandoning module MagicLeapAudio (278)
[2018.10.03-19.06.38:633][806]LogModuleManager: Shutting down and abandoning module GameplayTagsEditor (276)
[2018.10.03-19.06.38:652][806]LogModuleManager: Shutting down and abandoning module FacialAnimationEditor (274)
[2018.10.03-19.06.38:652][806]LogModuleManager: Shutting down and abandoning module FacialAnimation (272)
[2018.10.03-19.06.38:652][806]LogModuleManager: Shutting down and abandoning module DataValidation (270)
[2018.10.03-19.06.38:653][806]LogModuleManager: Shutting down and abandoning module AssetManagerEditor (268)
[2018.10.03-19.06.38:668][806]LogModuleManager: Shutting down and abandoning module LevelEditor (267)
[2018.10.03-19.06.38:693][806]LogModuleManager: Shutting down and abandoning module PixelInspectorModule (266)
[2018.10.03-19.06.38:700][806]LogModuleManager: Shutting down and abandoning module CommonMenuExtensions (264)
[2018.10.03-19.06.38:700][806]LogModuleManager: Shutting down and abandoning module MainFrame (262)
[2018.10.03-19.06.38:707][806]LogModuleManager: Shutting down and abandoning module HotReload (261)
[2018.10.03-19.06.38:717][806]LogModuleManager: Shutting down and abandoning module ContentBrowser (257)
[2018.10.03-19.06.38:718][806]LogModuleManager: Shutting down and abandoning module TreeMap (255)
[2018.10.03-19.06.38:733][806]LogModuleManager: Shutting down and abandoning module LightPropagationVolumeRuntime (252)
[2018.10.03-19.06.38:733][806]LogModuleManager: Shutting down and abandoning module AISupportModule (250)
[2018.10.03-19.06.38:734][806]LogModuleManager: Shutting down and abandoning module Paper2D (248)
[2018.10.03-19.06.38:741][806]LogModuleManager: Shutting down and abandoning module WindowsMoviePlayer (246)
[2018.10.03-19.06.38:750][806]LogModuleManager: Shutting down and abandoning module WmfMedia (244)
[2018.10.03-19.06.38:767][806]LogModuleManager: Shutting down and abandoning module Media (243)
[2018.10.03-19.06.38:773][806]LogModuleManager: Shutting down and abandoning module PacketHandler (240)
[2018.10.03-19.06.38:773][806]LogModuleManager: Shutting down and abandoning module ClothingSystemEditor (238)
[2018.10.03-19.06.38:773][806]LogModuleManager: Shutting down and abandoning module ClothingSystemRuntime (236)
[2018.10.03-19.06.38:773][806]LogModuleManager: Shutting down and abandoning module MediaAssets (234)
[2018.10.03-19.06.38:773][806]LogModuleManager: Shutting down and abandoning module Overlay (232)
[2018.10.03-19.06.38:773][806]LogModuleManager: Shutting down and abandoning module OverlayEditor (231)
[2018.10.03-19.06.38:773][806]LogModuleManager: Shutting down and abandoning module VREditor (228)
[2018.10.03-19.06.38:797][806]LogModuleManager: Shutting down and abandoning module StringTableEditor (226)
[2018.10.03-19.06.38:810][806]LogModuleManager: Shutting down and abandoning module GameplayTasksEditor (224)
[2018.10.03-19.06.38:810][806]LogModuleManager: Shutting down and abandoning module BehaviorTreeEditor (222)
[2018.10.03-19.06.38:837][806]LogModuleManager: Shutting down and abandoning module FunctionalTesting (220)
[2018.10.03-19.06.38:853][806]LogModuleManager: Shutting down and abandoning module CollisionAnalyzer (218)
[2018.10.03-19.06.38:876][806]LogModuleManager: Shutting down and abandoning module WorkspaceMenuStructure (217)
[2018.10.03-19.06.38:876][806]LogModuleManager: Shutting down and abandoning module UMG (214)
[2018.10.03-19.06.38:876][806]LogModuleManager: Shutting down and abandoning module UMGEditor (213)
[2018.10.03-19.06.38:876][806]LogModuleManager: Shutting down and abandoning module Sequencer (212)
[2018.10.03-19.06.38:902][806]LogModuleManager: Shutting down and abandoning module MessageLog (209)
[2018.10.03-19.06.38:902][806]LogModuleManager: Shutting down and abandoning module SlateReflector (204)
[2018.10.03-19.06.38:941][806]LogModuleManager: Shutting down and abandoning module Slate (202)
[2018.10.03-19.06.38:941][806]LogModuleManager: Shutting down and abandoning module EditorStyle (200)
[2018.10.03-19.06.38:947][806]LogModuleManager: Shutting down and abandoning module MRMesh (198)
[2018.10.03-19.06.38:962][806]LogModuleManager: Shutting down and abandoning module SourceCodeAccess (196)
[2018.10.03-19.06.38:962][806]LogModuleManager: Shutting down and abandoning module HeadMountedDisplay (194)
[2018.10.03-19.06.38:962][806]LogModuleManager: Shutting down and abandoning module XAudio2 (192)
[2018.10.03-19.06.38:963][806]LogModuleManager: Shutting down and abandoning module Networking (190)
[2018.10.03-19.06.38:963][806]LogModuleManager: Shutting down and abandoning module Core (188)
[2018.10.03-19.06.38:963][806]LogModuleManager: Shutting down and abandoning module LevelSequence (186)
[2018.10.03-19.06.38:963][806]LogModuleManager: Shutting down and abandoning module KismetCompiler (184)
[2018.10.03-19.06.38:963][806]LogModuleManager: Shutting down and abandoning module MeshUtilities (182)
[2018.10.03-19.06.38:969][806]LogModuleManager: Shutting down and abandoning module MeshMergeUtilities (181)
[2018.10.03-19.06.38:979][806]LogModuleManager: Shutting down and abandoning module MeshReductionInterface (180)
[2018.10.03-19.06.38:979][806]LogModuleManager: Shutting down and abandoning module SimplygonSwarm (179)
[2018.10.03-19.06.38:990][806]LogModuleManager: Shutting down and abandoning module ProxyLODMeshReduction (177)
[2018.10.03-19.06.39:020][806]LogModuleManager: Shutting down and abandoning module SimplygonMeshReduction (175)
[2018.10.03-19.06.39:020][806]LogModuleManager: Shutting down and abandoning module QuadricMeshReduction (173)
[2018.10.03-19.06.39:045][806]LogModuleManager: Shutting down and abandoning module MaterialBaking (169)
[2018.10.03-19.06.39:057][806]LogModuleManager: Shutting down and abandoning module DirectoryWatcher (165)
[2018.10.03-19.06.39:057][806]LogModuleManager: Shutting down and abandoning module DerivedDataCache (162)
[2018.10.03-19.06.39:098][806]LogDerivedDataCache: Shutdown
[2018.10.03-19.06.39:098][806]LogModuleManager: Shutting down and abandoning module XGEController (160)
[2018.10.03-19.06.39:098][806]LogXGEController: Cleaning working directory: C:/Users/manif3st/AppData/Local/Temp/UnrealXGEWorkingDir/
[2018.10.03-19.06.39:113][806]LogModuleManager: Shutting down and abandoning module TargetPlatform (158)
[2018.10.03-19.06.39:114][806]LogModuleManager: Shutting down and abandoning module VulkanShaderFormat (157)
[2018.10.03-19.06.39:121][806]LogModuleManager: Shutting down and abandoning module ShaderFormatVectorVM (155)
[2018.10.03-19.06.39:135][806]LogModuleManager: Shutting down and abandoning module ShaderFormatOpenGL (153)
[2018.10.03-19.06.39:147][806]LogModuleManager: Shutting down and abandoning module ShaderFormatD3D (151)
[2018.10.03-19.06.39:147][806]LogModuleManager: Shutting down and abandoning module MetalShaderFormat (149)
[2018.10.03-19.06.39:172][806]LogModuleManager: Shutting down and abandoning module TextureFormatUncompressed (147)
[2018.10.03-19.06.39:172][806]LogModuleManager: Shutting down and abandoning module TextureFormatPVR (145)
[2018.10.03-19.06.39:172][806]LogModuleManager: Shutting down and abandoning module TextureFormatDXT (143)
[2018.10.03-19.06.39:187][806]LogModuleManager: Shutting down and abandoning module TextureFormatIntelISPCTexComp (141)
[2018.10.03-19.06.39:196][806]LogModuleManager: Shutting down and abandoning module TextureFormatASTC (139)
[2018.10.03-19.06.39:196][806]LogModuleManager: Shutting down and abandoning module ImageWrapper (138)
[2018.10.03-19.06.39:196][806]LogModuleManager: Shutting down and abandoning module TextureFormatAndroid (135)
[2018.10.03-19.06.39:196][806]LogModuleManager: Shutting down and abandoning module AudioFormatOpus (133)
[2018.10.03-19.06.39:196][806]LogModuleManager: Shutting down and abandoning module AudioFormatOgg (131)
[2018.10.03-19.06.39:196][806]LogModuleManager: Shutting down and abandoning module AudioFormatADPCM (129)
[2018.10.03-19.06.39:196][806]LogModuleManager: Shutting down and abandoning module LuminTargetPlatform (127)
[2018.10.03-19.06.39:196][806]LogModuleManager: Shutting down and abandoning module LinuxTargetPlatform (125)
[2018.10.03-19.06.39:196][806]LogModuleManager: Shutting down and abandoning module LinuxServerTargetPlatform (123)
[2018.10.03-19.06.39:196][806]LogModuleManager: Shutting down and abandoning module LinuxNoEditorTargetPlatform (121)
[2018.10.03-19.06.39:203][806]LogModuleManager: Shutting down and abandoning module LinuxClientTargetPlatform (119)
[2018.10.03-19.06.39:216][806]LogModuleManager: Shutting down and abandoning module TVOSTargetPlatform (117)
[2018.10.03-19.06.39:218][806]LogModuleManager: Shutting down and abandoning module Messaging (115)
[2018.10.03-19.06.39:218][806]LogModuleManager: Shutting down and abandoning module IOSTargetPlatform (113)
[2018.10.03-19.06.39:221][806]LogModuleManager: Shutting down and abandoning module HTML5TargetPlatform (111)
[2018.10.03-19.06.39:221][806]LogModuleManager: Shutting down and abandoning module AndroidTargetPlatform (109)
[2018.10.03-19.06.39:249][806]LogModuleManager: Shutting down and abandoning module WindowsTargetPlatform (107)
[2018.10.03-19.06.39:249][806]LogModuleManager: Shutting down and abandoning module WindowsServerTargetPlatform (105)
[2018.10.03-19.06.39:250][806]LogModuleManager: Shutting down and abandoning module WindowsNoEditorTargetPlatform (103)
[2018.10.03-19.06.39:250][806]LogModuleManager: Shutting down and abandoning module WindowsClientTargetPlatform (101)
[2018.10.03-19.06.39:250][806]LogModuleManager: Shutting down and abandoning module MacTargetPlatform (99)
[2018.10.03-19.06.39:250][806]LogModuleManager: Shutting down and abandoning module MacServerTargetPlatform (97)
[2018.10.03-19.06.39:250][806]LogModuleManager: Shutting down and abandoning module MacNoEditorTargetPlatform (95)
[2018.10.03-19.06.39:250][806]LogModuleManager: Shutting down and abandoning module MacClientTargetPlatform (93)
[2018.10.03-19.06.39:250][806]LogModuleManager: Shutting down and abandoning module AllDesktopTargetPlatform (91)
[2018.10.03-19.06.39:250][806]LogModuleManager: Shutting down and abandoning module InputCore (88)
[2018.10.03-19.06.39:250][806]LogModuleManager: Shutting down and abandoning module Settings (86)
[2018.10.03-19.06.39:250][806]LogModuleManager: Shutting down and abandoning module PhysXCooking (84)
[2018.10.03-19.06.39:250][806]LogModuleManager: Shutting down and abandoning module SteamVR (82)
[2018.10.03-19.06.39:250][806]LogModuleManager: Shutting down and abandoning module OculusHMD (80)
[2018.10.03-19.06.39:250][806]LogModuleManager: Shutting down and abandoning module ExampleDeviceProfileSelector (78)
[2018.10.03-19.06.39:250][806]LogModuleManager: Shutting down and abandoning module LauncherChunkInstaller (76)
[2018.10.03-19.06.39:250][806]LogModuleManager: Shutting down and abandoning module OnlineBlueprintSupport (74)
[2018.10.03-19.06.39:250][806]LogModuleManager: Shutting down and abandoning module OnlineSubsystem (70)
[2018.10.03-19.06.39:270][806]LogModuleManager: Shutting down and abandoning module XMPP (65)
[2018.10.03-19.06.39:331][806]LogModuleManager: Shutting down and abandoning module WebSockets (64)
[2018.10.03-19.06.39:371][806]LogModuleManager: Shutting down and abandoning module HTTP (61)
[2018.10.03-19.06.39:384][806]LogHttp: Display: Http module shutting down, but needs to wait on 1 outstanding Http requests:
[2018.10.03-19.06.39:384][806]LogHttp: Display: 	verb=[POST] url=[https://datarouter.ol.epicgames.com/datarouter/api/v1/public/data?SessionID=%7BD240B4BB-4E7F-C1CC-9303-5093A2110EB3%7D&AppID=UEEditor.Rocket.Release&AppVersion=4.20.3-4369336%2B%2B%2BUE4%2BRelease-4.20&UserID=16dcd2db4cdab8c351ffae903543046c%7Cf9fb3e014f8945c298d4dbee8b89962c%7Cfe7cdd75-788c-4ec1-aacc-ba0f80a8a165&AppEnvironment=datacollector-binary&UploadType=eteventstream] status=Processing
[2018.10.03-19.06.39:400][806]LogModuleManager: Shutting down and abandoning module SSL (60)
[2018.10.03-19.06.39:439][806]LogModuleManager: Shutting down and abandoning module MagicLeapEmulator (56)
[2018.10.03-19.06.39:439][806]LogModuleManager: Shutting down and abandoning module MagicLeapPrivileges (54)
[2018.10.03-19.06.39:439][806]LogModuleManager: Shutting down and abandoning module MagicLeapIdentity (52)
[2018.10.03-19.06.39:439][806]LogModuleManager: Shutting down and abandoning module MagicLeapHelperVulkan (50)
[2018.10.03-19.06.39:439][806]LogModuleManager: Shutting down and abandoning module MagicLeapHelperOpenGL (48)
[2018.10.03-19.06.39:439][806]LogModuleManager: Shutting down and abandoning module MagicLeapSecureStorage (46)
[2018.10.03-19.06.39:439][806]LogModuleManager: Shutting down and abandoning module MagicLeapGestures (44)
[2018.10.03-19.06.39:439][806]LogModuleManager: Shutting down and abandoning module MagicLeapEyeTracker (42)
[2018.10.03-19.06.39:439][806]LogModuleManager: Shutting down and abandoning module MagicLeapController (40)
[2018.10.03-19.06.39:440][806]LogSlate: Slate User Destroyed.  User Index 0, Is Virtual User: 0
[2018.10.03-19.06.39:440][806]LogModuleManager: Shutting down and abandoning module MagicLeap (38)
[2018.10.03-19.06.39:452][806]LogModuleManager: Shutting down and abandoning module AnimationModifiers (36)
[2018.10.03-19.06.39:501][806]LogModuleManager: Shutting down and abandoning module PropertyEditor (35)
[2018.10.03-19.06.39:501][806]LogModuleManager: Shutting down and abandoning module AudioEditor (32)
[2018.10.03-19.06.39:516][806]LogModuleManager: Shutting down and abandoning module TextureCompressor (30)
[2018.10.03-19.06.39:531][806]LogModuleManager: Shutting down and abandoning module ShaderCore (28)
[2018.10.03-19.06.39:531][806]LogModuleManager: Shutting down and abandoning module Landscape (26)
[2018.10.03-19.06.39:531][806]LogModuleManager: Shutting down and abandoning module SlateRHIRenderer (24)
[2018.10.03-19.06.39:560][806]LogModuleManager: Shutting down and abandoning module OpenGLDrv (22)
[2018.10.03-19.06.39:570][806]LogModuleManager: Shutting down and abandoning module D3D11RHI (20)
[2018.10.03-19.06.39:570][806]LogModuleManager: Shutting down and abandoning module AnimGraphRuntime (18)
[2018.10.03-19.06.39:587][806]LogModuleManager: Shutting down and abandoning module Renderer (16)
[2018.10.03-19.06.39:587][806]LogModuleManager: Shutting down and abandoning module Engine (14)
[2018.10.03-19.06.39:587][806]LogModuleManager: Shutting down and abandoning module CoreUObject (12)
[2018.10.03-19.06.39:587][806]LogModuleManager: Shutting down and abandoning module NetworkFile (10)
[2018.10.03-19.06.39:597][806]LogModuleManager: Shutting down and abandoning module CookedIterativeFile (8)
[2018.10.03-19.06.39:597][806]LogModuleManager: Shutting down and abandoning module StreamingFile (6)
[2018.10.03-19.06.39:613][806]LogModuleManager: Shutting down and abandoning module SandboxFile (4)
[2018.10.03-19.06.39:614][806]LogModuleManager: Shutting down and abandoning module PakFile (2)
[2018.10.03-19.06.39:665][806]LogExit: Exiting.
[2018.10.03-19.06.39:672][806]Log file closed, 10/03/18 21:06:39
