Log file open, 10/04/18 10:04:59
LogWindows: Failed to load 'aqProf.dll' (GetLastError=126)
LogWindows: File 'aqProf.dll' does not exist
LogWindows: Failed to load 'VSPerf140.dll' (GetLastError=126)
LogWindows: File 'VSPerf140.dll' does not exist
LogWindows: Failed to load 'VtuneApi.dll' (GetLastError=126)
LogWindows: File 'VtuneApi.dll' does not exist
LogWindows: Failed to load 'VtuneApi32e.dll' (GetLastError=126)
LogWindows: File 'VtuneApi32e.dll' does not exist
LogInit: Display: Running engine for game: ProjectSushiSlasher
LogPlatformFile: Not using cached read wrapper
LogTaskGraph: Started task graph with 5 named threads and 14 total threads with 3 sets of task threads.
LogStats: Stats thread started at 0.177772
LogD3D11RHI: Loaded GFSDK_Aftermath_Lib.x64.dll
LogICUInternationalization: Display: ICU TimeZone Detection - Raw Offset: +2:00, Platform Override: ''
LogPluginManager: Mounting plugin Paper2D
LogPluginManager: Mounting plugin AISupport
LogPluginManager: Mounting plugin LightPropagationVolume
LogPluginManager: Mounting plugin CLionSourceCodeAccess
LogPluginManager: Mounting plugin CodeLiteSourceCodeAccess
LogPluginManager: Mounting plugin GitSourceControl
LogPluginManager: Mounting plugin KDevelopSourceCodeAccess
LogPluginManager: Mounting plugin NullSourceCodeAccess
LogPluginManager: Mounting plugin PerforceSourceControl
LogPluginManager: Mounting plugin SubversionSourceControl
LogPluginManager: Mounting plugin UObjectPlugin
LogPluginManager: Mounting plugin VisualStudioCodeSourceCodeAccess
LogPluginManager: Mounting plugin VisualStudioSourceCodeAccess
LogPluginManager: Mounting plugin XCodeSourceCodeAccess
LogPluginManager: Mounting plugin AssetManagerEditor
LogPluginManager: Mounting plugin CryptoKeys
LogPluginManager: Mounting plugin DataValidation
LogPluginManager: Mounting plugin FacialAnimation
LogPluginManager: Mounting plugin GameplayTagsEditor
LogPluginManager: Mounting plugin MacGraphicsSwitching
LogPluginManager: Mounting plugin MeshEditor
LogPluginManager: Mounting plugin MobileLauncherProfileWizard
LogPluginManager: Mounting plugin PluginBrowser
LogPluginManager: Mounting plugin SpeedTreeImporter
LogPluginManager: Mounting plugin DatasmithContent
LogPluginManager: Mounting plugin AlembicImporter
LogPluginManager: Mounting plugin AppleImageUtils
LogPluginManager: Mounting plugin AppleVision
LogPluginManager: Mounting plugin BackChannel
LogPluginManager: Mounting plugin CharacterAI
LogPluginManager: Mounting plugin GeometryCache
LogPluginManager: Mounting plugin HTML5Networking
LogPluginManager: Mounting plugin ProxyLODPlugin
LogPluginManager: Mounting plugin MagicLeap
LogPluginManager: Mounting plugin MagicLeapEmulator
LogPluginManager: Mounting plugin MagicLeapMedia
LogPluginManager: Mounting plugin AndroidMedia
LogPluginManager: Mounting plugin AvfMedia
LogPluginManager: Mounting plugin ImgMedia
LogPluginManager: Mounting plugin LinearTimecode
LogPluginManager: Mounting plugin MediaCompositing
LogPluginManager: Mounting plugin MediaPlayerEditor
LogPluginManager: Mounting plugin WmfMedia
LogPluginManager: Mounting plugin TcpMessaging
LogPluginManager: Mounting plugin UdpMessaging
LogPluginManager: Mounting plugin ActorSequence
LogPluginManager: Mounting plugin LevelSequenceEditor
LogPluginManager: Mounting plugin MatineeToLevelSequence
LogPluginManager: Mounting plugin NetcodeUnitTest
LogPluginManager: Mounting plugin NUTUnrealEngine4
LogPluginManager: Mounting plugin OnlineSubsystemGooglePlay
LogPluginManager: Mounting plugin OnlineSubsystemIOS
LogPluginManager: Mounting plugin OnlineSubsystem
LogPluginManager: Mounting plugin OnlineSubsystemNull
LogPluginManager: Mounting plugin OnlineSubsystemUtils
LogPluginManager: Mounting plugin LauncherChunkInstaller
LogPluginManager: Mounting plugin AndroidDeviceProfileSelector
LogPluginManager: Mounting plugin AndroidMoviePlayer
LogPluginManager: Mounting plugin AndroidPermission
LogPluginManager: Mounting plugin AppleMoviePlayer
LogPluginManager: Mounting plugin ArchVisCharacter
LogPluginManager: Mounting plugin AudioCapture
LogPluginManager: Mounting plugin CableComponent
LogPluginManager: Mounting plugin CustomMeshComponent
LogPluginManager: Mounting plugin EditableMesh
LogPluginManager: Mounting plugin ExampleDeviceProfileSelector
LogPluginManager: Mounting plugin GoogleCloudMessaging
LogPluginManager: Mounting plugin ImmediatePhysics
LogPluginManager: Mounting plugin IOSDeviceProfileSelector
LogPluginManager: Mounting plugin LinuxDeviceProfileSelector
LogPluginManager: Mounting plugin LocationServicesBPLibrary
LogPluginManager: Mounting plugin MobilePatchingUtils
LogPluginManager: Mounting plugin OculusVR
LogPluginManager: Plugin shader directory ../../../Engine/Plugins/Runtime/Oculus/OculusVR/Shaders found
LogPluginManager: Mapping shader source directory ../../../Engine/Plugins/Runtime/Oculus/OculusVR/Shaders to virtual directory /Plugin/OculusVR
LogPluginManager: Mounting plugin PhysXVehicles
LogPluginManager: Mounting plugin ProceduralMeshComponent
LogPluginManager: Mounting plugin RuntimePhysXCooking
LogPluginManager: Mounting plugin SteamVR
LogPluginManager: Mounting plugin WindowsMoviePlayer
LogStreaming: Display: Took  0.107s to configure plugins.
LogInit: Using libcurl 7.55.1-DEV
LogInit:  - built for x86_64-pc-win32
LogInit:  - supports SSL with OpenSSL/1.0.2h
LogInit:  - supports HTTP deflate (compression) using libz 1.2.8
LogInit:  - other features:
LogInit:      CURL_VERSION_SSL
LogInit:      CURL_VERSION_LIBZ
LogInit:      CURL_VERSION_IPV6
LogInit:      CURL_VERSION_ASYNCHDNS
LogInit:      CURL_VERSION_LARGEFILE
LogInit:      CURL_VERSION_IDN
LogInit:  CurlRequestOptions (configurable via config and command line):
LogInit:  - bVerifyPeer = false  - Libcurl will NOT verify peer certificate
LogInit:  - bUseHttpProxy = false  - Libcurl will NOT use HTTP proxy
LogInit:  - bDontReuseConnections = false  - Libcurl will reuse connections
LogInit:  - CertBundlePath = nullptr  - Libcurl will use whatever was configured at build time.
LogInit:  - MaxHostConnections = 16  - Libcurl will limit the number of connections to a host
LogInit:  - LocalHostAddr = Default
LogInit:  - BufferSize = 65536
LogInit: WinSock: version 1.1 (2.2), MaxSocks=32767, MaxUdp=65467
LogInit: Build: ++UE4+Release-4.20-CL-4369336
LogInit: Engine Version: 4.20.3-4369336+++UE4+Release-4.20
LogInit: Compatible Engine Version: 4.20.0-4212847+++UE4+Release-4.20
LogInit: Net CL: 4212847
LogInit: OS: Windows 10 (), CPU: Intel(R) Core(TM) i5-4670K CPU @ 3.40GHz, GPU: NVIDIA GeForce GTX 770
LogInit: Compiled (64-bit): Sep 17 2018 12:26:19
LogInit: Compiled with Visual C++: 19.13.26129.00
LogInit: Build Configuration: Development
LogInit: Branch Name: ++UE4+Release-4.20
LogInit: Command Line:  
LogInit: Base Directory: D:/Software/UE_4.20/Engine/Binaries/Win64/
LogInit: Installed Engine Build: 1
LogDevObjectVersion: Number of dev versions registered: 20
LogDevObjectVersion:   Dev-Blueprints (B0D832E4-1F89-4F0D-ACCF-7EB736FD4AA2): 10
LogDevObjectVersion:   Dev-Build (E1C64328-A22C-4D53-A36C-8E866417BD8C): 0
LogDevObjectVersion:   Dev-Core (375EC13C-06E4-48FB-B500-84F0262A717E): 2
LogDevObjectVersion:   Dev-Editor (E4B068ED-F494-42E9-A231-DA0B2E46BB41): 24
LogDevObjectVersion:   Dev-Framework (CFFC743F-43B0-4480-9391-14DF171D2073): 34
LogDevObjectVersion:   Dev-Mobile (B02B49B5-BB20-44E9-A304-32B752E40360): 2
LogDevObjectVersion:   Dev-Networking (A4E4105C-59A1-49B5-A7C5-40C4547EDFEE): 0
LogDevObjectVersion:   Dev-Online (39C831C9-5AE6-47DC-9A44-9C173E1C8E7C): 0
LogDevObjectVersion:   Dev-Physics (78F01B33-EBEA-4F98-B9B4-84EACCB95AA2): 0
LogDevObjectVersion:   Dev-Platform (6631380F-2D4D-43E0-8009-CF276956A95A): 0
LogDevObjectVersion:   Dev-Rendering (12F88B9F-8875-4AFC-A67C-D90C383ABD29): 26
LogDevObjectVersion:   Dev-Sequencer (7B5AE74C-D270-4C10-A958-57980B212A5A): 9
LogDevObjectVersion:   Dev-VR (D7296918-1DD6-4BDD-9DE2-64A83CC13884): 2
LogDevObjectVersion:   Dev-LoadTimes (C2A15278-BFE7-4AFE-6C17-90FF531DF755): 1
LogDevObjectVersion:   Private-Geometry (6EACA3D4-40EC-4CC1-B786-8BED09428FC5): 3
LogDevObjectVersion:   Dev-AnimPhys (29E575DD-E0A3-4627-9D10-D276232CDCEA): 17
LogDevObjectVersion:   Dev-ReflectionCapture (6B266CEC-1EC7-4B8F-A30B-E4D90942FC07): 1
LogDevObjectVersion:   Dev-Automation (0DF73D61-A23F-47EA-B727-89E90C41499A): 1
LogDevObjectVersion:   FortniteMain (601D1886-AC64-4F84-AA16-D3DE0DEAC7D6): 12
LogDevObjectVersion:   Dev-Enterprise (9DFFBCD6-494F-0158-E221-12823C92A888): 1
LogStreaming: Display: Took  0.000s to delete old logs.
LogInit: Presizing for max 8388607 objects, including 0 objects not considered by GC, pre-allocating 0 bytes for permanent pool.
LogInit: Object subsystem initialized
[2018.10.04-08.04.59:996][  0]LogInit: Selected Device Profile: [Windows]
[2018.10.04-08.04.59:996][  0]LogInit: Applying CVar settings loaded from the selected device profile: [Windows]
[2018.10.04-08.05.00:004][  0]LogHAL: Display: Platform has ~ 12 GB [12766343168 / 17179869184 / 12], which maps to Larger [LargestMinGB=32, LargerMinGB=12, DefaultMinGB=8, SmallerMinGB=6, SmallestMinGB=0)
[2018.10.04-08.05.00:004][  0]LogInit: Setting Device Profile CVar: [[r.Vulkan.UseRealUBs:1]]
[2018.10.04-08.05.00:004][  0]LogInit: Going up to parent DeviceProfile []
[2018.10.04-08.05.00:005][  0]LogInit: Computer: DESKTOP-7D7BSHQ
[2018.10.04-08.05.00:005][  0]LogInit: User: manif3st
[2018.10.04-08.05.00:005][  0]LogInit: CPU Page size=4096, Cores=4
[2018.10.04-08.05.00:005][  0]LogInit: High frequency timer resolution =3.320311 MHz
[2018.10.04-08.05.00:005][  0]LogMemory: Memory total: Physical=11.9GB (12GB approx)
[2018.10.04-08.05.00:005][  0]LogMemory: Platform Memory Stats for Windows
[2018.10.04-08.05.00:005][  0]LogMemory: Process Physical Memory: 99.85 MB used, 99.85 MB peak
[2018.10.04-08.05.00:005][  0]LogMemory: Process Virtual Memory: 84.28 MB used, 84.28 MB peak
[2018.10.04-08.05.00:005][  0]LogMemory: Physical Memory: 4899.41 MB used,  7275.52 MB free, 12174.93 MB total
[2018.10.04-08.05.00:005][  0]LogMemory: Virtual Memory: 4606.11 MB used,  7275.52 MB free, 134217728.00 MB total
[2018.10.04-08.05.00:026][  0]LogInit: Using OS detected language (en-US).
[2018.10.04-08.05.00:026][  0]LogInit: Using OS detected locale (en-ZA).
[2018.10.04-08.05.00:027][  0]LogTextLocalizationManager: No specific localization for 'en-US' exists, so the 'en' localization will be used.
[2018.10.04-08.05.00:394][  0]LogStreaming: Display: Took  0.369s to InitEngineTextLocalization.
[2018.10.04-08.05.00:395][  0]LogInit: Setting process to per monitor DPI aware
[2018.10.04-08.05.00:420][  0]LogSlate: New Slate User Created.  User Index 0, Is Virtual User: 0
[2018.10.04-08.05.00:420][  0]LogSlate: Slate User Registered.  User Index 0, Is Virtual User: 0
[2018.10.04-08.05.00:620][  0]LogHMD: Failed to initialize OpenVR with code 110
[2018.10.04-08.05.00:620][  0]LogD3D11RHI: D3D11 adapters:
[2018.10.04-08.05.00:665][  0]LogD3D11RHI:    0. 'NVIDIA GeForce GTX 770' (Feature Level 11_0)
[2018.10.04-08.05.00:665][  0]LogD3D11RHI:       2007/0/6087 MB DedicatedVideo/DedicatedSystem/SharedSystem, Outputs:2, VendorId:0x10de
[2018.10.04-08.05.00:671][  0]LogD3D11RHI:    1. 'Intel(R) HD Graphics 4600' (Feature Level 11_0)
[2018.10.04-08.05.00:671][  0]LogD3D11RHI:       112/0/2048 MB DedicatedVideo/DedicatedSystem/SharedSystem, Outputs:1, VendorId:0x8086
[2018.10.04-08.05.00:673][  0]LogD3D11RHI:    2. 'Microsoft Basic Render Driver' (Feature Level 11_0)
[2018.10.04-08.05.00:673][  0]LogD3D11RHI:       0/0/6087 MB DedicatedVideo/DedicatedSystem/SharedSystem, Outputs:0, VendorId:0x1414
[2018.10.04-08.05.00:673][  0]LogD3D11RHI: Chosen D3D11 Adapter: 0
[2018.10.04-08.05.00:678][  0]LogD3D11RHI: Creating new Direct3DDevice
[2018.10.04-08.05.00:678][  0]LogD3D11RHI:     GPU DeviceId: 0x1184 (for the marketing name, search the web for "GPU Device Id")
[2018.10.04-08.05.00:679][  0]LogWindows: EnumDisplayDevices:
[2018.10.04-08.05.00:679][  0]LogWindows:    0. 'NVIDIA GeForce GTX 770' (P:0 D:1)
[2018.10.04-08.05.00:679][  0]LogWindows:    1. 'NVIDIA GeForce GTX 770' (P:1 D:1)
[2018.10.04-08.05.00:679][  0]LogWindows:    2. 'NVIDIA GeForce GTX 770' (P:0 D:0)
[2018.10.04-08.05.00:679][  0]LogWindows:    3. 'NVIDIA GeForce GTX 770' (P:0 D:0)
[2018.10.04-08.05.00:679][  0]LogWindows:    4. 'Intel(R) HD Graphics 4600' (P:0 D:1)
[2018.10.04-08.05.00:680][  0]LogWindows:    5. 'Intel(R) HD Graphics 4600' (P:0 D:0)
[2018.10.04-08.05.00:680][  0]LogWindows:    6. 'Intel(R) HD Graphics 4600' (P:0 D:0)
[2018.10.04-08.05.00:680][  0]LogWindows: DebugString: PrimaryIsNotTheChoosenAdapter PrimaryIsNotTheChoosenAdapter PrimaryIsNotTheChoosenAdapter FoundDriverCount:4 
[2018.10.04-08.05.00:680][  0]LogD3D11RHI:     Adapter Name: NVIDIA GeForce GTX 770
[2018.10.04-08.05.00:680][  0]LogD3D11RHI:   Driver Version: 411.70 (internal:24.21.14.1170, unified:411.70)
[2018.10.04-08.05.00:680][  0]LogD3D11RHI:      Driver Date: 9-25-2018
[2018.10.04-08.05.00:680][  0]LogRHI: Texture pool is 1404 MB (70% of 2007 MB)
[2018.10.04-08.05.00:715][  0]LogD3D11RHI: Async texture creation enabled
[2018.10.04-08.05.00:731][  0]LogD3D11RHI: GPU Timing Frequency: 1000.000000 (Debug: 2 2)
[2018.10.04-08.05.00:782][  0]LogShaderCompilers: Guid format shader working directory is -9 characters bigger than the processId version (../../../../../Work/SushiSlasher/ProjectSushiSlasher 4.20/Intermediate/Shaders/WorkingDirectory/12272/).
[2018.10.04-08.05.00:782][  0]LogShaderCompilers: Cleaned the shader compiler working directory 'C:/Users/manif3st/AppData/Local/Temp/UnrealShaderWorkingDir/BEEA095548242DBF8998EFBD5FEDA0E4/'.
[2018.10.04-08.05.01:061][  0]LogTemp: Display: Loaded TP AllDesktopTargetPlatform
[2018.10.04-08.05.01:073][  0]LogTemp: Display: Loaded TP MacClientTargetPlatform
[2018.10.04-08.05.01:085][  0]LogTemp: Display: Loaded TP MacNoEditorTargetPlatform
[2018.10.04-08.05.01:098][  0]LogTemp: Display: Loaded TP MacServerTargetPlatform
[2018.10.04-08.05.01:110][  0]LogTemp: Display: Loaded TP MacTargetPlatform
[2018.10.04-08.05.01:122][  0]LogTemp: Display: Loaded TP WindowsClientTargetPlatform
[2018.10.04-08.05.01:134][  0]LogTemp: Display: Loaded TP WindowsNoEditorTargetPlatform
[2018.10.04-08.05.01:146][  0]LogTemp: Display: Loaded TP WindowsServerTargetPlatform
[2018.10.04-08.05.01:151][  0]LogTemp: Display: Loaded TP WindowsTargetPlatform
[2018.10.04-08.05.01:221][  0]LogTemp: Display: Loaded TP AndroidTargetPlatform
[2018.10.04-08.05.01:221][  0]LogTemp: Display: Loaded TP AndroidTargetPlatform
[2018.10.04-08.05.01:221][  0]LogTemp: Display: Loaded TP AndroidTargetPlatform
[2018.10.04-08.05.01:221][  0]LogTemp: Display: Loaded TP AndroidTargetPlatform
[2018.10.04-08.05.01:221][  0]LogTemp: Display: Loaded TP AndroidTargetPlatform
[2018.10.04-08.05.01:221][  0]LogTemp: Display: Loaded TP AndroidTargetPlatform
[2018.10.04-08.05.01:221][  0]LogTemp: Display: Loaded TP AndroidTargetPlatform
[2018.10.04-08.05.01:221][  0]LogTemp: Display: Loaded TP AndroidTargetPlatform
[2018.10.04-08.05.01:221][  0]LogTemp: Display: Loaded TP AndroidTargetPlatform
[2018.10.04-08.05.01:221][  0]LogTemp: Display: Loaded TP AndroidTargetPlatform
[2018.10.04-08.05.01:221][  0]LogTemp: Display: Loaded TP AndroidTargetPlatform
[2018.10.04-08.05.01:221][  0]LogTemp: Display: Loaded TP AndroidTargetPlatform
[2018.10.04-08.05.01:221][  0]LogTemp: Display: Loaded TP AndroidTargetPlatform
[2018.10.04-08.05.01:221][  0]LogTemp: Display: Loaded TP AndroidTargetPlatform
[2018.10.04-08.05.01:221][  0]LogTemp: Display: Loaded TP AndroidTargetPlatform
[2018.10.04-08.05.01:221][  0]LogTemp: Display: Loaded TP AndroidTargetPlatform
[2018.10.04-08.05.01:221][  0]LogTemp: Display: Loaded TP AndroidTargetPlatform
[2018.10.04-08.05.01:221][  0]LogTemp: Display: Loaded TP AndroidTargetPlatform
[2018.10.04-08.05.01:222][  0]LogTemp: Display: Loaded TP HTML5TargetPlatform
[2018.10.04-08.05.01:278][  0]LogTemp: Display: Loaded TP IOSTargetPlatform
[2018.10.04-08.05.01:278][  0]LogTemp: Display: Loaded TP IOSTargetPlatform
[2018.10.04-08.05.01:299][  0]LogTemp: Display: Loaded TP TVOSTargetPlatform
[2018.10.04-08.05.01:299][  0]LogTemp: Display: Loaded TP TVOSTargetPlatform
[2018.10.04-08.05.01:310][  0]LogTemp: Display: Loaded TP LinuxClientTargetPlatform
[2018.10.04-08.05.01:321][  0]LogTemp: Display: Loaded TP LinuxNoEditorTargetPlatform
[2018.10.04-08.05.01:332][  0]LogTemp: Display: Loaded TP LinuxServerTargetPlatform
[2018.10.04-08.05.01:344][  0]LogTemp: Display: Loaded TP LinuxTargetPlatform
[2018.10.04-08.05.01:351][  0]LogTemp: Display: Loaded TP LuminTargetPlatform
[2018.10.04-08.05.01:352][  0]LogTargetPlatformManager: Display: Building Assets For Windows
[2018.10.04-08.05.01:398][  0]LogXGEController: Cleaning working directory: C:/Users/manif3st/AppData/Local/Temp/UnrealXGEWorkingDir/
[2018.10.04-08.05.01:398][  0]LogXGEController: Cannot use XGE Controller as Incredibuild is not installed on this machine.
[2018.10.04-08.05.01:398][  0]LogShaderCompilers: Cannot use XGE Shader Compiler as Incredibuild is not installed on this machine.
[2018.10.04-08.05.01:398][  0]LogShaderCompilers: Display: Using Local Shader Compiler.
[2018.10.04-08.05.02:015][  0]LogDerivedDataCache: Display: Max Cache Size: 512 MB
[2018.10.04-08.05.02:076][  0]LogDerivedDataCache: Loaded boot cache 0.06s 71MB C:/Users/manif3st/AppData/Local/UnrealEngine/4.20/DerivedDataCache/Boot.ddc.
[2018.10.04-08.05.02:077][  0]LogDerivedDataCache: Display: Loaded Boot cache: C:/Users/manif3st/AppData/Local/UnrealEngine/4.20/DerivedDataCache/Boot.ddc
[2018.10.04-08.05.02:077][  0]LogDerivedDataCache: FDerivedDataBackendGraph:  Pak pak cache file ../../../../../Work/SushiSlasher/ProjectSushiSlasher 4.20/DerivedDataCache/DDC.ddp not found, will not use a pak cache.
[2018.10.04-08.05.02:077][  0]LogDerivedDataCache: Unable to find inner node Pak for hierarchical cache Hierarchy.
[2018.10.04-08.05.02:077][  0]LogDerivedDataCache: FDerivedDataBackendGraph:  CompressedPak pak cache file ../../../../../Work/SushiSlasher/ProjectSushiSlasher 4.20/DerivedDataCache/Compressed.ddp not found, will not use a pak cache.
[2018.10.04-08.05.02:077][  0]LogDerivedDataCache: Unable to find inner node CompressedPak for hierarchical cache Hierarchy.
[2018.10.04-08.05.02:089][  0]LogDerivedDataCache: Display: Pak cache opened for reading ../../../Engine/DerivedDataCache/Compressed.ddp.
[2018.10.04-08.05.02:102][  0]LogDerivedDataCache: Using Local data cache path C:/Users/manif3st/AppData/Local/UnrealEngine/Common/DerivedDataCache: Writable
[2018.10.04-08.05.02:102][  0]LogDerivedDataCache: Shared data cache path not found in *engine.ini, will not use an Shared cache.
[2018.10.04-08.05.02:102][  0]LogDerivedDataCache: Unable to find inner node Shared for hierarchical cache Hierarchy.
[2018.10.04-08.05.02:120][  0]LogMaterial: Verifying Global Shaders for PCD3D_SM5
[2018.10.04-08.05.02:121][  0]LogSlate: Using FreeType 2.6.0
[2018.10.04-08.05.02:122][  0]LogSlate: SlateFontServices - WITH_FREETYPE: 1, WITH_HARFBUZZ: 1
[2018.10.04-08.05.02:200][  0]LogAssetRegistry: FAssetRegistry took 0.0259 seconds to start up
[2018.10.04-08.05.02:481][  0]LogInit: Selected Device Profile: [Windows]
[2018.10.04-08.05.02:595][  0]LogSimplygon: Simplygon DLL not present - disabling.
[2018.10.04-08.05.02:598][  0]LogMeshReduction: Using SimplygonSwarm for distributed automatic mesh merging
[2018.10.04-08.05.02:598][  0]LogMeshReduction: Using ProxyLODMeshReduction for automatic mesh merging
[2018.10.04-08.05.02:598][  0]LogMeshReduction: Using QuadricMeshReduction for automatic static mesh reduction
[2018.10.04-08.05.02:598][  0]LogMeshReduction: No automatic skeletal mesh reduction module available
[2018.10.04-08.05.02:618][  0]LogNetVersion: ProjectSushiSlasher 1.0.0, NetCL: 4212847, EngineNetVer: 5, GameNetVer: 0 (Checksum: 3441658974)
[2018.10.04-08.05.03:086][  0]LogPackageLocalizationCache: Processed 11 localized package path(s) for 2 prioritized culture(s) in 0.093094 seconds
[2018.10.04-08.05.03:093][  0]LogUObjectArray: 38425 objects as part of root set at end of initial load.
[2018.10.04-08.05.03:093][  0]LogUObjectAllocator: 6690864 out of 0 bytes used by permanent object pool.
[2018.10.04-08.05.03:093][  0]LogUObjectArray: CloseDisregardForGC: 0/0 objects in disregard for GC pool
[2018.10.04-08.05.03:916][  0]LogTcpMessaging: Initializing TcpMessaging bridge
[2018.10.04-08.05.03:929][  0]LogUdpMessaging: Initializing bridge on interface 0.0.0.0:0 to multicast group 230.0.0.1:6666.
[2018.10.04-08.05.04:080][  0]SourceControl: Source control is disabled
[2018.10.04-08.05.04:695][  0]LogAndroidPermission: UAndroidPermissionCallbackProxy::GetInstance
[2018.10.04-08.05.04:790][  0]LogOcInput: OculusInput pre-init called
[2018.10.04-08.05.04:842][  0]LogEngine: Initializing Engine...
[2018.10.04-08.05.04:843][  0]LogHMD: Failed to initialize OpenVR with code 110
[2018.10.04-08.05.04:845][  0]LogStats: UGameplayTagsManager::ConstructGameplayTagTree: ImportINI prefixes -  0.000 s
[2018.10.04-08.05.04:845][  0]LogStats: UGameplayTagsManager::ConstructGameplayTagTree: Construct from data asset -  0.000 s
[2018.10.04-08.05.04:845][  0]LogStats: UGameplayTagsManager::ConstructGameplayTagTree: ImportINI -  0.000 s
[2018.10.04-08.05.04:845][  0]LogStats: UGameplayTagsManager::ConstructGameplayTagTree: GameplayTagTreeChangedEvent.Broadcast -  0.000 s
[2018.10.04-08.05.05:036][  0]LogInit: Initializing FReadOnlyCVARCache
[2018.10.04-08.05.05:048][  0]LogAIModule: Creating AISystem for world Untitled
[2018.10.04-08.05.05:071][  0]LogInit: XAudio2 using 'Speakers (Realtek High Definition Audio)' : 2 channels at 48 kHz using 32 bits per sample (channel mask 0x3)
[2018.10.04-08.05.05:090][  0]LogInit: FAudioDevice initialized.
[2018.10.04-08.05.05:090][  0]LogNetVersion: Set ProjectVersion to 1.0.0.0. Version Checksum will be recalculated on next use.
[2018.10.04-08.05.05:227][  0]LogDerivedDataCache: Saved boot cache 0.14s 71MB C:/Users/manif3st/AppData/Local/UnrealEngine/4.20/DerivedDataCache/Boot.ddc.
[2018.10.04-08.05.05:239][  0]LogInit: Texture streaming: Enabled
[2018.10.04-08.05.05:255][  0]LogEngineSessionManager: EngineSessionManager initialized
[2018.10.04-08.05.05:265][  0]LogInit: Transaction tracking system initialized
[2018.10.04-08.05.05:282][  0]BlueprintLog: New page: Editor Load
[2018.10.04-08.05.05:342][  0]LocalizationService: Localization service is disabled
[2018.10.04-08.05.05:554][  0]LogCook: Display: Max memory allowance for cook 16384mb min free memory 0mb
[2018.10.04-08.05.05:554][  0]LogCook: Display: Mobile HDR setting 1
[2018.10.04-08.05.05:554][  0]LogGameplayTags: Display: UGameplayTagsManager::DoneAddingNativeTags. DelegateIsBound: 0
[2018.10.04-08.05.05:554][  0]LogStats: UGameplayTagsManager::ConstructGameplayTagTree: ImportINI prefixes -  0.000 s
[2018.10.04-08.05.05:554][  0]LogStats: UGameplayTagsManager::ConstructGameplayTagTree: Construct from data asset -  0.000 s
[2018.10.04-08.05.05:554][  0]LogStats: UGameplayTagsManager::ConstructGameplayTagTree: ImportINI -  0.000 s
[2018.10.04-08.05.05:554][  0]LogStats: UGameplayTagsManager::ConstructGameplayTagTree: GameplayTagTreeChangedEvent.Broadcast -  0.000 s
[2018.10.04-08.05.05:658][  0]LogFileCache: Scanning file cache for directory 'D:/Work/SushiSlasher/ProjectSushiSlasher 4.20/Content/' took 0.01s
[2018.10.04-08.05.05:658][  0]Cmd: MAP LOAD FILE="../../../../../Work/SushiSlasher/ProjectSushiSlasher 4.20/Content/SideScrollerBP/Maps/SideScrollerExampleMap.umap" TEMPLATE=0 SHOWPROGRESS=1 FEATURELEVEL=3
[2018.10.04-08.05.05:658][  0]LogEditorServer: Warning: Can't find file '../../../../../Work/SushiSlasher/ProjectSushiSlasher 4.20/Content/SideScrollerBP/Maps/SideScrollerExampleMap.umap'
[2018.10.04-08.05.05:658][  0]Cmd: MAP CHECKDEP NOCLEARLOG
[2018.10.04-08.05.05:704][  0]MapCheck: Map check complete: 0 Error(s), 0 Warning(s), took 45,607ms to complete.
[2018.10.04-08.05.05:704][  0]LogFileHelpers: Loading map 'SideScrollerExampleMap' took 0.046
[2018.10.04-08.05.05:811][  0]LogSlate: Updating window title bar state: overlay mode, drag disabled, window buttons hidden, title bar hidden
[2018.10.04-08.05.05:818][  0]LogSlate: Updating window title bar state: overlay mode, drag disabled, window buttons hidden, title bar hidden
[2018.10.04-08.05.05:826][  0]LogSlate: Updating window title bar state: overlay mode, drag disabled, window buttons hidden, title bar hidden
[2018.10.04-08.05.05:833][  0]LogSlate: Updating window title bar state: overlay mode, drag disabled, window buttons hidden, title bar hidden
[2018.10.04-08.05.05:838][  0]LogCollectionManager: Loaded 0 collections in 0.001096 seconds
[2018.10.04-08.05.05:883][  0]LogFileCache: Scanning file cache for directory 'D:/Work/SushiSlasher/ProjectSushiSlasher 4.20/Saved/Collections/' took 0.01s
[2018.10.04-08.05.05:883][  0]LogFileCache: Scanning file cache for directory 'D:/Work/SushiSlasher/ProjectSushiSlasher 4.20/Content/Developers/manif3st/Collections/' took 0.01s
[2018.10.04-08.05.05:883][  0]LogFileCache: Scanning file cache for directory 'D:/Work/SushiSlasher/ProjectSushiSlasher 4.20/Content/Collections/' took 0.01s
[2018.10.04-08.05.05:883][  0]LogCollectionManager: Rebuilt the GUID cache for 0 collections in 0.000000 seconds
[2018.10.04-08.05.05:892][  0]LogContentBrowser: Native class hierarchy populated in 0.0084 seconds. Added 2572 classes and 603 folders.
[2018.10.04-08.05.05:896][  0]LogContentBrowser: Native class hierarchy updated for 'WidgetCarousel' in 0.0002 seconds. Added 0 classes and 0 folders.
[2018.10.04-08.05.05:946][  0]LogContentBrowser: Native class hierarchy updated for 'AddContentDialog' in 0.0002 seconds. Added 0 classes and 0 folders.
[2018.10.04-08.05.05:951][  0]LogContentBrowser: Native class hierarchy updated for 'SceneOutliner' in 0.0003 seconds. Added 1 classes and 2 folders.
[2018.10.04-08.05.05:964][  0]LogSlate: Took 0.000511 seconds to synchronously load lazily loaded font '../../../Engine/Content/Slate/Fonts/Roboto-Regular.ttf' (155K)
[2018.10.04-08.05.05:966][  0]LogSlate: Took 0.000229 seconds to synchronously load lazily loaded font '../../../Engine/Content/Slate/Fonts/Roboto-Bold.ttf' (160K)
[2018.10.04-08.05.05:972][  0]LogSlate: Took 0.000503 seconds to synchronously load lazily loaded font '../../../Engine/Content/Editor/Slate/Fonts/FontAwesome.ttf' (139K)
[2018.10.04-08.05.06:041][  0]LogRenderer: Reallocating scene render targets to support 1208x636 Format 10 NumSamples 1 (Frame:1).
[2018.10.04-08.05.06:151][  0]LogContentBrowser: Native class hierarchy updated for 'HierarchicalLODOutliner' in 0.0003 seconds. Added 0 classes and 0 folders.
[2018.10.04-08.05.06:151][  0]LogLoad: (Engine Initialization) Total time: 7.57 seconds
[2018.10.04-08.05.06:151][  0]LogLoad: (Engine Initialization) Total Blueprint compile time: 0.00 seconds
[2018.10.04-08.05.06:189][  0]LogContentStreaming: Texture pool size now 1000 MB
[2018.10.04-08.05.06:254][  0]LogSlate: Took 0.000244 seconds to synchronously load lazily loaded font '../../../Engine/Content/Slate/Fonts/Roboto-Light.ttf' (167K)
[2018.10.04-08.05.06:273][  1]LogAssetRegistry: Asset discovery search completed in 4.0952 seconds
[2018.10.04-08.05.06:275][  1]LogCollectionManager: Rebuilt the object cache for 0 collections in 0.000002 seconds (found 0 objects)
[2018.10.04-08.05.06:275][  1]LogCollectionManager: Fixed up redirectors for 0 collections in 0.000115 seconds (updated 0 objects)
[2018.10.04-08.05.10:986][ 15]LogSlate: FSceneViewport::OnFocusLost() reason 0
[2018.10.04-08.05.12:413][176]LogSlate: Took 0.000213 seconds to synchronously load lazily loaded font '../../../Engine/Content/Slate/Fonts/Roboto-Light.ttf' (167K)
[2018.10.04-08.05.13:684][176]LogAIModule: Creating AISystem for world DefaultMap
[2018.10.04-08.05.13:772][176]LogAssetEditorManager: Opening Asset editor for World /Game/Maps/DefaultMap.DefaultMap
[2018.10.04-08.05.13:795][176]Cmd: MAP LOAD FILE="../../../../../Work/SushiSlasher/ProjectSushiSlasher 4.20/Content/Maps/DefaultMap.umap" TEMPLATE=0 SHOWPROGRESS=1 FEATURELEVEL=3
[2018.10.04-08.05.13:795][176]LightingResults: New page: Lighting Build
[2018.10.04-08.05.13:796][176]LogContentBrowser: Native class hierarchy updated for 'StatsViewer' in 0.0002 seconds. Added 5 classes and 0 folders.
[2018.10.04-08.05.13:797][176]LoadErrors: New page: Loading map: DefaultMap.umap
[2018.10.04-08.05.13:797][176]MapCheck: New page: Map Check
[2018.10.04-08.05.13:797][176]LightingResults: New page: Lighting Build
[2018.10.04-08.05.13:829][176]LogEditorServer: Finished looking for orphan Actors (0.000 secs)
[2018.10.04-08.05.13:860][176]Cmd: MAP CHECKDEP NOCLEARLOG
[2018.10.04-08.05.13:915][176]MapCheck: Map check complete: 0 Error(s), 0 Warning(s), took 54,515ms to complete.
[2018.10.04-08.05.13:915][176]LogFileHelpers: Loading map 'DefaultMap' took 0.121
[2018.10.04-08.05.48:584][ 82]LogMetaData: Removing '/Game/Items/HealthDeplete.HealthDeplete:UserConstructionScript.K2Node_FunctionEntry_0' ref from Metadata '/Game/SushiSlasher/Items/HealthDeplete.PackageMetaData'
[2018.10.04-08.05.48:584][ 82]LogMetaData: Removing '/Game/Items/HealthDeplete.HealthDeplete_C' ref from Metadata '/Game/SushiSlasher/Items/HealthDeplete.PackageMetaData'
[2018.10.04-08.05.48:584][ 82]LogMetaData: Removing '/Game/Items/HealthDeplete.HealthDeplete:EventGraph.K2Node_Event_2' ref from Metadata '/Game/SushiSlasher/Items/HealthDeplete.PackageMetaData'
[2018.10.04-08.05.48:584][ 82]LogMetaData: Removing '/Game/Items/HealthDeplete.SKEL_HealthDeplete_C:ReceiveTick' ref from Metadata '/Game/SushiSlasher/Items/HealthDeplete.PackageMetaData'
[2018.10.04-08.05.48:584][ 82]LogMetaData: Removing '/Game/Items/HealthDeplete.SKEL_HealthDeplete_C:ReceiveActorBeginOverlap' ref from Metadata '/Game/SushiSlasher/Items/HealthDeplete.PackageMetaData'
[2018.10.04-08.05.48:584][ 82]LogMetaData: Removing '/Game/Items/HealthDeplete.SKEL_HealthDeplete_C:DefaultSceneRoot' ref from Metadata '/Game/SushiSlasher/Items/HealthDeplete.PackageMetaData'
[2018.10.04-08.05.48:584][ 82]LogMetaData: Removing '/Game/Items/HealthDeplete.SKEL_HealthDeplete_C:Sphere' ref from Metadata '/Game/SushiSlasher/Items/HealthDeplete.PackageMetaData'
[2018.10.04-08.05.48:584][ 82]LogMetaData: Removing '/Game/Items/HealthDeplete.SKEL_HealthDeplete_C:UserConstructionScript' ref from Metadata '/Game/SushiSlasher/Items/HealthDeplete.PackageMetaData'
[2018.10.04-08.05.48:584][ 82]LogMetaData: Removing '/Game/Items/HealthDeplete.SKEL_HealthDeplete_C' ref from Metadata '/Game/SushiSlasher/Items/HealthDeplete.PackageMetaData'
[2018.10.04-08.05.48:584][ 82]LogMetaData: Removing '/Game/Items/HealthDeplete.HealthDeplete_C:DefaultSceneRoot' ref from Metadata '/Game/SushiSlasher/Items/HealthDeplete.PackageMetaData'
[2018.10.04-08.05.48:584][ 82]LogMetaData: Removing '/Game/Items/HealthDeplete.HealthDeplete_C:Sphere' ref from Metadata '/Game/SushiSlasher/Items/HealthDeplete.PackageMetaData'
[2018.10.04-08.05.48:584][ 82]LogMetaData: Removing '/Game/Items/HealthDeplete.HealthDeplete_C:ReceiveActorBeginOverlap' ref from Metadata '/Game/SushiSlasher/Items/HealthDeplete.PackageMetaData'
[2018.10.04-08.05.48:584][ 82]LogMetaData: Removing '/Game/Items/HealthDeplete.HealthDeplete_C:UserConstructionScript' ref from Metadata '/Game/SushiSlasher/Items/HealthDeplete.PackageMetaData'
[2018.10.04-08.05.48:591][ 82]LogMetaData: Removing '/Game/Items/HealthRegen.HealthRegen:UserConstructionScript.K2Node_FunctionEntry_0' ref from Metadata '/Game/SushiSlasher/Items/HealthRegen.PackageMetaData'
[2018.10.04-08.05.48:591][ 82]LogMetaData: Removing '/Game/Items/HealthRegen.HealthRegen_C' ref from Metadata '/Game/SushiSlasher/Items/HealthRegen.PackageMetaData'
[2018.10.04-08.05.48:591][ 82]LogMetaData: Removing '/Game/Items/HealthRegen.HealthRegen:EventGraph.K2Node_Event_0' ref from Metadata '/Game/SushiSlasher/Items/HealthRegen.PackageMetaData'
[2018.10.04-08.05.48:591][ 82]LogMetaData: Removing '/Game/Items/HealthRegen.HealthRegen:EventGraph.K2Node_Event_1' ref from Metadata '/Game/SushiSlasher/Items/HealthRegen.PackageMetaData'
[2018.10.04-08.05.48:591][ 82]LogMetaData: Removing '/Game/Items/HealthRegen.HealthRegen:EventGraph.K2Node_Event_2' ref from Metadata '/Game/SushiSlasher/Items/HealthRegen.PackageMetaData'
[2018.10.04-08.05.48:591][ 82]LogMetaData: Removing '/Game/Items/HealthRegen.SKEL_HealthRegen_C:ReceiveBeginPlay' ref from Metadata '/Game/SushiSlasher/Items/HealthRegen.PackageMetaData'
[2018.10.04-08.05.48:591][ 82]LogMetaData: Removing '/Game/Items/HealthRegen.SKEL_HealthRegen_C:ReceiveActorBeginOverlap' ref from Metadata '/Game/SushiSlasher/Items/HealthRegen.PackageMetaData'
[2018.10.04-08.05.48:591][ 82]LogMetaData: Removing '/Game/Items/HealthRegen.SKEL_HealthRegen_C:ReceiveTick' ref from Metadata '/Game/SushiSlasher/Items/HealthRegen.PackageMetaData'
[2018.10.04-08.05.48:591][ 82]LogMetaData: Removing '/Game/Items/HealthRegen.SKEL_HealthRegen_C:DefaultSceneRoot' ref from Metadata '/Game/SushiSlasher/Items/HealthRegen.PackageMetaData'
[2018.10.04-08.05.48:591][ 82]LogMetaData: Removing '/Game/Items/HealthRegen.SKEL_HealthRegen_C:dre' ref from Metadata '/Game/SushiSlasher/Items/HealthRegen.PackageMetaData'
[2018.10.04-08.05.48:591][ 82]LogMetaData: Removing '/Game/Items/HealthRegen.SKEL_HealthRegen_C:StaticMesh' ref from Metadata '/Game/SushiSlasher/Items/HealthRegen.PackageMetaData'
[2018.10.04-08.05.48:591][ 82]LogMetaData: Removing '/Game/Items/HealthRegen.SKEL_HealthRegen_C:StaticMesh1' ref from Metadata '/Game/SushiSlasher/Items/HealthRegen.PackageMetaData'
[2018.10.04-08.05.48:591][ 82]LogMetaData: Removing '/Game/Items/HealthRegen.SKEL_HealthRegen_C:StaticMesh2' ref from Metadata '/Game/SushiSlasher/Items/HealthRegen.PackageMetaData'
[2018.10.04-08.05.48:591][ 82]LogMetaData: Removing '/Game/Items/HealthRegen.SKEL_HealthRegen_C:StaticMesh3' ref from Metadata '/Game/SushiSlasher/Items/HealthRegen.PackageMetaData'
[2018.10.04-08.05.48:591][ 82]LogMetaData: Removing '/Game/Items/HealthRegen.SKEL_HealthRegen_C:StaticMesh4' ref from Metadata '/Game/SushiSlasher/Items/HealthRegen.PackageMetaData'
[2018.10.04-08.05.48:591][ 82]LogMetaData: Removing '/Game/Items/HealthRegen.SKEL_HealthRegen_C:StaticMesh5' ref from Metadata '/Game/SushiSlasher/Items/HealthRegen.PackageMetaData'
[2018.10.04-08.05.48:591][ 82]LogMetaData: Removing '/Game/Items/HealthRegen.SKEL_HealthRegen_C:UserConstructionScript' ref from Metadata '/Game/SushiSlasher/Items/HealthRegen.PackageMetaData'
[2018.10.04-08.05.48:591][ 82]LogMetaData: Removing '/Game/Items/HealthRegen.SKEL_HealthRegen_C' ref from Metadata '/Game/SushiSlasher/Items/HealthRegen.PackageMetaData'
[2018.10.04-08.05.48:591][ 82]LogMetaData: Removing '/Game/Items/HealthRegen.HealthRegen_C:DefaultSceneRoot' ref from Metadata '/Game/SushiSlasher/Items/HealthRegen.PackageMetaData'
[2018.10.04-08.05.48:591][ 82]LogMetaData: Removing '/Game/Items/HealthRegen.HealthRegen_C:dre' ref from Metadata '/Game/SushiSlasher/Items/HealthRegen.PackageMetaData'
[2018.10.04-08.05.48:591][ 82]LogMetaData: Removing '/Game/Items/HealthRegen.HealthRegen_C:StaticMesh' ref from Metadata '/Game/SushiSlasher/Items/HealthRegen.PackageMetaData'
[2018.10.04-08.05.48:591][ 82]LogMetaData: Removing '/Game/Items/HealthRegen.HealthRegen_C:StaticMesh1' ref from Metadata '/Game/SushiSlasher/Items/HealthRegen.PackageMetaData'
[2018.10.04-08.05.48:592][ 82]LogMetaData: Removing '/Game/Items/HealthRegen.HealthRegen_C:StaticMesh2' ref from Metadata '/Game/SushiSlasher/Items/HealthRegen.PackageMetaData'
[2018.10.04-08.05.48:592][ 82]LogMetaData: Removing '/Game/Items/HealthRegen.HealthRegen_C:StaticMesh3' ref from Metadata '/Game/SushiSlasher/Items/HealthRegen.PackageMetaData'
[2018.10.04-08.05.48:592][ 82]LogMetaData: Removing '/Game/Items/HealthRegen.HealthRegen_C:StaticMesh4' ref from Metadata '/Game/SushiSlasher/Items/HealthRegen.PackageMetaData'
[2018.10.04-08.05.48:592][ 82]LogMetaData: Removing '/Game/Items/HealthRegen.HealthRegen_C:StaticMesh5' ref from Metadata '/Game/SushiSlasher/Items/HealthRegen.PackageMetaData'
[2018.10.04-08.05.48:592][ 82]LogMetaData: Removing '/Game/Items/HealthRegen.HealthRegen_C:ReceiveActorBeginOverlap' ref from Metadata '/Game/SushiSlasher/Items/HealthRegen.PackageMetaData'
[2018.10.04-08.05.48:592][ 82]LogMetaData: Removing '/Game/Items/HealthRegen.HealthRegen_C:UserConstructionScript' ref from Metadata '/Game/SushiSlasher/Items/HealthRegen.PackageMetaData'
[2018.10.04-08.05.48:638][ 82]Cmd: OBJ SAVEPACKAGE PACKAGE="/Game/Items/HealthDeplete" FILE="../../../../../Work/SushiSlasher/ProjectSushiSlasher 4.20/Content/Items/HealthDeplete.uasset" SILENT=true
[2018.10.04-08.05.48:668][ 82]LogSavePackage: Moving '../../../../../Work/SushiSlasher/ProjectSushiSlasher 4.20/Saved/HealthDeplete4146D90548E6FA414C0B11BBE46BFAAC.tmp' to '../../../../../Work/SushiSlasher/ProjectSushiSlasher 4.20/Content/Items/HealthDeplete.uasset'
[2018.10.04-08.05.48:915][ 82]Cmd: OBJ SAVEPACKAGE PACKAGE="/Game/SushiSlasher/Items/HealthDeplete" FILE="../../../../../Work/SushiSlasher/ProjectSushiSlasher 4.20/Content/SushiSlasher/Items/HealthDeplete.uasset" SILENT=true
[2018.10.04-08.05.48:973][ 82]LogSavePackage: Moving '../../../../../Work/SushiSlasher/ProjectSushiSlasher 4.20/Saved/HealthDepleteCD1051D34969334B680C73BCB9C55B1D.tmp' to '../../../../../Work/SushiSlasher/ProjectSushiSlasher 4.20/Content/SushiSlasher/Items/HealthDeplete.uasset'
[2018.10.04-08.05.48:988][ 82]Cmd: OBJ SAVEPACKAGE PACKAGE="/Game/Items/HealthRegen" FILE="../../../../../Work/SushiSlasher/ProjectSushiSlasher 4.20/Content/Items/HealthRegen.uasset" SILENT=true
[2018.10.04-08.05.49:010][ 82]LogSavePackage: Moving '../../../../../Work/SushiSlasher/ProjectSushiSlasher 4.20/Saved/HealthRegen407C3BF0444F2D3FB83FF3AD66BA6D8A.tmp' to '../../../../../Work/SushiSlasher/ProjectSushiSlasher 4.20/Content/Items/HealthRegen.uasset'
[2018.10.04-08.05.49:182][ 82]Cmd: OBJ SAVEPACKAGE PACKAGE="/Game/SushiSlasher/Items/HealthRegen" FILE="../../../../../Work/SushiSlasher/ProjectSushiSlasher 4.20/Content/SushiSlasher/Items/HealthRegen.uasset" SILENT=true
[2018.10.04-08.05.49:186][ 82]LogSavePackage: Moving '../../../../../Work/SushiSlasher/ProjectSushiSlasher 4.20/Saved/HealthRegen179612F8497FA61F3979638F9DA8B44C.tmp' to '../../../../../Work/SushiSlasher/ProjectSushiSlasher 4.20/Content/SushiSlasher/Items/HealthRegen.uasset'
[2018.10.04-08.06.18:322][ 51]LogSlate: Window 'Delete Assets' being destroyed
[2018.10.04-08.06.26:747][ 24]LogEditorViewport: Clicking on Actor (LMB): HealthDeplete_C (HealthDeplete2)
[2018.10.04-08.06.29:260][264]LogSlate: Took 0.030472 seconds to synchronously load lazily loaded font '../../../Engine/Content/Slate/Fonts/Roboto-Italic.ttf' (157K)
[2018.10.04-08.06.35:306][965]Cmd: DELETE
[2018.10.04-08.06.35:306][965]Cmd: ACTOR DELETE
[2018.10.04-08.06.35:329][965]LogEditorActor: Deleted Actor: HealthDeplete_C
[2018.10.04-08.06.35:363][965]LogEditorActor: Deleted 1 Actors (0.051 secs)
[2018.10.04-08.06.35:626][995]LogEditorViewport: Clicking on Actor (LMB): HealthDeplete_C (HealthDeplete3)
[2018.10.04-08.06.35:733][  2]Cmd: DELETE
[2018.10.04-08.06.35:733][  2]Cmd: ACTOR DELETE
[2018.10.04-08.06.35:735][  2]LogEditorActor: Deleted Actor: HealthDeplete_C
[2018.10.04-08.06.35:754][  2]LogEditorActor: Deleted 1 Actors (0.022 secs)
[2018.10.04-08.06.36:211][ 56]LogEditorViewport: Clicking on Actor (LMB): HealthRegen_C (HealthRegen)
[2018.10.04-08.06.36:510][ 85]Cmd: DELETE
[2018.10.04-08.06.36:510][ 85]Cmd: ACTOR DELETE
[2018.10.04-08.06.36:512][ 85]LogEditorActor: Deleted Actor: HealthRegen_C
[2018.10.04-08.06.36:531][ 85]LogEditorActor: Deleted 1 Actors (0.021 secs)
[2018.10.04-08.06.38:754][346]LogSlate: FSceneViewport::OnFocusLost() reason 0
[2018.10.04-08.06.49:155][857]LogSlate: Window 'Delete Assets' being destroyed
[2018.10.04-08.06.51:249][ 90]Cmd: OBJ SAVEPACKAGE PACKAGE="/Game/Maps/DefaultMap" FILE="../../../../../Work/SushiSlasher/ProjectSushiSlasher 4.20/Content/Maps/DefaultMap.umap" SILENT=true AUTOSAVING=false KEEPDIRTY=false
[2018.10.04-08.06.51:399][ 90]LogSavePackage: Moving '../../../../../Work/SushiSlasher/ProjectSushiSlasher 4.20/Saved/DefaultMapE6D738704C67413DA3B43CBE3E8E4346.tmp' to '../../../../../Work/SushiSlasher/ProjectSushiSlasher 4.20/Content/Maps/DefaultMap.umap'
[2018.10.04-08.06.51:507][ 90]Cmd: OBJ SAVEPACKAGE PACKAGE="/Game/Maps/DefaultMap_BuiltData" FILE="../../../../../Work/SushiSlasher/ProjectSushiSlasher 4.20/Content/Maps/DefaultMap_BuiltData.uasset" SILENT=true
[2018.10.04-08.06.51:548][ 90]LogSavePackage: Moving '../../../../../Work/SushiSlasher/ProjectSushiSlasher 4.20/Saved/DefaultMap_BuiltDataD68BAC2B4ABA329D53F6E4A8008872BF.tmp' to '../../../../../Work/SushiSlasher/ProjectSushiSlasher 4.20/Content/Maps/DefaultMap_BuiltData.uasset'
[2018.10.04-08.06.53:597][326]MapCheck: New page: Map Check
[2018.10.04-08.06.53:613][326]Cmd: MAP REBUILD ALLVISIBLE
[2018.10.04-08.06.53:614][326]LogEditorServer: Rebuildmap Clear paths rebuilt
[2018.10.04-08.06.53:719][326]LogMaterial: Display: Missing cached shader map for material FDebugViewModeMaterialProxy MaterialInstanceDynamic_0, compiling. 
[2018.10.04-08.06.53:728][326]LogShaderCompilers: Display: Shaders left to compile 1
[2018.10.04-08.06.53:728][326]LogMaterial: Display: Missing cached shader map for material FDebugViewModeMaterialProxy WorldGridMaterial, compiling. Is special engine material.
[2018.10.04-08.06.53:734][326]LogMaterial: Display: Missing cached shader map for material FDebugViewModeMaterialProxy lambert1, compiling. 
[2018.10.04-08.06.54:257][326]LogShaderCompilers: Display: Shaders left to compile 2
[2018.10.04-08.06.54:257][326]LogShaderCompilers: Display: Shaders left to compile 1
[2018.10.04-08.06.54:257][326]TextureStreamingBuild: Display: Compiling optional shaders took 0.542 seconds.
[2018.10.04-08.06.54:260][326]LogLevel: Display: Export Material TexCoord Scales took 0.003 seconds.
[2018.10.04-08.06.54:269][326]TextureStreamingBuild: Display: Build Texture Streaming took 0.008 seconds.
[2018.10.04-08.06.54:289][326]LightingResults: New page: Lighting Build - 04 Oct 2018, 12:06:54 PM
[2018.10.04-08.06.54:414][326]LogSwarmInterface: [OpenConnection] Registering TCP channel ...
[2018.10.04-08.06.54:544][326]LogSwarmInterface: [OpenConnection] Connecting to agent ...
[2018.10.04-08.06.54:556][326]LogSwarmInterface: [TryOpenConnection] Testing the Agent
[2018.10.04-08.06.55:594][326]LogSwarmInterface: [TryOpenConnection] Opening Connection to Agent
[2018.10.04-08.06.55:594][326]LogSwarmInterface: [TryOpenConnection] Local Process ID is 12272
[2018.10.04-08.06.58:083][326]LogStaticLightingSystem: Warning: No importance volume found, so the scene bounding box was used.  You can optimize your scene's quality and lighting build times by adding importance volumes.
[2018.10.04-08.06.58:083][326]LogStaticLightingSystem: Running Lightmass w/ ImmediateImport mode ENABLED
[2018.10.04-08.06.58:083][326]LogStaticLightingSystem: Running Lightmass w/ ImmediateProcess mode ENABLED
[2018.10.04-08.06.58:083][326]LogStaticLightingSystem: Running Lightmass w/ Sorting mode ENABLED
[2018.10.04-08.06.58:083][326]LogStaticLightingSystem: Running Lightmass w/ Mapping paddings ENABLED
[2018.10.04-08.06.58:083][326]LogStaticLightingSystem: Running Lightmass w/ Mapping debug paddings DISABLED
[2018.10.04-08.06.58:196][326]Cmd: MAP CHECK DONTDISPLAYDIALOG
[2018.10.04-08.06.58:196][326]MapCheck: New page: DefaultMap - 04 Oct 2018, 12:06:58 PM
[2018.10.04-08.06.58:253][326]MapCheck: Map check complete: 0 Error(s), 0 Warning(s), took 56,595ms to complete.
[2018.10.04-08.06.58:276][326]LogEditorBuildUtils: Build time 0:04
[2018.10.04-08.06.59:631][398]Job is a success!
[2018.10.04-08.06.59:688][399]LogVolumetricLightmapImport: Imported Volumetric Lightmap in 0.012s
[2018.10.04-08.06.59:688][399]LogVolumetricLightmapImport:      Indirection Texture 16x16x16 = 0.0Mb
[2018.10.04-08.06.59:688][399]LogVolumetricLightmapImport:      BrickData 80x5x5 = 0.1Mb (trimmed 0.0Mb due to 0.010000 MinBrickError)
[2018.10.04-08.06.59:688][399]LogVolumetricLightmapImport:      Bricks at Level
[2018.10.04-08.06.59:688][399]LogVolumetricLightmapImport:          0: 6.3% covering 100.0% of volume
[2018.10.04-08.06.59:688][399]LogVolumetricLightmapImport:          1: 6.3% covering 1.6% of volume
[2018.10.04-08.06.59:688][399]LogVolumetricLightmapImport:          2: 87.5% covering 0.3% of volume
[2018.10.04-08.06.59:811][399]LogTexture: Display: Building textures: HQ_Lightmap1_1 (AutoDXT, 1024X1024)
[2018.10.04-08.06.59:811][399]LogTexture: Display: Building textures: LQ_Lightmap_1_1 (DXT1, 1024X1024)
[2018.10.04-08.06.59:811][399]LogTexture: Display: Building textures: HQ_Lightmap1_2 (AutoDXT, 64X64)
[2018.10.04-08.06.59:811][399]LogTexture: Display: Building textures: LQ_Lightmap_1_2 (DXT1, 64X64)
[2018.10.04-08.06.59:811][399]LogTexture: Display: Building textures: ShadowMapTexture2D_0 (G8, 32X512)
[2018.10.04-08.06.59:811][399]LogTexture: Display: Building textures: ShadowMapTexture2D_1 (G8, 32X32)
[2018.10.04-08.06.59:858][399]Lightmass on DESKTOP-7D7BSHQ: 733 ms total, 89 ms importing, 7 ms setup, 161 ms photons, 422 ms processing, 0 ms extra exporting [33/33 mappings]. Threads: 1.65 sec total, 287 ms processing.
[2018.10.04-08.06.59:896][399]LogStaticLightingSystem: Illumination: 5.59 sec (98 ms encoding lightmaps, 9 ms encoding shadowmaps)
[2018.10.04-08.06.59:896][399]LogStaticLightingSystem: Lightmap texture memory:  2.0 MB (0.0 MB streaming, 2.0 MB non-streaming), 4 textures
[2018.10.04-08.06.59:896][399]LogStaticLightingSystem: Shadowmap texture memory: 0.0 MB (0.0 MB streaming, 0.0 MB non-streaming), 2 textures
[2018.10.04-08.07.00:084][399]DumpUnbuiltLightIteractions
[2018.10.04-08.07.00:084][399]Lights with unbuilt interactions: 0
[2018.10.04-08.07.00:084][399]
[2018.10.04-08.07.00:084][399]Primitives with unbuilt interactions: 0
[2018.10.04-08.07.00:138][400]Cmd: MAP CHECK NOTIFYRESULTS
[2018.10.04-08.07.00:138][400]MapCheck: New page: DefaultMap - 04 Oct 2018, 12:07:00 PM
[2018.10.04-08.07.00:200][400]MapCheck: Map check complete: 0 Error(s), 0 Warning(s), took 61,48ms to complete.
[2018.10.04-08.07.09:275][ 79]LogSlate: Window 'Delete Assets' being destroyed
[2018.10.04-08.07.09:892][ 79]SourceControl: rm 'Content/SushiSlasher/Items/HealthDeplete.uasset'
[2018.10.04-08.07.09:892][ 79]SourceControl: rm 'Content/SushiSlasher/Items/HealthRegen.uasset'
[2018.10.04-08.07.19:765][231]LogSlate: FSceneViewport::OnFocusLost() reason 0
[2018.10.04-08.07.19:842][238]LogTemp: Repeating last play command: Selected Viewport
[2018.10.04-08.07.19:860][238]LogBlueprintUserMessages: Early PlayInEditor Detection: Level '/Game/Maps/DefaultMap.DefaultMap:PersistentLevel' has LevelScriptBlueprint '/Game/Maps/DefaultMap.DefaultMap:PersistentLevel.DefaultMap' with GeneratedClass '/Game/Maps/DefaultMap.DefaultMap_C' with ClassGeneratedBy '/Game/Maps/DefaultMap.DefaultMap:PersistentLevel.DefaultMap'
[2018.10.04-08.07.19:860][238]LogPlayLevel: PlayLevel: No blueprints needed recompiling
[2018.10.04-08.07.19:889][238]PIE: New page: PIE session: DefaultMap (04 Oct 2018, 12:07:19 PM)
[2018.10.04-08.07.19:889][238]LogPlayLevel: Creating play world package: /Game/Maps/UEDPIE_0_DefaultMap
[2018.10.04-08.07.19:912][238]LogPlayLevel: PIE: StaticDuplicateObject took: (0.022775s)
[2018.10.04-08.07.19:912][238]LogAIModule: Creating AISystem for world DefaultMap
[2018.10.04-08.07.19:912][238]LogPlayLevel: PIE: World Init took: (0.000605s)
[2018.10.04-08.07.19:913][238]LogPlayLevel: PIE: Created PIE world by copying editor world from /Game/Maps/DefaultMap.DefaultMap to /Game/Maps/UEDPIE_0_DefaultMap.DefaultMap (0.023540s)
[2018.10.04-08.07.19:944][238]LogInit: XAudio2 using 'Speakers (Realtek High Definition Audio)' : 2 channels at 48 kHz using 32 bits per sample (channel mask 0x3)
[2018.10.04-08.07.19:960][238]LogInit: FAudioDevice initialized.
[2018.10.04-08.07.19:999][238]LogLoad: Game class is 'SushiSlasherGamemode_C'
[2018.10.04-08.07.20:001][238]LogWorld: Bringing World /Game/Maps/UEDPIE_0_DefaultMap.DefaultMap up for play (max tick rate 0) at 2018.10.04-10.07.20
[2018.10.04-08.07.20:042][238]LogWorld: Bringing up level for play took: 0.041995
[2018.10.04-08.07.20:159][238]LogContentBrowser: Native class hierarchy updated for 'MovieSceneCapture' in 0.0008 seconds. Added 10 classes and 0 folders.
[2018.10.04-08.07.20:220][238]PIE: Play in editor start time for /Game/Maps/UEDPIE_0_DefaultMap 0,177
[2018.10.04-08.07.20:220][238]LogBlueprintUserMessages: Late PlayInEditor Detection: Level '/Game/Maps/DefaultMap.DefaultMap:PersistentLevel' has LevelScriptBlueprint '/Game/Maps/DefaultMap.DefaultMap:PersistentLevel.DefaultMap' with GeneratedClass '/Game/Maps/DefaultMap.DefaultMap_C' with ClassGeneratedBy '/Game/Maps/DefaultMap.DefaultMap:PersistentLevel.DefaultMap'
[2018.10.04-08.07.20:345][239]LogCharacterMovement: Warning: GetSimulationTimeStep() - Max iterations 8 hit while remaining time 0.068850 > MaxSimulationTimeStep (0.050) for 'AINinjaBP_348', movement 'Walking'
[2018.10.04-08.07.55:058][327]LogBlueprintUserMessages: Early EndPlayMap Detection: Level '/Game/Maps/DefaultMap.DefaultMap:PersistentLevel' has LevelScriptBlueprint '/Game/Maps/DefaultMap.DefaultMap:PersistentLevel.DefaultMap' with GeneratedClass '/Game/Maps/DefaultMap.DefaultMap_C' with ClassGeneratedBy '/Game/Maps/DefaultMap.DefaultMap:PersistentLevel.DefaultMap'
[2018.10.04-08.07.55:546][327]LogSlate: Updating window title bar state: overlay mode, drag disabled, window buttons hidden, title bar hidden
[2018.10.04-08.07.55:581][327]LogPlayLevel: Display: Shutting down PIE online subsystems
[2018.10.04-08.07.55:582][327]LogBlueprintUserMessages: Late EndPlayMap Detection: Level '/Game/Maps/DefaultMap.DefaultMap:PersistentLevel' has LevelScriptBlueprint '/Game/Maps/DefaultMap.DefaultMap:PersistentLevel.DefaultMap' with GeneratedClass '/Game/Maps/DefaultMap.DefaultMap_C' with ClassGeneratedBy '/Game/Maps/DefaultMap.DefaultMap:PersistentLevel.DefaultMap'
[2018.10.04-08.07.55:611][327]LogSlate: Updating window title bar state: overlay mode, drag disabled, window buttons hidden, title bar hidden
[2018.10.04-08.07.55:642][328]LogPlayLevel: Display: Destroying online subsystem :Context_11
[2018.10.04-08.07.56:852][461]LogSlate: FSceneViewport::OnFocusLost() reason 0
[2018.10.04-08.08.02:566][126]LogAssetEditorManager: Opening Asset editor for Blueprint /Game/AI/TesterAI/Blueprints/AINinjaBP.AINinjaBP
[2018.10.04-08.08.03:440][126]LogContentBrowser: Native class hierarchy updated for 'BlueprintGraph' in 0.0006 seconds. Added 116 classes and 0 folders.
[2018.10.04-08.08.04:679][126]LogSlate: Took 0.020349 seconds to synchronously load lazily loaded font '../../../Engine/Content/Slate/Fonts/Roboto-BoldCondensed.ttf' (158K)
[2018.10.04-08.09.20:680][876]LogSlate: Window 'AINinjaBP' being destroyed
[2018.10.04-08.09.20:684][876]LogSlate: Window 'AINinjaBP' being destroyed
[2018.10.04-08.09.33:445][632]LogSlate: FSceneViewport::OnFocusLost() reason 2
[2018.10.04-08.15.47:182][472]LogSlate: FSceneViewport::OnFocusLost() reason 2
[2018.10.04-08.16.15:283][672]LogSlate: Window 'Tutorials' being destroyed
[2018.10.04-08.17.27:845][100]LogSavePackage: Moving '../../../../../Work/SushiSlasher/ProjectSushiSlasher 4.20/Saved/DefaultMap_Auto19B0451164E9483C06E3A4589A4C1CAB8.tmp' to '../../../../../Work/SushiSlasher/ProjectSushiSlasher 4.20/Saved/Autosaves/Game/Maps/DefaultMap_Auto1.umap'
[2018.10.04-08.17.27:848][100]LogFileHelpers: Editor autosave (incl. sublevels) for '/Game/Maps/DefaultMap' took 0.739
[2018.10.04-08.17.27:848][100]LogFileHelpers: Editor autosave (incl. sublevels) for all levels took 0.739
[2018.10.04-08.17.27:850][100]OBJ SavePackage: Generating thumbnails for [0] asset(s) in package [/Game/Maps/DefaultMap_BuiltData] ([1] browsable assets)...
[2018.10.04-08.17.27:850][100]OBJ SavePackage: Finished generating thumbnails for package [/Game/Maps/DefaultMap_BuiltData]
[2018.10.04-08.17.27:865][100]LogSavePackage: Moving '../../../../../Work/SushiSlasher/ProjectSushiSlasher 4.20/Saved/DefaultMap_BuiltData_Auto153A1EC374E43562E75B6A8841FFCDDBF.tmp' to '../../../../../Work/SushiSlasher/ProjectSushiSlasher 4.20/Saved/Autosaves/Game/Maps/DefaultMap_BuiltData_Auto1.uasset'
[2018.10.04-08.17.27:867][100]LogFileHelpers: Auto-saving content packages took 0.018
[2018.10.04-08.23.53:411][ 12]LogAssetEditorManager: Opening Asset editor for Blueprint /Game/SushiSlasher/Blueprints/SushiSlasherBP.SushiSlasherBP
[2018.10.04-08.24.16:360][768]LogClass: Warning: In asset 'None', there is an enum property of type 'EAutoReceiveInput' with an invalid value of ''
[2018.10.04-08.24.16:360][768]LogClass: Warning: In asset 'None', there is an enum property of type 'EAutoReceiveInput' with an invalid value of ''
[2018.10.04-08.26.04:139][149]LogTemp: Repeating last play command: Selected Viewport
[2018.10.04-08.26.04:152][149]LogBlueprintUserMessages: Early PlayInEditor Detection: Level '/Game/Maps/DefaultMap.DefaultMap:PersistentLevel' has LevelScriptBlueprint '/Game/Maps/DefaultMap.DefaultMap:PersistentLevel.DefaultMap' with GeneratedClass '/Game/Maps/DefaultMap.DefaultMap_C' with ClassGeneratedBy '/Game/Maps/DefaultMap.DefaultMap:PersistentLevel.DefaultMap'
[2018.10.04-08.26.04:152][149]LogPlayLevel: PlayLevel: No blueprints needed recompiling
[2018.10.04-08.26.04:152][149]PIE: New page: PIE session: DefaultMap (04 Oct 2018, 12:26:04 PM)
[2018.10.04-08.26.04:152][149]LogPlayLevel: Creating play world package: /Game/Maps/UEDPIE_0_DefaultMap
[2018.10.04-08.26.04:157][149]LogPlayLevel: PIE: StaticDuplicateObject took: (0.004332s)
[2018.10.04-08.26.04:157][149]LogAIModule: Creating AISystem for world DefaultMap
[2018.10.04-08.26.04:158][149]LogPlayLevel: PIE: World Init took: (0.000692s)
[2018.10.04-08.26.04:158][149]LogPlayLevel: PIE: Created PIE world by copying editor world from /Game/Maps/DefaultMap.DefaultMap to /Game/Maps/UEDPIE_0_DefaultMap.DefaultMap (0.005162s)
[2018.10.04-08.26.04:190][149]LogInit: XAudio2 using 'Speakers (Realtek High Definition Audio)' : 2 channels at 48 kHz using 32 bits per sample (channel mask 0x3)
[2018.10.04-08.26.04:214][149]LogInit: FAudioDevice initialized.
[2018.10.04-08.26.04:249][149]LogLoad: Game class is 'SushiSlasherGamemode_C'
[2018.10.04-08.26.04:251][149]LogWorld: Bringing World /Game/Maps/UEDPIE_0_DefaultMap.DefaultMap up for play (max tick rate 0) at 2018.10.04-10.26.04
[2018.10.04-08.26.04:251][149]LogWorld: Bringing up level for play took: 0.001183
[2018.10.04-08.26.04:265][149]PIE: Play in editor start time for /Game/Maps/UEDPIE_0_DefaultMap 0,222
[2018.10.04-08.26.04:265][149]LogBlueprintUserMessages: Late PlayInEditor Detection: Level '/Game/Maps/DefaultMap.DefaultMap:PersistentLevel' has LevelScriptBlueprint '/Game/Maps/DefaultMap.DefaultMap:PersistentLevel.DefaultMap' with GeneratedClass '/Game/Maps/DefaultMap.DefaultMap_C' with ClassGeneratedBy '/Game/Maps/DefaultMap.DefaultMap:PersistentLevel.DefaultMap'
[2018.10.04-08.26.05:812][331]LogBlueprintUserMessages: Early EndPlayMap Detection: Level '/Game/Maps/DefaultMap.DefaultMap:PersistentLevel' has LevelScriptBlueprint '/Game/Maps/DefaultMap.DefaultMap:PersistentLevel.DefaultMap' with GeneratedClass '/Game/Maps/DefaultMap.DefaultMap_C' with ClassGeneratedBy '/Game/Maps/DefaultMap.DefaultMap:PersistentLevel.DefaultMap'
[2018.10.04-08.26.05:812][331]LogSlate: Updating window title bar state: overlay mode, drag disabled, window buttons hidden, title bar hidden
[2018.10.04-08.26.05:847][331]LogPlayLevel: Display: Shutting down PIE online subsystems
[2018.10.04-08.26.05:847][331]LogBlueprintUserMessages: Late EndPlayMap Detection: Level '/Game/Maps/DefaultMap.DefaultMap:PersistentLevel' has LevelScriptBlueprint '/Game/Maps/DefaultMap.DefaultMap:PersistentLevel.DefaultMap' with GeneratedClass '/Game/Maps/DefaultMap.DefaultMap_C' with ClassGeneratedBy '/Game/Maps/DefaultMap.DefaultMap:PersistentLevel.DefaultMap'
[2018.10.04-08.26.05:873][331]LogSlate: Updating window title bar state: overlay mode, drag disabled, window buttons hidden, title bar hidden
[2018.10.04-08.26.05:912][334]LogPlayLevel: Display: Destroying online subsystem :Context_16
[2018.10.04-08.26.08:710][660]LogSlate: FSceneViewport::OnFocusLost() reason 2
[2018.10.04-08.26.12:149][ 66]LogSlate: FSceneViewport::OnFocusLost() reason 2
[2018.10.04-08.26.14:170][ 66]LogTemp: Executing iPhonePackager certificates Engine -bundlename com.YourCompany.ProjectSushiSlasher
[2018.10.04-08.26.14:170][ 66]LogTemp: CWD: D:\Software\UE_4.20\Engine\Binaries\DotNET\IOS
[2018.10.04-08.26.14:170][ 66]LogTemp: Initial Dir: D:\Software\UE_4.20
[2018.10.04-08.26.14:170][ 66]LogTemp: Env CWD: D:\Software\UE_4.20\Engine\Binaries\DotNET\IOS
[2018.10.04-08.26.14:170][ 66]LogTemp: BranchPath = DESKTOP-7D7BSHQ/D/Software/UE_4.20/Engine/Binaries --- GameBranchPath = DESKTOP-7D7BSHQ/D/Software/UE_4.20/Engine/Binaries
[2018.10.04-08.26.14:170][ 66]LogSlate: Only BGRA pngs, bmps or icos are supported in by External Image Picker
[2018.10.04-08.26.14:287][ 67]LogTemp: IPP ERROR: Could not find provision directory 'C:\Users\manif3st\AppData\Local/Apple Computer/MobileDevice/Provisioning Profiles/'.
[2018.10.04-08.27.10:005][565]LogSlate: FSceneViewport::OnFocusLost() reason 0
[2018.10.04-08.27.10:657][639]LogSlate: FSceneViewport::OnFocusLost() reason 0
[2018.10.04-08.27.10:732][648]LogTemp: Repeating last play command: Selected Viewport
[2018.10.04-08.27.10:744][648]LogBlueprintUserMessages: Early PlayInEditor Detection: Level '/Game/Maps/DefaultMap.DefaultMap:PersistentLevel' has LevelScriptBlueprint '/Game/Maps/DefaultMap.DefaultMap:PersistentLevel.DefaultMap' with GeneratedClass '/Game/Maps/DefaultMap.DefaultMap_C' with ClassGeneratedBy '/Game/Maps/DefaultMap.DefaultMap:PersistentLevel.DefaultMap'
[2018.10.04-08.27.10:744][648]LogPlayLevel: PlayLevel: No blueprints needed recompiling
[2018.10.04-08.27.10:744][648]PIE: New page: PIE session: DefaultMap (04 Oct 2018, 12:27:10 PM)
[2018.10.04-08.27.10:744][648]LogPlayLevel: Creating play world package: /Game/Maps/UEDPIE_0_DefaultMap
[2018.10.04-08.27.10:749][648]LogPlayLevel: PIE: StaticDuplicateObject took: (0.004085s)
[2018.10.04-08.27.10:749][648]LogAIModule: Creating AISystem for world DefaultMap
[2018.10.04-08.27.10:749][648]LogPlayLevel: PIE: World Init took: (0.000608s)
[2018.10.04-08.27.10:749][648]LogPlayLevel: PIE: Created PIE world by copying editor world from /Game/Maps/DefaultMap.DefaultMap to /Game/Maps/UEDPIE_0_DefaultMap.DefaultMap (0.004814s)
[2018.10.04-08.27.10:805][648]LogInit: XAudio2 using 'Speakers (Realtek High Definition Audio)' : 2 channels at 48 kHz using 32 bits per sample (channel mask 0x3)
[2018.10.04-08.27.10:820][648]LogInit: FAudioDevice initialized.
[2018.10.04-08.27.10:847][648]LogLoad: Game class is 'SushiSlasherGamemode_C'
[2018.10.04-08.27.10:849][648]LogWorld: Bringing World /Game/Maps/UEDPIE_0_DefaultMap.DefaultMap up for play (max tick rate 0) at 2018.10.04-10.27.10
[2018.10.04-08.27.10:849][648]LogWorld: Bringing up level for play took: 0.001135
[2018.10.04-08.27.10:863][648]PIE: Play in editor start time for /Game/Maps/UEDPIE_0_DefaultMap 0,82
[2018.10.04-08.27.10:870][648]LogBlueprintUserMessages: Late PlayInEditor Detection: Level '/Game/Maps/DefaultMap.DefaultMap:PersistentLevel' has LevelScriptBlueprint '/Game/Maps/DefaultMap.DefaultMap:PersistentLevel.DefaultMap' with GeneratedClass '/Game/Maps/DefaultMap.DefaultMap_C' with ClassGeneratedBy '/Game/Maps/DefaultMap.DefaultMap:PersistentLevel.DefaultMap'
[2018.10.04-08.27.12:140][794]LogBlueprintUserMessages: Early EndPlayMap Detection: Level '/Game/Maps/DefaultMap.DefaultMap:PersistentLevel' has LevelScriptBlueprint '/Game/Maps/DefaultMap.DefaultMap:PersistentLevel.DefaultMap' with GeneratedClass '/Game/Maps/DefaultMap.DefaultMap_C' with ClassGeneratedBy '/Game/Maps/DefaultMap.DefaultMap:PersistentLevel.DefaultMap'
[2018.10.04-08.27.12:141][794]LogSlate: Updating window title bar state: overlay mode, drag disabled, window buttons hidden, title bar hidden
[2018.10.04-08.27.12:172][794]LogPlayLevel: Display: Shutting down PIE online subsystems
[2018.10.04-08.27.12:172][794]LogBlueprintUserMessages: Late EndPlayMap Detection: Level '/Game/Maps/DefaultMap.DefaultMap:PersistentLevel' has LevelScriptBlueprint '/Game/Maps/DefaultMap.DefaultMap:PersistentLevel.DefaultMap' with GeneratedClass '/Game/Maps/DefaultMap.DefaultMap_C' with ClassGeneratedBy '/Game/Maps/DefaultMap.DefaultMap:PersistentLevel.DefaultMap'
[2018.10.04-08.27.12:198][794]LogSlate: Updating window title bar state: overlay mode, drag disabled, window buttons hidden, title bar hidden
[2018.10.04-08.27.12:247][798]LogPlayLevel: Display: Destroying online subsystem :Context_17
[2018.10.04-08.27.42:495][462]LogFileHelpers: Editor autosave (incl. sublevels) for '/Game/Maps/DefaultMap' took 0.065
[2018.10.04-08.27.42:985][462]OBJ SavePackage: Generating thumbnails for [1] asset(s) in package [/Game/SushiSlasher/Blueprints/SushiSlasherBP] ([1] browsable assets)...
[2018.10.04-08.27.42:999][462]OBJ SavePackage:     Rendered thumbnail for [Blueprint /Game/SushiSlasher/Blueprints/SushiSlasherBP.SushiSlasherBP]
[2018.10.04-08.27.42:999][462]OBJ SavePackage: Finished generating thumbnails for package [/Game/SushiSlasher/Blueprints/SushiSlasherBP]
[2018.10.04-08.27.43:102][462]LogSavePackage: Moving '../../../../../Work/SushiSlasher/ProjectSushiSlasher 4.20/Saved/SushiSlasherBP_Auto2D5D998A34B69E72166EB1C95CF254CAC.tmp' to '../../../../../Work/SushiSlasher/ProjectSushiSlasher 4.20/Saved/Autosaves/Game/SushiSlasher/Blueprints/SushiSlasherBP_Auto2.uasset'
[2018.10.04-08.27.43:106][462]LogFileHelpers: Auto-saving content packages took 0.610
[2018.10.04-08.30.10:127][901]LogEditorViewport: Clicking on Actor (LMB): BP_Sky_Sphere_C (Sky Sphere)
[2018.10.04-08.30.10:751][966]LogSlate: FSceneViewport::OnFocusLost() reason 2
[2018.10.04-08.30.10:902][966]LogSlate: FSceneViewport::OnFocusLost() reason 2
[2018.10.04-08.30.10:978][966]Cmd: OBJ SAVEPACKAGE PACKAGE="/Game/Maps/DefaultMap" FILE="../../../../../Work/SushiSlasher/ProjectSushiSlasher 4.20/Content/Maps/DefaultMap.umap" SILENT=true AUTOSAVING=false KEEPDIRTY=false
[2018.10.04-08.30.11:140][966]LogSavePackage: Moving '../../../../../Work/SushiSlasher/ProjectSushiSlasher 4.20/Saved/DefaultMap8292811C4E8D0A05A906DCAD25C32066.tmp' to '../../../../../Work/SushiSlasher/ProjectSushiSlasher 4.20/Content/Maps/DefaultMap.umap'
[2018.10.04-08.30.11:157][966]LogFileHelpers: Saving map 'DefaultMap' took 0.250
[2018.10.04-08.30.11:158][966]Cmd: OBJ SAVEPACKAGE PACKAGE="/Game/Maps/DefaultMap_BuiltData" FILE="../../../../../Work/SushiSlasher/ProjectSushiSlasher 4.20/Content/Maps/DefaultMap_BuiltData.uasset" SILENT=true
[2018.10.04-08.30.11:705][966]LogSavePackage: Moving '../../../../../Work/SushiSlasher/ProjectSushiSlasher 4.20/Saved/DefaultMap_BuiltDataC9FFAE534402E50A9CF84D8FAB9CB867.tmp' to '../../../../../Work/SushiSlasher/ProjectSushiSlasher 4.20/Content/Maps/DefaultMap_BuiltData.uasset'
[2018.10.04-08.30.11:751][966]LogSavePackage: Moving '../../../../../Work/SushiSlasher/ProjectSushiSlasher 4.20/Saved/SushiSlasherBP165729B14C95B5F9AFC260A068773D97.tmp' to '../../../../../Work/SushiSlasher/ProjectSushiSlasher 4.20/Content/SushiSlasher/Blueprints/SushiSlasherBP.uasset'
[2018.10.04-08.30.12:153][ 13]LogSlate: FSceneViewport::OnFocusLost() reason 0
[2018.10.04-08.30.12:275][ 20]LogSlate: Window 'SushiSlasherBP' being destroyed
[2018.10.04-08.30.12:336][ 20]LogSlate: Window 'Project Settings' being destroyed
[2018.10.04-08.30.12:362][ 20]LogSlate: Window 'ProjectSushiSlasher - Unreal Editor' being destroyed
[2018.10.04-08.30.12:363][ 20]LogWindowsTextInputMethodSystem: Display: IME system now deactivated.
[2018.10.04-08.30.12:539][ 21]Cmd: QUIT_EDITOR
[2018.10.04-08.30.12:669][ 21]LogExit: Preparing to exit.
[2018.10.04-08.30.12:856][ 21]LogExit: Editor shut down
[2018.10.04-08.30.12:856][ 21]LogExit: Transaction tracking system shut down
[2018.10.04-08.30.13:408][ 21]LogExit: Object subsystem successfully closed.
[2018.10.04-08.30.13:422][ 21]LogShaderCompilers: Display: Shaders left to compile 0
[2018.10.04-08.30.13:425][ 21]LogD3D11RHI: Shutdown
[2018.10.04-08.30.13:425][ 21]LogD3D11RHI: CleanupD3DDevice
[2018.10.04-08.30.13:430][ 21]LogD3D11RHI: ~FD3D11DynamicRHI
[2018.10.04-08.30.13:438][ 21]LogModuleManager: Shutting down and abandoning module ExternalImagePicker (620)
[2018.10.04-08.30.13:438][ 21]LogModuleManager: Shutting down and abandoning module BlueprintGraph (618)
[2018.10.04-08.30.13:438][ 21]LogModuleManager: Shutting down and abandoning module MovieSceneCapture (616)
[2018.10.04-08.30.13:438][ 21]LogModuleManager: Shutting down and abandoning module Voice (614)
[2018.10.04-08.30.13:438][ 21]LogModuleManager: Shutting down and abandoning module HierarchicalLODUtilities (612)
[2018.10.04-08.30.13:438][ 21]LogModuleManager: Shutting down and abandoning module StatsViewer (610)
[2018.10.04-08.30.13:438][ 21]LogModuleManager: Shutting down and abandoning module HierarchicalLODOutliner (608)
[2018.10.04-08.30.13:438][ 21]LogModuleManager: Shutting down and abandoning module SceneOutliner (606)
[2018.10.04-08.30.13:438][ 21]LogModuleManager: Shutting down and abandoning module AddContentDialog (604)
[2018.10.04-08.30.13:438][ 21]LogModuleManager: Shutting down and abandoning module WidgetCarousel (603)
[2018.10.04-08.30.13:438][ 21]LogModuleManager: Shutting down and abandoning module EditorWidgets (600)
[2018.10.04-08.30.13:438][ 21]LogModuleManager: Shutting down and abandoning module CollectionManager (598)
[2018.10.04-08.30.13:439][ 21]LogModuleManager: Shutting down and abandoning module FoliageEdit (596)
[2018.10.04-08.30.13:439][ 21]LogModuleManager: Shutting down and abandoning module LandscapeEditor (594)
[2018.10.04-08.30.13:439][ 21]LogModuleManager: Shutting down and abandoning module MeshPaintMode (592)
[2018.10.04-08.30.13:439][ 21]LogModuleManager: Shutting down and abandoning module SceneDepthPickerMode (590)
[2018.10.04-08.30.13:439][ 21]LogModuleManager: Shutting down and abandoning module ActorPickerMode (588)
[2018.10.04-08.30.13:439][ 21]LogModuleManager: Shutting down and abandoning module GeometryMode (586)
[2018.10.04-08.30.13:439][ 21]LogModuleManager: Shutting down and abandoning module TextureAlignMode (584)
[2018.10.04-08.30.13:439][ 21]LogModuleManager: Shutting down and abandoning module BspMode (582)
[2018.10.04-08.30.13:439][ 21]LogModuleManager: Shutting down and abandoning module PIEPreviewDeviceProfileSelector (580)
[2018.10.04-08.30.13:439][ 21]LogModuleManager: Shutting down and abandoning module SequenceRecorderSections (578)
[2018.10.04-08.30.13:439][ 21]LogModuleManager: Shutting down and abandoning module AutomationWorker (576)
[2018.10.04-08.30.13:439][ 21]LogModuleManager: Shutting down and abandoning module AudioCaptureEditor (574)
[2018.10.04-08.30.13:439][ 21]LogModuleManager: Shutting down and abandoning module SequenceRecorder (573)
[2018.10.04-08.30.13:439][ 21]LogModuleManager: Shutting down and abandoning module MatineeToLevelSequence (570)
[2018.10.04-08.30.13:439][ 21]LogModuleManager: Shutting down and abandoning module LevelSequenceEditor (568)
[2018.10.04-08.30.13:439][ 21]LogModuleManager: Shutting down and abandoning module PlacementMode (567)
[2018.10.04-08.30.13:439][ 21]LogModuleManager: Shutting down and abandoning module MaterialEditor (566)
[2018.10.04-08.30.13:439][ 21]LogModuleManager: Shutting down and abandoning module WmfMediaFactory (562)
[2018.10.04-08.30.13:439][ 21]LogModuleManager: Shutting down and abandoning module WmfMediaEditor (560)
[2018.10.04-08.30.13:439][ 21]LogModuleManager: Shutting down and abandoning module MediaPlayerEditor (558)
[2018.10.04-08.30.13:439][ 21]LogModuleManager: Shutting down and abandoning module OpenExrWrapper (556)
[2018.10.04-08.30.13:439][ 21]LogModuleManager: Shutting down and abandoning module ImgMediaFactory (554)
[2018.10.04-08.30.13:439][ 21]LogModuleManager: Shutting down and abandoning module ImgMediaEditor (552)
[2018.10.04-08.30.13:439][ 21]LogModuleManager: Shutting down and abandoning module AvfMediaFactory (550)
[2018.10.04-08.30.13:439][ 21]LogModuleManager: Shutting down and abandoning module AvfMediaEditor (548)
[2018.10.04-08.30.13:439][ 21]LogModuleManager: Shutting down and abandoning module AndroidMediaFactory (546)
[2018.10.04-08.30.13:439][ 21]LogModuleManager: Shutting down and abandoning module AndroidMediaEditor (544)
[2018.10.04-08.30.13:439][ 21]LogModuleManager: Shutting down and abandoning module MagicLeapCameraPreviewFactory (542)
[2018.10.04-08.30.13:439][ 21]LogModuleManager: Shutting down and abandoning module MagicLeapMediaFactory (540)
[2018.10.04-08.30.13:439][ 21]LogModuleManager: Shutting down and abandoning module MagicLeapMediaEditor (538)
[2018.10.04-08.30.13:439][ 21]LogModuleManager: Shutting down and abandoning module CharacterAI (536)
[2018.10.04-08.30.13:439][ 21]LogModuleManager: Shutting down and abandoning module SmartSnapping (534)
[2018.10.04-08.30.13:439][ 21]LogModuleManager: Shutting down and abandoning module SessionServices (532)
[2018.10.04-08.30.13:439][ 21]LogModuleManager: Shutting down and abandoning module ViewportSnapping (530)
[2018.10.04-08.30.13:439][ 21]LogModuleManager: Shutting down and abandoning module ViewportInteraction (528)
[2018.10.04-08.30.13:439][ 21]LogModuleManager: Shutting down and abandoning module ClothPainter (526)
[2018.10.04-08.30.13:439][ 21]LogModuleManager: Shutting down and abandoning module SkeletalMeshEditor (525)
[2018.10.04-08.30.13:439][ 21]LogModuleManager: Shutting down and abandoning module LogVisualizer (522)
[2018.10.04-08.30.13:439][ 21]LogModuleManager: Shutting down and abandoning module IntroTutorials (520)
[2018.10.04-08.30.13:440][ 21]LogModuleManager: Shutting down and abandoning module GameProjectGeneration (519)
[2018.10.04-08.30.13:440][ 21]LogModuleManager: Shutting down and abandoning module LuminPlatformEditor (516)
[2018.10.04-08.30.13:440][ 21]LogModuleManager: Shutting down and abandoning module IOSPlatformEditor (514)
[2018.10.04-08.30.13:440][ 21]LogModuleManager: Shutting down and abandoning module HTML5PlatformEditor (512)
[2018.10.04-08.30.13:440][ 21]LogModuleManager: Shutting down and abandoning module AndroidPlatformEditor (510)
[2018.10.04-08.30.13:440][ 21]LogModuleManager: Shutting down and abandoning module AndroidDeviceDetection (509)
[2018.10.04-08.30.14:270][ 21]LogModuleManager: Shutting down and abandoning module WindowsPlatformEditor (506)
[2018.10.04-08.30.14:270][ 21]LogModuleManager: Shutting down and abandoning module LuminRuntimeSettings (504)
[2018.10.04-08.30.14:270][ 21]LogModuleManager: Shutting down and abandoning module IOSRuntimeSettings (502)
[2018.10.04-08.30.14:270][ 21]LogModuleManager: Shutting down and abandoning module AndroidRuntimeSettings (500)
[2018.10.04-08.30.14:270][ 21]LogModuleManager: Shutting down and abandoning module InputBindingEditor (498)
[2018.10.04-08.30.14:271][ 21]LogModuleManager: Shutting down and abandoning module MergeActors (496)
[2018.10.04-08.30.14:271][ 21]LogModuleManager: Shutting down and abandoning module LocalizationDashboard (494)
[2018.10.04-08.30.14:271][ 21]LogModuleManager: Shutting down and abandoning module LocalizationService (493)
[2018.10.04-08.30.14:271][ 21]LogModuleManager: Shutting down and abandoning module HardwareTargeting (490)
[2018.10.04-08.30.14:271][ 21]LogModuleManager: Shutting down and abandoning module DeviceProfileEditor (488)
[2018.10.04-08.30.14:271][ 21]LogModuleManager: Shutting down and abandoning module UndoHistory (486)
[2018.10.04-08.30.14:271][ 21]LogModuleManager: Shutting down and abandoning module XmlParser (484)
[2018.10.04-08.30.14:271][ 21]LogModuleManager: Shutting down and abandoning module Blutility (482)
[2018.10.04-08.30.14:271][ 21]LogModuleManager: Shutting down and abandoning module ProjectSettingsViewer (480)
[2018.10.04-08.30.14:272][ 21]LogModuleManager: Shutting down and abandoning module ProjectTargetPlatformEditor (479)
[2018.10.04-08.30.14:272][ 21]LogModuleManager: Shutting down and abandoning module EditorSettingsViewer (476)
[2018.10.04-08.30.14:272][ 21]LogModuleManager: Shutting down and abandoning module SettingsEditor (474)
[2018.10.04-08.30.14:272][ 21]LogModuleManager: Shutting down and abandoning module ProjectLauncher (472)
[2018.10.04-08.30.14:272][ 21]LogModuleManager: Shutting down and abandoning module SessionFrontend (470)
[2018.10.04-08.30.14:273][ 21]LogModuleManager: Shutting down and abandoning module ProfilerClient (468)
[2018.10.04-08.30.14:273][ 21]LogModuleManager: Shutting down and abandoning module DeviceManager (466)
[2018.10.04-08.30.14:273][ 21]LogModuleManager: Shutting down and abandoning module TargetDeviceServices (465)
[2018.10.04-08.30.14:339][ 21]LogModuleManager: Shutting down and abandoning module AutomationController (462)
[2018.10.04-08.30.14:339][ 21]LogModuleManager: Shutting down and abandoning module AutomationWindow (460)
[2018.10.04-08.30.14:339][ 21]LogModuleManager: Shutting down and abandoning module Layers (458)
[2018.10.04-08.30.14:339][ 21]LogModuleManager: Shutting down and abandoning module ComponentVisualizers (456)
[2018.10.04-08.30.14:339][ 21]LogModuleManager: Shutting down and abandoning module DetailCustomizations (454)
[2018.10.04-08.30.14:339][ 21]LogModuleManager: Shutting down and abandoning module PackagesDialog (452)
[2018.10.04-08.30.14:339][ 21]LogModuleManager: Shutting down and abandoning module Persona (450)
[2018.10.04-08.30.14:339][ 21]LogModuleManager: Shutting down and abandoning module AdvancedPreviewScene (449)
[2018.10.04-08.30.14:339][ 21]LogModuleManager: Shutting down and abandoning module AnimGraph (447)
[2018.10.04-08.30.14:339][ 21]LogModuleManager: Shutting down and abandoning module Kismet (444)
[2018.10.04-08.30.14:348][ 21]LogModuleManager: Shutting down and abandoning module GraphEditor (442)
[2018.10.04-08.30.14:348][ 21]LogModuleManager: Shutting down and abandoning module ClassViewer (440)
[2018.10.04-08.30.14:348][ 21]LogModuleManager: Shutting down and abandoning module Toolbox (438)
[2018.10.04-08.30.14:348][ 21]LogModuleManager: Shutting down and abandoning module ModuleUI (436)
[2018.10.04-08.30.14:348][ 21]LogModuleManager: Shutting down and abandoning module MovieSceneTools (434)
[2018.10.04-08.30.14:348][ 21]LogModuleManager: Shutting down and abandoning module OutputLog (432)
[2018.10.04-08.30.14:348][ 21]LogModuleManager: Shutting down and abandoning module GammaUI (430)
[2018.10.04-08.30.14:348][ 21]LogModuleManager: Shutting down and abandoning module Documentation (428)
[2018.10.04-08.30.14:349][ 21]LogModuleManager: Shutting down and abandoning module MovieSceneTracks (426)
[2018.10.04-08.30.14:349][ 21]LogModuleManager: Shutting down and abandoning module MovieScene (424)
[2018.10.04-08.30.14:349][ 21]LogModuleManager: Shutting down and abandoning module StreamingPauseRendering (422)
[2018.10.04-08.30.14:349][ 21]LogModuleManager: Shutting down and abandoning module LauncherPlatform (420)
[2018.10.04-08.30.14:349][ 21]LogModuleManager: Shutting down and abandoning module AnalyticsET (418)
[2018.10.04-08.30.14:349][ 21]LogModuleManager: Shutting down and abandoning module PortalServices (416)
[2018.10.04-08.30.14:349][ 21]LogModuleManager: Shutting down and abandoning module PortalRpc (414)
[2018.10.04-08.30.14:349][ 21]LogModuleManager: Shutting down and abandoning module MessagingRpc (412)
[2018.10.04-08.30.14:349][ 21]LogModuleManager: Shutting down and abandoning module AIModule (410)
[2018.10.04-08.30.14:349][ 21]LogModuleManager: Shutting down and abandoning module GameplayDebugger (409)
[2018.10.04-08.30.14:349][ 21]LogModuleManager: Shutting down and abandoning module AITestSuite (407)
[2018.10.04-08.30.14:349][ 21]LogModuleManager: Shutting down and abandoning module NavigationSystem (405)
[2018.10.04-08.30.14:349][ 21]LogModuleManager: Shutting down and abandoning module DesktopPlatform (402)
[2018.10.04-08.30.14:349][ 21]LogModuleManager: Shutting down and abandoning module ProfilerService (400)
[2018.10.04-08.30.14:403][ 21]LogModuleManager: Shutting down and abandoning module TaskGraph (398)
[2018.10.04-08.30.14:403][ 21]LogModuleManager: Shutting down and abandoning module SteamVRController (396)
[2018.10.04-08.30.14:403][ 21]LogModuleManager: Shutting down and abandoning module ProceduralMeshComponentEditor (394)
[2018.10.04-08.30.14:404][ 21]LogModuleManager: Shutting down and abandoning module ProceduralMeshComponent (392)
[2018.10.04-08.30.14:404][ 21]LogModuleManager: Shutting down and abandoning module OculusInput (390)
[2018.10.04-08.30.14:404][ 21]LogModuleManager: Shutting down and abandoning module MobilePatchingUtils (388)
[2018.10.04-08.30.14:404][ 21]LogModuleManager: Shutting down and abandoning module EditableMesh (386)
[2018.10.04-08.30.14:404][ 21]LogModuleManager: Shutting down and abandoning module CustomMeshComponent (384)
[2018.10.04-08.30.14:404][ 21]LogModuleManager: Shutting down and abandoning module CableComponent (382)
[2018.10.04-08.30.14:404][ 21]LogModuleManager: Shutting down and abandoning module AudioCapture (380)
[2018.10.04-08.30.14:404][ 21]LogModuleManager: Shutting down and abandoning module ArchVisCharacter (378)
[2018.10.04-08.30.14:404][ 21]LogModuleManager: Shutting down and abandoning module AndroidPermission (376)
[2018.10.04-08.30.14:404][ 21]LogModuleManager: Shutting down and abandoning module NUTUnrealEngine4 (374)
[2018.10.04-08.30.14:404][ 21]LogModuleManager: Shutting down and abandoning module NetcodeUnitTest (372)
[2018.10.04-08.30.14:404][ 21]LogModuleManager: Shutting down and abandoning module MediaCompositingEditor (370)
[2018.10.04-08.30.14:404][ 21]LogModuleManager: Shutting down and abandoning module MediaCompositing (368)
[2018.10.04-08.30.14:405][ 21]LogModuleManager: Shutting down and abandoning module LinearTimecode (366)
[2018.10.04-08.30.14:405][ 21]LogModuleManager: Shutting down and abandoning module ImgMedia (364)
[2018.10.04-08.30.14:416][ 21]LogModuleManager: Shutting down and abandoning module HTML5Networking (362)
[2018.10.04-08.30.14:417][ 21]LogModuleManager: Shutting down and abandoning module GeometryCacheTracks (360)
[2018.10.04-08.30.14:417][ 21]LogModuleManager: Shutting down and abandoning module GeometryCacheSequencer (358)
[2018.10.04-08.30.14:417][ 21]LogModuleManager: Shutting down and abandoning module BackChannel (356)
[2018.10.04-08.30.14:417][ 21]LogModuleManager: Shutting down and abandoning module AppleVision (354)
[2018.10.04-08.30.14:417][ 21]LogModuleManager: Shutting down and abandoning module AppleImageUtils (352)
[2018.10.04-08.30.14:417][ 21]LogModuleManager: Shutting down and abandoning module AlembicImporter (350)
[2018.10.04-08.30.14:417][ 21]LogModuleManager: Shutting down and abandoning module AlembicLibrary (349)
[2018.10.04-08.30.14:417][ 21]LogModuleManager: Shutting down and abandoning module GeometryCache (348)
[2018.10.04-08.30.14:417][ 21]LogModuleManager: Shutting down and abandoning module GeometryCacheEd (347)
[2018.10.04-08.30.14:417][ 21]LogModuleManager: Shutting down and abandoning module DatasmithContentEditor (342)
[2018.10.04-08.30.14:417][ 21]LogModuleManager: Shutting down and abandoning module DatasmithContent (340)
[2018.10.04-08.30.14:418][ 21]LogModuleManager: Shutting down and abandoning module SpeedTreeImporter (338)
[2018.10.04-08.30.14:419][ 21]LogModuleManager: Shutting down and abandoning module PluginBrowser (336)
[2018.10.04-08.30.14:419][ 21]LogModuleManager: Shutting down and abandoning module MobileLauncherProfileWizard (334)
[2018.10.04-08.30.14:419][ 21]LogModuleManager: Shutting down and abandoning module PolygonModeling (332)
[2018.10.04-08.30.14:419][ 21]LogModuleManager: Shutting down and abandoning module MeshEditor (330)
[2018.10.04-08.30.14:419][ 21]LogModuleManager: Shutting down and abandoning module CryptoKeysOpenSSL (328)
[2018.10.04-08.30.14:419][ 21]LogModuleManager: Shutting down and abandoning module CryptoKeys (326)
[2018.10.04-08.30.14:419][ 21]LogModuleManager: Shutting down and abandoning module VisualStudioSourceCodeAccess (324)
[2018.10.04-08.30.14:419][ 21]LogModuleManager: Shutting down and abandoning module VisualStudioCodeSourceCodeAccess (322)
[2018.10.04-08.30.14:420][ 21]LogModuleManager: Shutting down and abandoning module UObjectPlugin (320)
[2018.10.04-08.30.14:420][ 21]LogModuleManager: Shutting down and abandoning module SubversionSourceControl (318)
[2018.10.04-08.30.14:420][ 21]LogModuleManager: Shutting down and abandoning module PerforceSourceControl (316)
[2018.10.04-08.30.14:420][ 21]LogModuleManager: Shutting down and abandoning module GitSourceControl (314)
[2018.10.04-08.30.14:420][ 21]LogModuleManager: Shutting down and abandoning module SourceControl (313)
[2018.10.04-08.30.14:420][ 21]LogModuleManager: Shutting down and abandoning module CLionSourceCodeAccess (310)
[2018.10.04-08.30.14:420][ 21]LogModuleManager: Shutting down and abandoning module LightPropagationVolumeEditor (308)
[2018.10.04-08.30.14:420][ 21]LogModuleManager: Shutting down and abandoning module PaperTiledImporter (306)
[2018.10.04-08.30.14:420][ 21]LogModuleManager: Shutting down and abandoning module PaperSpriteSheetImporter (304)
[2018.10.04-08.30.14:420][ 21]LogModuleManager: Shutting down and abandoning module Paper2DEditor (302)
[2018.10.04-08.30.14:421][ 21]LogModuleManager: Shutting down and abandoning module MeshPaint (301)
[2018.10.04-08.30.14:421][ 21]LogModuleManager: Shutting down and abandoning module RuntimePhysXCooking (298)
[2018.10.04-08.30.14:421][ 21]LogModuleManager: Shutting down and abandoning module PhysXVehiclesEditor (296)
[2018.10.04-08.30.14:421][ 21]LogModuleManager: Shutting down and abandoning module PhysXVehicles (294)
[2018.10.04-08.30.14:421][ 21]LogModuleManager: Shutting down and abandoning module OculusEditor (292)
[2018.10.04-08.30.14:421][ 21]LogModuleManager: Shutting down and abandoning module LocationServicesBPLibrary (290)
[2018.10.04-08.30.14:421][ 21]LogModuleManager: Shutting down and abandoning module ImmediatePhysicsEditor (288)
[2018.10.04-08.30.14:421][ 21]LogModuleManager: Shutting down and abandoning module ImmediatePhysics (286)
[2018.10.04-08.30.14:421][ 21]LogModuleManager: Shutting down and abandoning module ActorSequence (284)
[2018.10.04-08.30.14:421][ 21]LogModuleManager: Shutting down and abandoning module UdpMessaging (282)
[2018.10.04-08.30.14:522][ 21]LogModuleManager: Shutting down and abandoning module TcpMessaging (280)
[2018.10.04-08.30.14:623][ 21]LogModuleManager: Shutting down and abandoning module MagicLeapAudio (278)
[2018.10.04-08.30.14:623][ 21]LogModuleManager: Shutting down and abandoning module GameplayTagsEditor (276)
[2018.10.04-08.30.14:623][ 21]LogModuleManager: Shutting down and abandoning module FacialAnimationEditor (274)
[2018.10.04-08.30.14:623][ 21]LogModuleManager: Shutting down and abandoning module FacialAnimation (272)
[2018.10.04-08.30.14:623][ 21]LogModuleManager: Shutting down and abandoning module DataValidation (270)
[2018.10.04-08.30.14:623][ 21]LogModuleManager: Shutting down and abandoning module AssetManagerEditor (268)
[2018.10.04-08.30.14:623][ 21]LogModuleManager: Shutting down and abandoning module LevelEditor (267)
[2018.10.04-08.30.14:626][ 21]LogModuleManager: Shutting down and abandoning module PixelInspectorModule (266)
[2018.10.04-08.30.14:626][ 21]LogModuleManager: Shutting down and abandoning module CommonMenuExtensions (264)
[2018.10.04-08.30.14:626][ 21]LogModuleManager: Shutting down and abandoning module MainFrame (262)
[2018.10.04-08.30.14:626][ 21]LogModuleManager: Shutting down and abandoning module HotReload (261)
[2018.10.04-08.30.14:627][ 21]LogModuleManager: Shutting down and abandoning module ContentBrowser (257)
[2018.10.04-08.30.14:630][ 21]LogModuleManager: Shutting down and abandoning module TreeMap (255)
[2018.10.04-08.30.14:630][ 21]LogModuleManager: Shutting down and abandoning module LightPropagationVolumeRuntime (252)
[2018.10.04-08.30.14:631][ 21]LogModuleManager: Shutting down and abandoning module AISupportModule (250)
[2018.10.04-08.30.14:631][ 21]LogModuleManager: Shutting down and abandoning module Paper2D (248)
[2018.10.04-08.30.14:632][ 21]LogModuleManager: Shutting down and abandoning module WindowsMoviePlayer (246)
[2018.10.04-08.30.14:632][ 21]LogModuleManager: Shutting down and abandoning module WmfMedia (244)
[2018.10.04-08.30.14:636][ 21]LogModuleManager: Shutting down and abandoning module Media (243)
[2018.10.04-08.30.14:643][ 21]LogModuleManager: Shutting down and abandoning module PacketHandler (240)
[2018.10.04-08.30.14:643][ 21]LogModuleManager: Shutting down and abandoning module ClothingSystemEditor (238)
[2018.10.04-08.30.14:643][ 21]LogModuleManager: Shutting down and abandoning module ClothingSystemRuntime (236)
[2018.10.04-08.30.14:643][ 21]LogModuleManager: Shutting down and abandoning module MediaAssets (234)
[2018.10.04-08.30.14:643][ 21]LogModuleManager: Shutting down and abandoning module Overlay (232)
[2018.10.04-08.30.14:644][ 21]LogModuleManager: Shutting down and abandoning module OverlayEditor (231)
[2018.10.04-08.30.14:644][ 21]LogModuleManager: Shutting down and abandoning module VREditor (228)
[2018.10.04-08.30.14:644][ 21]LogModuleManager: Shutting down and abandoning module StringTableEditor (226)
[2018.10.04-08.30.14:644][ 21]LogModuleManager: Shutting down and abandoning module GameplayTasksEditor (224)
[2018.10.04-08.30.14:644][ 21]LogModuleManager: Shutting down and abandoning module BehaviorTreeEditor (222)
[2018.10.04-08.30.14:644][ 21]LogModuleManager: Shutting down and abandoning module FunctionalTesting (220)
[2018.10.04-08.30.14:644][ 21]LogModuleManager: Shutting down and abandoning module CollisionAnalyzer (218)
[2018.10.04-08.30.14:644][ 21]LogModuleManager: Shutting down and abandoning module WorkspaceMenuStructure (217)
[2018.10.04-08.30.14:644][ 21]LogModuleManager: Shutting down and abandoning module UMG (214)
[2018.10.04-08.30.14:645][ 21]LogModuleManager: Shutting down and abandoning module UMGEditor (213)
[2018.10.04-08.30.14:645][ 21]LogModuleManager: Shutting down and abandoning module Sequencer (212)
[2018.10.04-08.30.14:645][ 21]LogModuleManager: Shutting down and abandoning module MessageLog (209)
[2018.10.04-08.30.14:645][ 21]LogModuleManager: Shutting down and abandoning module SlateReflector (204)
[2018.10.04-08.30.14:645][ 21]LogModuleManager: Shutting down and abandoning module Slate (202)
[2018.10.04-08.30.14:645][ 21]LogModuleManager: Shutting down and abandoning module EditorStyle (200)
[2018.10.04-08.30.14:652][ 21]LogModuleManager: Shutting down and abandoning module MRMesh (198)
[2018.10.04-08.30.14:652][ 21]LogModuleManager: Shutting down and abandoning module SourceCodeAccess (196)
[2018.10.04-08.30.14:652][ 21]LogModuleManager: Shutting down and abandoning module HeadMountedDisplay (194)
[2018.10.04-08.30.14:652][ 21]LogModuleManager: Shutting down and abandoning module XAudio2 (192)
[2018.10.04-08.30.14:653][ 21]LogModuleManager: Shutting down and abandoning module Networking (190)
[2018.10.04-08.30.14:653][ 21]LogModuleManager: Shutting down and abandoning module Core (188)
[2018.10.04-08.30.14:653][ 21]LogModuleManager: Shutting down and abandoning module LevelSequence (186)
[2018.10.04-08.30.14:653][ 21]LogModuleManager: Shutting down and abandoning module KismetCompiler (184)
[2018.10.04-08.30.14:653][ 21]LogModuleManager: Shutting down and abandoning module MeshUtilities (182)
[2018.10.04-08.30.14:653][ 21]LogModuleManager: Shutting down and abandoning module MeshMergeUtilities (181)
[2018.10.04-08.30.14:653][ 21]LogModuleManager: Shutting down and abandoning module MeshReductionInterface (180)
[2018.10.04-08.30.14:653][ 21]LogModuleManager: Shutting down and abandoning module SimplygonSwarm (179)
[2018.10.04-08.30.14:653][ 21]LogModuleManager: Shutting down and abandoning module ProxyLODMeshReduction (177)
[2018.10.04-08.30.14:653][ 21]LogModuleManager: Shutting down and abandoning module SimplygonMeshReduction (175)
[2018.10.04-08.30.14:654][ 21]LogModuleManager: Shutting down and abandoning module QuadricMeshReduction (173)
[2018.10.04-08.30.14:654][ 21]LogModuleManager: Shutting down and abandoning module MaterialBaking (169)
[2018.10.04-08.30.14:654][ 21]LogModuleManager: Shutting down and abandoning module DirectoryWatcher (165)
[2018.10.04-08.30.14:654][ 21]LogModuleManager: Shutting down and abandoning module DerivedDataCache (162)
[2018.10.04-08.30.14:743][ 21]LogDerivedDataCache: Shutdown
[2018.10.04-08.30.14:743][ 21]LogModuleManager: Shutting down and abandoning module XGEController (160)
[2018.10.04-08.30.14:743][ 21]LogXGEController: Cleaning working directory: C:/Users/manif3st/AppData/Local/Temp/UnrealXGEWorkingDir/
[2018.10.04-08.30.14:744][ 21]LogModuleManager: Shutting down and abandoning module TargetPlatform (158)
[2018.10.04-08.30.14:744][ 21]LogModuleManager: Shutting down and abandoning module VulkanShaderFormat (157)
[2018.10.04-08.30.14:744][ 21]LogModuleManager: Shutting down and abandoning module ShaderFormatVectorVM (155)
[2018.10.04-08.30.14:744][ 21]LogModuleManager: Shutting down and abandoning module ShaderFormatOpenGL (153)
[2018.10.04-08.30.14:744][ 21]LogModuleManager: Shutting down and abandoning module ShaderFormatD3D (151)
[2018.10.04-08.30.14:744][ 21]LogModuleManager: Shutting down and abandoning module MetalShaderFormat (149)
[2018.10.04-08.30.14:744][ 21]LogModuleManager: Shutting down and abandoning module TextureFormatUncompressed (147)
[2018.10.04-08.30.14:745][ 21]LogModuleManager: Shutting down and abandoning module TextureFormatPVR (145)
[2018.10.04-08.30.14:745][ 21]LogModuleManager: Shutting down and abandoning module TextureFormatDXT (143)
[2018.10.04-08.30.14:745][ 21]LogModuleManager: Shutting down and abandoning module TextureFormatIntelISPCTexComp (141)
[2018.10.04-08.30.14:745][ 21]LogModuleManager: Shutting down and abandoning module TextureFormatASTC (139)
[2018.10.04-08.30.14:745][ 21]LogModuleManager: Shutting down and abandoning module ImageWrapper (138)
[2018.10.04-08.30.14:745][ 21]LogModuleManager: Shutting down and abandoning module TextureFormatAndroid (135)
[2018.10.04-08.30.14:745][ 21]LogModuleManager: Shutting down and abandoning module AudioFormatOpus (133)
[2018.10.04-08.30.14:745][ 21]LogModuleManager: Shutting down and abandoning module AudioFormatOgg (131)
[2018.10.04-08.30.14:745][ 21]LogModuleManager: Shutting down and abandoning module AudioFormatADPCM (129)
[2018.10.04-08.30.14:745][ 21]LogModuleManager: Shutting down and abandoning module LuminTargetPlatform (127)
[2018.10.04-08.30.14:746][ 21]LogModuleManager: Shutting down and abandoning module LinuxTargetPlatform (125)
[2018.10.04-08.30.14:746][ 21]LogModuleManager: Shutting down and abandoning module LinuxServerTargetPlatform (123)
[2018.10.04-08.30.14:746][ 21]LogModuleManager: Shutting down and abandoning module LinuxNoEditorTargetPlatform (121)
[2018.10.04-08.30.14:746][ 21]LogModuleManager: Shutting down and abandoning module LinuxClientTargetPlatform (119)
[2018.10.04-08.30.14:746][ 21]LogModuleManager: Shutting down and abandoning module TVOSTargetPlatform (117)
[2018.10.04-08.30.14:748][ 21]LogModuleManager: Shutting down and abandoning module Messaging (115)
[2018.10.04-08.30.14:748][ 21]LogModuleManager: Shutting down and abandoning module IOSTargetPlatform (113)
[2018.10.04-08.30.14:751][ 21]LogModuleManager: Shutting down and abandoning module HTML5TargetPlatform (111)
[2018.10.04-08.30.14:751][ 21]LogModuleManager: Shutting down and abandoning module AndroidTargetPlatform (109)
[2018.10.04-08.30.14:771][ 21]LogModuleManager: Shutting down and abandoning module WindowsTargetPlatform (107)
[2018.10.04-08.30.14:771][ 21]LogModuleManager: Shutting down and abandoning module WindowsServerTargetPlatform (105)
[2018.10.04-08.30.14:771][ 21]LogModuleManager: Shutting down and abandoning module WindowsNoEditorTargetPlatform (103)
[2018.10.04-08.30.14:771][ 21]LogModuleManager: Shutting down and abandoning module WindowsClientTargetPlatform (101)
[2018.10.04-08.30.14:771][ 21]LogModuleManager: Shutting down and abandoning module MacTargetPlatform (99)
[2018.10.04-08.30.14:771][ 21]LogModuleManager: Shutting down and abandoning module MacServerTargetPlatform (97)
[2018.10.04-08.30.14:771][ 21]LogModuleManager: Shutting down and abandoning module MacNoEditorTargetPlatform (95)
[2018.10.04-08.30.14:771][ 21]LogModuleManager: Shutting down and abandoning module MacClientTargetPlatform (93)
[2018.10.04-08.30.14:771][ 21]LogModuleManager: Shutting down and abandoning module AllDesktopTargetPlatform (91)
[2018.10.04-08.30.14:772][ 21]LogModuleManager: Shutting down and abandoning module InputCore (88)
[2018.10.04-08.30.14:772][ 21]LogModuleManager: Shutting down and abandoning module Settings (86)
[2018.10.04-08.30.14:772][ 21]LogModuleManager: Shutting down and abandoning module PhysXCooking (84)
[2018.10.04-08.30.14:772][ 21]LogModuleManager: Shutting down and abandoning module SteamVR (82)
[2018.10.04-08.30.14:772][ 21]LogModuleManager: Shutting down and abandoning module OculusHMD (80)
[2018.10.04-08.30.14:772][ 21]LogModuleManager: Shutting down and abandoning module ExampleDeviceProfileSelector (78)
[2018.10.04-08.30.14:772][ 21]LogModuleManager: Shutting down and abandoning module LauncherChunkInstaller (76)
[2018.10.04-08.30.14:772][ 21]LogModuleManager: Shutting down and abandoning module OnlineBlueprintSupport (74)
[2018.10.04-08.30.14:772][ 21]LogModuleManager: Shutting down and abandoning module OnlineSubsystem (70)
[2018.10.04-08.30.14:774][ 21]LogModuleManager: Shutting down and abandoning module XMPP (65)
[2018.10.04-08.30.14:774][ 21]LogModuleManager: Shutting down and abandoning module WebSockets (64)
[2018.10.04-08.30.14:787][ 21]LogModuleManager: Shutting down and abandoning module HTTP (61)
[2018.10.04-08.30.14:787][ 21]LogHttp: Display: Http module shutting down, but needs to wait on 1 outstanding Http requests:
[2018.10.04-08.30.14:787][ 21]LogHttp: Display: 	verb=[POST] url=[https://datarouter.ol.epicgames.com/datarouter/api/v1/public/data?SessionID=%7B3B8FA378-4031-03F1-98C7-F6909FD0F703%7D&AppID=UEEditor.Rocket.Release&AppVersion=4.20.3-4369336%2B%2B%2BUE4%2BRelease-4.20&UserID=16dcd2db4cdab8c351ffae903543046c%7Cf9fb3e014f8945c298d4dbee8b89962c%7Cfe7cdd75-788c-4ec1-aacc-ba0f80a8a165&AppEnvironment=datacollector-binary&UploadType=eteventstream] status=Processing
[2018.10.04-08.30.14:803][ 21]LogModuleManager: Shutting down and abandoning module SSL (60)
[2018.10.04-08.30.14:806][ 21]LogModuleManager: Shutting down and abandoning module MagicLeapEmulator (56)
[2018.10.04-08.30.14:806][ 21]LogModuleManager: Shutting down and abandoning module MagicLeapPrivileges (54)
[2018.10.04-08.30.14:806][ 21]LogModuleManager: Shutting down and abandoning module MagicLeapIdentity (52)
[2018.10.04-08.30.14:806][ 21]LogModuleManager: Shutting down and abandoning module MagicLeapHelperVulkan (50)
[2018.10.04-08.30.14:806][ 21]LogModuleManager: Shutting down and abandoning module MagicLeapHelperOpenGL (48)
[2018.10.04-08.30.14:806][ 21]LogModuleManager: Shutting down and abandoning module MagicLeapSecureStorage (46)
[2018.10.04-08.30.14:808][ 21]LogModuleManager: Shutting down and abandoning module MagicLeapGestures (44)
[2018.10.04-08.30.14:808][ 21]LogModuleManager: Shutting down and abandoning module MagicLeapEyeTracker (42)
[2018.10.04-08.30.14:808][ 21]LogModuleManager: Shutting down and abandoning module MagicLeapController (40)
[2018.10.04-08.30.14:808][ 21]LogSlate: Slate User Destroyed.  User Index 0, Is Virtual User: 0
[2018.10.04-08.30.14:808][ 21]LogModuleManager: Shutting down and abandoning module MagicLeap (38)
[2018.10.04-08.30.14:808][ 21]LogModuleManager: Shutting down and abandoning module AnimationModifiers (36)
[2018.10.04-08.30.14:809][ 21]LogModuleManager: Shutting down and abandoning module PropertyEditor (35)
[2018.10.04-08.30.14:809][ 21]LogModuleManager: Shutting down and abandoning module AudioEditor (32)
[2018.10.04-08.30.14:809][ 21]LogModuleManager: Shutting down and abandoning module TextureCompressor (30)
[2018.10.04-08.30.14:809][ 21]LogModuleManager: Shutting down and abandoning module ShaderCore (28)
[2018.10.04-08.30.14:809][ 21]LogModuleManager: Shutting down and abandoning module Landscape (26)
[2018.10.04-08.30.14:809][ 21]LogModuleManager: Shutting down and abandoning module SlateRHIRenderer (24)
[2018.10.04-08.30.14:811][ 21]LogModuleManager: Shutting down and abandoning module OpenGLDrv (22)
[2018.10.04-08.30.14:811][ 21]LogModuleManager: Shutting down and abandoning module D3D11RHI (20)
[2018.10.04-08.30.14:811][ 21]LogModuleManager: Shutting down and abandoning module AnimGraphRuntime (18)
[2018.10.04-08.30.14:811][ 21]LogModuleManager: Shutting down and abandoning module Renderer (16)
[2018.10.04-08.30.14:811][ 21]LogModuleManager: Shutting down and abandoning module Engine (14)
[2018.10.04-08.30.14:812][ 21]LogModuleManager: Shutting down and abandoning module CoreUObject (12)
[2018.10.04-08.30.14:812][ 21]LogModuleManager: Shutting down and abandoning module NetworkFile (10)
[2018.10.04-08.30.14:812][ 21]LogModuleManager: Shutting down and abandoning module CookedIterativeFile (8)
[2018.10.04-08.30.14:812][ 21]LogModuleManager: Shutting down and abandoning module StreamingFile (6)
[2018.10.04-08.30.14:812][ 21]LogModuleManager: Shutting down and abandoning module SandboxFile (4)
[2018.10.04-08.30.14:812][ 21]LogModuleManager: Shutting down and abandoning module PakFile (2)
[2018.10.04-08.30.14:822][ 21]LogExit: Exiting.
[2018.10.04-08.30.14:861][ 21]Log file closed, 10/04/18 10:30:14
