Log file open, 11/19/17 19:24:38
LogWindows: Failed to load 'aqProf.dll' (GetLastError=126)
LogWindows: File 'aqProf.dll' does not exist
LogWindows: Failed to load 'VSPerf140.dll' (GetLastError=126)
LogWindows: File 'VSPerf140.dll' does not exist
LogWindows: Failed to load 'VtuneApi.dll' (GetLastError=126)
LogWindows: File 'VtuneApi.dll' does not exist
LogWindows: Failed to load 'VtuneApi32e.dll' (GetLastError=126)
LogWindows: File 'VtuneApi32e.dll' does not exist
LogInit: Display: Running engine for game: ProjectSushiSlasher
LogPlatformFile: Not using cached read wrapper
LogInit: Display: RandInit(421544630) SRandInit(421544630).
LogInit: Read version file with build ID '3709383'
LogInit: Overriding engine version to CL 3754814, compatible CL 3709383
LogInit: Registered custom module enumerator with build ID '3709383'
LogTaskGraph: Started task graph with 5 named threads and 14 total threads with 3 sets of task threads.
LogStats: Stats thread started at 0.162617
LogD3D11RHI: Aftermath initialized
LogModuleManager: Display: Found up-to-date module file ../../../Engine/Plugins/2D/Paper2D/Binaries/Win64/UE4Editor-Paper2D.dll (API version 3709383).
LogModuleManager: Display: Found up-to-date module file ../../../Engine/Plugins/2D/Paper2D/Binaries/Win64/UE4Editor-Paper2DEditor.dll (API version 3709383).
LogModuleManager: Display: Found up-to-date module file ../../../Engine/Plugins/2D/Paper2D/Binaries/Win64/UE4Editor-PaperSpriteSheetImporter.dll (API version 3709383).
LogModuleManager: Display: Found up-to-date module file ../../../Engine/Plugins/2D/Paper2D/Binaries/Win64/UE4Editor-PaperTiledImporter.dll (API version 3709383).
LogModuleManager: Display: Found up-to-date module file ../../../Engine/Plugins/2D/Paper2D/Binaries/Win64/UE4Editor-SmartSnapping.dll (API version 3709383).
LogModuleManager: Display: Found up-to-date module file ../../../Engine/Plugins/Blendables/LightPropagationVolume/Binaries/Win64/UE4Editor-LightPropagationVolumeRuntime.dll (API version 3709383).
LogModuleManager: Display: Found up-to-date module file ../../../Engine/Plugins/Blendables/LightPropagationVolume/Binaries/Win64/UE4Editor-LightPropagationVolumeEditor.dll (API version 3709383).
LogModuleManager: Display: Found up-to-date module file ../../../Engine/Plugins/Developer/GitSourceControl/Binaries/Win64/UE4Editor-GitSourceControl.dll (API version 3709383).
LogModuleManager: Display: Found up-to-date module file ../../../Engine/Plugins/Developer/PerforceSourceControl/Binaries/Win64/UE4Editor-PerforceSourceControl.dll (API version 3709383).
LogModuleManager: Display: Found up-to-date module file ../../../Engine/Plugins/Developer/SubversionSourceControl/Binaries/Win64/UE4Editor-SubversionSourceControl.dll (API version 3709383).
LogModuleManager: Display: Found up-to-date module file ../../../Engine/Plugins/Developer/UObjectPlugin/Binaries/Win64/UE4Editor-UObjectPlugin.dll (API version 3709383).
LogModuleManager: Display: Found up-to-date module file ../../../Engine/Plugins/Developer/VisualStudioCodeSourceCodeAccess/Binaries/Win64/UE4Editor-VisualStudioCodeSourceCodeAccess.dll (API version 3709383).
LogModuleManager: Display: Found up-to-date module file ../../../Engine/Plugins/Developer/VisualStudioSourceCodeAccess/Binaries/Win64/UE4Editor-VisualStudioSourceCodeAccess.dll (API version 3709383).
LogModuleManager: Display: Found up-to-date module file ../../../Engine/Plugins/Editor/AssetManagerEditor/Binaries/Win64/UE4Editor-AssetManagerEditor.dll (API version 3709383).
LogModuleManager: Display: Found up-to-date module file ../../../Engine/Plugins/Editor/AudioCapture/Binaries/Win64/UE4Editor-AudioCapture.dll (API version 3709383).
LogModuleManager: Display: Found up-to-date module file ../../../Engine/Plugins/Editor/FacialAnimation/Binaries/Win64/UE4Editor-FacialAnimation.dll (API version 3709383).
LogModuleManager: Display: Found up-to-date module file ../../../Engine/Plugins/Editor/FacialAnimation/Binaries/Win64/UE4Editor-FacialAnimationEditor.dll (API version 3709383).
LogModuleManager: Display: Found up-to-date module file ../../../Engine/Plugins/Editor/GameplayTagsEditor/Binaries/Win64/UE4Editor-GameplayTagsEditor.dll (API version 3709383).
LogModuleManager: Display: Found up-to-date module file ../../../Engine/Plugins/Editor/MobileLauncherProfileWizard/Binaries/Win64/UE4Editor-MobileLauncherProfileWizard.dll (API version 3709383).
LogModuleManager: Display: Found up-to-date module file ../../../Engine/Plugins/Editor/PluginBrowser/Binaries/Win64/UE4Editor-PluginBrowser.dll (API version 3709383).
LogModuleManager: Display: Found up-to-date module file ../../../Engine/Plugins/Editor/SpeedTreeImporter/Binaries/Win64/UE4Editor-SpeedTreeImporter.dll (API version 3709383).
LogModuleManager: Display: Found up-to-date module file ../../../Engine/Plugins/Experimental/AlembicImporter/Binaries/Win64/UE4Editor-AlembicImporter.dll (API version 3709383).
LogModuleManager: Display: Found up-to-date module file ../../../Engine/Plugins/Experimental/AlembicImporter/Binaries/Win64/UE4Editor-AlembicLibrary.dll (API version 3709383).
LogModuleManager: Display: Found up-to-date module file ../../../Engine/Plugins/Experimental/CharacterAI/Binaries/Win64/UE4Editor-CharacterAI.dll (API version 3709383).
LogModuleManager: Display: Found up-to-date module file ../../../Engine/Plugins/Experimental/HTML5Networking/Binaries/Win64/UE4Editor-HTML5Networking.dll (API version 3709383).
LogModuleManager: Display: Found up-to-date module file ../../../Engine/Plugins/Media/AndroidMedia/Binaries/Win64/UE4Editor-AndroidMediaEditor.dll (API version 3709383).
LogModuleManager: Display: Found up-to-date module file ../../../Engine/Plugins/Media/AndroidMedia/Binaries/Win64/UE4Editor-AndroidMediaFactory.dll (API version 3709383).
LogModuleManager: Display: Found up-to-date module file ../../../Engine/Plugins/Media/AvfMedia/Binaries/Win64/UE4Editor-AvfMediaEditor.dll (API version 3709383).
LogModuleManager: Display: Found up-to-date module file ../../../Engine/Plugins/Media/AvfMedia/Binaries/Win64/UE4Editor-AvfMediaFactory.dll (API version 3709383).
LogModuleManager: Display: Found up-to-date module file ../../../Engine/Plugins/Media/AvfMedia/Binaries/Win64/UE4Editor-AvfMediaFactory.dll (API version 3709383).
LogModuleManager: Display: Found up-to-date module file ../../../Engine/Plugins/Media/ImgMedia/Binaries/Win64/UE4Editor-ImgMedia.dll (API version 3709383).
LogModuleManager: Display: Found up-to-date module file ../../../Engine/Plugins/Media/ImgMedia/Binaries/Win64/UE4Editor-ImgMediaEditor.dll (API version 3709383).
LogModuleManager: Display: Found up-to-date module file ../../../Engine/Plugins/Media/ImgMedia/Binaries/Win64/UE4Editor-ImgMediaFactory.dll (API version 3709383).
LogModuleManager: Display: Found up-to-date module file ../../../Engine/Plugins/Media/ImgMedia/Binaries/Win64/UE4Editor-ImgMediaFactory.dll (API version 3709383).
LogModuleManager: Display: Found up-to-date module file ../../../Engine/Plugins/Media/ImgMedia/Binaries/Win64/UE4Editor-OpenExrWrapper.dll (API version 3709383).
LogModuleManager: Display: Found up-to-date module file ../../../Engine/Plugins/Media/MediaCompositing/Binaries/Win64/UE4Editor-MediaCompositing.dll (API version 3709383).
LogModuleManager: Display: Found up-to-date module file ../../../Engine/Plugins/Media/MediaCompositing/Binaries/Win64/UE4Editor-MediaCompositingEditor.dll (API version 3709383).
LogModuleManager: Display: Found up-to-date module file ../../../Engine/Plugins/Media/MediaPlayerEditor/Binaries/Win64/UE4Editor-MediaPlayerEditor.dll (API version 3709383).
LogModuleManager: Display: Found up-to-date module file ../../../Engine/Plugins/Media/WmfMedia/Binaries/Win64/UE4Editor-WmfMedia.dll (API version 3709383).
LogModuleManager: Display: Found up-to-date module file ../../../Engine/Plugins/Media/WmfMedia/Binaries/Win64/UE4Editor-WmfMediaEditor.dll (API version 3709383).
LogModuleManager: Display: Found up-to-date module file ../../../Engine/Plugins/Media/WmfMedia/Binaries/Win64/UE4Editor-WmfMediaFactory.dll (API version 3709383).
LogModuleManager: Display: Found up-to-date module file ../../../Engine/Plugins/Media/WmfMedia/Binaries/Win64/UE4Editor-WmfMediaFactory.dll (API version 3709383).
LogModuleManager: Display: Found up-to-date module file ../../../Engine/Plugins/Messaging/TcpMessaging/Binaries/Win64/UE4Editor-TcpMessaging.dll (API version 3709383).
LogModuleManager: Display: Found up-to-date module file ../../../Engine/Plugins/Messaging/UdpMessaging/Binaries/Win64/UE4Editor-UdpMessaging.dll (API version 3709383).
LogModuleManager: Display: Found up-to-date module file ../../../Engine/Plugins/MovieScene/ActorSequence/Binaries/Win64/UE4Editor-ActorSequence.dll (API version 3709383).
LogModuleManager: Display: Found up-to-date module file ../../../Engine/Plugins/MovieScene/LevelSequenceEditor/Binaries/Win64/UE4Editor-LevelSequenceEditor.dll (API version 3709383).
LogModuleManager: Display: Found up-to-date module file ../../../Engine/Plugins/MovieScene/MatineeToLevelSequence/Binaries/Win64/UE4Editor-MatineeToLevelSequence.dll (API version 3709383).
LogModuleManager: Display: Found up-to-date module file ../../../Engine/Plugins/Online/OnlineSubsystem/Binaries/Win64/UE4Editor-OnlineSubsystem.dll (API version 3709383).
LogModuleManager: Display: Found up-to-date module file ../../../Engine/Plugins/Runtime/AndroidPermission/Binaries/Win64/UE4Editor-AndroidPermission.dll (API version 3709383).
LogModuleManager: Display: Found up-to-date module file ../../../Engine/Plugins/Online/OnlineSubsystemNull/Binaries/Win64/UE4Editor-OnlineSubsystemNull.dll (API version 3709383).
LogModuleManager: Display: Found up-to-date module file ../../../Engine/Plugins/Online/OnlineSubsystemUtils/Binaries/Win64/UE4Editor-OnlineSubsystemUtils.dll (API version 3709383).
LogModuleManager: Display: Found up-to-date module file ../../../Engine/Plugins/Online/OnlineSubsystemUtils/Binaries/Win64/UE4Editor-OnlineBlueprintSupport.dll (API version 3709383).
LogModuleManager: Display: Found up-to-date module file ../../../Engine/Plugins/Runtime/AndroidDeviceProfileSelector/Binaries/Win64/UE4Editor-AndroidDeviceProfileSelector.dll (API version 3709383).
LogModuleManager: Display: Found up-to-date module file ../../../Engine/Plugins/Runtime/AppleARKit/Binaries/Win64/UE4Editor-AppleARKit.dll (API version 3709383).
LogModuleManager: Display: Found up-to-date module file ../../../Engine/Plugins/Runtime/ArchVisCharacter/Binaries/Win64/UE4Editor-ArchVisCharacter.dll (API version 3709383).
LogModuleManager: Display: Found up-to-date module file ../../../Engine/Plugins/Runtime/CableComponent/Binaries/Win64/UE4Editor-CableComponent.dll (API version 3709383).
LogModuleManager: Display: Found up-to-date module file ../../../Engine/Plugins/Runtime/CustomMeshComponent/Binaries/Win64/UE4Editor-CustomMeshComponent.dll (API version 3709383).
LogModuleManager: Display: Found up-to-date module file ../../../Engine/Plugins/Runtime/ExampleDeviceProfileSelector/Binaries/Win64/UE4Editor-ExampleDeviceProfileSelector.dll (API version 3709383).
LogModuleManager: Display: Found up-to-date module file ../../../Engine/Plugins/Runtime/ImmediatePhysics/Binaries/Win64/UE4Editor-ImmediatePhysics.dll (API version 3709383).
LogModuleManager: Display: Found up-to-date module file ../../../Engine/Plugins/Runtime/ImmediatePhysics/Binaries/Win64/UE4Editor-ImmediatePhysicsEditor.dll (API version 3709383).
LogModuleManager: Display: Found up-to-date module file ../../../Engine/Plugins/Runtime/LocationServicesBPLibrary/Binaries/Win64/UE4Editor-LocationServicesBPLibrary.dll (API version 3709383).
LogModuleManager: Display: Found up-to-date module file ../../../Engine/Plugins/Runtime/MobilePatchingUtils/Binaries/Win64/UE4Editor-MobilePatchingUtils.dll (API version 3709383).
LogModuleManager: Display: Found up-to-date module file ../../../Engine/Plugins/Runtime/Oculus/OculusVR/Binaries/Win64/UE4Editor-OculusHMD.dll (API version 3709383).
LogModuleManager: Display: Found up-to-date module file ../../../Engine/Plugins/Runtime/Oculus/OculusVR/Binaries/Win64/UE4Editor-OculusInput.dll (API version 3709383).
LogModuleManager: Display: Found up-to-date module file ../../../Engine/Plugins/Runtime/Oculus/OculusVR/Binaries/Win64/UE4Editor-OculusEditor.dll (API version 3709383).
LogModuleManager: Display: Found up-to-date module file ../../../Engine/Plugins/Runtime/PhysXVehicles/Binaries/Win64/UE4Editor-PhysXVehicles.dll (API version 3709383).
LogModuleManager: Display: Found up-to-date module file ../../../Engine/Plugins/Runtime/PhysXVehicles/Binaries/Win64/UE4Editor-PhysXVehiclesEditor.dll (API version 3709383).
LogModuleManager: Display: Found up-to-date module file ../../../Engine/Plugins/Runtime/ProceduralMeshComponent/Binaries/Win64/UE4Editor-ProceduralMeshComponent.dll (API version 3709383).
LogModuleManager: Display: Found up-to-date module file ../../../Engine/Plugins/Runtime/ProceduralMeshComponent/Binaries/Win64/UE4Editor-ProceduralMeshComponentEditor.dll (API version 3709383).
LogModuleManager: Display: Found up-to-date module file ../../../Engine/Plugins/Runtime/RuntimePhysXCooking/Binaries/Win64/UE4Editor-RuntimePhysXCooking.dll (API version 3709383).
LogModuleManager: Display: Found up-to-date module file ../../../Engine/Plugins/Runtime/Steam/SteamVR/Binaries/Win64/UE4Editor-SteamVR.dll (API version 3709383).
LogModuleManager: Display: Found up-to-date module file ../../../Engine/Plugins/Runtime/Steam/SteamVR/Binaries/Win64/UE4Editor-SteamVRController.dll (API version 3709383).
LogModuleManager: Display: Found up-to-date module file ../../../Engine/Plugins/Runtime/WindowsMoviePlayer/Binaries/Win64/UE4Editor-WindowsMoviePlayer.dll (API version 3709383).
LogPluginManager: Mounting plugin Paper2D
LogPluginManager: Mounting plugin LightPropagationVolume
LogPluginManager: Mounting plugin CodeLiteSourceCodeAccess
LogPluginManager: Mounting plugin GitSourceControl
LogPluginManager: Mounting plugin KDevelopSourceCodeAccess
LogPluginManager: Mounting plugin NullSourceCodeAccess
LogPluginManager: Mounting plugin PerforceSourceControl
LogPluginManager: Mounting plugin SubversionSourceControl
LogPluginManager: Mounting plugin UObjectPlugin
LogPluginManager: Mounting plugin VisualStudioCodeSourceCodeAccess
LogPluginManager: Mounting plugin VisualStudioSourceCodeAccess
LogPluginManager: Mounting plugin XCodeSourceCodeAccess
LogPluginManager: Mounting plugin AssetManagerEditor
LogPluginManager: Mounting plugin AudioCapture
LogPluginManager: Mounting plugin FacialAnimation
LogPluginManager: Mounting plugin GameplayTagsEditor
LogPluginManager: Mounting plugin MobileLauncherProfileWizard
LogPluginManager: Mounting plugin PluginBrowser
LogPluginManager: Mounting plugin SpeedTreeImporter
LogPluginManager: Mounting plugin AlembicImporter
LogPluginManager: Mounting plugin CharacterAI
LogPluginManager: Mounting plugin HTML5Networking
LogPluginManager: Mounting plugin AndroidMedia
LogPluginManager: Mounting plugin AvfMedia
LogPluginManager: Mounting plugin ImgMedia
LogPluginManager: Mounting plugin MediaCompositing
LogPluginManager: Mounting plugin MediaPlayerEditor
LogPluginManager: Mounting plugin WmfMedia
LogPluginManager: Mounting plugin TcpMessaging
LogPluginManager: Mounting plugin UdpMessaging
LogPluginManager: Mounting plugin ActorSequence
LogPluginManager: Mounting plugin LevelSequenceEditor
LogPluginManager: Mounting plugin MatineeToLevelSequence
LogPluginManager: Mounting plugin OnlineSubsystemGooglePlay
LogPluginManager: Mounting plugin OnlineSubsystemIOS
LogPluginManager: Mounting plugin OnlineSubsystem
LogPluginManager: Mounting plugin OnlineSubsystemNull
LogPluginManager: Mounting plugin OnlineSubsystemUtils
LogPluginManager: Mounting plugin AndroidDeviceProfileSelector
LogPluginManager: Mounting plugin AndroidMoviePlayer
LogPluginManager: Mounting plugin AndroidPermission
LogPluginManager: Mounting plugin AppleARKit
LogPluginManager: Mounting plugin AppleMoviePlayer
LogPluginManager: Mounting plugin ArchVisCharacter
LogPluginManager: Mounting plugin CableComponent
LogPluginManager: Mounting plugin CustomMeshComponent
LogPluginManager: Mounting plugin ExampleDeviceProfileSelector
LogPluginManager: Mounting plugin GoogleCloudMessaging
LogPluginManager: Mounting plugin ImmediatePhysics
LogPluginManager: Mounting plugin IOSDeviceProfileSelector
LogPluginManager: Mounting plugin LinuxDeviceProfileSelector
LogPluginManager: Mounting plugin LocationServicesBPLibrary
LogPluginManager: Mounting plugin MobilePatchingUtils
LogPluginManager: Mounting plugin OculusVR
LogPluginManager: Plugin shader directory ../../../Engine/Plugins/Runtime/Oculus/OculusVR/Shaders found
LogPluginManager: Mapping shader source directory ../../../Engine/Plugins/Runtime/Oculus/OculusVR/Shaders to virtual directory /Plugin/OculusVR
LogPluginManager: Mounting plugin PhysXVehicles
LogPluginManager: Mounting plugin ProceduralMeshComponent
LogPluginManager: Mounting plugin RuntimePhysXCooking
LogPluginManager: Mounting plugin SteamVR
LogPluginManager: Mounting plugin WindowsMoviePlayer
LogInit: Using libcurl 7.47.1
LogInit:  - built for x86_64-pc-win32
LogInit:  - supports SSL with OpenSSL/1.0.2g
LogInit:  - supports HTTP deflate (compression) using libz 1.2.8
LogInit:  - other features:
LogInit:      CURL_VERSION_SSL
LogInit:      CURL_VERSION_LIBZ
LogInit:      CURL_VERSION_IPV6
LogInit:      CURL_VERSION_ASYNCHDNS
LogInit:      CURL_VERSION_LARGEFILE
LogInit:      CURL_VERSION_IDN
LogInit:  CurlRequestOptions (configurable via config and command line):
LogInit:  - bVerifyPeer = false  - Libcurl will NOT verify peer certificate
LogInit:  - bUseHttpProxy = false  - Libcurl will NOT use HTTP proxy
LogInit:  - bDontReuseConnections = false  - Libcurl will reuse connections
LogInit:  - CertBundlePath = nullptr  - Libcurl will use whatever was configured at build time.
LogInit: Build: ++UE4+Release-4.18-CL-3754814
LogInit: Engine Version: 4.18.1-3754814+++UE4+Release-4.18
LogInit: Compatible Engine Version: 4.18.0-3709383+++UE4+Release-4.18
LogInit: Net CL: 3709383
LogDevObjectVersion: Number of dev versions registered: 16
LogDevObjectVersion:   Dev-Blueprints (B0D832E4-1F89-4F0D-ACCF-7EB736FD4AA2): 10
LogDevObjectVersion:   Dev-Build (E1C64328-A22C-4D53-A36C-8E866417BD8C): 0
LogDevObjectVersion:   Dev-Core (375EC13C-06E4-48FB-B500-84F0262A717E): 2
LogDevObjectVersion:   Dev-Editor (E4B068ED-F494-42E9-A231-DA0B2E46BB41): 20
LogDevObjectVersion:   Dev-Framework (CFFC743F-43B0-4480-9391-14DF171D2073): 30
LogDevObjectVersion:   Dev-Mobile (B02B49B5-BB20-44E9-A304-32B752E40360): 0
LogDevObjectVersion:   Dev-Networking (A4E4105C-59A1-49B5-A7C5-40C4547EDFEE): 0
LogDevObjectVersion:   Dev-Online (39C831C9-5AE6-47DC-9A44-9C173E1C8E7C): 0
LogDevObjectVersion:   Dev-Physics (78F01B33-EBEA-4F98-B9B4-84EACCB95AA2): 0
LogDevObjectVersion:   Dev-Platform (6631380F-2D4D-43E0-8009-CF276956A95A): 0
LogDevObjectVersion:   Dev-Rendering (12F88B9F-8875-4AFC-A67C-D90C383ABD29): 20
LogDevObjectVersion:   Dev-Sequencer (7B5AE74C-D270-4C10-A958-57980B212A5A): 4
LogDevObjectVersion:   Dev-VR (D7296918-1DD6-4BDD-9DE2-64A83CC13884): 0
LogDevObjectVersion:   Dev-LoadTimes (C2A15278-BFE7-4AFE-6C17-90FF531DF755): 1
LogDevObjectVersion:   Private-Geometry (6EACA3D4-40EC-4CC1-B786-8BED09428FC5): 1
LogDevObjectVersion:   Dev-AnimPhys (29E575DD-E0A3-4627-9D10-D276232CDCEA): 12
LogInit: Compiled (64-bit): Nov 14 2017 02:05:55
LogInit: Compiled with Visual C++: 19.00.24215.01
LogInit: Build Configuration: Development
LogInit: Branch Name: ++UE4+Release-4.18
LogInit: Command line:  
LogInit: Base directory: C:/Program Files/Epic Games/UE_4.18/Engine/Binaries/Win64/
LogInit: Installed Engine Build: 1
LogInit: Presizing for max 8388607 objects, including 0 objects not considered by GC, pre-allocating 0 bytes for permanent pool.
LogInit: Object subsystem initialized
[2017.11.19-17.24.40:449][  0]LogInit: Selected Device Profile: [Windows]
[2017.11.19-17.24.40:449][  0]LogInit: Applying CVar settings loaded from the selected device profile: [Windows]
[2017.11.19-17.24.40:456][  0]LogInit: Computer: MANIF3ST
[2017.11.19-17.24.40:456][  0]LogInit: User: manif3st
[2017.11.19-17.24.40:456][  0]LogInit: CPU Page size=4096, Cores=4
[2017.11.19-17.24.40:456][  0]LogInit: High frequency timer resolution =3.320307 MHz
[2017.11.19-17.24.40:456][  0]LogMemory: Memory total: Physical=11.9GB (12GB approx)
[2017.11.19-17.24.40:456][  0]LogMemory: Platform Memory Stats for Windows
[2017.11.19-17.24.40:457][  0]LogMemory: Process Physical Memory: 272.39 MB used, 272.39 MB peak
[2017.11.19-17.24.40:457][  0]LogMemory: Process Virtual Memory: 271.83 MB used, 271.83 MB peak
[2017.11.19-17.24.40:457][  0]LogMemory: Physical Memory: 5604.49 MB used,  6571.27 MB free, 12175.76 MB total
[2017.11.19-17.24.40:457][  0]LogMemory: Virtual Memory: 631.15 MB used,  6571.27 MB free, 134217728.00 MB total
[2017.11.19-17.24.40:582][  0]LogInit: Using OS detected language (en-US).
[2017.11.19-17.24.40:582][  0]LogInit: Using OS detected locale (en-ZA).
[2017.11.19-17.24.40:585][  0]LogTextLocalizationManager: No specific localization for 'en-US' exists, so the 'en' localization will be used.
[2017.11.19-17.24.40:911][  0]LogInit: Setting process to per monitor DPI aware
[2017.11.19-17.24.41:171][  0]LogD3D11RHI: D3D11 adapters:
[2017.11.19-17.24.41:216][  0]LogD3D11RHI:    0. 'NVIDIA GeForce GTX 770' (Feature Level 11_0)
[2017.11.19-17.24.41:216][  0]LogD3D11RHI:       2017/0/6087 MB DedicatedVideo/DedicatedSystem/SharedSystem, Outputs:2, VendorId:0x10de
[2017.11.19-17.24.41:221][  0]LogD3D11RHI:    1. 'Intel(R) HD Graphics 4600' (Feature Level 11_0)
[2017.11.19-17.24.41:221][  0]LogD3D11RHI:       112/0/2048 MB DedicatedVideo/DedicatedSystem/SharedSystem, Outputs:1, VendorId:0x8086
[2017.11.19-17.24.41:222][  0]LogD3D11RHI:    2. 'Microsoft Basic Render Driver' (Feature Level 11_0)
[2017.11.19-17.24.41:222][  0]LogD3D11RHI:       0/0/6087 MB DedicatedVideo/DedicatedSystem/SharedSystem, Outputs:0, VendorId:0x1414
[2017.11.19-17.24.41:222][  0]LogD3D11RHI: Chosen D3D11 Adapter: 0
[2017.11.19-17.24.41:225][  0]LogD3D11RHI: Creating new Direct3DDevice
[2017.11.19-17.24.41:225][  0]LogD3D11RHI:     GPU DeviceId: 0x1184 (for the marketing name, search the web for "GPU Device Id")
[2017.11.19-17.24.41:225][  0]LogWindows: EnumDisplayDevices:
[2017.11.19-17.24.41:225][  0]LogWindows:    0. 'NVIDIA GeForce GTX 770' (P:0 D:1)
[2017.11.19-17.24.41:225][  0]LogWindows:    1. 'NVIDIA GeForce GTX 770' (P:1 D:1)
[2017.11.19-17.24.41:226][  0]LogWindows:    2. 'NVIDIA GeForce GTX 770' (P:0 D:0)
[2017.11.19-17.24.41:226][  0]LogWindows:    3. 'NVIDIA GeForce GTX 770' (P:0 D:0)
[2017.11.19-17.24.41:226][  0]LogWindows:    4. 'Intel(R) HD Graphics 4600' (P:0 D:1)
[2017.11.19-17.24.41:226][  0]LogWindows:    5. 'Intel(R) HD Graphics 4600' (P:0 D:0)
[2017.11.19-17.24.41:226][  0]LogWindows:    6. 'Intel(R) HD Graphics 4600' (P:0 D:0)
[2017.11.19-17.24.41:226][  0]LogWindows: DebugString: PrimaryIsNotTheChoosenAdapter PrimaryIsNotTheChoosenAdapter PrimaryIsNotTheChoosenAdapter FoundDriverCount:4 
[2017.11.19-17.24.41:226][  0]LogD3D11RHI:     Adapter Name: NVIDIA GeForce GTX 770
[2017.11.19-17.24.41:226][  0]LogD3D11RHI:   Driver Version: 388.13 (internal:23.21.13.8813, unified:388.13)
[2017.11.19-17.24.41:226][  0]LogD3D11RHI:      Driver Date: 10-27-2017
[2017.11.19-17.24.41:226][  0]LogRHI: Texture pool is 1412 MB (70% of 2017 MB)
[2017.11.19-17.24.41:252][  0]LogD3D11RHI: Async texture creation enabled
[2017.11.19-17.24.41:285][  0]LogD3D11RHI: GPU Timing Frequency: 1000.000000 (Debug: 2 2)
[2017.11.19-17.24.41:288][  0]LogShaderCompilers: Guid format shader working directory is 6 characters bigger than the processId version (E:/Work/Unreal Projects/ProjectSushiSlasher/Intermediate/Shaders/WorkingDirectory/8096/).
[2017.11.19-17.24.41:289][  0]LogShaderCompilers: Cleaned the shader compiler working directory 'C:/Users/manif3st/AppData/Local/Temp/UnrealShaderWorkingDir/CB115541423D0B0A506A4EB806F54AAA/'.
[2017.11.19-17.24.41:289][  0]LogShaderCompilers: Display: Using Local Shader Compiler.
[2017.11.19-17.24.42:147][  0]LogTemp: Display: Loaded TP AllDesktopTargetPlatform
[2017.11.19-17.24.42:197][  0]LogTemp: Display: Loaded TP MacClientTargetPlatform
[2017.11.19-17.24.42:247][  0]LogTemp: Display: Loaded TP MacNoEditorTargetPlatform
[2017.11.19-17.24.42:296][  0]LogTemp: Display: Loaded TP MacServerTargetPlatform
[2017.11.19-17.24.42:346][  0]LogTemp: Display: Loaded TP MacTargetPlatform
[2017.11.19-17.24.42:395][  0]LogTemp: Display: Loaded TP WindowsClientTargetPlatform
[2017.11.19-17.24.42:444][  0]LogTemp: Display: Loaded TP WindowsNoEditorTargetPlatform
[2017.11.19-17.24.42:493][  0]LogTemp: Display: Loaded TP WindowsServerTargetPlatform
[2017.11.19-17.24.42:537][  0]LogTemp: Display: Loaded TP WindowsTargetPlatform
[2017.11.19-17.24.42:585][  0]LogTemp: Display: Loaded TP Android_ASTCTargetPlatform
[2017.11.19-17.24.42:634][  0]LogTemp: Display: Loaded TP Android_ATCTargetPlatform
[2017.11.19-17.24.42:683][  0]LogTemp: Display: Loaded TP Android_DXTTargetPlatform
[2017.11.19-17.24.42:733][  0]LogTemp: Display: Loaded TP Android_ETC1TargetPlatform
[2017.11.19-17.24.42:780][  0]LogTemp: Display: Loaded TP Android_ETC2TargetPlatform
[2017.11.19-17.24.42:880][  0]LogTemp: Display: Loaded TP Android_MultiTargetPlatform
[2017.11.19-17.24.42:880][  0]LogTemp: Display: Loaded TP Android_PVRTCTargetPlatform
[2017.11.19-17.24.42:930][  0]LogTemp: Display: Loaded TP AndroidTargetPlatform
[2017.11.19-17.24.42:969][  0]LogTemp: Display: Loaded TP HTML5TargetPlatform
[2017.11.19-17.24.43:054][  0]LogTemp: Display: Loaded TP IOSTargetPlatform
[2017.11.19-17.24.43:077][  0]LogTemp: Display: Loaded TP TVOSTargetPlatform
[2017.11.19-17.24.43:125][  0]LogTemp: Display: Loaded TP LinuxClientTargetPlatform
[2017.11.19-17.24.43:173][  0]LogTemp: Display: Loaded TP LinuxNoEditorTargetPlatform
[2017.11.19-17.24.43:222][  0]LogTemp: Display: Loaded TP LinuxServerTargetPlatform
[2017.11.19-17.24.43:271][  0]LogTemp: Display: Loaded TP LinuxTargetPlatform
[2017.11.19-17.24.43:271][  0]LogTargetPlatformManager: Display: Building Assets For Windows
[2017.11.19-17.24.43:708][  0]LogDerivedDataCache: Display: Max Cache Size: 512 MB
[2017.11.19-17.24.43:773][  0]LogDerivedDataCache: Loaded boot cache 0.06s 80MB C:/Users/manif3st/AppData/Local/UnrealEngine/4.18/DerivedDataCache/Boot.ddc.
[2017.11.19-17.24.43:773][  0]LogDerivedDataCache: Display: Loaded Boot cache: C:/Users/manif3st/AppData/Local/UnrealEngine/4.18/DerivedDataCache/Boot.ddc
[2017.11.19-17.24.43:773][  0]LogDerivedDataCache: FDerivedDataBackendGraph:  Pak pak cache file E:/Work/Unreal Projects/ProjectSushiSlasher/DerivedDataCache/DDC.ddp not found, will not use a pak cache.
[2017.11.19-17.24.43:773][  0]LogDerivedDataCache: Unable to find inner node Pak for hierarchical cache Hierarchy.
[2017.11.19-17.24.43:773][  0]LogDerivedDataCache: FDerivedDataBackendGraph:  CompressedPak pak cache file E:/Work/Unreal Projects/ProjectSushiSlasher/DerivedDataCache/Compressed.ddp not found, will not use a pak cache.
[2017.11.19-17.24.43:773][  0]LogDerivedDataCache: Unable to find inner node CompressedPak for hierarchical cache Hierarchy.
[2017.11.19-17.24.43:787][  0]LogDerivedDataCache: Display: Pak cache opened for reading ../../../Engine/DerivedDataCache/Compressed.ddp.
[2017.11.19-17.24.43:799][  0]LogDerivedDataCache: Using Local data cache path C:/Users/manif3st/AppData/Local/UnrealEngine/Common/DerivedDataCache: Writable
[2017.11.19-17.24.43:807][  0]LogMaterial: Verifying Global Shaders for PCD3D_SM5
[2017.11.19-17.24.43:808][  0]LogSlate: Using Freetype 2.6.0
[2017.11.19-17.24.43:809][  0]LogSlate: SlateFontCache - WITH_FREETYPE: 1, WITH_HARFBUZZ: 1
[2017.11.19-17.24.43:809][  0]LogSlate: SlateFontCache - WITH_FREETYPE: 1, WITH_HARFBUZZ: 1
[2017.11.19-17.24.44:133][  0]LogInit: Selected Device Profile: [Windows]
[2017.11.19-17.24.44:443][  0]LogSimplygon: Simplygon DLL not present - disabling.
[2017.11.19-17.24.44:484][  0]LogMeshReduction: Using SimplygonSwarm for distributed automatic mesh merging
[2017.11.19-17.24.44:484][  0]LogMeshReduction: Using QuadricMeshReduction for automatic static mesh reduction
[2017.11.19-17.24.44:484][  0]LogMeshReduction: No automatic skeletal mesh reduction module available
[2017.11.19-17.24.44:484][  0]LogMeshReduction: No automatic mesh merging module available
[2017.11.19-17.24.44:484][  0]LogMeshMerging: No automatic mesh merging module available
[2017.11.19-17.24.44:519][  0]LogNetVersion: ProjectSushiSlasher , NetCL: 3709383, EngineNetVer: 2, GameNetVer: 0 (Checksum: 1048320748)
[2017.11.19-17.24.44:672][  0]LogAssetRegistry: FAssetRegistry took 0.0249 seconds to start up
[2017.11.19-17.24.45:111][  0]LogPackageLocalizationCache: Processed 7 localized package path(s) for 2 prioritized culture(s) in 0.043640 seconds
[2017.11.19-17.24.45:116][  0]LogUObjectArray: 35900 objects as part of root set at end of initial load.
[2017.11.19-17.24.45:116][  0]LogUObjectAllocator: 7372016 out of 0 bytes used by permanent object pool.
[2017.11.19-17.24.45:116][  0]LogUObjectArray: CloseDisregardForGC: 0/0 objects in disregard for GC pool
[2017.11.19-17.24.45:162][  0]LogInit: WinSock: version 1.1 (2.2), MaxSocks=32767, MaxUdp=65467
[2017.11.19-17.24.47:781][  0]LogTcpMessaging: Initializing TcpMessaging bridge
[2017.11.19-17.24.47:825][  0]LogUdpMessaging: Initializing bridge on interface 0.0.0.0:0 to multicast group 230.0.0.1:6666.
[2017.11.19-17.24.48:517][  0]LogMaterial: Uniform references updated for custom material expression Custom.
[2017.11.19-17.24.48:939][  0]SourceControl: Source control is disabled
[2017.11.19-17.24.48:939][  0]SourceControl: Source control is disabled
[2017.11.19-17.24.48:996][  0]SourceControl: Source control is disabled
[2017.11.19-17.24.49:052][  0]SourceControl: Source control is disabled
[2017.11.19-17.24.49:910][  0]LogAndroidPermission: UAndroidPermissionCallbackProxy::GetInstance
[2017.11.19-17.24.50:195][  0]LogOcInput: OculusInput pre-init called
[2017.11.19-17.24.50:482][  0]LogEngine: Initializing Engine...
[2017.11.19-17.24.50:484][  0]LogHMD: Failed to initialize OpenVR with code 110
[2017.11.19-17.24.50:695][  0]LogStats: UGameplayTagsManager::ConstructGameplayTagTree: Construct from data asset -  0.000 s
[2017.11.19-17.24.50:695][  0]LogStats: UGameplayTagsManager::ConstructGameplayTagTree: GameplayTagTreeChangedEvent.Broadcast -  0.000 s
[2017.11.19-17.24.50:825][  0]LogAIModule: Creating AISystem for world Untitled
[2017.11.19-17.24.50:835][  0]LogInit: XAudio2 using 'Speakers (Realtek High Definition Audio)' : 2 channels at 48 kHz using 32 bits per sample (channel mask 0x3)
[2017.11.19-17.24.50:848][  0]LogInit: FAudioDevice initialized.
[2017.11.19-17.24.50:985][  0]LogDerivedDataCache: Saved boot cache 0.14s 78MB C:/Users/manif3st/AppData/Local/UnrealEngine/4.18/DerivedDataCache/Boot.ddc.
[2017.11.19-17.24.50:995][  0]LogInit: Texture streaming: Enabled
[2017.11.19-17.24.51:082][  0]LogEngineSessionManager: EngineSessionManager initialized
[2017.11.19-17.24.51:207][  0]LogInit: Transaction tracking system initialized
[2017.11.19-17.24.51:512][  0]BlueprintLog: New page: Editor Load
[2017.11.19-17.24.52:367][  0]LocalizationService: Localization service is disabled
[2017.11.19-17.24.53:088][  0]LogConsoleResponse: Display: 
[2017.11.19-17.24.53:250][  0]LogCook: Display: Max memory allowance for cook 16384mb min free memory 0mb
[2017.11.19-17.24.53:250][  0]LogCook: Display: Mobile HDR setting 1
[2017.11.19-17.24.53:250][  0]LogGameplayTags: Display: UGameplayTagsManager::DoneAddingNativeTags. DelegateIsBound: 0
[2017.11.19-17.24.53:948][  0]LogFileCache: Scanning file cache for directory 'E:/Work/Unreal Projects/ProjectSushiSlasher/Content/' took 0.01s
[2017.11.19-17.24.54:468][  0]SourceControl: Source control is disabled
[2017.11.19-17.24.54:468][  0]Cmd: MAP LOAD FILE="E:/Work/Unreal Projects/ProjectSushiSlasher/Content/SideScrollerBP/Maps/SideScrollerExampleMap.umap" TEMPLATE=0 SHOWPROGRESS=1 FEATURELEVEL=3
[2017.11.19-17.24.54:468][  0]LogEditorServer: Warning: Can't find file 'E:/Work/Unreal Projects/ProjectSushiSlasher/Content/SideScrollerBP/Maps/SideScrollerExampleMap.umap'
[2017.11.19-17.24.54:468][  0]Cmd: MAP CHECKDEP NOCLEARLOG
[2017.11.19-17.24.54:541][  0]MapCheck: Map check complete: 0 Error(s), 0 Warning(s), took 73,463ms to complete.
[2017.11.19-17.24.54:541][  0]LogFileHelpers: Loading map 'SideScrollerExampleMap' took 0.074
[2017.11.19-17.24.54:609][  0]LogWindowsTextInputMethodSystem: Display: IME system now deactivated.
[2017.11.19-17.24.54:679][  0]LogCollectionManager: Loaded 0 collections in 0.001784 seconds
[2017.11.19-17.24.54:762][  0]LogFileCache: Scanning file cache for directory 'E:/Work/Unreal Projects/ProjectSushiSlasher/Saved/Collections/' took 0.01s
[2017.11.19-17.24.54:762][  0]LogFileCache: Scanning file cache for directory 'E:/Work/Unreal Projects/ProjectSushiSlasher/Content/Developers/manif3st/Collections/' took 0.01s
[2017.11.19-17.24.54:762][  0]LogFileCache: Scanning file cache for directory 'E:/Work/Unreal Projects/ProjectSushiSlasher/Content/Collections/' took 0.01s
[2017.11.19-17.24.54:762][  0]LogCollectionManager: Rebuilt the GUID cache for 0 collections in 0.000000 seconds
[2017.11.19-17.24.54:769][  0]LogContentBrowser: Native class hierarchy populated in 0.0068 seconds. Added 2363 classes and 519 folders.
[2017.11.19-17.24.54:830][  0]LogContentBrowser: Native class hierarchy updated for 'WidgetCarousel' in 0.0003 seconds. Added 0 classes and 0 folders.
[2017.11.19-17.24.54:876][  0]LogContentBrowser: Native class hierarchy updated for 'AddContentDialog' in 0.0002 seconds. Added 0 classes and 0 folders.
[2017.11.19-17.24.54:918][  0]LogContentBrowser: Native class hierarchy updated for 'SceneOutliner' in 0.0002 seconds. Added 1 classes and 2 folders.
[2017.11.19-17.24.54:966][  0]LogSlate: Took 0.000274 seconds to synchronously load lazily loaded font '../../../Engine/Content/Slate/Fonts/Roboto-Regular.ttf' (155K)
[2017.11.19-17.24.54:967][  0]LogSlate: Took 0.000242 seconds to synchronously load lazily loaded font '../../../Engine/Content/Slate/Fonts/Roboto-Bold.ttf' (160K)
[2017.11.19-17.24.54:972][  0]LogSlate: Took 0.000265 seconds to synchronously load lazily loaded font '../../../Engine/Content/Editor/Slate/Fonts/FontAwesome.ttf' (139K)
[2017.11.19-17.24.55:055][  0]LogRenderer: Reallocating scene render targets to support 1052x556 Format 10 NumSamples 1 (Frame:1).
[2017.11.19-17.24.55:227][  0]LogContentBrowser: Native class hierarchy updated for 'HierarchicalLODOutliner' in 0.0002 seconds. Added 1 classes and 2 folders.
[2017.11.19-17.24.55:227][  0]LogLoad: (Engine Initialization) Total time: 17.20 seconds
[2017.11.19-17.24.55:227][  0]LogLoad: (Engine Initialization) Total Blueprint compile time: 0.00 seconds
[2017.11.19-17.24.55:227][  0]LogExternalProfiler: No external profilers were discovered.  External profiling features will not be available.
[2017.11.19-17.24.55:250][  0]LogAssetRegistry: Asset discovery search completed in 10.5995 seconds
[2017.11.19-17.24.55:251][  0]LogCollectionManager: Rebuilt the object cache for 0 collections in 0.000000 seconds (found 0 objects)
[2017.11.19-17.24.55:251][  0]LogCollectionManager: Fixed up redirectors for 0 collections in 0.000046 seconds (updated 0 objects)
[2017.11.19-17.24.55:254][  0]LogContentStreaming: Texture pool size now 1000 MB
[2017.11.19-17.24.55:285][  0]LogSlate: Took 0.000316 seconds to synchronously load lazily loaded font '../../../Engine/Content/Slate/Fonts/Roboto-Light.ttf' (159K)
[2017.11.19-17.24.59:851][518]LogSlate: Took 0.000239 seconds to synchronously load lazily loaded font '../../../Engine/Content/Slate/Fonts/Roboto-Light.ttf' (159K)
[2017.11.19-17.24.59:935][518]LogLinker: Warning: Can't find file '/Game/SushiSlasher/HUD/NinjaHud'
[2017.11.19-17.24.59:935][518]LogLinker: Warning: Can't find file for asset '/Game/SushiSlasher/HUD/NinjaHud' while loading E:/Work/Unreal Projects/ProjectSushiSlasher/Content/SushiSlasher/Blueprints/SushiSlasherAnimBP.uasset.
[2017.11.19-17.24.59:935][518]LoadErrors: Error: /Game/SushiSlasher/Blueprints/SushiSlasherAnimBP : Can't find file for asset. /Game/SushiSlasher/HUD/NinjaHud
[2017.11.19-17.24.59:951][518]LogLinker: Warning: Can't find file '/Game/SushiSlasher/HUD/NinjaHud'
[2017.11.19-17.24.59:951][518]LogLinker: Warning: Can't find file for asset '/Game/SushiSlasher/HUD/NinjaHud' while loading E:/Work/Unreal Projects/ProjectSushiSlasher/Content/SushiSlasher/Blueprints/SushiSlasherAnimBP.uasset.
[2017.11.19-17.24.59:951][518]LogLinker: Warning: Can't find file '/Game/SushiSlasher/HUD/NinjaHud'
[2017.11.19-17.24.59:952][518]LogLinker: Warning: Can't find file for asset '/Game/SushiSlasher/HUD/NinjaHud' while loading E:/Work/Unreal Projects/ProjectSushiSlasher/Content/SushiSlasher/Blueprints/SushiSlasherAnimBP.uasset.
[2017.11.19-17.24.59:952][518]LogLinker: Warning: Can't find file '/Game/SushiSlasher/HUD/NinjaHud'
[2017.11.19-17.24.59:952][518]LoadErrors: Failed to load /Game/SushiSlasher/HUD/NinjaHud.NinjaHud_C Referenced by K2Node_CreateWidget_0
[2017.11.19-17.24.59:952][518]LogLinker: Warning: Can't find file for asset '/Game/SushiSlasher/HUD/NinjaHud' while loading E:/Work/Unreal Projects/ProjectSushiSlasher/Content/SushiSlasher/Blueprints/SushiSlasherAnimBP.uasset.
[2017.11.19-17.24.59:953][518]LogLinker: Warning: Can't find file '/Game/SushiSlasher/HUD/NinjaHud'
[2017.11.19-17.24.59:953][518]LogLinker: Warning: Can't find file for asset '/Game/SushiSlasher/HUD/NinjaHud' while loading E:/Work/Unreal Projects/ProjectSushiSlasher/Content/SushiSlasher/Blueprints/SushiSlasherAnimBP.uasset.
[2017.11.19-17.24.59:973][518]LogBlueprint: Error: [Compiler SushiSlasherBP] Spawn node  Create Widget  must have a class specified.
[2017.11.19-17.24.59:980][518]LogBlueprint: Warning: [Compiler SushiSlasherBP] [0021,95] Compile of SushiSlasherBP failed. 1 Fatal Issue(s) 0 Warning(s) [in 26 ms] (/Game/SushiSlasher/Blueprints/SushiSlasherBP.SushiSlasherBP)
[2017.11.19-17.24.59:986][518]LogLinker: Warning: Can't find file '/Game/SushiSlasher/HUD/NinjaHud'
[2017.11.19-17.24.59:986][518]LogLinker: Warning: Can't find file for asset '/Game/SushiSlasher/HUD/NinjaHud' while loading E:/Work/Unreal Projects/ProjectSushiSlasher/Content/SushiSlasher/Blueprints/SushiSlasherBP.uasset.
[2017.11.19-17.24.59:986][518]LoadErrors: Error: /Game/SushiSlasher/Blueprints/SushiSlasherBP : Can't find file for asset. /Game/SushiSlasher/HUD/NinjaHud
[2017.11.19-17.24.59:986][518]LogLinker: Warning: Can't find file '/Game/SushiSlasher/HUD/NinjaHud'
[2017.11.19-17.24.59:986][518]LogLinker: Warning: Can't find file for asset '/Game/SushiSlasher/HUD/NinjaHud' while loading E:/Work/Unreal Projects/ProjectSushiSlasher/Content/SushiSlasher/Blueprints/SushiSlasherBP.uasset.
[2017.11.19-17.25.00:205][518]LogAIModule: Creating AISystem for world DefaultMap
[2017.11.19-17.25.00:234][518]Cmd: MAP LOAD FILE="E:/Work/Unreal Projects/ProjectSushiSlasher/Content/Maps/DefaultMap.umap" TEMPLATE=0 SHOWPROGRESS=1 FEATURELEVEL=3
[2017.11.19-17.25.00:234][518]LightingResults: New page: Lighting Build
[2017.11.19-17.25.00:277][518]LogContentBrowser: Native class hierarchy updated for 'StatsViewer' in 0.0002 seconds. Added 5 classes and 0 folders.
[2017.11.19-17.25.00:278][518]LoadErrors: New page: Loading map: DefaultMap.umap
[2017.11.19-17.25.00:278][518]MapCheck: New page: Map Check
[2017.11.19-17.25.00:278][518]LightingResults: New page: Lighting Build
[2017.11.19-17.25.00:342][518]LogEditorServer: Finished looking for orphan Actors (0.000 secs)
[2017.11.19-17.25.00:361][518]Cmd: MAP CHECKDEP NOCLEARLOG
[2017.11.19-17.25.00:441][518]MapCheck: Map check complete: 0 Error(s), 0 Warning(s), took 80,011ms to complete.
[2017.11.19-17.25.00:442][518]LogFileHelpers: Loading map 'DefaultMap' took 0.209
[2017.11.19-17.25.00:870][564]LogTemp: Repeating last play command: Selected Viewport
[2017.11.19-17.25.00:885][564]LogBlueprintUserMessages: Early PlayInEditor Detection: Level '/Game/Maps/DefaultMap.DefaultMap:PersistentLevel' has LevelScriptBlueprint '/Game/Maps/DefaultMap.DefaultMap:PersistentLevel.DefaultMap' with GeneratedClass '/Game/Maps/DefaultMap.DefaultMap_C' with ClassGeneratedBy '/Game/Maps/DefaultMap.DefaultMap:PersistentLevel.DefaultMap'
[2017.11.19-17.25.00:885][564]LogPlayLevel: PlayLevel: No blueprints needed recompiling
[2017.11.19-17.25.02:127][564]PIE: New page: PIE session: DefaultMap (19 Nov 2017, 9:25:02 PM)
[2017.11.19-17.25.02:128][564]LogPlayLevel: Creating play world package: /Game/Maps/UEDPIE_0_DefaultMap
[2017.11.19-17.25.02:132][564]LogPlayLevel: PIE: StaticDuplicateObject took: (0.004261s)
[2017.11.19-17.25.02:132][564]LogAIModule: Creating AISystem for world DefaultMap
[2017.11.19-17.25.02:132][564]LogPlayLevel: PIE: World Init took: (0.000488s)
[2017.11.19-17.25.02:133][564]LogPlayLevel: PIE: Created PIE world by copying editor world from /Game/Maps/DefaultMap.DefaultMap to /Game/Maps/UEDPIE_0_DefaultMap.DefaultMap (0.005023s)
[2017.11.19-17.25.02:148][564]LogInit: XAudio2 using 'Speakers (Realtek High Definition Audio)' : 2 channels at 48 kHz using 32 bits per sample (channel mask 0x3)
[2017.11.19-17.25.02:158][564]LogInit: FAudioDevice initialized.
[2017.11.19-17.25.02:200][564]LogLoad: Game class is 'SushiSlasherGamemode_C'
[2017.11.19-17.25.02:202][564]LogWorld: Bringing World /Game/Maps/UEDPIE_0_DefaultMap.DefaultMap up for play (max tick rate 0) at 2017.11.19-19.25.02
[2017.11.19-17.25.02:203][564]LogWorld: Bringing up level for play took: 0.001592
[2017.11.19-17.25.02:245][564]LogContentBrowser: Native class hierarchy updated for 'MovieSceneCapture' in 0.0003 seconds. Added 11 classes and 0 folders.
[2017.11.19-17.25.02:247][564]PIE: Play in editor start time for /Game/Maps/UEDPIE_0_DefaultMap 1,897
[2017.11.19-17.25.02:247][564]LogBlueprintUserMessages: Late PlayInEditor Detection: Level '/Game/Maps/DefaultMap.DefaultMap:PersistentLevel' has LevelScriptBlueprint '/Game/Maps/DefaultMap.DefaultMap:PersistentLevel.DefaultMap' with GeneratedClass '/Game/Maps/DefaultMap.DefaultMap_C' with ClassGeneratedBy '/Game/Maps/DefaultMap.DefaultMap:PersistentLevel.DefaultMap'
[2017.11.19-17.25.02:271][565]LogCharacterMovement: Warning: GetSimulationTimeStep() - Max iterations 8 hit while remaining time 0.084083 > MaxSimulationTimeStep (0.050) for 'AINinjaBP_348', movement 'Walking'
[2017.11.19-17.25.03:081][661]LogBlueprintUserMessages: Early EndPlayMap Detection: Level '/Game/Maps/DefaultMap.DefaultMap:PersistentLevel' has LevelScriptBlueprint '/Game/Maps/DefaultMap.DefaultMap:PersistentLevel.DefaultMap' with GeneratedClass '/Game/Maps/DefaultMap.DefaultMap_C' with ClassGeneratedBy '/Game/Maps/DefaultMap.DefaultMap:PersistentLevel.DefaultMap'
[2017.11.19-17.25.03:112][661]LogBlueprintUserMessages: Late EndPlayMap Detection: Level '/Game/Maps/DefaultMap.DefaultMap:PersistentLevel' has LevelScriptBlueprint '/Game/Maps/DefaultMap.DefaultMap:PersistentLevel.DefaultMap' with GeneratedClass '/Game/Maps/DefaultMap.DefaultMap_C' with ClassGeneratedBy '/Game/Maps/DefaultMap.DefaultMap:PersistentLevel.DefaultMap'
[2017.11.19-17.25.07:466][ 76]LogSlate: Only BGRA pngs, bmps or icos are supported in by External Image Picker
[2017.11.19-17.25.07:527][ 76]LogTemp: Executing iPhonePackager certificates Engine -bundlename com.YourCompany.ProjectSushiSlasher
[2017.11.19-17.25.07:527][ 76]LogTemp: CWD: C:\Program Files\Epic Games\UE_4.18\Engine\Binaries\DotNET\IOS
[2017.11.19-17.25.07:527][ 76]LogTemp: Initial Dir: C:\Program Files\Epic Games\UE_4.18
[2017.11.19-17.25.07:528][ 76]LogTemp: Env CWD: C:\Program Files\Epic Games\UE_4.18\Engine\Binaries\DotNET\IOS
[2017.11.19-17.25.07:532][ 76]LogTemp: BranchPath = MANIF3ST/C/Program Files/Epic Games/UE_4.18/Engine/Binaries --- GameBranchPath = MANIF3ST/C/Program Files/Epic Games/UE_4.18/Engine/Binaries
[2017.11.19-17.25.07:556][ 77]LogTemp: IPP ERROR: Could not find provision directory 'C:\Users\manif3st\AppData\Local/Apple Computer/MobileDevice/Provisioning Profiles/'.
[2017.11.19-17.25.22:505][854]LogEditorViewport: Clicking on Actor (LMB): PlayerStart (PlayerStart)
[2017.11.19-17.25.32:734][ 59]LogSlate: Took 0.001289 seconds to synchronously load lazily loaded font '../../../Engine/Content/Editor/Slate/Fonts/Roboto-Italic.ttf' (157K)
[2017.11.19-17.25.37:223][583]LogEditorViewport: Clicking on Component (LMB): CapsuleComponent (CollisionCapsule)
[2017.11.19-17.25.37:914][662]LogEditorViewport: Clicking on Component (LMB): CapsuleComponent (CollisionCapsule)
[2017.11.19-17.25.37:981][668]LogEditorViewport: Clicking on Actor (double click): PlayerStart (PlayerStart)
[2017.11.19-17.26.19:340][508]LogContentBrowser: Native class hierarchy updated for 'BlueprintGraph' in 0.0007 seconds. Added 116 classes and 0 folders.
[2017.11.19-17.26.19:861][508]LogSlate: Took 0.000210 seconds to synchronously load lazily loaded font '../../../Engine/Content/Slate/Fonts/Roboto-Regular.ttf' (155K)
[2017.11.19-17.26.19:937][508]LogSlate: Took 0.001456 seconds to synchronously load lazily loaded font '../../../Engine/Content/Editor/Slate/Fonts/Roboto-BoldCondensed.ttf' (158K)
[2017.11.19-17.26.21:723][631]BlueprintLog: New page: Compile SushiSlasherBP
[2017.11.19-17.26.21:756][631]LogBlueprint: Error: [Compiler SushiSlasherBP] Spawn node  Create Widget  must have a class specified.
[2017.11.19-17.26.21:983][631]LogBlueprint: Warning: [Compiler SushiSlasherBP] [0103,96] Compile of SushiSlasherBP failed. 1 Fatal Issue(s) 0 Warning(s) [in 259 ms] (/Game/SushiSlasher/Blueprints/SushiSlasherBP.SushiSlasherBP)
[2017.11.19-17.26.30:855][299]LogSlate: Warning: Prevented a slow task dialog from being summoned while a context menu was open
[2017.11.19-17.26.49:193][725]LogRenderer: Reallocating scene render targets to support 1052x688 Format 10 NumSamples 1 (Frame:1).
[2017.11.19-17.27.26:363][353]Cmd: QUIT_EDITOR
[2017.11.19-17.27.26:489][353]LogWindowsTextInputMethodSystem: Display: IME system now deactivated.
[2017.11.19-17.27.26:496][353]LogExit: Preparing to exit.
[2017.11.19-17.27.26:944][353]LogExit: Editor shut down
[2017.11.19-17.27.26:947][353]LogExit: Transaction tracking system shut down
[2017.11.19-17.27.27:169][353]LogDirectoryWatcher: A directory notification for '../../../Engine/Content/' was aborted.
[2017.11.19-17.27.27:169][353]LogDirectoryWatcher: A directory notification for 'E:/Work/Unreal Projects/ProjectSushiSlasher/Content/' was aborted.
[2017.11.19-17.27.27:169][353]LogDirectoryWatcher: A directory notification for '../../../Engine/Plugins/2D/Paper2D/Content/' was aborted.
[2017.11.19-17.27.27:169][353]LogDirectoryWatcher: A directory notification for '../../../Engine/Plugins/Media/MediaCompositing/Content/' was aborted.
[2017.11.19-17.27.27:170][353]LogDirectoryWatcher: A directory notification for '../../../Engine/Plugins/Runtime/AppleARKit/Content/' was aborted.
[2017.11.19-17.27.27:170][353]LogDirectoryWatcher: A directory notification for '../../../Engine/Plugins/Runtime/Oculus/OculusVR/Content/' was aborted.
[2017.11.19-17.27.27:170][353]LogDirectoryWatcher: A directory notification for '../../../Engine/Plugins/Runtime/Steam/SteamVR/Content/' was aborted.
[2017.11.19-17.27.27:240][353]LogExit: Object subsystem successfully closed.
[2017.11.19-17.27.27:255][353]LogD3D11RHI: Shutdown
[2017.11.19-17.27.27:255][353]LogD3D11RHI: CleanupD3DDevice
[2017.11.19-17.27.27:257][353]LogD3D11RHI: ~FD3D11DynamicRHI
[2017.11.19-17.27.27:276][353]LogModuleManager: Shutting down and abandoning module BlueprintGraph (554)
[2017.11.19-17.27.27:276][353]LogModuleManager: Shutting down and abandoning module ExternalImagePicker (552)
[2017.11.19-17.27.27:276][353]LogModuleManager: Shutting down and abandoning module MovieSceneCapture (550)
[2017.11.19-17.27.27:276][353]LogModuleManager: Shutting down and abandoning module StatsViewer (548)
[2017.11.19-17.27.27:276][353]LogModuleManager: Shutting down and abandoning module HierarchicalLODOutliner (546)
[2017.11.19-17.27.27:276][353]LogModuleManager: Shutting down and abandoning module SceneOutliner (544)
[2017.11.19-17.27.27:276][353]LogModuleManager: Shutting down and abandoning module AddContentDialog (542)
[2017.11.19-17.27.27:276][353]LogDirectoryWatcher: A directory notification for 'C:/Program Files/Epic Games/UE_4.18/FeaturePacks/' was aborted.
[2017.11.19-17.27.27:277][353]LogModuleManager: Shutting down and abandoning module WidgetCarousel (541)
[2017.11.19-17.27.27:277][353]LogModuleManager: Shutting down and abandoning module EditorWidgets (538)
[2017.11.19-17.27.27:277][353]LogModuleManager: Shutting down and abandoning module CollectionManager (536)
[2017.11.19-17.27.27:277][353]LogDirectoryWatcher: A directory notification for 'E:/Work/Unreal Projects/ProjectSushiSlasher/Content/Collections/' was aborted.
[2017.11.19-17.27.27:277][353]LogDirectoryWatcher: A directory notification for 'E:/Work/Unreal Projects/ProjectSushiSlasher/Content/Developers/manif3st/Collections/' was aborted.
[2017.11.19-17.27.27:277][353]LogDirectoryWatcher: A directory notification for 'E:/Work/Unreal Projects/ProjectSushiSlasher/Saved/Collections/' was aborted.
[2017.11.19-17.27.27:277][353]LogModuleManager: Shutting down and abandoning module FoliageEdit (534)
[2017.11.19-17.27.27:277][353]LogModuleManager: Shutting down and abandoning module LandscapeEditor (532)
[2017.11.19-17.27.27:277][353]LogModuleManager: Shutting down and abandoning module MeshPaintMode (530)
[2017.11.19-17.27.27:277][353]LogModuleManager: Shutting down and abandoning module SceneDepthPickerMode (528)
[2017.11.19-17.27.27:278][353]LogModuleManager: Shutting down and abandoning module ActorPickerMode (526)
[2017.11.19-17.27.27:278][353]LogModuleManager: Shutting down and abandoning module GeometryMode (524)
[2017.11.19-17.27.27:278][353]LogModuleManager: Shutting down and abandoning module TextureAlignMode (522)
[2017.11.19-17.27.27:278][353]LogModuleManager: Shutting down and abandoning module BspMode (520)
[2017.11.19-17.27.27:278][353]LogModuleManager: Shutting down and abandoning module PIEPreviewDeviceProfileSelector (518)
[2017.11.19-17.27.27:278][353]LogModuleManager: Shutting down and abandoning module HardwareSurvey (516)
[2017.11.19-17.27.27:278][353]LogModuleManager: Shutting down and abandoning module SequenceRecorderSections (514)
[2017.11.19-17.27.27:278][353]LogModuleManager: Shutting down and abandoning module AutomationWorker (512)
[2017.11.19-17.27.27:278][353]LogModuleManager: Shutting down and abandoning module MatineeToLevelSequence (510)
[2017.11.19-17.27.27:278][353]LogModuleManager: Shutting down and abandoning module LevelSequenceEditor (508)
[2017.11.19-17.27.27:278][353]LogModuleManager: Shutting down and abandoning module PlacementMode (507)
[2017.11.19-17.27.27:278][353]LogModuleManager: Shutting down and abandoning module WmfMediaFactory (504)
[2017.11.19-17.27.27:278][353]LogModuleManager: Shutting down and abandoning module WmfMediaEditor (502)
[2017.11.19-17.27.27:278][353]LogModuleManager: Shutting down and abandoning module OpenExrWrapper (500)
[2017.11.19-17.27.27:278][353]LogModuleManager: Shutting down and abandoning module ImgMediaFactory (498)
[2017.11.19-17.27.27:278][353]LogModuleManager: Shutting down and abandoning module ImgMediaEditor (496)
[2017.11.19-17.27.27:278][353]LogModuleManager: Shutting down and abandoning module AvfMediaFactory (494)
[2017.11.19-17.27.27:278][353]LogModuleManager: Shutting down and abandoning module AvfMediaEditor (492)
[2017.11.19-17.27.27:278][353]LogModuleManager: Shutting down and abandoning module AndroidMediaFactory (490)
[2017.11.19-17.27.27:278][353]LogModuleManager: Shutting down and abandoning module AndroidMediaEditor (488)
[2017.11.19-17.27.27:278][353]LogModuleManager: Shutting down and abandoning module CharacterAI (486)
[2017.11.19-17.27.27:278][353]LogModuleManager: Shutting down and abandoning module AudioCapture (484)
[2017.11.19-17.27.27:278][353]LogModuleManager: Shutting down and abandoning module SequenceRecorder (483)
[2017.11.19-17.27.27:278][353]LogModuleManager: Shutting down and abandoning module SmartSnapping (480)
[2017.11.19-17.27.27:278][353]LogModuleManager: Shutting down and abandoning module SessionServices (478)
[2017.11.19-17.27.27:278][353]LogModuleManager: Shutting down and abandoning module ViewportSnapping (476)
[2017.11.19-17.27.27:278][353]LogModuleManager: Shutting down and abandoning module ViewportInteraction (474)
[2017.11.19-17.27.27:278][353]LogModuleManager: Shutting down and abandoning module ClothPainter (472)
[2017.11.19-17.27.27:278][353]LogModuleManager: Shutting down and abandoning module SkeletalMeshEditor (471)
[2017.11.19-17.27.27:278][353]LogModuleManager: Shutting down and abandoning module LogVisualizer (468)
[2017.11.19-17.27.27:278][353]LogModuleManager: Shutting down and abandoning module IntroTutorials (466)
[2017.11.19-17.27.27:278][353]LogModuleManager: Shutting down and abandoning module GameProjectGeneration (465)
[2017.11.19-17.27.27:278][353]LogModuleManager: Shutting down and abandoning module IOSPlatformEditor (462)
[2017.11.19-17.27.27:278][353]LogModuleManager: Shutting down and abandoning module HTML5PlatformEditor (460)
[2017.11.19-17.27.27:278][353]LogModuleManager: Shutting down and abandoning module AndroidPlatformEditor (458)
[2017.11.19-17.27.27:278][353]LogModuleManager: Shutting down and abandoning module AndroidDeviceDetection (457)
[2017.11.19-17.27.27:801][353]LogModuleManager: Shutting down and abandoning module WindowsPlatformEditor (454)
[2017.11.19-17.27.27:801][353]LogModuleManager: Shutting down and abandoning module IOSRuntimeSettings (452)
[2017.11.19-17.27.27:801][353]LogModuleManager: Shutting down and abandoning module AndroidRuntimeSettings (450)
[2017.11.19-17.27.27:801][353]LogModuleManager: Shutting down and abandoning module InputBindingEditor (448)
[2017.11.19-17.27.27:801][353]LogModuleManager: Shutting down and abandoning module MergeActors (446)
[2017.11.19-17.27.27:801][353]LogModuleManager: Shutting down and abandoning module SizeMap (444)
[2017.11.19-17.27.27:801][353]LogModuleManager: Shutting down and abandoning module TreeMap (442)
[2017.11.19-17.27.27:801][353]LogModuleManager: Shutting down and abandoning module ReferenceViewer (440)
[2017.11.19-17.27.27:801][353]LogModuleManager: Shutting down and abandoning module LocalizationDashboard (438)
[2017.11.19-17.27.27:801][353]LogModuleManager: Shutting down and abandoning module LocalizationService (437)
[2017.11.19-17.27.27:801][353]LogModuleManager: Shutting down and abandoning module HardwareTargeting (434)
[2017.11.19-17.27.27:801][353]LogModuleManager: Shutting down and abandoning module DeviceProfileEditor (432)
[2017.11.19-17.27.27:801][353]LogModuleManager: Shutting down and abandoning module UndoHistory (430)
[2017.11.19-17.27.27:801][353]LogModuleManager: Shutting down and abandoning module XmlParser (428)
[2017.11.19-17.27.27:801][353]LogModuleManager: Shutting down and abandoning module Blutility (426)
[2017.11.19-17.27.27:801][353]LogModuleManager: Shutting down and abandoning module ProjectSettingsViewer (424)
[2017.11.19-17.27.27:801][353]LogModuleManager: Shutting down and abandoning module ProjectTargetPlatformEditor (423)
[2017.11.19-17.27.27:802][353]LogModuleManager: Shutting down and abandoning module EditorSettingsViewer (420)
[2017.11.19-17.27.27:802][353]LogModuleManager: Shutting down and abandoning module SettingsEditor (418)
[2017.11.19-17.27.27:802][353]LogModuleManager: Shutting down and abandoning module ProjectLauncher (416)
[2017.11.19-17.27.27:802][353]LogModuleManager: Shutting down and abandoning module SessionFrontend (414)
[2017.11.19-17.27.27:802][353]LogModuleManager: Shutting down and abandoning module ProfilerClient (412)
[2017.11.19-17.27.27:802][353]LogModuleManager: Shutting down and abandoning module DeviceManager (410)
[2017.11.19-17.27.27:802][353]LogModuleManager: Shutting down and abandoning module TargetDeviceServices (409)
[2017.11.19-17.27.27:866][353]LogModuleManager: Shutting down and abandoning module AutomationController (406)
[2017.11.19-17.27.27:866][353]LogModuleManager: Shutting down and abandoning module AutomationWindow (404)
[2017.11.19-17.27.27:866][353]LogModuleManager: Shutting down and abandoning module Layers (402)
[2017.11.19-17.27.27:866][353]LogModuleManager: Shutting down and abandoning module ComponentVisualizers (400)
[2017.11.19-17.27.27:866][353]LogModuleManager: Shutting down and abandoning module DetailCustomizations (398)
[2017.11.19-17.27.27:866][353]LogModuleManager: Shutting down and abandoning module PackagesDialog (396)
[2017.11.19-17.27.27:866][353]LogModuleManager: Shutting down and abandoning module Persona (394)
[2017.11.19-17.27.27:866][353]LogModuleManager: Shutting down and abandoning module AdvancedPreviewScene (393)
[2017.11.19-17.27.27:866][353]LogModuleManager: Shutting down and abandoning module AnimGraph (391)
[2017.11.19-17.27.27:866][353]LogModuleManager: Shutting down and abandoning module Kismet (388)
[2017.11.19-17.27.27:872][353]LogModuleManager: Shutting down and abandoning module ClassViewer (386)
[2017.11.19-17.27.27:873][353]LogModuleManager: Shutting down and abandoning module Toolbox (384)
[2017.11.19-17.27.27:873][353]LogModuleManager: Shutting down and abandoning module ModuleUI (382)
[2017.11.19-17.27.27:873][353]LogModuleManager: Shutting down and abandoning module MovieSceneTools (380)
[2017.11.19-17.27.27:873][353]LogModuleManager: Shutting down and abandoning module OutputLog (378)
[2017.11.19-17.27.27:873][353]LogModuleManager: Shutting down and abandoning module GammaUI (376)
[2017.11.19-17.27.27:873][353]LogModuleManager: Shutting down and abandoning module Documentation (374)
[2017.11.19-17.27.27:873][353]LogModuleManager: Shutting down and abandoning module MovieSceneTracks (372)
[2017.11.19-17.27.27:873][353]LogModuleManager: Shutting down and abandoning module MovieScene (370)
[2017.11.19-17.27.27:873][353]LogModuleManager: Shutting down and abandoning module StreamingPauseRendering (368)
[2017.11.19-17.27.27:873][353]LogModuleManager: Shutting down and abandoning module LauncherPlatform (366)
[2017.11.19-17.27.27:873][353]LogModuleManager: Shutting down and abandoning module AnalyticsET (364)
[2017.11.19-17.27.27:873][353]LogModuleManager: Shutting down and abandoning module PortalServices (362)
[2017.11.19-17.27.27:873][353]LogModuleManager: Shutting down and abandoning module PortalRpc (360)
[2017.11.19-17.27.27:873][353]LogModuleManager: Shutting down and abandoning module MessagingRpc (358)
[2017.11.19-17.27.27:873][353]LogModuleManager: Shutting down and abandoning module AIModule (356)
[2017.11.19-17.27.27:873][353]LogModuleManager: Shutting down and abandoning module GameplayDebugger (355)
[2017.11.19-17.27.27:873][353]LogModuleManager: Shutting down and abandoning module AITestSuite (353)
[2017.11.19-17.27.27:873][353]LogModuleManager: Shutting down and abandoning module DesktopPlatform (350)
[2017.11.19-17.27.27:873][353]LogModuleManager: Shutting down and abandoning module ProfilerService (348)
[2017.11.19-17.27.27:887][353]LogModuleManager: Shutting down and abandoning module TaskGraph (346)
[2017.11.19-17.27.27:887][353]LogModuleManager: Shutting down and abandoning module SteamVRController (344)
[2017.11.19-17.27.27:887][353]LogModuleManager: Shutting down and abandoning module ProceduralMeshComponentEditor (342)
[2017.11.19-17.27.27:887][353]LogModuleManager: Shutting down and abandoning module ProceduralMeshComponent (340)
[2017.11.19-17.27.27:887][353]LogModuleManager: Shutting down and abandoning module OculusInput (338)
[2017.11.19-17.27.27:887][353]LogModuleManager: Shutting down and abandoning module MobilePatchingUtils (336)
[2017.11.19-17.27.27:887][353]LogModuleManager: Shutting down and abandoning module CustomMeshComponent (334)
[2017.11.19-17.27.27:887][353]LogModuleManager: Shutting down and abandoning module CableComponent (332)
[2017.11.19-17.27.27:887][353]LogModuleManager: Shutting down and abandoning module ArchVisCharacter (330)
[2017.11.19-17.27.27:887][353]LogModuleManager: Shutting down and abandoning module AndroidPermission (328)
[2017.11.19-17.27.27:887][353]LogModuleManager: Shutting down and abandoning module ActorSequence (324)
[2017.11.19-17.27.27:887][353]LogModuleManager: Shutting down and abandoning module MediaPlayerEditor (322)
[2017.11.19-17.27.27:887][353]LogModuleManager: Shutting down and abandoning module MediaCompositingEditor (320)
[2017.11.19-17.27.27:887][353]LogModuleManager: Shutting down and abandoning module MediaCompositing (318)
[2017.11.19-17.27.27:887][353]LogModuleManager: Shutting down and abandoning module HTML5Networking (316)
[2017.11.19-17.27.27:887][353]LogModuleManager: Shutting down and abandoning module AlembicImporter (314)
[2017.11.19-17.27.27:887][353]LogModuleManager: Shutting down and abandoning module AlembicLibrary (313)
[2017.11.19-17.27.27:887][353]LogModuleManager: Shutting down and abandoning module GeometryCache (312)
[2017.11.19-17.27.27:887][353]LogModuleManager: Shutting down and abandoning module GeometryCacheEd (311)
[2017.11.19-17.27.27:887][353]LogModuleManager: Shutting down and abandoning module SpeedTreeImporter (306)
[2017.11.19-17.27.27:887][353]LogModuleManager: Shutting down and abandoning module PluginBrowser (304)
[2017.11.19-17.27.27:887][353]LogModuleManager: Shutting down and abandoning module MobileLauncherProfileWizard (302)
[2017.11.19-17.27.27:887][353]LogModuleManager: Shutting down and abandoning module VisualStudioSourceCodeAccess (300)
[2017.11.19-17.27.27:887][353]LogModuleManager: Shutting down and abandoning module VisualStudioCodeSourceCodeAccess (298)
[2017.11.19-17.27.27:887][353]LogModuleManager: Shutting down and abandoning module UObjectPlugin (296)
[2017.11.19-17.27.27:887][353]LogModuleManager: Shutting down and abandoning module SubversionSourceControl (294)
[2017.11.19-17.27.27:887][353]LogModuleManager: Shutting down and abandoning module PerforceSourceControl (292)
[2017.11.19-17.27.27:887][353]LogModuleManager: Shutting down and abandoning module GitSourceControl (290)
[2017.11.19-17.27.27:887][353]LogModuleManager: Shutting down and abandoning module SourceControl (289)
[2017.11.19-17.27.27:887][353]LogModuleManager: Shutting down and abandoning module LightPropagationVolumeEditor (286)
[2017.11.19-17.27.27:887][353]LogModuleManager: Shutting down and abandoning module PaperTiledImporter (284)
[2017.11.19-17.27.27:887][353]LogModuleManager: Shutting down and abandoning module PaperSpriteSheetImporter (282)
[2017.11.19-17.27.27:887][353]LogModuleManager: Shutting down and abandoning module Paper2DEditor (280)
[2017.11.19-17.27.27:887][353]LogModuleManager: Shutting down and abandoning module MeshPaint (279)
[2017.11.19-17.27.27:887][353]LogModuleManager: Shutting down and abandoning module LevelEditor (277)
[2017.11.19-17.27.27:888][353]LogModuleManager: Shutting down and abandoning module PixelInspectorModule (276)
[2017.11.19-17.27.27:888][353]LogModuleManager: Shutting down and abandoning module MainFrame (274)
[2017.11.19-17.27.27:888][353]LogModuleManager: Shutting down and abandoning module HotReload (273)
[2017.11.19-17.27.27:888][353]LogModuleManager: Shutting down and abandoning module RuntimePhysXCooking (268)
[2017.11.19-17.27.27:888][353]LogModuleManager: Shutting down and abandoning module PhysXVehiclesEditor (266)
[2017.11.19-17.27.27:888][353]LogModuleManager: Shutting down and abandoning module PhysXVehicles (264)
[2017.11.19-17.27.27:889][353]LogModuleManager: Shutting down and abandoning module OculusEditor (262)
[2017.11.19-17.27.27:889][353]LogModuleManager: Shutting down and abandoning module LocationServicesBPLibrary (260)
[2017.11.19-17.27.27:889][353]LogModuleManager: Shutting down and abandoning module ImmediatePhysicsEditor (258)
[2017.11.19-17.27.27:889][353]LogModuleManager: Shutting down and abandoning module ImmediatePhysics (256)
[2017.11.19-17.27.27:889][353]LogModuleManager: Shutting down and abandoning module UdpMessaging (254)
[2017.11.19-17.27.27:990][353]LogModuleManager: Shutting down and abandoning module TcpMessaging (252)
[2017.11.19-17.27.28:091][353]LogModuleManager: Shutting down and abandoning module GameplayTagsEditor (250)
[2017.11.19-17.27.28:091][353]LogModuleManager: Shutting down and abandoning module FacialAnimationEditor (248)
[2017.11.19-17.27.28:091][353]LogModuleManager: Shutting down and abandoning module FacialAnimation (246)
[2017.11.19-17.27.28:091][353]LogModuleManager: Shutting down and abandoning module AssetManagerEditor (244)
[2017.11.19-17.27.28:091][353]LogModuleManager: Shutting down and abandoning module GraphEditor (243)
[2017.11.19-17.27.28:091][353]LogModuleManager: Shutting down and abandoning module ContentBrowser (241)
[2017.11.19-17.27.28:092][353]LogModuleManager: Shutting down and abandoning module LightPropagationVolumeRuntime (238)
[2017.11.19-17.27.28:092][353]LogModuleManager: Shutting down and abandoning module Paper2D (236)
[2017.11.19-17.27.28:092][353]LogModuleManager: Shutting down and abandoning module WindowsMoviePlayer (234)
[2017.11.19-17.27.28:092][353]LogModuleManager: Shutting down and abandoning module WmfMedia (232)
[2017.11.19-17.27.28:092][353]LogModuleManager: Shutting down and abandoning module ImgMedia (230)
[2017.11.19-17.27.28:092][353]LogModuleManager: Shutting down and abandoning module PacketHandler (228)
[2017.11.19-17.27.28:092][353]LogModuleManager: Shutting down and abandoning module ClothingSystemEditor (226)
[2017.11.19-17.27.28:092][353]LogModuleManager: Shutting down and abandoning module ClothingSystemRuntime (224)
[2017.11.19-17.27.28:092][353]LogModuleManager: Shutting down and abandoning module MediaAssets (222)
[2017.11.19-17.27.28:092][353]LogModuleManager: Shutting down and abandoning module Media (221)
[2017.11.19-17.27.28:098][353]LogModuleManager: Shutting down and abandoning module Overlay (218)
[2017.11.19-17.27.28:098][353]LogModuleManager: Shutting down and abandoning module OverlayEditor (217)
[2017.11.19-17.27.28:098][353]LogModuleManager: Shutting down and abandoning module VREditor (214)
[2017.11.19-17.27.28:098][353]LogModuleManager: Shutting down and abandoning module StringTableEditor (212)
[2017.11.19-17.27.28:098][353]LogModuleManager: Shutting down and abandoning module GameplayTasksEditor (210)
[2017.11.19-17.27.28:098][353]LogModuleManager: Shutting down and abandoning module BehaviorTreeEditor (208)
[2017.11.19-17.27.28:098][353]LogModuleManager: Shutting down and abandoning module FunctionalTesting (206)
[2017.11.19-17.27.28:098][353]LogModuleManager: Shutting down and abandoning module CollisionAnalyzer (204)
[2017.11.19-17.27.28:098][353]LogModuleManager: Shutting down and abandoning module WorkspaceMenuStructure (203)
[2017.11.19-17.27.28:098][353]LogModuleManager: Shutting down and abandoning module UMG (200)
[2017.11.19-17.27.28:098][353]LogModuleManager: Shutting down and abandoning module UMGEditor (199)
[2017.11.19-17.27.28:098][353]LogModuleManager: Shutting down and abandoning module Sequencer (198)
[2017.11.19-17.27.28:098][353]LogModuleManager: Shutting down and abandoning module MessageLog (195)
[2017.11.19-17.27.28:098][353]LogModuleManager: Shutting down and abandoning module SlateReflector (190)
[2017.11.19-17.27.28:099][353]LogModuleManager: Shutting down and abandoning module Slate (188)
[2017.11.19-17.27.28:099][353]LogModuleManager: Shutting down and abandoning module EditorStyle (186)
[2017.11.19-17.27.28:101][353]LogModuleManager: Shutting down and abandoning module MRMesh (184)
[2017.11.19-17.27.28:101][353]LogModuleManager: Shutting down and abandoning module SourceCodeAccess (182)
[2017.11.19-17.27.28:101][353]LogModuleManager: Shutting down and abandoning module HeadMountedDisplay (180)
[2017.11.19-17.27.28:101][353]LogModuleManager: Shutting down and abandoning module XAudio2 (178)
[2017.11.19-17.27.28:101][353]LogModuleManager: Shutting down and abandoning module Networking (176)
[2017.11.19-17.27.28:101][353]LogModuleManager: Shutting down and abandoning module Core (172)
[2017.11.19-17.27.28:101][353]LogModuleManager: Shutting down and abandoning module LevelSequence (168)
[2017.11.19-17.27.28:101][353]LogModuleManager: Shutting down and abandoning module DirectoryWatcher (166)
[2017.11.19-17.27.28:101][353]LogModuleManager: Shutting down and abandoning module KismetCompiler (164)
[2017.11.19-17.27.28:101][353]LogModuleManager: Shutting down and abandoning module MeshUtilities (162)
[2017.11.19-17.27.28:101][353]LogModuleManager: Shutting down and abandoning module MeshMergeUtilities (161)
[2017.11.19-17.27.28:101][353]LogModuleManager: Shutting down and abandoning module MeshReductionInterface (160)
[2017.11.19-17.27.28:101][353]LogModuleManager: Shutting down and abandoning module SimplygonSwarm (159)
[2017.11.19-17.27.28:102][353]LogModuleManager: Shutting down and abandoning module SimplygonMeshReduction (157)
[2017.11.19-17.27.28:102][353]LogModuleManager: Shutting down and abandoning module QuadricMeshReduction (155)
[2017.11.19-17.27.28:102][353]LogModuleManager: Shutting down and abandoning module MaterialBaking (151)
[2017.11.19-17.27.28:102][353]LogModuleManager: Shutting down and abandoning module DerivedDataCache (148)
[2017.11.19-17.27.28:104][353]LogDerivedDataCache: Shutdown
[2017.11.19-17.27.28:104][353]LogModuleManager: Shutting down and abandoning module TargetPlatform (146)
[2017.11.19-17.27.28:104][353]LogModuleManager: Shutting down and abandoning module VulkanShaderFormat (145)
[2017.11.19-17.27.28:104][353]LogModuleManager: Shutting down and abandoning module ShaderFormatVectorVM (143)
[2017.11.19-17.27.28:104][353]LogModuleManager: Shutting down and abandoning module ShaderFormatOpenGL (141)
[2017.11.19-17.27.28:104][353]LogModuleManager: Shutting down and abandoning module ShaderFormatD3D (139)
[2017.11.19-17.27.28:104][353]LogModuleManager: Shutting down and abandoning module MetalShaderFormat (137)
[2017.11.19-17.27.28:104][353]LogModuleManager: Shutting down and abandoning module TextureFormatUncompressed (135)
[2017.11.19-17.27.28:104][353]LogModuleManager: Shutting down and abandoning module TextureFormatPVR (133)
[2017.11.19-17.27.28:104][353]LogModuleManager: Shutting down and abandoning module TextureFormatDXT (131)
[2017.11.19-17.27.28:104][353]LogModuleManager: Shutting down and abandoning module TextureFormatIntelISPCTexComp (129)
[2017.11.19-17.27.28:104][353]LogModuleManager: Shutting down and abandoning module TextureFormatASTC (127)
[2017.11.19-17.27.28:104][353]LogModuleManager: Shutting down and abandoning module ImageWrapper (126)
[2017.11.19-17.27.28:104][353]LogModuleManager: Shutting down and abandoning module TextureFormatAndroid (123)
[2017.11.19-17.27.28:104][353]LogModuleManager: Shutting down and abandoning module AudioFormatOpus (121)
[2017.11.19-17.27.28:104][353]LogModuleManager: Shutting down and abandoning module AudioFormatOgg (119)
[2017.11.19-17.27.28:104][353]LogModuleManager: Shutting down and abandoning module AudioFormatADPCM (117)
[2017.11.19-17.27.28:104][353]LogModuleManager: Shutting down and abandoning module LinuxTargetPlatform (115)
[2017.11.19-17.27.28:104][353]LogModuleManager: Shutting down and abandoning module LinuxServerTargetPlatform (113)
[2017.11.19-17.27.28:104][353]LogModuleManager: Shutting down and abandoning module LinuxNoEditorTargetPlatform (111)
[2017.11.19-17.27.28:104][353]LogModuleManager: Shutting down and abandoning module LinuxClientTargetPlatform (109)
[2017.11.19-17.27.28:104][353]LogModuleManager: Shutting down and abandoning module TVOSTargetPlatform (107)
[2017.11.19-17.27.28:104][353]LogModuleManager: Shutting down and abandoning module Messaging (105)
[2017.11.19-17.27.28:104][353]LogModuleManager: Shutting down and abandoning module IOSTargetPlatform (103)
[2017.11.19-17.27.28:104][353]LogModuleManager: Shutting down and abandoning module HTML5TargetPlatform (101)
[2017.11.19-17.27.28:104][353]LogModuleManager: Shutting down and abandoning module AndroidTargetPlatform (99)
[2017.11.19-17.27.28:104][353]LogModuleManager: Shutting down and abandoning module Android_PVRTCTargetPlatform (97)
[2017.11.19-17.27.28:104][353]LogModuleManager: Shutting down and abandoning module Android_MultiTargetPlatform (95)
[2017.11.19-17.27.28:104][353]LogModuleManager: Shutting down and abandoning module Android_ETC2TargetPlatform (93)
[2017.11.19-17.27.28:104][353]LogModuleManager: Shutting down and abandoning module Android_ETC1TargetPlatform (91)
[2017.11.19-17.27.28:104][353]LogModuleManager: Shutting down and abandoning module Android_DXTTargetPlatform (89)
[2017.11.19-17.27.28:104][353]LogModuleManager: Shutting down and abandoning module Android_ATCTargetPlatform (87)
[2017.11.19-17.27.28:104][353]LogModuleManager: Shutting down and abandoning module Android_ASTCTargetPlatform (85)
[2017.11.19-17.27.28:104][353]LogModuleManager: Shutting down and abandoning module WindowsTargetPlatform (83)
[2017.11.19-17.27.28:104][353]LogModuleManager: Shutting down and abandoning module WindowsServerTargetPlatform (81)
[2017.11.19-17.27.28:104][353]LogModuleManager: Shutting down and abandoning module WindowsNoEditorTargetPlatform (79)
[2017.11.19-17.27.28:105][353]LogModuleManager: Shutting down and abandoning module WindowsClientTargetPlatform (77)
[2017.11.19-17.27.28:105][353]LogModuleManager: Shutting down and abandoning module MacTargetPlatform (75)
[2017.11.19-17.27.28:105][353]LogModuleManager: Shutting down and abandoning module MacServerTargetPlatform (73)
[2017.11.19-17.27.28:105][353]LogModuleManager: Shutting down and abandoning module MacNoEditorTargetPlatform (71)
[2017.11.19-17.27.28:105][353]LogModuleManager: Shutting down and abandoning module MacClientTargetPlatform (69)
[2017.11.19-17.27.28:105][353]LogModuleManager: Shutting down and abandoning module AllDesktopTargetPlatform (67)
[2017.11.19-17.27.28:105][353]LogModuleManager: Shutting down and abandoning module InputCore (64)
[2017.11.19-17.27.28:105][353]LogModuleManager: Shutting down and abandoning module Settings (62)
[2017.11.19-17.27.28:105][353]LogModuleManager: Shutting down and abandoning module PhysXCooking (60)
[2017.11.19-17.27.28:105][353]LogModuleManager: Shutting down and abandoning module SteamVR (58)
[2017.11.19-17.27.28:105][353]LogModuleManager: Shutting down and abandoning module OculusHMD (56)
[2017.11.19-17.27.28:105][353]LogModuleManager: Shutting down and abandoning module ExampleDeviceProfileSelector (54)
[2017.11.19-17.27.28:105][353]LogModuleManager: Shutting down and abandoning module AppleARKit (52)
[2017.11.19-17.27.28:105][353]LogModuleManager: Shutting down and abandoning module AugmentedReality (51)
[2017.11.19-17.27.28:105][353]LogModuleManager: Shutting down and abandoning module OnlineBlueprintSupport (48)
[2017.11.19-17.27.28:105][353]LogModuleManager: Shutting down and abandoning module OnlineSubsystem (44)
[2017.11.19-17.27.28:105][353]LogModuleManager: Shutting down and abandoning module XMPP (43)
[2017.11.19-17.27.28:105][353]LogModuleManager: Shutting down and abandoning module HTTP (41)
[2017.11.19-17.27.28:105][353]LogHttp: Display: Http module shutting down, but needs to wait on 1 outstanding Http requests:
[2017.11.19-17.27.28:105][353]LogHttp: Display: 	verb=[POST] url=[https://datarouter.ol.epicgames.com/datarouter/api/v1/public/data?SessionID=%7BA11E3661-4AE3-AE04-D683-81BE493826E5%7D&AppID=UEEditor.Rocket.Release&AppVersion=4.18.1-3754814%2B%2B%2BUE4%2BRelease-4.18&UserID=5f5b15d24ec05a39907d8e90a3b0ec4b%7Cf9fb3e014f8945c298d4dbee8b89962c%7Cb969043b-a907-4a7c-8476-a6e1b7fc4f26&AppEnvironment=datacollector-binary&UploadType=eteventstream] status=Processing
[2017.11.19-17.27.28:131][353]LogModuleManager: Shutting down and abandoning module SSL (40)
[2017.11.19-17.27.28:132][353]LogModuleManager: Shutting down and abandoning module AnimationModifiers (36)
[2017.11.19-17.27.28:132][353]LogModuleManager: Shutting down and abandoning module PropertyEditor (35)
[2017.11.19-17.27.28:132][353]LogModuleManager: Shutting down and abandoning module AudioEditor (32)
[2017.11.19-17.27.28:132][353]LogModuleManager: Shutting down and abandoning module TextureCompressor (30)
[2017.11.19-17.27.28:132][353]LogModuleManager: Shutting down and abandoning module ShaderCore (28)
[2017.11.19-17.27.28:132][353]LogModuleManager: Shutting down and abandoning module Landscape (26)
[2017.11.19-17.27.28:132][353]LogModuleManager: Shutting down and abandoning module SlateRHIRenderer (24)
[2017.11.19-17.27.28:133][353]LogModuleManager: Shutting down and abandoning module OpenGLDrv (22)
[2017.11.19-17.27.28:133][353]LogModuleManager: Shutting down and abandoning module D3D11RHI (20)
[2017.11.19-17.27.28:133][353]LogModuleManager: Shutting down and abandoning module AnimGraphRuntime (18)
[2017.11.19-17.27.28:133][353]LogModuleManager: Shutting down and abandoning module Renderer (16)
[2017.11.19-17.27.28:133][353]LogModuleManager: Shutting down and abandoning module Engine (14)
[2017.11.19-17.27.28:133][353]LogModuleManager: Shutting down and abandoning module CoreUObject (12)
[2017.11.19-17.27.28:133][353]LogModuleManager: Shutting down and abandoning module NetworkFile (10)
[2017.11.19-17.27.28:133][353]LogModuleManager: Shutting down and abandoning module CookedIterativeFile (8)
[2017.11.19-17.27.28:133][353]LogModuleManager: Shutting down and abandoning module StreamingFile (6)
[2017.11.19-17.27.28:133][353]LogModuleManager: Shutting down and abandoning module SandboxFile (4)
[2017.11.19-17.27.28:133][353]LogModuleManager: Shutting down and abandoning module PakFile (2)
[2017.11.19-17.27.28:136][353]LogExit: Exiting.
[2017.11.19-17.27.28:141][353]Log file closed, 11/19/17 19:27:28
