Log file open, 10/04/18 21:20:52
LogWindows: Failed to load 'aqProf.dll' (GetLastError=126)
LogWindows: File 'aqProf.dll' does not exist
LogWindows: Failed to load 'VSPerf140.dll' (GetLastError=126)
LogWindows: File 'VSPerf140.dll' does not exist
LogWindows: Failed to load 'VtuneApi.dll' (GetLastError=126)
LogWindows: File 'VtuneApi.dll' does not exist
LogWindows: Failed to load 'VtuneApi32e.dll' (GetLastError=126)
LogWindows: File 'VtuneApi32e.dll' does not exist
LogInit: Display: Running engine for game: ProjectSushiSlasher
LogPlatformFile: Not using cached read wrapper
LogTaskGraph: Started task graph with 5 named threads and 14 total threads with 3 sets of task threads.
LogStats: Stats thread started at 0.176374
LogD3D11RHI: Loaded GFSDK_Aftermath_Lib.x64.dll
LogICUInternationalization: Display: ICU TimeZone Detection - Raw Offset: +2:00, Platform Override: ''
LogPluginManager: Mounting plugin Paper2D
LogPluginManager: Mounting plugin AISupport
LogPluginManager: Mounting plugin LightPropagationVolume
LogPluginManager: Mounting plugin CLionSourceCodeAccess
LogPluginManager: Mounting plugin CodeLiteSourceCodeAccess
LogPluginManager: Mounting plugin GitSourceControl
LogPluginManager: Mounting plugin KDevelopSourceCodeAccess
LogPluginManager: Mounting plugin NullSourceCodeAccess
LogPluginManager: Mounting plugin PerforceSourceControl
LogPluginManager: Mounting plugin SubversionSourceControl
LogPluginManager: Mounting plugin UObjectPlugin
LogPluginManager: Mounting plugin VisualStudioCodeSourceCodeAccess
LogPluginManager: Mounting plugin VisualStudioSourceCodeAccess
LogPluginManager: Mounting plugin XCodeSourceCodeAccess
LogPluginManager: Mounting plugin AssetManagerEditor
LogPluginManager: Mounting plugin CryptoKeys
LogPluginManager: Mounting plugin DataValidation
LogPluginManager: Mounting plugin FacialAnimation
LogPluginManager: Mounting plugin GameplayTagsEditor
LogPluginManager: Mounting plugin MacGraphicsSwitching
LogPluginManager: Mounting plugin MeshEditor
LogPluginManager: Mounting plugin MobileLauncherProfileWizard
LogPluginManager: Mounting plugin PluginBrowser
LogPluginManager: Mounting plugin SpeedTreeImporter
LogPluginManager: Mounting plugin DatasmithContent
LogPluginManager: Mounting plugin AlembicImporter
LogPluginManager: Mounting plugin AppleImageUtils
LogPluginManager: Mounting plugin AppleVision
LogPluginManager: Mounting plugin BackChannel
LogPluginManager: Mounting plugin CharacterAI
LogPluginManager: Mounting plugin GeometryCache
LogPluginManager: Mounting plugin HTML5Networking
LogPluginManager: Mounting plugin ProxyLODPlugin
LogPluginManager: Mounting plugin MagicLeap
LogPluginManager: Mounting plugin MagicLeapEmulator
LogPluginManager: Mounting plugin MagicLeapMedia
LogPluginManager: Mounting plugin AndroidMedia
LogPluginManager: Mounting plugin AvfMedia
LogPluginManager: Mounting plugin ImgMedia
LogPluginManager: Mounting plugin LinearTimecode
LogPluginManager: Mounting plugin MediaCompositing
LogPluginManager: Mounting plugin MediaPlayerEditor
LogPluginManager: Mounting plugin WmfMedia
LogPluginManager: Mounting plugin TcpMessaging
LogPluginManager: Mounting plugin UdpMessaging
LogPluginManager: Mounting plugin ActorSequence
LogPluginManager: Mounting plugin LevelSequenceEditor
LogPluginManager: Mounting plugin MatineeToLevelSequence
LogPluginManager: Mounting plugin NetcodeUnitTest
LogPluginManager: Mounting plugin NUTUnrealEngine4
LogPluginManager: Mounting plugin OnlineSubsystemGooglePlay
LogPluginManager: Mounting plugin OnlineSubsystemIOS
LogPluginManager: Mounting plugin OnlineSubsystem
LogPluginManager: Mounting plugin OnlineSubsystemNull
LogPluginManager: Mounting plugin OnlineSubsystemUtils
LogPluginManager: Mounting plugin LauncherChunkInstaller
LogPluginManager: Mounting plugin AndroidDeviceProfileSelector
LogPluginManager: Mounting plugin AndroidMoviePlayer
LogPluginManager: Mounting plugin AndroidPermission
LogPluginManager: Mounting plugin AppleMoviePlayer
LogPluginManager: Mounting plugin ArchVisCharacter
LogPluginManager: Mounting plugin AudioCapture
LogPluginManager: Mounting plugin CableComponent
LogPluginManager: Mounting plugin CustomMeshComponent
LogPluginManager: Mounting plugin EditableMesh
LogPluginManager: Mounting plugin ExampleDeviceProfileSelector
LogPluginManager: Mounting plugin GoogleCloudMessaging
LogPluginManager: Mounting plugin ImmediatePhysics
LogPluginManager: Mounting plugin IOSDeviceProfileSelector
LogPluginManager: Mounting plugin LinuxDeviceProfileSelector
LogPluginManager: Mounting plugin LocationServicesBPLibrary
LogPluginManager: Mounting plugin MobilePatchingUtils
LogPluginManager: Mounting plugin OculusVR
LogPluginManager: Plugin shader directory ../../../Engine/Plugins/Runtime/Oculus/OculusVR/Shaders found
LogPluginManager: Mapping shader source directory ../../../Engine/Plugins/Runtime/Oculus/OculusVR/Shaders to virtual directory /Plugin/OculusVR
LogPluginManager: Mounting plugin PhysXVehicles
LogPluginManager: Mounting plugin ProceduralMeshComponent
LogPluginManager: Mounting plugin RuntimePhysXCooking
LogPluginManager: Mounting plugin SteamVR
LogPluginManager: Mounting plugin WindowsMoviePlayer
LogStreaming: Display: Took  0.105s to configure plugins.
LogInit: Using libcurl 7.55.1-DEV
LogInit:  - built for x86_64-pc-win32
LogInit:  - supports SSL with OpenSSL/1.0.2h
LogInit:  - supports HTTP deflate (compression) using libz 1.2.8
LogInit:  - other features:
LogInit:      CURL_VERSION_SSL
LogInit:      CURL_VERSION_LIBZ
LogInit:      CURL_VERSION_IPV6
LogInit:      CURL_VERSION_ASYNCHDNS
LogInit:      CURL_VERSION_LARGEFILE
LogInit:      CURL_VERSION_IDN
LogInit:  CurlRequestOptions (configurable via config and command line):
LogInit:  - bVerifyPeer = false  - Libcurl will NOT verify peer certificate
LogInit:  - bUseHttpProxy = false  - Libcurl will NOT use HTTP proxy
LogInit:  - bDontReuseConnections = false  - Libcurl will reuse connections
LogInit:  - CertBundlePath = nullptr  - Libcurl will use whatever was configured at build time.
LogInit:  - MaxHostConnections = 16  - Libcurl will limit the number of connections to a host
LogInit:  - LocalHostAddr = Default
LogInit:  - BufferSize = 65536
LogInit: WinSock: version 1.1 (2.2), MaxSocks=32767, MaxUdp=65467
LogInit: Build: ++UE4+Release-4.20-CL-4369336
LogInit: Engine Version: 4.20.3-4369336+++UE4+Release-4.20
LogInit: Compatible Engine Version: 4.20.0-4212847+++UE4+Release-4.20
LogInit: Net CL: 4212847
LogInit: OS: Windows 10 (), CPU: Intel(R) Core(TM) i5-4670K CPU @ 3.40GHz, GPU: NVIDIA GeForce GTX 770
LogInit: Compiled (64-bit): Sep 17 2018 12:26:19
LogInit: Compiled with Visual C++: 19.13.26129.00
LogInit: Build Configuration: Development
LogInit: Branch Name: ++UE4+Release-4.20
LogInit: Command Line:  
LogInit: Base Directory: D:/Software/UE_4.20/Engine/Binaries/Win64/
LogInit: Installed Engine Build: 1
LogDevObjectVersion: Number of dev versions registered: 20
LogDevObjectVersion:   Dev-Blueprints (B0D832E4-1F89-4F0D-ACCF-7EB736FD4AA2): 10
LogDevObjectVersion:   Dev-Build (E1C64328-A22C-4D53-A36C-8E866417BD8C): 0
LogDevObjectVersion:   Dev-Core (375EC13C-06E4-48FB-B500-84F0262A717E): 2
LogDevObjectVersion:   Dev-Editor (E4B068ED-F494-42E9-A231-DA0B2E46BB41): 24
LogDevObjectVersion:   Dev-Framework (CFFC743F-43B0-4480-9391-14DF171D2073): 34
LogDevObjectVersion:   Dev-Mobile (B02B49B5-BB20-44E9-A304-32B752E40360): 2
LogDevObjectVersion:   Dev-Networking (A4E4105C-59A1-49B5-A7C5-40C4547EDFEE): 0
LogDevObjectVersion:   Dev-Online (39C831C9-5AE6-47DC-9A44-9C173E1C8E7C): 0
LogDevObjectVersion:   Dev-Physics (78F01B33-EBEA-4F98-B9B4-84EACCB95AA2): 0
LogDevObjectVersion:   Dev-Platform (6631380F-2D4D-43E0-8009-CF276956A95A): 0
LogDevObjectVersion:   Dev-Rendering (12F88B9F-8875-4AFC-A67C-D90C383ABD29): 26
LogDevObjectVersion:   Dev-Sequencer (7B5AE74C-D270-4C10-A958-57980B212A5A): 9
LogDevObjectVersion:   Dev-VR (D7296918-1DD6-4BDD-9DE2-64A83CC13884): 2
LogDevObjectVersion:   Dev-LoadTimes (C2A15278-BFE7-4AFE-6C17-90FF531DF755): 1
LogDevObjectVersion:   Private-Geometry (6EACA3D4-40EC-4CC1-B786-8BED09428FC5): 3
LogDevObjectVersion:   Dev-AnimPhys (29E575DD-E0A3-4627-9D10-D276232CDCEA): 17
LogDevObjectVersion:   Dev-ReflectionCapture (6B266CEC-1EC7-4B8F-A30B-E4D90942FC07): 1
LogDevObjectVersion:   Dev-Automation (0DF73D61-A23F-47EA-B727-89E90C41499A): 1
LogDevObjectVersion:   FortniteMain (601D1886-AC64-4F84-AA16-D3DE0DEAC7D6): 12
LogDevObjectVersion:   Dev-Enterprise (9DFFBCD6-494F-0158-E221-12823C92A888): 1
LogStreaming: Display: Took  0.001s to delete old logs.
LogInit: Presizing for max 8388607 objects, including 0 objects not considered by GC, pre-allocating 0 bytes for permanent pool.
LogInit: Object subsystem initialized
[2018.10.04-19.20.52:643][  0]LogInit: Selected Device Profile: [Windows]
[2018.10.04-19.20.52:643][  0]LogInit: Applying CVar settings loaded from the selected device profile: [Windows]
[2018.10.04-19.20.52:651][  0]LogHAL: Display: Platform has ~ 12 GB [12766343168 / 17179869184 / 12], which maps to Larger [LargestMinGB=32, LargerMinGB=12, DefaultMinGB=8, SmallerMinGB=6, SmallestMinGB=0)
[2018.10.04-19.20.52:651][  0]LogInit: Setting Device Profile CVar: [[r.Vulkan.UseRealUBs:1]]
[2018.10.04-19.20.52:651][  0]LogInit: Going up to parent DeviceProfile []
[2018.10.04-19.20.52:651][  0]LogInit: Computer: DESKTOP-7D7BSHQ
[2018.10.04-19.20.52:651][  0]LogInit: User: manif3st
[2018.10.04-19.20.52:651][  0]LogInit: CPU Page size=4096, Cores=4
[2018.10.04-19.20.52:651][  0]LogInit: High frequency timer resolution =3.320311 MHz
[2018.10.04-19.20.52:651][  0]LogMemory: Memory total: Physical=11.9GB (12GB approx)
[2018.10.04-19.20.52:651][  0]LogMemory: Platform Memory Stats for Windows
[2018.10.04-19.20.52:651][  0]LogMemory: Process Physical Memory: 100.25 MB used, 100.25 MB peak
[2018.10.04-19.20.52:651][  0]LogMemory: Process Virtual Memory: 84.51 MB used, 84.51 MB peak
[2018.10.04-19.20.52:651][  0]LogMemory: Physical Memory: 5947.07 MB used,  6227.86 MB free, 12174.93 MB total
[2018.10.04-19.20.52:652][  0]LogMemory: Virtual Memory: 4606.11 MB used,  6227.86 MB free, 134217728.00 MB total
[2018.10.04-19.20.52:671][  0]LogInit: Using OS detected language (en-US).
[2018.10.04-19.20.52:671][  0]LogInit: Using OS detected locale (en-ZA).
[2018.10.04-19.20.52:672][  0]LogTextLocalizationManager: No specific localization for 'en-US' exists, so the 'en' localization will be used.
[2018.10.04-19.20.53:013][  0]LogStreaming: Display: Took  0.342s to InitEngineTextLocalization.
[2018.10.04-19.20.53:013][  0]LogInit: Setting process to per monitor DPI aware
[2018.10.04-19.20.53:044][  0]LogSlate: New Slate User Created.  User Index 0, Is Virtual User: 0
[2018.10.04-19.20.53:044][  0]LogSlate: Slate User Registered.  User Index 0, Is Virtual User: 0
[2018.10.04-19.20.53:239][  0]LogHMD: Failed to initialize OpenVR with code 110
[2018.10.04-19.20.53:239][  0]LogD3D11RHI: D3D11 adapters:
[2018.10.04-19.20.53:285][  0]LogD3D11RHI:    0. 'NVIDIA GeForce GTX 770' (Feature Level 11_0)
[2018.10.04-19.20.53:285][  0]LogD3D11RHI:       2007/0/6087 MB DedicatedVideo/DedicatedSystem/SharedSystem, Outputs:2, VendorId:0x10de
[2018.10.04-19.20.53:292][  0]LogD3D11RHI:    1. 'Intel(R) HD Graphics 4600' (Feature Level 11_0)
[2018.10.04-19.20.53:292][  0]LogD3D11RHI:       112/0/2048 MB DedicatedVideo/DedicatedSystem/SharedSystem, Outputs:1, VendorId:0x8086
[2018.10.04-19.20.53:294][  0]LogD3D11RHI:    2. 'Microsoft Basic Render Driver' (Feature Level 11_0)
[2018.10.04-19.20.53:294][  0]LogD3D11RHI:       0/0/6087 MB DedicatedVideo/DedicatedSystem/SharedSystem, Outputs:0, VendorId:0x1414
[2018.10.04-19.20.53:294][  0]LogD3D11RHI: Chosen D3D11 Adapter: 0
[2018.10.04-19.20.53:300][  0]LogD3D11RHI: Creating new Direct3DDevice
[2018.10.04-19.20.53:300][  0]LogD3D11RHI:     GPU DeviceId: 0x1184 (for the marketing name, search the web for "GPU Device Id")
[2018.10.04-19.20.53:300][  0]LogWindows: EnumDisplayDevices:
[2018.10.04-19.20.53:300][  0]LogWindows:    0. 'NVIDIA GeForce GTX 770' (P:0 D:1)
[2018.10.04-19.20.53:301][  0]LogWindows:    1. 'NVIDIA GeForce GTX 770' (P:1 D:1)
[2018.10.04-19.20.53:301][  0]LogWindows:    2. 'NVIDIA GeForce GTX 770' (P:0 D:0)
[2018.10.04-19.20.53:301][  0]LogWindows:    3. 'NVIDIA GeForce GTX 770' (P:0 D:0)
[2018.10.04-19.20.53:301][  0]LogWindows:    4. 'Intel(R) HD Graphics 4600' (P:0 D:1)
[2018.10.04-19.20.53:301][  0]LogWindows:    5. 'Intel(R) HD Graphics 4600' (P:0 D:0)
[2018.10.04-19.20.53:302][  0]LogWindows:    6. 'Intel(R) HD Graphics 4600' (P:0 D:0)
[2018.10.04-19.20.53:302][  0]LogWindows: DebugString: PrimaryIsNotTheChoosenAdapter PrimaryIsNotTheChoosenAdapter PrimaryIsNotTheChoosenAdapter FoundDriverCount:4 
[2018.10.04-19.20.53:302][  0]LogD3D11RHI:     Adapter Name: NVIDIA GeForce GTX 770
[2018.10.04-19.20.53:302][  0]LogD3D11RHI:   Driver Version: 411.70 (internal:24.21.14.1170, unified:411.70)
[2018.10.04-19.20.53:302][  0]LogD3D11RHI:      Driver Date: 9-25-2018
[2018.10.04-19.20.53:302][  0]LogRHI: Texture pool is 1404 MB (70% of 2007 MB)
[2018.10.04-19.20.53:334][  0]LogD3D11RHI: Async texture creation enabled
[2018.10.04-19.20.53:350][  0]LogD3D11RHI: GPU Timing Frequency: 1000.000000 (Debug: 2 2)
[2018.10.04-19.20.53:400][  0]LogShaderCompilers: Guid format shader working directory is -4 characters bigger than the processId version (../../../../../Work/SushiSlasher/ProjectSushiSlasher/Intermediate/Shaders/WorkingDirectory/16056/).
[2018.10.04-19.20.53:401][  0]LogShaderCompilers: Cleaned the shader compiler working directory 'C:/Users/manif3st/AppData/Local/Temp/UnrealShaderWorkingDir/2AFA1A5A4B60C9BB303E3299CB5C5FAB/'.
[2018.10.04-19.20.53:652][  0]LogTemp: Display: Loaded TP AllDesktopTargetPlatform
[2018.10.04-19.20.53:663][  0]LogTemp: Display: Loaded TP MacClientTargetPlatform
[2018.10.04-19.20.53:675][  0]LogTemp: Display: Loaded TP MacNoEditorTargetPlatform
[2018.10.04-19.20.53:686][  0]LogTemp: Display: Loaded TP MacServerTargetPlatform
[2018.10.04-19.20.53:698][  0]LogTemp: Display: Loaded TP MacTargetPlatform
[2018.10.04-19.20.53:710][  0]LogTemp: Display: Loaded TP WindowsClientTargetPlatform
[2018.10.04-19.20.53:721][  0]LogTemp: Display: Loaded TP WindowsNoEditorTargetPlatform
[2018.10.04-19.20.53:733][  0]LogTemp: Display: Loaded TP WindowsServerTargetPlatform
[2018.10.04-19.20.53:739][  0]LogTemp: Display: Loaded TP WindowsTargetPlatform
[2018.10.04-19.20.53:806][  0]LogTemp: Display: Loaded TP AndroidTargetPlatform
[2018.10.04-19.20.53:806][  0]LogTemp: Display: Loaded TP AndroidTargetPlatform
[2018.10.04-19.20.53:807][  0]LogTemp: Display: Loaded TP AndroidTargetPlatform
[2018.10.04-19.20.53:807][  0]LogTemp: Display: Loaded TP AndroidTargetPlatform
[2018.10.04-19.20.53:807][  0]LogTemp: Display: Loaded TP AndroidTargetPlatform
[2018.10.04-19.20.53:807][  0]LogTemp: Display: Loaded TP AndroidTargetPlatform
[2018.10.04-19.20.53:807][  0]LogTemp: Display: Loaded TP AndroidTargetPlatform
[2018.10.04-19.20.53:807][  0]LogTemp: Display: Loaded TP AndroidTargetPlatform
[2018.10.04-19.20.53:807][  0]LogTemp: Display: Loaded TP AndroidTargetPlatform
[2018.10.04-19.20.53:807][  0]LogTemp: Display: Loaded TP AndroidTargetPlatform
[2018.10.04-19.20.53:807][  0]LogTemp: Display: Loaded TP AndroidTargetPlatform
[2018.10.04-19.20.53:807][  0]LogTemp: Display: Loaded TP AndroidTargetPlatform
[2018.10.04-19.20.53:807][  0]LogTemp: Display: Loaded TP AndroidTargetPlatform
[2018.10.04-19.20.53:807][  0]LogTemp: Display: Loaded TP AndroidTargetPlatform
[2018.10.04-19.20.53:807][  0]LogTemp: Display: Loaded TP AndroidTargetPlatform
[2018.10.04-19.20.53:807][  0]LogTemp: Display: Loaded TP AndroidTargetPlatform
[2018.10.04-19.20.53:807][  0]LogTemp: Display: Loaded TP AndroidTargetPlatform
[2018.10.04-19.20.53:807][  0]LogTemp: Display: Loaded TP AndroidTargetPlatform
[2018.10.04-19.20.53:808][  0]LogTemp: Display: Loaded TP HTML5TargetPlatform
[2018.10.04-19.20.53:865][  0]LogTemp: Display: Loaded TP IOSTargetPlatform
[2018.10.04-19.20.53:865][  0]LogTemp: Display: Loaded TP IOSTargetPlatform
[2018.10.04-19.20.53:885][  0]LogTemp: Display: Loaded TP TVOSTargetPlatform
[2018.10.04-19.20.53:885][  0]LogTemp: Display: Loaded TP TVOSTargetPlatform
[2018.10.04-19.20.53:896][  0]LogTemp: Display: Loaded TP LinuxClientTargetPlatform
[2018.10.04-19.20.53:908][  0]LogTemp: Display: Loaded TP LinuxNoEditorTargetPlatform
[2018.10.04-19.20.53:919][  0]LogTemp: Display: Loaded TP LinuxServerTargetPlatform
[2018.10.04-19.20.53:930][  0]LogTemp: Display: Loaded TP LinuxTargetPlatform
[2018.10.04-19.20.53:938][  0]LogTemp: Display: Loaded TP LuminTargetPlatform
[2018.10.04-19.20.53:939][  0]LogTargetPlatformManager: Display: Building Assets For Windows
[2018.10.04-19.20.53:984][  0]LogXGEController: Cleaning working directory: C:/Users/manif3st/AppData/Local/Temp/UnrealXGEWorkingDir/
[2018.10.04-19.20.53:984][  0]LogXGEController: Cannot use XGE Controller as Incredibuild is not installed on this machine.
[2018.10.04-19.20.53:984][  0]LogShaderCompilers: Cannot use XGE Shader Compiler as Incredibuild is not installed on this machine.
[2018.10.04-19.20.53:984][  0]LogShaderCompilers: Display: Using Local Shader Compiler.
[2018.10.04-19.20.54:575][  0]LogDerivedDataCache: Display: Max Cache Size: 512 MB
[2018.10.04-19.20.54:631][  0]LogDerivedDataCache: Loaded boot cache 0.06s 71MB C:/Users/manif3st/AppData/Local/UnrealEngine/4.20/DerivedDataCache/Boot.ddc.
[2018.10.04-19.20.54:632][  0]LogDerivedDataCache: Display: Loaded Boot cache: C:/Users/manif3st/AppData/Local/UnrealEngine/4.20/DerivedDataCache/Boot.ddc
[2018.10.04-19.20.54:632][  0]LogDerivedDataCache: FDerivedDataBackendGraph:  Pak pak cache file ../../../../../Work/SushiSlasher/ProjectSushiSlasher/DerivedDataCache/DDC.ddp not found, will not use a pak cache.
[2018.10.04-19.20.54:632][  0]LogDerivedDataCache: Unable to find inner node Pak for hierarchical cache Hierarchy.
[2018.10.04-19.20.54:632][  0]LogDerivedDataCache: FDerivedDataBackendGraph:  CompressedPak pak cache file ../../../../../Work/SushiSlasher/ProjectSushiSlasher/DerivedDataCache/Compressed.ddp not found, will not use a pak cache.
[2018.10.04-19.20.54:632][  0]LogDerivedDataCache: Unable to find inner node CompressedPak for hierarchical cache Hierarchy.
[2018.10.04-19.20.54:643][  0]LogDerivedDataCache: Display: Pak cache opened for reading ../../../Engine/DerivedDataCache/Compressed.ddp.
[2018.10.04-19.20.54:656][  0]LogDerivedDataCache: Using Local data cache path C:/Users/manif3st/AppData/Local/UnrealEngine/Common/DerivedDataCache: Writable
[2018.10.04-19.20.54:656][  0]LogDerivedDataCache: Shared data cache path not found in *engine.ini, will not use an Shared cache.
[2018.10.04-19.20.54:656][  0]LogDerivedDataCache: Unable to find inner node Shared for hierarchical cache Hierarchy.
[2018.10.04-19.20.54:672][  0]LogMaterial: Verifying Global Shaders for PCD3D_SM5
[2018.10.04-19.20.54:673][  0]LogSlate: Using FreeType 2.6.0
[2018.10.04-19.20.54:674][  0]LogSlate: SlateFontServices - WITH_FREETYPE: 1, WITH_HARFBUZZ: 1
[2018.10.04-19.20.54:748][  0]LogAssetRegistry: FAssetRegistry took 0.0258 seconds to start up
[2018.10.04-19.20.55:017][  0]LogInit: Selected Device Profile: [Windows]
[2018.10.04-19.20.55:126][  0]LogSimplygon: Simplygon DLL not present - disabling.
[2018.10.04-19.20.55:129][  0]LogMeshReduction: Using SimplygonSwarm for distributed automatic mesh merging
[2018.10.04-19.20.55:129][  0]LogMeshReduction: Using ProxyLODMeshReduction for automatic mesh merging
[2018.10.04-19.20.55:129][  0]LogMeshReduction: Using QuadricMeshReduction for automatic static mesh reduction
[2018.10.04-19.20.55:129][  0]LogMeshReduction: No automatic skeletal mesh reduction module available
[2018.10.04-19.20.55:146][  0]LogNetVersion: ProjectSushiSlasher 1.0.0, NetCL: 4212847, EngineNetVer: 5, GameNetVer: 0 (Checksum: 3441658974)
[2018.10.04-19.20.55:597][  0]LogPackageLocalizationCache: Processed 11 localized package path(s) for 2 prioritized culture(s) in 0.092808 seconds
[2018.10.04-19.20.55:604][  0]LogUObjectArray: 38425 objects as part of root set at end of initial load.
[2018.10.04-19.20.55:604][  0]LogUObjectAllocator: 6690864 out of 0 bytes used by permanent object pool.
[2018.10.04-19.20.55:604][  0]LogUObjectArray: CloseDisregardForGC: 0/0 objects in disregard for GC pool
[2018.10.04-19.20.56:398][  0]LogTcpMessaging: Initializing TcpMessaging bridge
[2018.10.04-19.20.56:411][  0]LogUdpMessaging: Initializing bridge on interface 0.0.0.0:0 to multicast group 230.0.0.1:6666.
[2018.10.04-19.20.56:555][  0]SourceControl: Source control is disabled
[2018.10.04-19.20.57:198][  0]LogAndroidPermission: UAndroidPermissionCallbackProxy::GetInstance
[2018.10.04-19.20.57:268][  0]LogOcInput: OculusInput pre-init called
[2018.10.04-19.20.57:321][  0]LogEngine: Initializing Engine...
[2018.10.04-19.20.57:322][  0]LogHMD: Failed to initialize OpenVR with code 110
[2018.10.04-19.20.57:323][  0]LogStats: UGameplayTagsManager::ConstructGameplayTagTree: ImportINI prefixes -  0.000 s
[2018.10.04-19.20.57:323][  0]LogStats: UGameplayTagsManager::ConstructGameplayTagTree: Construct from data asset -  0.000 s
[2018.10.04-19.20.57:323][  0]LogStats: UGameplayTagsManager::ConstructGameplayTagTree: ImportINI -  0.000 s
[2018.10.04-19.20.57:323][  0]LogStats: UGameplayTagsManager::ConstructGameplayTagTree: GameplayTagTreeChangedEvent.Broadcast -  0.000 s
[2018.10.04-19.20.57:515][  0]LogInit: Initializing FReadOnlyCVARCache
[2018.10.04-19.20.57:528][  0]LogAIModule: Creating AISystem for world Untitled
[2018.10.04-19.20.57:548][  0]LogInit: XAudio2 using 'Speakers (Realtek High Definition Audio)' : 2 channels at 48 kHz using 32 bits per sample (channel mask 0x3)
[2018.10.04-19.20.57:569][  0]LogInit: FAudioDevice initialized.
[2018.10.04-19.20.57:570][  0]LogNetVersion: Set ProjectVersion to 1.0.0.0. Version Checksum will be recalculated on next use.
[2018.10.04-19.20.57:711][  0]LogDerivedDataCache: Saved boot cache 0.14s 71MB C:/Users/manif3st/AppData/Local/UnrealEngine/4.20/DerivedDataCache/Boot.ddc.
[2018.10.04-19.20.57:718][  0]LogInit: Texture streaming: Enabled
[2018.10.04-19.20.57:736][  0]LogEngineSessionManager: EngineSessionManager initialized
[2018.10.04-19.20.57:747][  0]LogInit: Transaction tracking system initialized
[2018.10.04-19.20.57:766][  0]BlueprintLog: New page: Editor Load
[2018.10.04-19.20.57:829][  0]LocalizationService: Localization service is disabled
[2018.10.04-19.20.58:049][  0]LogCook: Display: Max memory allowance for cook 16384mb min free memory 0mb
[2018.10.04-19.20.58:049][  0]LogCook: Display: Mobile HDR setting 1
[2018.10.04-19.20.58:049][  0]LogGameplayTags: Display: UGameplayTagsManager::DoneAddingNativeTags. DelegateIsBound: 0
[2018.10.04-19.20.58:049][  0]LogStats: UGameplayTagsManager::ConstructGameplayTagTree: ImportINI prefixes -  0.000 s
[2018.10.04-19.20.58:049][  0]LogStats: UGameplayTagsManager::ConstructGameplayTagTree: Construct from data asset -  0.000 s
[2018.10.04-19.20.58:049][  0]LogStats: UGameplayTagsManager::ConstructGameplayTagTree: ImportINI -  0.000 s
[2018.10.04-19.20.58:049][  0]LogStats: UGameplayTagsManager::ConstructGameplayTagTree: GameplayTagTreeChangedEvent.Broadcast -  0.000 s
[2018.10.04-19.20.58:153][  0]LogFileCache: Scanning file cache for directory 'D:/Work/SushiSlasher/ProjectSushiSlasher/Content/' took 0.01s
[2018.10.04-19.20.58:161][  0]Cmd: MAP LOAD FILE="../../../../../Work/SushiSlasher/ProjectSushiSlasher/Content/Maps/MainMenu.umap" TEMPLATE=0 SHOWPROGRESS=1 FEATURELEVEL=3
[2018.10.04-19.20.58:162][  0]LightingResults: New page: Lighting Build
[2018.10.04-19.20.58:164][  0]MapCheck: New page: Map Check
[2018.10.04-19.20.58:164][  0]LightingResults: New page: Lighting Build
[2018.10.04-19.20.58:209][  0]LogAIModule: Creating AISystem for world MainMenu
[2018.10.04-19.20.58:210][  0]LogEditorServer: Finished looking for orphan Actors (0.000 secs)
[2018.10.04-19.20.58:229][  0]Cmd: MAP CHECKDEP NOCLEARLOG
[2018.10.04-19.20.58:278][  0]MapCheck: Map check complete: 0 Error(s), 0 Warning(s), took 48,895ms to complete.
[2018.10.04-19.20.58:278][  0]LogFileHelpers: Loading map 'MainMenu' took 0.117
[2018.10.04-19.20.58:398][  0]LogSlate: Updating window title bar state: overlay mode, drag disabled, window buttons hidden, title bar hidden
[2018.10.04-19.20.58:406][  0]LogSlate: Updating window title bar state: overlay mode, drag disabled, window buttons hidden, title bar hidden
[2018.10.04-19.20.58:414][  0]LogSlate: Updating window title bar state: overlay mode, drag disabled, window buttons hidden, title bar hidden
[2018.10.04-19.20.58:421][  0]LogSlate: Updating window title bar state: overlay mode, drag disabled, window buttons hidden, title bar hidden
[2018.10.04-19.20.58:425][  0]LogCollectionManager: Loaded 0 collections in 0.001109 seconds
[2018.10.04-19.20.58:472][  0]LogFileCache: Scanning file cache for directory 'D:/Work/SushiSlasher/ProjectSushiSlasher/Saved/Collections/' took 0.01s
[2018.10.04-19.20.58:472][  0]LogFileCache: Scanning file cache for directory 'D:/Work/SushiSlasher/ProjectSushiSlasher/Content/Developers/manif3st/Collections/' took 0.01s
[2018.10.04-19.20.58:472][  0]LogFileCache: Scanning file cache for directory 'D:/Work/SushiSlasher/ProjectSushiSlasher/Content/Collections/' took 0.01s
[2018.10.04-19.20.58:472][  0]LogCollectionManager: Rebuilt the GUID cache for 0 collections in 0.000001 seconds
[2018.10.04-19.20.58:481][  0]LogContentBrowser: Native class hierarchy populated in 0.0086 seconds. Added 2572 classes and 603 folders.
[2018.10.04-19.20.58:486][  0]LogContentBrowser: Native class hierarchy updated for 'WidgetCarousel' in 0.0002 seconds. Added 0 classes and 0 folders.
[2018.10.04-19.20.58:534][  0]LogContentBrowser: Native class hierarchy updated for 'AddContentDialog' in 0.0004 seconds. Added 0 classes and 0 folders.
[2018.10.04-19.20.58:538][  0]LogContentBrowser: Native class hierarchy updated for 'SceneOutliner' in 0.0003 seconds. Added 1 classes and 2 folders.
[2018.10.04-19.20.58:597][  0]LogSlate: Took 0.000386 seconds to synchronously load lazily loaded font '../../../Engine/Content/Slate/Fonts/Roboto-Regular.ttf' (155K)
[2018.10.04-19.20.58:599][  0]LogSlate: Took 0.000213 seconds to synchronously load lazily loaded font '../../../Engine/Content/Slate/Fonts/Roboto-Bold.ttf' (160K)
[2018.10.04-19.20.58:604][  0]LogSlate: Took 0.000344 seconds to synchronously load lazily loaded font '../../../Engine/Content/Editor/Slate/Fonts/FontAwesome.ttf' (139K)
[2018.10.04-19.20.58:679][  0]LogRenderer: Reallocating scene render targets to support 1208x636 Format 10 NumSamples 1 (Frame:1).
[2018.10.04-19.20.58:809][  0]LogContentBrowser: Native class hierarchy updated for 'HierarchicalLODOutliner' in 0.0003 seconds. Added 0 classes and 0 folders.
[2018.10.04-19.20.58:809][  0]LogLoad: (Engine Initialization) Total time: 7.54 seconds
[2018.10.04-19.20.58:809][  0]LogLoad: (Engine Initialization) Total Blueprint compile time: 0.00 seconds
[2018.10.04-19.20.58:823][  0]LogWindowsTextInputMethodSystem: Display: IME system now deactivated.
[2018.10.04-19.20.58:848][  0]LogContentStreaming: Texture pool size now 1000 MB
[2018.10.04-19.20.58:954][  1]LogAssetRegistry: Asset discovery search completed in 4.2285 seconds
[2018.10.04-19.20.58:957][  1]LogCollectionManager: Rebuilt the object cache for 0 collections in 0.000000 seconds (found 0 objects)
[2018.10.04-19.20.58:957][  1]LogCollectionManager: Fixed up redirectors for 0 collections in 0.000074 seconds (updated 0 objects)
[2018.10.04-19.21.00:275][152]LogSlate: FSceneViewport::OnFocusLost() reason 2
[2018.10.04-19.21.01:517][294]SourceControl: fatal: D:/Software/UE_4.20/Engine/Content: 'D:/Software/UE_4.20/Engine/Content' is outside repository
[2018.10.04-19.21.01:626][294]LogSlate: FSceneViewport::OnFocusLost() reason 2
[2018.10.04-19.21.12:220][294]LogSlate: Window 'Submit Files' being destroyed
[2018.10.04-19.21.12:232][294]LogSlate: FSceneViewport::OnFocusLost() reason 2
[2018.10.04-19.21.12:685][294]LogSlate: FSceneViewport::OnFocusLost() reason 2
[2018.10.04-19.21.12:817][294]LogSlate: FSceneViewport::OnFocusLost() reason 2
[2018.10.04-19.21.14:188][294]LogSourceControl: commit successful: [master a3b0704] Flushing
[2018.10.04-19.21.14:638][294]SourceControl: [master a3b0704] Flushing
[2018.10.04-19.21.14:638][294]SourceControl:  13 files changed, 4 insertions(+), 1 deletion(-)
[2018.10.04-19.21.14:638][294]SourceControl:  rewrite Content/AI/TesterAI/Blueprints/AINinjaBP.uasset (65%)
[2018.10.04-19.21.14:638][294]SourceControl:  rewrite Content/Items/HealthDeplete.uasset (75%)
[2018.10.04-19.21.14:638][294]SourceControl:  rewrite Content/Items/HealthRegen.uasset (77%)
[2018.10.04-19.21.14:638][294]SourceControl:  rewrite Content/Items/Star.uasset (93%)
[2018.10.04-19.21.14:638][294]SourceControl:  delete mode 100644 Content/SushiSlasher/Blueprints/SushiSlasherBP.uasset
[2018.10.04-19.21.14:638][294]SourceControl:  create mode 100644 Content/SushiSlasher/Blueprints/SushiSlasherBPTest.uasset
[2018.10.04-19.21.14:638][294]SourceControl:  rewrite Content/Triggers/LevelCompleteTrigger.uasset (84%)
[2018.10.04-19.21.14:646][294]SourceControl: Commited [master a3b0704] Flushing.
[2018.10.04-19.21.14:652][294]LogSlate: Took 0.000224 seconds to synchronously load lazily loaded font '../../../Engine/Content/Slate/Fonts/Roboto-Light.ttf' (167K)
[2018.10.04-19.22.06:355][741]LogSlate: FSceneViewport::OnFocusLost() reason 0
[2018.10.04-19.22.11:803][343]LogBlueprint: Warning: [Compiler SushiSlasherBP] InputAction Event references unknown Action 'Attack1' for  InputAction Attack1
[2018.10.04-19.22.11:809][343]LogBlueprint: Warning: [Compiler SushiSlasherBP] [0080,54] Compile of SushiSlasherBP successful, but with 1 Warning(s) [in 10 ms] (/Game/SushiSlasher/Blueprints/SushiSlasherBP.SushiSlasherBP)
[2018.10.04-19.22.11:906][343]LogSlate: Took 0.000322 seconds to synchronously load lazily loaded font '../../../Engine/Content/Slate/Fonts/Roboto-Light.ttf' (167K)
[2018.10.04-19.22.11:930][343]LogAssetEditorManager: Opening Asset editor for Blueprint /Game/SushiSlasher/Blueprints/SushiSlasherBP.SushiSlasherBP
[2018.10.04-19.22.12:388][343]LogContentBrowser: Native class hierarchy updated for 'BlueprintGraph' in 0.0006 seconds. Added 116 classes and 0 folders.
[2018.10.04-19.22.13:152][343]LogSlate: Took 0.000297 seconds to synchronously load lazily loaded font '../../../Engine/Content/Slate/Fonts/Roboto-BoldCondensed.ttf' (158K)
[2018.10.04-19.22.15:583][518]BlueprintLog: New page: Compile SushiSlasherBP
[2018.10.04-19.22.15:618][518]LogBlueprint: Warning: [Compiler SushiSlasherBP] InputAction Event references unknown Action 'Attack1' for  InputAction Attack1
[2018.10.04-19.22.15:765][518]LogBlueprint: Warning: [Compiler SushiSlasherBP] [0084,50] Compile of SushiSlasherBP successful, but with 1 Warning(s) [in 182 ms] (/Game/SushiSlasher/Blueprints/SushiSlasherBP.SushiSlasherBP)
[2018.10.04-19.22.19:825][815]LogSlate: Took 0.000263 seconds to synchronously load lazily loaded font '../../../Engine/Content/Slate/Fonts/Roboto-Italic.ttf' (157K)
[2018.10.04-19.22.32:228][874]BlueprintLog: New page: Compile SushiSlasherBP
[2018.10.04-19.22.33:592][975]LogSlate: Window 'SushiSlasherBP*' being destroyed
[2018.10.04-19.22.33:594][975]LogSlate: Window 'SushiSlasherBP*' being destroyed
[2018.10.04-19.22.36:801][291]LogSlate: FSceneViewport::OnFocusLost() reason 2
[2018.10.04-19.22.36:897][291]LogSlate: FSceneViewport::OnFocusLost() reason 2
[2018.10.04-19.22.36:919][291]Cmd: OBJ SAVEPACKAGE PACKAGE="/Game/SushiSlasher/Blueprints/SushiSlasherBP" FILE="../../../../../Work/SushiSlasher/ProjectSushiSlasher/Content/SushiSlasher/Blueprints/SushiSlasherBP.uasset" SILENT=true
[2018.10.04-19.22.36:981][291]LogSavePackage: Moving '../../../../../Work/SushiSlasher/ProjectSushiSlasher/Saved/SushiSlasherBP2F96D05A44A30120E2E4A9A9165FD78D.tmp' to '../../../../../Work/SushiSlasher/ProjectSushiSlasher/Content/SushiSlasher/Blueprints/SushiSlasherBP.uasset'
[2018.10.04-19.22.37:441][338]LogSlate: FSceneViewport::OnFocusLost() reason 0
[2018.10.04-19.22.49:899][828]LogSlate: Window 'Submit Files' being destroyed
[2018.10.04-19.22.50:185][828]LogSourceControl: commit successful: [master f00981f] Fixed SushiSlasherBP
[2018.10.04-19.22.50:251][828]SourceControl: [master f00981f] Fixed SushiSlasherBP
[2018.10.04-19.22.50:251][828]SourceControl:  1 file changed, 0 insertions(+), 0 deletions(-)
[2018.10.04-19.22.50:251][828]SourceControl:  create mode 100644 Content/SushiSlasher/Blueprints/SushiSlasherBP.uasset
[2018.10.04-19.22.50:260][828]SourceControl: Commited [master f00981f] Fixed SushiSlasherBP.
[2018.10.04-19.23.01:394][994]LogSlate: Window 'Replace References?' being destroyed
[2018.10.04-19.23.01:396][994]LogSlate: Window 'Delete Assets' being destroyed
[2018.10.04-19.23.02:009][994]LogScript: Warning: Attempted to access missing property 'Attack1'. If this is a packaged/cooked build, are you attempting to use an editor-only property?
	SushiSlasherAnimBP_C /Engine/Transient.World_3:PersistentLevel.SushiSlasherBPTest_C_0.CharacterMesh0.SushiSlasherAnimBP_C_0
	Function /Game/SushiSlasher/Blueprints/SushiSlasherAnimBP.SushiSlasherAnimBP_C:ExecuteUbergraph_SushiSlasherAnimBP:07E4
[2018.10.04-19.23.02:010][994]LogScript: Warning: Attempted to access missing property 'Attack1'. If this is a packaged/cooked build, are you attempting to use an editor-only property?
	SushiSlasherAnimBP_C /Engine/Transient.World_3:PersistentLevel.SushiSlasherBPTest_C_0.CharacterMesh0.SushiSlasherAnimBP_C_1
	Function /Game/SushiSlasher/Blueprints/SushiSlasherAnimBP.SushiSlasherAnimBP_C:ExecuteUbergraph_SushiSlasherAnimBP:07E4
[2018.10.04-19.23.27:033][994]LogSlate: Window 'Message' being destroyed
[2018.10.04-19.23.30:496][994]LogSlate: Window 'Message' being destroyed
[2018.10.04-19.23.41:072][994]LogSlate: Window 'Critical Failure to Consolidate Assets' being destroyed
[2018.10.04-19.23.41:076][994]LogScript: Warning: Attempted to access missing property 'Attack1'. If this is a packaged/cooked build, are you attempting to use an editor-only property?
	SushiSlasherAnimBP_C /Engine/Transient.World_2:PersistentLevel.SushiSlasherBP_C_3.CharacterMesh0.SushiSlasherAnimBP_C_0
	Function /Game/SushiSlasher/Blueprints/SushiSlasherAnimBP.SushiSlasherAnimBP_C:ExecuteUbergraph_SushiSlasherAnimBP:07E4
[2018.10.04-19.23.46:280][506]LogAssetEditorManager: Opening Asset editor for Blueprint /Game/SushiSlasher/Blueprints/SushiSlasherBP.SushiSlasherBP
[2018.10.04-19.23.46:630][506]LogScript: Warning: Attempted to access missing property 'Attack1'. If this is a packaged/cooked build, are you attempting to use an editor-only property?
	SushiSlasherAnimBP_C /Engine/Transient.World_4:PersistentLevel.SushiSlasherBP_C_0.CharacterMesh0.SushiSlasherAnimBP_C_0
	Function /Game/SushiSlasher/Blueprints/SushiSlasherAnimBP.SushiSlasherAnimBP_C:ExecuteUbergraph_SushiSlasherAnimBP:07E4
[2018.10.04-19.23.46:631][506]LogScript: Warning: Attempted to access missing property 'Attack1'. If this is a packaged/cooked build, are you attempting to use an editor-only property?
	SushiSlasherAnimBP_C /Engine/Transient.World_4:PersistentLevel.SushiSlasherBP_C_0.CharacterMesh0.SushiSlasherAnimBP_C_0
	Function /Game/SushiSlasher/Blueprints/SushiSlasherAnimBP.SushiSlasherAnimBP_C:ExecuteUbergraph_SushiSlasherAnimBP:07E4
[2018.10.04-19.23.46:734][507]LogScript: Warning: Attempted to access missing property 'Attack1'. If this is a packaged/cooked build, are you attempting to use an editor-only property?
	SushiSlasherAnimBP_C /Engine/Transient.World_4:PersistentLevel.SushiSlasherBP_C_0.CharacterMesh0.SushiSlasherAnimBP_C_0
	Function /Game/SushiSlasher/Blueprints/SushiSlasherAnimBP.SushiSlasherAnimBP_C:ExecuteUbergraph_SushiSlasherAnimBP:07E4
[2018.10.04-19.23.46:765][508]LogScript: Warning: Attempted to access missing property 'Attack1'. If this is a packaged/cooked build, are you attempting to use an editor-only property?
	SushiSlasherAnimBP_C /Engine/Transient.World_4:PersistentLevel.SushiSlasherBP_C_0.CharacterMesh0.SushiSlasherAnimBP_C_0
	Function /Game/SushiSlasher/Blueprints/SushiSlasherAnimBP.SushiSlasherAnimBP_C:ExecuteUbergraph_SushiSlasherAnimBP:07E4
[2018.10.04-19.23.46:778][509]LogScript: Warning: Attempted to access missing property 'Attack1'. If this is a packaged/cooked build, are you attempting to use an editor-only property?
	SushiSlasherAnimBP_C /Engine/Transient.World_4:PersistentLevel.SushiSlasherBP_C_0.CharacterMesh0.SushiSlasherAnimBP_C_0
	Function /Game/SushiSlasher/Blueprints/SushiSlasherAnimBP.SushiSlasherAnimBP_C:ExecuteUbergraph_SushiSlasherAnimBP:07E4
[2018.10.04-19.23.46:792][510]LogScript: Warning: Attempted to access missing property 'Attack1'. If this is a packaged/cooked build, are you attempting to use an editor-only property?
	SushiSlasherAnimBP_C /Engine/Transient.World_4:PersistentLevel.SushiSlasherBP_C_0.CharacterMesh0.SushiSlasherAnimBP_C_0
	Function /Game/SushiSlasher/Blueprints/SushiSlasherAnimBP.SushiSlasherAnimBP_C:ExecuteUbergraph_SushiSlasherAnimBP:07E4
[2018.10.04-19.23.46:804][511]LogScript: Warning: Attempted to access missing property 'Attack1'. If this is a packaged/cooked build, are you attempting to use an editor-only property?
	SushiSlasherAnimBP_C /Engine/Transient.World_4:PersistentLevel.SushiSlasherBP_C_0.CharacterMesh0.SushiSlasherAnimBP_C_0
	Function /Game/SushiSlasher/Blueprints/SushiSlasherAnimBP.SushiSlasherAnimBP_C:ExecuteUbergraph_SushiSlasherAnimBP:07E4
[2018.10.04-19.23.46:818][512]LogScript: Warning: Attempted to access missing property 'Attack1'. If this is a packaged/cooked build, are you attempting to use an editor-only property?
	SushiSlasherAnimBP_C /Engine/Transient.World_4:PersistentLevel.SushiSlasherBP_C_0.CharacterMesh0.SushiSlasherAnimBP_C_0
	Function /Game/SushiSlasher/Blueprints/SushiSlasherAnimBP.SushiSlasherAnimBP_C:ExecuteUbergraph_SushiSlasherAnimBP:07E4
[2018.10.04-19.23.46:830][513]LogScript: Warning: Attempted to access missing property 'Attack1'. If this is a packaged/cooked build, are you attempting to use an editor-only property?
	SushiSlasherAnimBP_C /Engine/Transient.World_4:PersistentLevel.SushiSlasherBP_C_0.CharacterMesh0.SushiSlasherAnimBP_C_0
	Function /Game/SushiSlasher/Blueprints/SushiSlasherAnimBP.SushiSlasherAnimBP_C:ExecuteUbergraph_SushiSlasherAnimBP:07E4
[2018.10.04-19.23.46:841][514]LogScript: Warning: Attempted to access missing property 'Attack1'. If this is a packaged/cooked build, are you attempting to use an editor-only property?
	SushiSlasherAnimBP_C /Engine/Transient.World_4:PersistentLevel.SushiSlasherBP_C_0.CharacterMesh0.SushiSlasherAnimBP_C_0
	Function /Game/SushiSlasher/Blueprints/SushiSlasherAnimBP.SushiSlasherAnimBP_C:ExecuteUbergraph_SushiSlasherAnimBP:07E4
[2018.10.04-19.23.46:857][515]LogScript: Warning: Attempted to access missing property 'Attack1'. If this is a packaged/cooked build, are you attempting to use an editor-only property?
	SushiSlasherAnimBP_C /Engine/Transient.World_4:PersistentLevel.SushiSlasherBP_C_0.CharacterMesh0.SushiSlasherAnimBP_C_0
	Function /Game/SushiSlasher/Blueprints/SushiSlasherAnimBP.SushiSlasherAnimBP_C:ExecuteUbergraph_SushiSlasherAnimBP:07E4
[2018.10.04-19.23.46:868][516]LogScript: Warning: Attempted to access missing property 'Attack1'. If this is a packaged/cooked build, are you attempting to use an editor-only property?
	SushiSlasherAnimBP_C /Engine/Transient.World_4:PersistentLevel.SushiSlasherBP_C_0.CharacterMesh0.SushiSlasherAnimBP_C_0
	Function /Game/SushiSlasher/Blueprints/SushiSlasherAnimBP.SushiSlasherAnimBP_C:ExecuteUbergraph_SushiSlasherAnimBP:07E4
[2018.10.04-19.23.46:882][517]LogScript: Warning: Attempted to access missing property 'Attack1'. If this is a packaged/cooked build, are you attempting to use an editor-only property?
	SushiSlasherAnimBP_C /Engine/Transient.World_4:PersistentLevel.SushiSlasherBP_C_0.CharacterMesh0.SushiSlasherAnimBP_C_0
	Function /Game/SushiSlasher/Blueprints/SushiSlasherAnimBP.SushiSlasherAnimBP_C:ExecuteUbergraph_SushiSlasherAnimBP:07E4
[2018.10.04-19.23.46:895][518]LogScript: Warning: Attempted to access missing property 'Attack1'. If this is a packaged/cooked build, are you attempting to use an editor-only property?
	SushiSlasherAnimBP_C /Engine/Transient.World_4:PersistentLevel.SushiSlasherBP_C_0.CharacterMesh0.SushiSlasherAnimBP_C_0
	Function /Game/SushiSlasher/Blueprints/SushiSlasherAnimBP.SushiSlasherAnimBP_C:ExecuteUbergraph_SushiSlasherAnimBP:07E4
[2018.10.04-19.23.46:905][519]LogScript: Warning: Attempted to access missing property 'Attack1'. If this is a packaged/cooked build, are you attempting to use an editor-only property?
	SushiSlasherAnimBP_C /Engine/Transient.World_4:PersistentLevel.SushiSlasherBP_C_0.CharacterMesh0.SushiSlasherAnimBP_C_0
	Function /Game/SushiSlasher/Blueprints/SushiSlasherAnimBP.SushiSlasherAnimBP_C:ExecuteUbergraph_SushiSlasherAnimBP:07E4
[2018.10.04-19.23.46:920][520]LogScript: Warning: Attempted to access missing property 'Attack1'. If this is a packaged/cooked build, are you attempting to use an editor-only property?
	SushiSlasherAnimBP_C /Engine/Transient.World_4:PersistentLevel.SushiSlasherBP_C_0.CharacterMesh0.SushiSlasherAnimBP_C_0
	Function /Game/SushiSlasher/Blueprints/SushiSlasherAnimBP.SushiSlasherAnimBP_C:ExecuteUbergraph_SushiSlasherAnimBP:07E4
[2018.10.04-19.23.46:931][521]LogScript: Warning: Attempted to access missing property 'Attack1'. If this is a packaged/cooked build, are you attempting to use an editor-only property?
	SushiSlasherAnimBP_C /Engine/Transient.World_4:PersistentLevel.SushiSlasherBP_C_0.CharacterMesh0.SushiSlasherAnimBP_C_0
	Function /Game/SushiSlasher/Blueprints/SushiSlasherAnimBP.SushiSlasherAnimBP_C:ExecuteUbergraph_SushiSlasherAnimBP:07E4
[2018.10.04-19.23.53:893][ 80]LogSlate: Window 'SushiSlasherBP' being destroyed
[2018.10.04-19.23.53:896][ 80]LogSlate: Window 'SushiSlasherBP' being destroyed
[2018.10.04-19.23.57:219][408]LogAssetEditorManager: Opening Asset editor for AnimBlueprint /Game/SushiSlasher/Blueprints/SushiSlasherAnimBP.SushiSlasherAnimBP
[2018.10.04-19.23.57:325][408]LogContentBrowser: Native class hierarchy updated for 'SkeletonEditor' in 0.0003 seconds. Added 1 classes and 2 folders.
[2018.10.04-19.23.57:575][408]LogActorComponent: RegisterComponentWithWorld: (/Engine/Transient.World_6:PersistentLevel.AnimationEditorPreviewActor_0.DebugSkelMeshComponent_0) Already registered. Aborting.
[2018.10.04-19.23.57:616][408]LogContentBrowser: Native class hierarchy updated for 'PinnedCommandList' in 0.0003 seconds. Added 1 classes and 0 folders.
[2018.10.04-19.23.58:065][408]LogSkeletalMesh: USkeletalMeshComponent::InitArticulated : Bodies already created (/Engine/Transient.World_6:PersistentLevel.AnimationEditorPreviewActor_0.DebugSkelMeshComponent_0) - call TermArticulated first.
[2018.10.04-19.23.58:509][408]LogContentBrowser: Native class hierarchy updated for 'ClothingSystemEditorInterface' in 0.0003 seconds. Added 1 classes and 0 folders.
[2018.10.04-19.24.07:348][251]LogAssetEditorManager: Opening Asset editor for BlendSpace1D /Game/SushiSlasher/Animations/Ninja_FallingIdle.Ninja_FallingIdle
[2018.10.04-19.24.07:389][251]LogActorComponent: RegisterComponentWithWorld: (/Engine/Transient.World_11:PersistentLevel.AnimationEditorPreviewActor_0.DebugSkelMeshComponent_0) Already registered. Aborting.
[2018.10.04-19.24.07:431][251]LogSkeletalMesh: USkeletalMeshComponent::InitArticulated : Bodies already created (/Engine/Transient.World_11:PersistentLevel.AnimationEditorPreviewActor_0.DebugSkelMeshComponent_0) - call TermArticulated first.
[2018.10.04-19.24.07:771][251]LogContentBrowser: Verbose: The majority of assets in the view are of type: AnimSequence
[2018.10.04-19.24.23:838][776]LogSavePackage: Moving '../../../../../Work/SushiSlasher/ProjectSushiSlasher/Saved/SushiSlasherAnimBPBA61421748AF1536B6DAA3B915500B7C.tmp' to '../../../../../Work/SushiSlasher/ProjectSushiSlasher/Content/SushiSlasher/Blueprints/SushiSlasherAnimBP.uasset'
[2018.10.04-19.24.23:916][776]LogSavePackage: Moving '../../../../../Work/SushiSlasher/ProjectSushiSlasher/Saved/SushiSlasherBPTest545F7BF1468E6573F5B823994C6BA214.tmp' to '../../../../../Work/SushiSlasher/ProjectSushiSlasher/Content/SushiSlasher/Blueprints/SushiSlasherBPTest.uasset'
[2018.10.04-19.24.23:925][776]Cmd: OBJ SAVEPACKAGE PACKAGE="/Game/HUD/NinjaHud" FILE="../../../../../Work/SushiSlasher/ProjectSushiSlasher/Content/HUD/NinjaHud.uasset" SILENT=true
[2018.10.04-19.24.23:945][776]LogSavePackage: Moving '../../../../../Work/SushiSlasher/ProjectSushiSlasher/Saved/NinjaHudF4E01AED4E00B5DD6A7F7597A3AED236.tmp' to '../../../../../Work/SushiSlasher/ProjectSushiSlasher/Content/HUD/NinjaHud.uasset'
[2018.10.04-19.24.29:832][347]LogSlate: Window 'Ninja_FallingIdle' being destroyed
[2018.10.04-19.24.29:836][347]LogSlate: Window 'Ninja_FallingIdle' being destroyed
[2018.10.04-19.24.35:256][880]LogAssetEditorManager: Opening Asset editor for WidgetBlueprint /Game/Menus/MainMenu.MainMenu
[2018.10.04-19.24.41:785][279]LogSlate: Window 'MainMenu' being destroyed
[2018.10.04-19.24.41:788][279]LogSlate: Window 'MainMenu' being destroyed
[2018.10.04-19.24.56:261][958]LogAssetEditorManager: Opening Asset editor for Blueprint /Game/Items/HealthRegen.HealthRegen
[2018.10.04-19.24.59:775][289]LogSlate: Window 'HealthRegen' being destroyed
[2018.10.04-19.24.59:779][289]LogSlate: Window 'HealthRegen' being destroyed
[2018.10.04-19.25.01:550][479]LogTemp: Repeating last play command: Standalone Game
[2018.10.04-19.25.41:243][392]LogSlate: Window 'Revert Files' being destroyed
[2018.10.04-19.25.41:527][392]LogUObjectGlobals: Warning: ReloadPackage failed to find a replacement object for 'Default__SushiSlasherBPTest_C' in the new package '/Game/SushiSlasher/Blueprints/SushiSlasherBPTest'. Any existing references to this object will be nulled out.
[2018.10.04-19.25.41:527][392]LogUObjectGlobals: Display: ReloadPackage failed to find a replacement object for 'Default__SKEL_SushiSlasherBPTest_C' (transient) in the new package '/Game/SushiSlasher/Blueprints/SushiSlasherBPTest'. Any existing references to this object will be nulled out.
[2018.10.04-19.25.41:528][392]LogScript: Warning: Accessed None trying to read property CallFunc_GetMovementComponent_ReturnValue
	SushiSlasherAnimBP_C /Engine/Transient.World_3:PersistentLevel.SushiSlasherBPTest_C_2.CharacterMesh0.SushiSlasherAnimBP_C_0
	Function /Game/SushiSlasher/Blueprints/SushiSlasherAnimBP.SushiSlasherAnimBP_C:ExecuteUbergraph_SushiSlasherAnimBP:0656
[2018.10.04-19.25.41:718][392]LogBlueprint: Error: [Compiler HealthRegen] Can't connect pins  Target  and  As Sushi Slasher BPTest : Sushi Slasher BP Object Reference is not compatible with Sushi Slasher BPTest Object Reference.
[2018.10.04-19.25.41:718][392]LogBlueprint: Error: [Compiler HealthRegen] Can't connect pins  As Sushi Slasher BPTest  and  Target : Sushi Slasher BPTest Object Reference is not compatible with Sushi Slasher BP Object Reference.
[2018.10.04-19.25.41:719][392]LogBlueprint: Warning: [Compiler HealthRegen] [0290,45] Compile of HealthRegen failed. 2 Fatal Issue(s) 0 Warning(s) [in 4 ms] (/Game/Items/HealthRegen.HealthRegen)
[2018.10.04-19.25.41:851][392]LogScript: Warning: Attempted to access missing property 'Attack1'. If this is a packaged/cooked build, are you attempting to use an editor-only property?
	SushiSlasherAnimBP_C /Engine/Transient.World_2:PersistentLevel.SushiSlasherBP_C_3.CharacterMesh0.SushiSlasherAnimBP_C_0
	Function /Game/SushiSlasher/Blueprints/SushiSlasherAnimBP.SushiSlasherAnimBP_C:ExecuteUbergraph_SushiSlasherAnimBP:07E4
[2018.10.04-19.25.51:635][196]LogSlate: Window 'Revert Files' being destroyed
[2018.10.04-19.26.45:381][260]LogSlate: Window 'ProjectSushiSlasher - Unreal Editor' being destroyed
[2018.10.04-19.26.45:382][260]LogWindowsTextInputMethodSystem: Display: IME system now deactivated.
[2018.10.04-19.26.45:569][261]Cmd: QUIT_EDITOR
[2018.10.04-19.26.45:596][261]LogExit: Preparing to exit.
[2018.10.04-19.26.46:656][261]LogExit: Editor shut down
[2018.10.04-19.26.46:656][261]LogExit: Transaction tracking system shut down
[2018.10.04-19.26.47:228][261]LogExit: Object subsystem successfully closed.
[2018.10.04-19.26.47:234][261]LogShaderCompilers: Display: Shaders left to compile 0
[2018.10.04-19.26.47:237][261]LogD3D11RHI: Shutdown
[2018.10.04-19.26.47:237][261]LogD3D11RHI: CleanupD3DDevice
[2018.10.04-19.26.47:240][261]LogD3D11RHI: ~FD3D11DynamicRHI
[2018.10.04-19.26.47:249][261]LogModuleManager: Shutting down and abandoning module SequencerWidgets (624)
[2018.10.04-19.26.47:249][261]LogModuleManager: Shutting down and abandoning module AnimationEditor (622)
[2018.10.04-19.26.47:249][261]LogModuleManager: Shutting down and abandoning module ClothingSystemEditorInterface (620)
[2018.10.04-19.26.47:249][261]LogModuleManager: Shutting down and abandoning module PinnedCommandList (618)
[2018.10.04-19.26.47:249][261]LogModuleManager: Shutting down and abandoning module SkeletonEditor (616)
[2018.10.04-19.26.47:249][261]LogModuleManager: Shutting down and abandoning module AnimationBlueprintEditor (614)
[2018.10.04-19.26.47:249][261]LogModuleManager: Shutting down and abandoning module BlueprintGraph (612)
[2018.10.04-19.26.47:249][261]LogModuleManager: Shutting down and abandoning module HierarchicalLODOutliner (610)
[2018.10.04-19.26.47:249][261]LogModuleManager: Shutting down and abandoning module SceneOutliner (608)
[2018.10.04-19.26.47:249][261]LogModuleManager: Shutting down and abandoning module AddContentDialog (606)
[2018.10.04-19.26.47:250][261]LogModuleManager: Shutting down and abandoning module WidgetCarousel (605)
[2018.10.04-19.26.47:250][261]LogModuleManager: Shutting down and abandoning module EditorWidgets (602)
[2018.10.04-19.26.47:250][261]LogModuleManager: Shutting down and abandoning module CollectionManager (600)
[2018.10.04-19.26.47:250][261]LogModuleManager: Shutting down and abandoning module StatsViewer (598)
[2018.10.04-19.26.47:250][261]LogModuleManager: Shutting down and abandoning module FoliageEdit (596)
[2018.10.04-19.26.47:250][261]LogModuleManager: Shutting down and abandoning module LandscapeEditor (594)
[2018.10.04-19.26.47:250][261]LogModuleManager: Shutting down and abandoning module MeshPaintMode (592)
[2018.10.04-19.26.47:250][261]LogModuleManager: Shutting down and abandoning module SceneDepthPickerMode (590)
[2018.10.04-19.26.47:250][261]LogModuleManager: Shutting down and abandoning module ActorPickerMode (588)
[2018.10.04-19.26.47:250][261]LogModuleManager: Shutting down and abandoning module GeometryMode (586)
[2018.10.04-19.26.47:250][261]LogModuleManager: Shutting down and abandoning module TextureAlignMode (584)
[2018.10.04-19.26.47:250][261]LogModuleManager: Shutting down and abandoning module BspMode (582)
[2018.10.04-19.26.47:250][261]LogModuleManager: Shutting down and abandoning module PIEPreviewDeviceProfileSelector (580)
[2018.10.04-19.26.47:250][261]LogModuleManager: Shutting down and abandoning module SequenceRecorderSections (578)
[2018.10.04-19.26.47:250][261]LogModuleManager: Shutting down and abandoning module AutomationWorker (576)
[2018.10.04-19.26.47:250][261]LogModuleManager: Shutting down and abandoning module AudioCaptureEditor (574)
[2018.10.04-19.26.47:250][261]LogModuleManager: Shutting down and abandoning module SequenceRecorder (573)
[2018.10.04-19.26.47:250][261]LogModuleManager: Shutting down and abandoning module MatineeToLevelSequence (570)
[2018.10.04-19.26.47:250][261]LogModuleManager: Shutting down and abandoning module LevelSequenceEditor (568)
[2018.10.04-19.26.47:250][261]LogModuleManager: Shutting down and abandoning module PlacementMode (567)
[2018.10.04-19.26.47:250][261]LogModuleManager: Shutting down and abandoning module MaterialEditor (566)
[2018.10.04-19.26.47:250][261]LogModuleManager: Shutting down and abandoning module WmfMediaFactory (562)
[2018.10.04-19.26.47:250][261]LogModuleManager: Shutting down and abandoning module WmfMediaEditor (560)
[2018.10.04-19.26.47:250][261]LogModuleManager: Shutting down and abandoning module MediaPlayerEditor (558)
[2018.10.04-19.26.47:250][261]LogModuleManager: Shutting down and abandoning module OpenExrWrapper (556)
[2018.10.04-19.26.47:250][261]LogModuleManager: Shutting down and abandoning module ImgMediaFactory (554)
[2018.10.04-19.26.47:250][261]LogModuleManager: Shutting down and abandoning module ImgMediaEditor (552)
[2018.10.04-19.26.47:250][261]LogModuleManager: Shutting down and abandoning module AvfMediaFactory (550)
[2018.10.04-19.26.47:250][261]LogModuleManager: Shutting down and abandoning module AvfMediaEditor (548)
[2018.10.04-19.26.47:250][261]LogModuleManager: Shutting down and abandoning module AndroidMediaFactory (546)
[2018.10.04-19.26.47:250][261]LogModuleManager: Shutting down and abandoning module AndroidMediaEditor (544)
[2018.10.04-19.26.47:250][261]LogModuleManager: Shutting down and abandoning module MagicLeapCameraPreviewFactory (542)
[2018.10.04-19.26.47:250][261]LogModuleManager: Shutting down and abandoning module MagicLeapMediaFactory (540)
[2018.10.04-19.26.47:250][261]LogModuleManager: Shutting down and abandoning module MagicLeapMediaEditor (538)
[2018.10.04-19.26.47:250][261]LogModuleManager: Shutting down and abandoning module CharacterAI (536)
[2018.10.04-19.26.47:250][261]LogModuleManager: Shutting down and abandoning module SmartSnapping (534)
[2018.10.04-19.26.47:250][261]LogModuleManager: Shutting down and abandoning module SessionServices (532)
[2018.10.04-19.26.47:250][261]LogModuleManager: Shutting down and abandoning module ViewportSnapping (530)
[2018.10.04-19.26.47:250][261]LogModuleManager: Shutting down and abandoning module ViewportInteraction (528)
[2018.10.04-19.26.47:250][261]LogModuleManager: Shutting down and abandoning module ClothPainter (526)
[2018.10.04-19.26.47:251][261]LogModuleManager: Shutting down and abandoning module SkeletalMeshEditor (525)
[2018.10.04-19.26.47:251][261]LogModuleManager: Shutting down and abandoning module LogVisualizer (522)
[2018.10.04-19.26.47:251][261]LogModuleManager: Shutting down and abandoning module IntroTutorials (520)
[2018.10.04-19.26.47:251][261]LogModuleManager: Shutting down and abandoning module GameProjectGeneration (519)
[2018.10.04-19.26.47:251][261]LogModuleManager: Shutting down and abandoning module LuminPlatformEditor (516)
[2018.10.04-19.26.47:251][261]LogModuleManager: Shutting down and abandoning module IOSPlatformEditor (514)
[2018.10.04-19.26.47:251][261]LogModuleManager: Shutting down and abandoning module HTML5PlatformEditor (512)
[2018.10.04-19.26.47:251][261]LogModuleManager: Shutting down and abandoning module AndroidPlatformEditor (510)
[2018.10.04-19.26.47:251][261]LogModuleManager: Shutting down and abandoning module AndroidDeviceDetection (509)
[2018.10.04-19.26.48:061][261]LogModuleManager: Shutting down and abandoning module WindowsPlatformEditor (506)
[2018.10.04-19.26.48:061][261]LogModuleManager: Shutting down and abandoning module LuminRuntimeSettings (504)
[2018.10.04-19.26.48:061][261]LogModuleManager: Shutting down and abandoning module IOSRuntimeSettings (502)
[2018.10.04-19.26.48:061][261]LogModuleManager: Shutting down and abandoning module AndroidRuntimeSettings (500)
[2018.10.04-19.26.48:061][261]LogModuleManager: Shutting down and abandoning module InputBindingEditor (498)
[2018.10.04-19.26.48:061][261]LogModuleManager: Shutting down and abandoning module MergeActors (496)
[2018.10.04-19.26.48:061][261]LogModuleManager: Shutting down and abandoning module LocalizationDashboard (494)
[2018.10.04-19.26.48:061][261]LogModuleManager: Shutting down and abandoning module LocalizationService (493)
[2018.10.04-19.26.48:061][261]LogModuleManager: Shutting down and abandoning module HardwareTargeting (490)
[2018.10.04-19.26.48:062][261]LogModuleManager: Shutting down and abandoning module DeviceProfileEditor (488)
[2018.10.04-19.26.48:062][261]LogModuleManager: Shutting down and abandoning module UndoHistory (486)
[2018.10.04-19.26.48:062][261]LogModuleManager: Shutting down and abandoning module XmlParser (484)
[2018.10.04-19.26.48:062][261]LogModuleManager: Shutting down and abandoning module Blutility (482)
[2018.10.04-19.26.48:062][261]LogModuleManager: Shutting down and abandoning module ProjectSettingsViewer (480)
[2018.10.04-19.26.48:062][261]LogModuleManager: Shutting down and abandoning module ProjectTargetPlatformEditor (479)
[2018.10.04-19.26.48:062][261]LogModuleManager: Shutting down and abandoning module EditorSettingsViewer (476)
[2018.10.04-19.26.48:062][261]LogModuleManager: Shutting down and abandoning module SettingsEditor (474)
[2018.10.04-19.26.48:062][261]LogModuleManager: Shutting down and abandoning module ProjectLauncher (472)
[2018.10.04-19.26.48:062][261]LogModuleManager: Shutting down and abandoning module SessionFrontend (470)
[2018.10.04-19.26.48:062][261]LogModuleManager: Shutting down and abandoning module ProfilerClient (468)
[2018.10.04-19.26.48:062][261]LogModuleManager: Shutting down and abandoning module DeviceManager (466)
[2018.10.04-19.26.48:062][261]LogModuleManager: Shutting down and abandoning module TargetDeviceServices (465)
[2018.10.04-19.26.48:128][261]LogModuleManager: Shutting down and abandoning module AutomationController (462)
[2018.10.04-19.26.48:128][261]LogModuleManager: Shutting down and abandoning module AutomationWindow (460)
[2018.10.04-19.26.48:128][261]LogModuleManager: Shutting down and abandoning module Layers (458)
[2018.10.04-19.26.48:128][261]LogModuleManager: Shutting down and abandoning module ComponentVisualizers (456)
[2018.10.04-19.26.48:128][261]LogModuleManager: Shutting down and abandoning module DetailCustomizations (454)
[2018.10.04-19.26.48:128][261]LogModuleManager: Shutting down and abandoning module PackagesDialog (452)
[2018.10.04-19.26.48:128][261]LogModuleManager: Shutting down and abandoning module Persona (450)
[2018.10.04-19.26.48:128][261]LogModuleManager: Shutting down and abandoning module AdvancedPreviewScene (449)
[2018.10.04-19.26.48:128][261]LogModuleManager: Shutting down and abandoning module AnimGraph (447)
[2018.10.04-19.26.48:128][261]LogModuleManager: Shutting down and abandoning module Kismet (444)
[2018.10.04-19.26.48:132][261]LogModuleManager: Shutting down and abandoning module GraphEditor (442)
[2018.10.04-19.26.48:132][261]LogModuleManager: Shutting down and abandoning module ClassViewer (440)
[2018.10.04-19.26.48:132][261]LogModuleManager: Shutting down and abandoning module Toolbox (438)
[2018.10.04-19.26.48:132][261]LogModuleManager: Shutting down and abandoning module ModuleUI (436)
[2018.10.04-19.26.48:133][261]LogModuleManager: Shutting down and abandoning module MovieSceneTools (434)
[2018.10.04-19.26.48:133][261]LogModuleManager: Shutting down and abandoning module OutputLog (432)
[2018.10.04-19.26.48:133][261]LogModuleManager: Shutting down and abandoning module GammaUI (430)
[2018.10.04-19.26.48:133][261]LogModuleManager: Shutting down and abandoning module Documentation (428)
[2018.10.04-19.26.48:133][261]LogModuleManager: Shutting down and abandoning module MovieSceneTracks (426)
[2018.10.04-19.26.48:133][261]LogModuleManager: Shutting down and abandoning module MovieScene (424)
[2018.10.04-19.26.48:133][261]LogModuleManager: Shutting down and abandoning module StreamingPauseRendering (422)
[2018.10.04-19.26.48:133][261]LogModuleManager: Shutting down and abandoning module LauncherPlatform (420)
[2018.10.04-19.26.48:133][261]LogModuleManager: Shutting down and abandoning module AnalyticsET (418)
[2018.10.04-19.26.48:133][261]LogModuleManager: Shutting down and abandoning module PortalServices (416)
[2018.10.04-19.26.48:133][261]LogModuleManager: Shutting down and abandoning module PortalRpc (414)
[2018.10.04-19.26.48:133][261]LogModuleManager: Shutting down and abandoning module MessagingRpc (412)
[2018.10.04-19.26.48:133][261]LogModuleManager: Shutting down and abandoning module AIModule (410)
[2018.10.04-19.26.48:133][261]LogModuleManager: Shutting down and abandoning module GameplayDebugger (409)
[2018.10.04-19.26.48:133][261]LogModuleManager: Shutting down and abandoning module AITestSuite (407)
[2018.10.04-19.26.48:133][261]LogModuleManager: Shutting down and abandoning module NavigationSystem (405)
[2018.10.04-19.26.48:133][261]LogModuleManager: Shutting down and abandoning module DesktopPlatform (402)
[2018.10.04-19.26.48:133][261]LogModuleManager: Shutting down and abandoning module ProfilerService (400)
[2018.10.04-19.26.48:273][261]LogModuleManager: Shutting down and abandoning module TaskGraph (398)
[2018.10.04-19.26.48:273][261]LogModuleManager: Shutting down and abandoning module SteamVRController (396)
[2018.10.04-19.26.48:274][261]LogModuleManager: Shutting down and abandoning module ProceduralMeshComponentEditor (394)
[2018.10.04-19.26.48:274][261]LogModuleManager: Shutting down and abandoning module ProceduralMeshComponent (392)
[2018.10.04-19.26.48:274][261]LogModuleManager: Shutting down and abandoning module OculusInput (390)
[2018.10.04-19.26.48:274][261]LogModuleManager: Shutting down and abandoning module MobilePatchingUtils (388)
[2018.10.04-19.26.48:274][261]LogModuleManager: Shutting down and abandoning module EditableMesh (386)
[2018.10.04-19.26.48:274][261]LogModuleManager: Shutting down and abandoning module CustomMeshComponent (384)
[2018.10.04-19.26.48:274][261]LogModuleManager: Shutting down and abandoning module CableComponent (382)
[2018.10.04-19.26.48:274][261]LogModuleManager: Shutting down and abandoning module AudioCapture (380)
[2018.10.04-19.26.48:274][261]LogModuleManager: Shutting down and abandoning module ArchVisCharacter (378)
[2018.10.04-19.26.48:274][261]LogModuleManager: Shutting down and abandoning module AndroidPermission (376)
[2018.10.04-19.26.48:274][261]LogModuleManager: Shutting down and abandoning module NUTUnrealEngine4 (374)
[2018.10.04-19.26.48:274][261]LogModuleManager: Shutting down and abandoning module NetcodeUnitTest (372)
[2018.10.04-19.26.48:274][261]LogModuleManager: Shutting down and abandoning module MediaCompositingEditor (370)
[2018.10.04-19.26.48:274][261]LogModuleManager: Shutting down and abandoning module MediaCompositing (368)
[2018.10.04-19.26.48:274][261]LogModuleManager: Shutting down and abandoning module LinearTimecode (366)
[2018.10.04-19.26.48:274][261]LogModuleManager: Shutting down and abandoning module ImgMedia (364)
[2018.10.04-19.26.48:278][261]LogModuleManager: Shutting down and abandoning module HTML5Networking (362)
[2018.10.04-19.26.48:278][261]LogModuleManager: Shutting down and abandoning module GeometryCacheTracks (360)
[2018.10.04-19.26.48:278][261]LogModuleManager: Shutting down and abandoning module GeometryCacheSequencer (358)
[2018.10.04-19.26.48:278][261]LogModuleManager: Shutting down and abandoning module BackChannel (356)
[2018.10.04-19.26.48:278][261]LogModuleManager: Shutting down and abandoning module AppleVision (354)
[2018.10.04-19.26.48:278][261]LogModuleManager: Shutting down and abandoning module AppleImageUtils (352)
[2018.10.04-19.26.48:278][261]LogModuleManager: Shutting down and abandoning module AlembicImporter (350)
[2018.10.04-19.26.48:278][261]LogModuleManager: Shutting down and abandoning module AlembicLibrary (349)
[2018.10.04-19.26.48:278][261]LogModuleManager: Shutting down and abandoning module GeometryCache (348)
[2018.10.04-19.26.48:278][261]LogModuleManager: Shutting down and abandoning module GeometryCacheEd (347)
[2018.10.04-19.26.48:279][261]LogModuleManager: Shutting down and abandoning module DatasmithContentEditor (342)
[2018.10.04-19.26.48:279][261]LogModuleManager: Shutting down and abandoning module DatasmithContent (340)
[2018.10.04-19.26.48:279][261]LogModuleManager: Shutting down and abandoning module SpeedTreeImporter (338)
[2018.10.04-19.26.48:279][261]LogModuleManager: Shutting down and abandoning module PluginBrowser (336)
[2018.10.04-19.26.48:279][261]LogModuleManager: Shutting down and abandoning module MobileLauncherProfileWizard (334)
[2018.10.04-19.26.48:279][261]LogModuleManager: Shutting down and abandoning module PolygonModeling (332)
[2018.10.04-19.26.48:279][261]LogModuleManager: Shutting down and abandoning module MeshEditor (330)
[2018.10.04-19.26.48:279][261]LogModuleManager: Shutting down and abandoning module CryptoKeysOpenSSL (328)
[2018.10.04-19.26.48:279][261]LogModuleManager: Shutting down and abandoning module CryptoKeys (326)
[2018.10.04-19.26.48:279][261]LogModuleManager: Shutting down and abandoning module VisualStudioSourceCodeAccess (324)
[2018.10.04-19.26.48:279][261]LogModuleManager: Shutting down and abandoning module VisualStudioCodeSourceCodeAccess (322)
[2018.10.04-19.26.48:279][261]LogModuleManager: Shutting down and abandoning module UObjectPlugin (320)
[2018.10.04-19.26.48:279][261]LogModuleManager: Shutting down and abandoning module SubversionSourceControl (318)
[2018.10.04-19.26.48:279][261]LogModuleManager: Shutting down and abandoning module PerforceSourceControl (316)
[2018.10.04-19.26.48:279][261]LogModuleManager: Shutting down and abandoning module GitSourceControl (314)
[2018.10.04-19.26.48:280][261]LogModuleManager: Shutting down and abandoning module SourceControl (313)
[2018.10.04-19.26.48:280][261]LogModuleManager: Shutting down and abandoning module CLionSourceCodeAccess (310)
[2018.10.04-19.26.48:280][261]LogModuleManager: Shutting down and abandoning module LightPropagationVolumeEditor (308)
[2018.10.04-19.26.48:280][261]LogModuleManager: Shutting down and abandoning module PaperTiledImporter (306)
[2018.10.04-19.26.48:280][261]LogModuleManager: Shutting down and abandoning module PaperSpriteSheetImporter (304)
[2018.10.04-19.26.48:280][261]LogModuleManager: Shutting down and abandoning module Paper2DEditor (302)
[2018.10.04-19.26.48:280][261]LogModuleManager: Shutting down and abandoning module MeshPaint (301)
[2018.10.04-19.26.48:280][261]LogModuleManager: Shutting down and abandoning module RuntimePhysXCooking (298)
[2018.10.04-19.26.48:280][261]LogModuleManager: Shutting down and abandoning module PhysXVehiclesEditor (296)
[2018.10.04-19.26.48:280][261]LogModuleManager: Shutting down and abandoning module PhysXVehicles (294)
[2018.10.04-19.26.48:280][261]LogModuleManager: Shutting down and abandoning module OculusEditor (292)
[2018.10.04-19.26.48:280][261]LogModuleManager: Shutting down and abandoning module LocationServicesBPLibrary (290)
[2018.10.04-19.26.48:280][261]LogModuleManager: Shutting down and abandoning module ImmediatePhysicsEditor (288)
[2018.10.04-19.26.48:280][261]LogModuleManager: Shutting down and abandoning module ImmediatePhysics (286)
[2018.10.04-19.26.48:280][261]LogModuleManager: Shutting down and abandoning module ActorSequence (284)
[2018.10.04-19.26.48:280][261]LogModuleManager: Shutting down and abandoning module UdpMessaging (282)
[2018.10.04-19.26.48:382][261]LogModuleManager: Shutting down and abandoning module TcpMessaging (280)
[2018.10.04-19.26.48:483][261]LogModuleManager: Shutting down and abandoning module MagicLeapAudio (278)
[2018.10.04-19.26.48:483][261]LogModuleManager: Shutting down and abandoning module GameplayTagsEditor (276)
[2018.10.04-19.26.48:483][261]LogModuleManager: Shutting down and abandoning module FacialAnimationEditor (274)
[2018.10.04-19.26.48:483][261]LogModuleManager: Shutting down and abandoning module FacialAnimation (272)
[2018.10.04-19.26.48:483][261]LogModuleManager: Shutting down and abandoning module DataValidation (270)
[2018.10.04-19.26.48:483][261]LogModuleManager: Shutting down and abandoning module AssetManagerEditor (268)
[2018.10.04-19.26.48:483][261]LogModuleManager: Shutting down and abandoning module LevelEditor (267)
[2018.10.04-19.26.48:484][261]LogModuleManager: Shutting down and abandoning module PixelInspectorModule (266)
[2018.10.04-19.26.48:484][261]LogModuleManager: Shutting down and abandoning module CommonMenuExtensions (264)
[2018.10.04-19.26.48:484][261]LogModuleManager: Shutting down and abandoning module MainFrame (262)
[2018.10.04-19.26.48:484][261]LogModuleManager: Shutting down and abandoning module HotReload (261)
[2018.10.04-19.26.48:484][261]LogModuleManager: Shutting down and abandoning module ContentBrowser (257)
[2018.10.04-19.26.48:485][261]LogModuleManager: Shutting down and abandoning module TreeMap (255)
[2018.10.04-19.26.48:485][261]LogModuleManager: Shutting down and abandoning module LightPropagationVolumeRuntime (252)
[2018.10.04-19.26.48:486][261]LogModuleManager: Shutting down and abandoning module AISupportModule (250)
[2018.10.04-19.26.48:486][261]LogModuleManager: Shutting down and abandoning module Paper2D (248)
[2018.10.04-19.26.48:486][261]LogModuleManager: Shutting down and abandoning module WindowsMoviePlayer (246)
[2018.10.04-19.26.48:486][261]LogModuleManager: Shutting down and abandoning module WmfMedia (244)
[2018.10.04-19.26.48:487][261]LogModuleManager: Shutting down and abandoning module Media (243)
[2018.10.04-19.26.48:493][261]LogModuleManager: Shutting down and abandoning module PacketHandler (240)
[2018.10.04-19.26.48:493][261]LogModuleManager: Shutting down and abandoning module ClothingSystemEditor (238)
[2018.10.04-19.26.48:493][261]LogModuleManager: Shutting down and abandoning module ClothingSystemRuntime (236)
[2018.10.04-19.26.48:493][261]LogModuleManager: Shutting down and abandoning module MediaAssets (234)
[2018.10.04-19.26.48:493][261]LogModuleManager: Shutting down and abandoning module Overlay (232)
[2018.10.04-19.26.48:493][261]LogModuleManager: Shutting down and abandoning module OverlayEditor (231)
[2018.10.04-19.26.48:494][261]LogModuleManager: Shutting down and abandoning module VREditor (228)
[2018.10.04-19.26.48:494][261]LogModuleManager: Shutting down and abandoning module StringTableEditor (226)
[2018.10.04-19.26.48:494][261]LogModuleManager: Shutting down and abandoning module GameplayTasksEditor (224)
[2018.10.04-19.26.48:494][261]LogModuleManager: Shutting down and abandoning module BehaviorTreeEditor (222)
[2018.10.04-19.26.48:494][261]LogModuleManager: Shutting down and abandoning module FunctionalTesting (220)
[2018.10.04-19.26.48:494][261]LogModuleManager: Shutting down and abandoning module CollisionAnalyzer (218)
[2018.10.04-19.26.48:494][261]LogModuleManager: Shutting down and abandoning module WorkspaceMenuStructure (217)
[2018.10.04-19.26.48:494][261]LogModuleManager: Shutting down and abandoning module UMG (214)
[2018.10.04-19.26.48:494][261]LogModuleManager: Shutting down and abandoning module UMGEditor (213)
[2018.10.04-19.26.48:494][261]LogModuleManager: Shutting down and abandoning module Sequencer (212)
[2018.10.04-19.26.48:494][261]LogModuleManager: Shutting down and abandoning module MessageLog (209)
[2018.10.04-19.26.48:494][261]LogModuleManager: Shutting down and abandoning module SlateReflector (204)
[2018.10.04-19.26.48:494][261]LogModuleManager: Shutting down and abandoning module Slate (202)
[2018.10.04-19.26.48:494][261]LogModuleManager: Shutting down and abandoning module EditorStyle (200)
[2018.10.04-19.26.48:496][261]LogModuleManager: Shutting down and abandoning module MRMesh (198)
[2018.10.04-19.26.48:496][261]LogModuleManager: Shutting down and abandoning module SourceCodeAccess (196)
[2018.10.04-19.26.48:496][261]LogModuleManager: Shutting down and abandoning module HeadMountedDisplay (194)
[2018.10.04-19.26.48:496][261]LogModuleManager: Shutting down and abandoning module XAudio2 (192)
[2018.10.04-19.26.48:496][261]LogModuleManager: Shutting down and abandoning module Networking (190)
[2018.10.04-19.26.48:496][261]LogModuleManager: Shutting down and abandoning module Core (188)
[2018.10.04-19.26.48:496][261]LogModuleManager: Shutting down and abandoning module LevelSequence (186)
[2018.10.04-19.26.48:496][261]LogModuleManager: Shutting down and abandoning module KismetCompiler (184)
[2018.10.04-19.26.48:496][261]LogModuleManager: Shutting down and abandoning module MeshUtilities (182)
[2018.10.04-19.26.48:496][261]LogModuleManager: Shutting down and abandoning module MeshMergeUtilities (181)
[2018.10.04-19.26.48:496][261]LogModuleManager: Shutting down and abandoning module MeshReductionInterface (180)
[2018.10.04-19.26.48:496][261]LogModuleManager: Shutting down and abandoning module SimplygonSwarm (179)
[2018.10.04-19.26.48:496][261]LogModuleManager: Shutting down and abandoning module ProxyLODMeshReduction (177)
[2018.10.04-19.26.48:496][261]LogModuleManager: Shutting down and abandoning module SimplygonMeshReduction (175)
[2018.10.04-19.26.48:496][261]LogModuleManager: Shutting down and abandoning module QuadricMeshReduction (173)
[2018.10.04-19.26.48:496][261]LogModuleManager: Shutting down and abandoning module MaterialBaking (169)
[2018.10.04-19.26.48:496][261]LogModuleManager: Shutting down and abandoning module DirectoryWatcher (165)
[2018.10.04-19.26.48:497][261]LogModuleManager: Shutting down and abandoning module DerivedDataCache (162)
[2018.10.04-19.26.48:581][261]LogDerivedDataCache: Shutdown
[2018.10.04-19.26.48:581][261]LogModuleManager: Shutting down and abandoning module XGEController (160)
[2018.10.04-19.26.48:581][261]LogXGEController: Cleaning working directory: C:/Users/manif3st/AppData/Local/Temp/UnrealXGEWorkingDir/
[2018.10.04-19.26.48:582][261]LogModuleManager: Shutting down and abandoning module TargetPlatform (158)
[2018.10.04-19.26.48:582][261]LogModuleManager: Shutting down and abandoning module VulkanShaderFormat (157)
[2018.10.04-19.26.48:582][261]LogModuleManager: Shutting down and abandoning module ShaderFormatVectorVM (155)
[2018.10.04-19.26.48:582][261]LogModuleManager: Shutting down and abandoning module ShaderFormatOpenGL (153)
[2018.10.04-19.26.48:582][261]LogModuleManager: Shutting down and abandoning module ShaderFormatD3D (151)
[2018.10.04-19.26.48:582][261]LogModuleManager: Shutting down and abandoning module MetalShaderFormat (149)
[2018.10.04-19.26.48:582][261]LogModuleManager: Shutting down and abandoning module TextureFormatUncompressed (147)
[2018.10.04-19.26.48:582][261]LogModuleManager: Shutting down and abandoning module TextureFormatPVR (145)
[2018.10.04-19.26.48:582][261]LogModuleManager: Shutting down and abandoning module TextureFormatDXT (143)
[2018.10.04-19.26.48:582][261]LogModuleManager: Shutting down and abandoning module TextureFormatIntelISPCTexComp (141)
[2018.10.04-19.26.48:582][261]LogModuleManager: Shutting down and abandoning module TextureFormatASTC (139)
[2018.10.04-19.26.48:582][261]LogModuleManager: Shutting down and abandoning module ImageWrapper (138)
[2018.10.04-19.26.48:582][261]LogModuleManager: Shutting down and abandoning module TextureFormatAndroid (135)
[2018.10.04-19.26.48:582][261]LogModuleManager: Shutting down and abandoning module AudioFormatOpus (133)
[2018.10.04-19.26.48:582][261]LogModuleManager: Shutting down and abandoning module AudioFormatOgg (131)
[2018.10.04-19.26.48:582][261]LogModuleManager: Shutting down and abandoning module AudioFormatADPCM (129)
[2018.10.04-19.26.48:582][261]LogModuleManager: Shutting down and abandoning module LuminTargetPlatform (127)
[2018.10.04-19.26.48:582][261]LogModuleManager: Shutting down and abandoning module LinuxTargetPlatform (125)
[2018.10.04-19.26.48:582][261]LogModuleManager: Shutting down and abandoning module LinuxServerTargetPlatform (123)
[2018.10.04-19.26.48:582][261]LogModuleManager: Shutting down and abandoning module LinuxNoEditorTargetPlatform (121)
[2018.10.04-19.26.48:582][261]LogModuleManager: Shutting down and abandoning module LinuxClientTargetPlatform (119)
[2018.10.04-19.26.48:582][261]LogModuleManager: Shutting down and abandoning module TVOSTargetPlatform (117)
[2018.10.04-19.26.48:583][261]LogModuleManager: Shutting down and abandoning module Messaging (115)
[2018.10.04-19.26.48:583][261]LogModuleManager: Shutting down and abandoning module IOSTargetPlatform (113)
[2018.10.04-19.26.48:584][261]LogModuleManager: Shutting down and abandoning module HTML5TargetPlatform (111)
[2018.10.04-19.26.48:584][261]LogModuleManager: Shutting down and abandoning module AndroidTargetPlatform (109)
[2018.10.04-19.26.48:592][261]LogModuleManager: Shutting down and abandoning module WindowsTargetPlatform (107)
[2018.10.04-19.26.48:592][261]LogModuleManager: Shutting down and abandoning module WindowsServerTargetPlatform (105)
[2018.10.04-19.26.48:592][261]LogModuleManager: Shutting down and abandoning module WindowsNoEditorTargetPlatform (103)
[2018.10.04-19.26.48:592][261]LogModuleManager: Shutting down and abandoning module WindowsClientTargetPlatform (101)
[2018.10.04-19.26.48:592][261]LogModuleManager: Shutting down and abandoning module MacTargetPlatform (99)
[2018.10.04-19.26.48:592][261]LogModuleManager: Shutting down and abandoning module MacServerTargetPlatform (97)
[2018.10.04-19.26.48:592][261]LogModuleManager: Shutting down and abandoning module MacNoEditorTargetPlatform (95)
[2018.10.04-19.26.48:592][261]LogModuleManager: Shutting down and abandoning module MacClientTargetPlatform (93)
[2018.10.04-19.26.48:592][261]LogModuleManager: Shutting down and abandoning module AllDesktopTargetPlatform (91)
[2018.10.04-19.26.48:592][261]LogModuleManager: Shutting down and abandoning module InputCore (88)
[2018.10.04-19.26.48:592][261]LogModuleManager: Shutting down and abandoning module Settings (86)
[2018.10.04-19.26.48:593][261]LogModuleManager: Shutting down and abandoning module PhysXCooking (84)
[2018.10.04-19.26.48:593][261]LogModuleManager: Shutting down and abandoning module SteamVR (82)
[2018.10.04-19.26.48:593][261]LogModuleManager: Shutting down and abandoning module OculusHMD (80)
[2018.10.04-19.26.48:593][261]LogModuleManager: Shutting down and abandoning module ExampleDeviceProfileSelector (78)
[2018.10.04-19.26.48:593][261]LogModuleManager: Shutting down and abandoning module LauncherChunkInstaller (76)
[2018.10.04-19.26.48:593][261]LogModuleManager: Shutting down and abandoning module OnlineBlueprintSupport (74)
[2018.10.04-19.26.48:593][261]LogModuleManager: Shutting down and abandoning module OnlineSubsystem (70)
[2018.10.04-19.26.48:594][261]LogModuleManager: Shutting down and abandoning module XMPP (65)
[2018.10.04-19.26.48:594][261]LogModuleManager: Shutting down and abandoning module WebSockets (64)
[2018.10.04-19.26.48:614][261]LogModuleManager: Shutting down and abandoning module HTTP (61)
[2018.10.04-19.26.48:614][261]LogHttp: Display: Http module shutting down, but needs to wait on 1 outstanding Http requests:
[2018.10.04-19.26.48:614][261]LogHttp: Display: 	verb=[POST] url=[https://datarouter.ol.epicgames.com/datarouter/api/v1/public/data?SessionID=%7B73AA670E-4C5E-406A-1B91-06BB81E23B2D%7D&AppID=UEEditor.Rocket.Release&AppVersion=4.20.3-4369336%2B%2B%2BUE4%2BRelease-4.20&UserID=16dcd2db4cdab8c351ffae903543046c%7Cf9fb3e014f8945c298d4dbee8b89962c%7Cfe7cdd75-788c-4ec1-aacc-ba0f80a8a165&AppEnvironment=datacollector-binary&UploadType=eteventstream] status=Processing
[2018.10.04-19.26.48:630][261]LogModuleManager: Shutting down and abandoning module SSL (60)
[2018.10.04-19.26.48:631][261]LogModuleManager: Shutting down and abandoning module MagicLeapEmulator (56)
[2018.10.04-19.26.48:631][261]LogModuleManager: Shutting down and abandoning module MagicLeapPrivileges (54)
[2018.10.04-19.26.48:631][261]LogModuleManager: Shutting down and abandoning module MagicLeapIdentity (52)
[2018.10.04-19.26.48:631][261]LogModuleManager: Shutting down and abandoning module MagicLeapHelperVulkan (50)
[2018.10.04-19.26.48:631][261]LogModuleManager: Shutting down and abandoning module MagicLeapHelperOpenGL (48)
[2018.10.04-19.26.48:631][261]LogModuleManager: Shutting down and abandoning module MagicLeapSecureStorage (46)
[2018.10.04-19.26.48:631][261]LogModuleManager: Shutting down and abandoning module MagicLeapGestures (44)
[2018.10.04-19.26.48:631][261]LogModuleManager: Shutting down and abandoning module MagicLeapEyeTracker (42)
[2018.10.04-19.26.48:631][261]LogModuleManager: Shutting down and abandoning module MagicLeapController (40)
[2018.10.04-19.26.48:631][261]LogSlate: Slate User Destroyed.  User Index 0, Is Virtual User: 0
[2018.10.04-19.26.48:631][261]LogModuleManager: Shutting down and abandoning module MagicLeap (38)
[2018.10.04-19.26.48:632][261]LogModuleManager: Shutting down and abandoning module AnimationModifiers (36)
[2018.10.04-19.26.48:632][261]LogModuleManager: Shutting down and abandoning module PropertyEditor (35)
[2018.10.04-19.26.48:632][261]LogModuleManager: Shutting down and abandoning module AudioEditor (32)
[2018.10.04-19.26.48:632][261]LogModuleManager: Shutting down and abandoning module TextureCompressor (30)
[2018.10.04-19.26.48:632][261]LogModuleManager: Shutting down and abandoning module ShaderCore (28)
[2018.10.04-19.26.48:632][261]LogModuleManager: Shutting down and abandoning module Landscape (26)
[2018.10.04-19.26.48:632][261]LogModuleManager: Shutting down and abandoning module SlateRHIRenderer (24)
[2018.10.04-19.26.48:633][261]LogModuleManager: Shutting down and abandoning module OpenGLDrv (22)
[2018.10.04-19.26.48:633][261]LogModuleManager: Shutting down and abandoning module D3D11RHI (20)
[2018.10.04-19.26.48:633][261]LogModuleManager: Shutting down and abandoning module AnimGraphRuntime (18)
[2018.10.04-19.26.48:633][261]LogModuleManager: Shutting down and abandoning module Renderer (16)
[2018.10.04-19.26.48:633][261]LogModuleManager: Shutting down and abandoning module Engine (14)
[2018.10.04-19.26.48:633][261]LogModuleManager: Shutting down and abandoning module CoreUObject (12)
[2018.10.04-19.26.48:633][261]LogModuleManager: Shutting down and abandoning module NetworkFile (10)
[2018.10.04-19.26.48:633][261]LogModuleManager: Shutting down and abandoning module CookedIterativeFile (8)
[2018.10.04-19.26.48:633][261]LogModuleManager: Shutting down and abandoning module StreamingFile (6)
[2018.10.04-19.26.48:633][261]LogModuleManager: Shutting down and abandoning module SandboxFile (4)
[2018.10.04-19.26.48:633][261]LogModuleManager: Shutting down and abandoning module PakFile (2)
[2018.10.04-19.26.48:637][261]LogExit: Exiting.
[2018.10.04-19.26.48:640][261]Log file closed, 10/04/18 21:26:48
