Log file open, 11/19/17 19:27:55
LogWindows: Failed to load 'aqProf.dll' (GetLastError=126)
LogWindows: File 'aqProf.dll' does not exist
LogWindows: Failed to load 'VSPerf140.dll' (GetLastError=126)
LogWindows: File 'VSPerf140.dll' does not exist
LogWindows: Failed to load 'VtuneApi.dll' (GetLastError=126)
LogWindows: File 'VtuneApi.dll' does not exist
LogWindows: Failed to load 'VtuneApi32e.dll' (GetLastError=126)
LogWindows: File 'VtuneApi32e.dll' does not exist
LogInit: Display: Running engine for game: ProjectSushiSlasher
LogPlatformFile: Not using cached read wrapper
LogInit: Display: RandInit(1074280656) SRandInit(1074280656).
LogInit: Read version file with build ID '3709383'
LogInit: Overriding engine version to CL 3754814, compatible CL 3709383
LogInit: Registered custom module enumerator with build ID '3709383'
LogTaskGraph: Started task graph with 5 named threads and 14 total threads with 3 sets of task threads.
LogStats: Stats thread started at 0.164253
LogD3D11RHI: Aftermath initialized
LogModuleManager: Display: Found up-to-date module file ../../../Engine/Plugins/2D/Paper2D/Binaries/Win64/UE4Editor-Paper2D.dll (API version 3709383).
LogModuleManager: Display: Found up-to-date module file ../../../Engine/Plugins/2D/Paper2D/Binaries/Win64/UE4Editor-Paper2DEditor.dll (API version 3709383).
LogModuleManager: Display: Found up-to-date module file ../../../Engine/Plugins/2D/Paper2D/Binaries/Win64/UE4Editor-PaperSpriteSheetImporter.dll (API version 3709383).
LogModuleManager: Display: Found up-to-date module file ../../../Engine/Plugins/2D/Paper2D/Binaries/Win64/UE4Editor-PaperTiledImporter.dll (API version 3709383).
LogModuleManager: Display: Found up-to-date module file ../../../Engine/Plugins/2D/Paper2D/Binaries/Win64/UE4Editor-SmartSnapping.dll (API version 3709383).
LogModuleManager: Display: Found up-to-date module file ../../../Engine/Plugins/Blendables/LightPropagationVolume/Binaries/Win64/UE4Editor-LightPropagationVolumeRuntime.dll (API version 3709383).
LogModuleManager: Display: Found up-to-date module file ../../../Engine/Plugins/Blendables/LightPropagationVolume/Binaries/Win64/UE4Editor-LightPropagationVolumeEditor.dll (API version 3709383).
LogModuleManager: Display: Found up-to-date module file ../../../Engine/Plugins/Developer/GitSourceControl/Binaries/Win64/UE4Editor-GitSourceControl.dll (API version 3709383).
LogModuleManager: Display: Found up-to-date module file ../../../Engine/Plugins/Developer/PerforceSourceControl/Binaries/Win64/UE4Editor-PerforceSourceControl.dll (API version 3709383).
LogModuleManager: Display: Found up-to-date module file ../../../Engine/Plugins/Developer/SubversionSourceControl/Binaries/Win64/UE4Editor-SubversionSourceControl.dll (API version 3709383).
LogModuleManager: Display: Found up-to-date module file ../../../Engine/Plugins/Developer/UObjectPlugin/Binaries/Win64/UE4Editor-UObjectPlugin.dll (API version 3709383).
LogModuleManager: Display: Found up-to-date module file ../../../Engine/Plugins/Developer/VisualStudioCodeSourceCodeAccess/Binaries/Win64/UE4Editor-VisualStudioCodeSourceCodeAccess.dll (API version 3709383).
LogModuleManager: Display: Found up-to-date module file ../../../Engine/Plugins/Developer/VisualStudioSourceCodeAccess/Binaries/Win64/UE4Editor-VisualStudioSourceCodeAccess.dll (API version 3709383).
LogModuleManager: Display: Found up-to-date module file ../../../Engine/Plugins/Editor/AssetManagerEditor/Binaries/Win64/UE4Editor-AssetManagerEditor.dll (API version 3709383).
LogModuleManager: Display: Found up-to-date module file ../../../Engine/Plugins/Editor/AudioCapture/Binaries/Win64/UE4Editor-AudioCapture.dll (API version 3709383).
LogModuleManager: Display: Found up-to-date module file ../../../Engine/Plugins/Editor/FacialAnimation/Binaries/Win64/UE4Editor-FacialAnimation.dll (API version 3709383).
LogModuleManager: Display: Found up-to-date module file ../../../Engine/Plugins/Editor/FacialAnimation/Binaries/Win64/UE4Editor-FacialAnimationEditor.dll (API version 3709383).
LogModuleManager: Display: Found up-to-date module file ../../../Engine/Plugins/Editor/GameplayTagsEditor/Binaries/Win64/UE4Editor-GameplayTagsEditor.dll (API version 3709383).
LogModuleManager: Display: Found up-to-date module file ../../../Engine/Plugins/Editor/MobileLauncherProfileWizard/Binaries/Win64/UE4Editor-MobileLauncherProfileWizard.dll (API version 3709383).
LogModuleManager: Display: Found up-to-date module file ../../../Engine/Plugins/Editor/PluginBrowser/Binaries/Win64/UE4Editor-PluginBrowser.dll (API version 3709383).
LogModuleManager: Display: Found up-to-date module file ../../../Engine/Plugins/Editor/SpeedTreeImporter/Binaries/Win64/UE4Editor-SpeedTreeImporter.dll (API version 3709383).
LogModuleManager: Display: Found up-to-date module file ../../../Engine/Plugins/Experimental/AlembicImporter/Binaries/Win64/UE4Editor-AlembicImporter.dll (API version 3709383).
LogModuleManager: Display: Found up-to-date module file ../../../Engine/Plugins/Experimental/AlembicImporter/Binaries/Win64/UE4Editor-AlembicLibrary.dll (API version 3709383).
LogModuleManager: Display: Found up-to-date module file ../../../Engine/Plugins/Experimental/CharacterAI/Binaries/Win64/UE4Editor-CharacterAI.dll (API version 3709383).
LogModuleManager: Display: Found up-to-date module file ../../../Engine/Plugins/Experimental/HTML5Networking/Binaries/Win64/UE4Editor-HTML5Networking.dll (API version 3709383).
LogModuleManager: Display: Found up-to-date module file ../../../Engine/Plugins/Media/AndroidMedia/Binaries/Win64/UE4Editor-AndroidMediaEditor.dll (API version 3709383).
LogModuleManager: Display: Found up-to-date module file ../../../Engine/Plugins/Media/AndroidMedia/Binaries/Win64/UE4Editor-AndroidMediaFactory.dll (API version 3709383).
LogModuleManager: Display: Found up-to-date module file ../../../Engine/Plugins/Media/AvfMedia/Binaries/Win64/UE4Editor-AvfMediaEditor.dll (API version 3709383).
LogModuleManager: Display: Found up-to-date module file ../../../Engine/Plugins/Media/AvfMedia/Binaries/Win64/UE4Editor-AvfMediaFactory.dll (API version 3709383).
LogModuleManager: Display: Found up-to-date module file ../../../Engine/Plugins/Media/AvfMedia/Binaries/Win64/UE4Editor-AvfMediaFactory.dll (API version 3709383).
LogModuleManager: Display: Found up-to-date module file ../../../Engine/Plugins/Media/ImgMedia/Binaries/Win64/UE4Editor-ImgMedia.dll (API version 3709383).
LogModuleManager: Display: Found up-to-date module file ../../../Engine/Plugins/Media/ImgMedia/Binaries/Win64/UE4Editor-ImgMediaEditor.dll (API version 3709383).
LogModuleManager: Display: Found up-to-date module file ../../../Engine/Plugins/Media/ImgMedia/Binaries/Win64/UE4Editor-ImgMediaFactory.dll (API version 3709383).
LogModuleManager: Display: Found up-to-date module file ../../../Engine/Plugins/Media/ImgMedia/Binaries/Win64/UE4Editor-ImgMediaFactory.dll (API version 3709383).
LogModuleManager: Display: Found up-to-date module file ../../../Engine/Plugins/Media/ImgMedia/Binaries/Win64/UE4Editor-OpenExrWrapper.dll (API version 3709383).
LogModuleManager: Display: Found up-to-date module file ../../../Engine/Plugins/Media/MediaCompositing/Binaries/Win64/UE4Editor-MediaCompositing.dll (API version 3709383).
LogModuleManager: Display: Found up-to-date module file ../../../Engine/Plugins/Media/MediaCompositing/Binaries/Win64/UE4Editor-MediaCompositingEditor.dll (API version 3709383).
LogModuleManager: Display: Found up-to-date module file ../../../Engine/Plugins/Media/MediaPlayerEditor/Binaries/Win64/UE4Editor-MediaPlayerEditor.dll (API version 3709383).
LogModuleManager: Display: Found up-to-date module file ../../../Engine/Plugins/Media/WmfMedia/Binaries/Win64/UE4Editor-WmfMedia.dll (API version 3709383).
LogModuleManager: Display: Found up-to-date module file ../../../Engine/Plugins/Media/WmfMedia/Binaries/Win64/UE4Editor-WmfMediaEditor.dll (API version 3709383).
LogModuleManager: Display: Found up-to-date module file ../../../Engine/Plugins/Media/WmfMedia/Binaries/Win64/UE4Editor-WmfMediaFactory.dll (API version 3709383).
LogModuleManager: Display: Found up-to-date module file ../../../Engine/Plugins/Media/WmfMedia/Binaries/Win64/UE4Editor-WmfMediaFactory.dll (API version 3709383).
LogModuleManager: Display: Found up-to-date module file ../../../Engine/Plugins/Messaging/TcpMessaging/Binaries/Win64/UE4Editor-TcpMessaging.dll (API version 3709383).
LogModuleManager: Display: Found up-to-date module file ../../../Engine/Plugins/Messaging/UdpMessaging/Binaries/Win64/UE4Editor-UdpMessaging.dll (API version 3709383).
LogModuleManager: Display: Found up-to-date module file ../../../Engine/Plugins/MovieScene/ActorSequence/Binaries/Win64/UE4Editor-ActorSequence.dll (API version 3709383).
LogModuleManager: Display: Found up-to-date module file ../../../Engine/Plugins/MovieScene/LevelSequenceEditor/Binaries/Win64/UE4Editor-LevelSequenceEditor.dll (API version 3709383).
LogModuleManager: Display: Found up-to-date module file ../../../Engine/Plugins/MovieScene/MatineeToLevelSequence/Binaries/Win64/UE4Editor-MatineeToLevelSequence.dll (API version 3709383).
LogModuleManager: Display: Found up-to-date module file ../../../Engine/Plugins/Online/OnlineSubsystem/Binaries/Win64/UE4Editor-OnlineSubsystem.dll (API version 3709383).
LogModuleManager: Display: Found up-to-date module file ../../../Engine/Plugins/Runtime/AndroidPermission/Binaries/Win64/UE4Editor-AndroidPermission.dll (API version 3709383).
LogModuleManager: Display: Found up-to-date module file ../../../Engine/Plugins/Online/OnlineSubsystemNull/Binaries/Win64/UE4Editor-OnlineSubsystemNull.dll (API version 3709383).
LogModuleManager: Display: Found up-to-date module file ../../../Engine/Plugins/Online/OnlineSubsystemUtils/Binaries/Win64/UE4Editor-OnlineSubsystemUtils.dll (API version 3709383).
LogModuleManager: Display: Found up-to-date module file ../../../Engine/Plugins/Online/OnlineSubsystemUtils/Binaries/Win64/UE4Editor-OnlineBlueprintSupport.dll (API version 3709383).
LogModuleManager: Display: Found up-to-date module file ../../../Engine/Plugins/Runtime/AndroidDeviceProfileSelector/Binaries/Win64/UE4Editor-AndroidDeviceProfileSelector.dll (API version 3709383).
LogModuleManager: Display: Found up-to-date module file ../../../Engine/Plugins/Runtime/AppleARKit/Binaries/Win64/UE4Editor-AppleARKit.dll (API version 3709383).
LogModuleManager: Display: Found up-to-date module file ../../../Engine/Plugins/Runtime/ArchVisCharacter/Binaries/Win64/UE4Editor-ArchVisCharacter.dll (API version 3709383).
LogModuleManager: Display: Found up-to-date module file ../../../Engine/Plugins/Runtime/CableComponent/Binaries/Win64/UE4Editor-CableComponent.dll (API version 3709383).
LogModuleManager: Display: Found up-to-date module file ../../../Engine/Plugins/Runtime/CustomMeshComponent/Binaries/Win64/UE4Editor-CustomMeshComponent.dll (API version 3709383).
LogModuleManager: Display: Found up-to-date module file ../../../Engine/Plugins/Runtime/ExampleDeviceProfileSelector/Binaries/Win64/UE4Editor-ExampleDeviceProfileSelector.dll (API version 3709383).
LogModuleManager: Display: Found up-to-date module file ../../../Engine/Plugins/Runtime/ImmediatePhysics/Binaries/Win64/UE4Editor-ImmediatePhysics.dll (API version 3709383).
LogModuleManager: Display: Found up-to-date module file ../../../Engine/Plugins/Runtime/ImmediatePhysics/Binaries/Win64/UE4Editor-ImmediatePhysicsEditor.dll (API version 3709383).
LogModuleManager: Display: Found up-to-date module file ../../../Engine/Plugins/Runtime/LocationServicesBPLibrary/Binaries/Win64/UE4Editor-LocationServicesBPLibrary.dll (API version 3709383).
LogModuleManager: Display: Found up-to-date module file ../../../Engine/Plugins/Runtime/MobilePatchingUtils/Binaries/Win64/UE4Editor-MobilePatchingUtils.dll (API version 3709383).
LogModuleManager: Display: Found up-to-date module file ../../../Engine/Plugins/Runtime/Oculus/OculusVR/Binaries/Win64/UE4Editor-OculusHMD.dll (API version 3709383).
LogModuleManager: Display: Found up-to-date module file ../../../Engine/Plugins/Runtime/Oculus/OculusVR/Binaries/Win64/UE4Editor-OculusInput.dll (API version 3709383).
LogModuleManager: Display: Found up-to-date module file ../../../Engine/Plugins/Runtime/Oculus/OculusVR/Binaries/Win64/UE4Editor-OculusEditor.dll (API version 3709383).
LogModuleManager: Display: Found up-to-date module file ../../../Engine/Plugins/Runtime/PhysXVehicles/Binaries/Win64/UE4Editor-PhysXVehicles.dll (API version 3709383).
LogModuleManager: Display: Found up-to-date module file ../../../Engine/Plugins/Runtime/PhysXVehicles/Binaries/Win64/UE4Editor-PhysXVehiclesEditor.dll (API version 3709383).
LogModuleManager: Display: Found up-to-date module file ../../../Engine/Plugins/Runtime/ProceduralMeshComponent/Binaries/Win64/UE4Editor-ProceduralMeshComponent.dll (API version 3709383).
LogModuleManager: Display: Found up-to-date module file ../../../Engine/Plugins/Runtime/ProceduralMeshComponent/Binaries/Win64/UE4Editor-ProceduralMeshComponentEditor.dll (API version 3709383).
LogModuleManager: Display: Found up-to-date module file ../../../Engine/Plugins/Runtime/RuntimePhysXCooking/Binaries/Win64/UE4Editor-RuntimePhysXCooking.dll (API version 3709383).
LogModuleManager: Display: Found up-to-date module file ../../../Engine/Plugins/Runtime/Steam/SteamVR/Binaries/Win64/UE4Editor-SteamVR.dll (API version 3709383).
LogModuleManager: Display: Found up-to-date module file ../../../Engine/Plugins/Runtime/Steam/SteamVR/Binaries/Win64/UE4Editor-SteamVRController.dll (API version 3709383).
LogModuleManager: Display: Found up-to-date module file ../../../Engine/Plugins/Runtime/WindowsMoviePlayer/Binaries/Win64/UE4Editor-WindowsMoviePlayer.dll (API version 3709383).
LogPluginManager: Mounting plugin Paper2D
LogPluginManager: Mounting plugin LightPropagationVolume
LogPluginManager: Mounting plugin CodeLiteSourceCodeAccess
LogPluginManager: Mounting plugin GitSourceControl
LogPluginManager: Mounting plugin KDevelopSourceCodeAccess
LogPluginManager: Mounting plugin NullSourceCodeAccess
LogPluginManager: Mounting plugin PerforceSourceControl
LogPluginManager: Mounting plugin SubversionSourceControl
LogPluginManager: Mounting plugin UObjectPlugin
LogPluginManager: Mounting plugin VisualStudioCodeSourceCodeAccess
LogPluginManager: Mounting plugin VisualStudioSourceCodeAccess
LogPluginManager: Mounting plugin XCodeSourceCodeAccess
LogPluginManager: Mounting plugin AssetManagerEditor
LogPluginManager: Mounting plugin AudioCapture
LogPluginManager: Mounting plugin FacialAnimation
LogPluginManager: Mounting plugin GameplayTagsEditor
LogPluginManager: Mounting plugin MobileLauncherProfileWizard
LogPluginManager: Mounting plugin PluginBrowser
LogPluginManager: Mounting plugin SpeedTreeImporter
LogPluginManager: Mounting plugin AlembicImporter
LogPluginManager: Mounting plugin CharacterAI
LogPluginManager: Mounting plugin HTML5Networking
LogPluginManager: Mounting plugin AndroidMedia
LogPluginManager: Mounting plugin AvfMedia
LogPluginManager: Mounting plugin ImgMedia
LogPluginManager: Mounting plugin MediaCompositing
LogPluginManager: Mounting plugin MediaPlayerEditor
LogPluginManager: Mounting plugin WmfMedia
LogPluginManager: Mounting plugin TcpMessaging
LogPluginManager: Mounting plugin UdpMessaging
LogPluginManager: Mounting plugin ActorSequence
LogPluginManager: Mounting plugin LevelSequenceEditor
LogPluginManager: Mounting plugin MatineeToLevelSequence
LogPluginManager: Mounting plugin OnlineSubsystemGooglePlay
LogPluginManager: Mounting plugin OnlineSubsystemIOS
LogPluginManager: Mounting plugin OnlineSubsystem
LogPluginManager: Mounting plugin OnlineSubsystemNull
LogPluginManager: Mounting plugin OnlineSubsystemUtils
LogPluginManager: Mounting plugin AndroidDeviceProfileSelector
LogPluginManager: Mounting plugin AndroidMoviePlayer
LogPluginManager: Mounting plugin AndroidPermission
LogPluginManager: Mounting plugin AppleARKit
LogPluginManager: Mounting plugin AppleMoviePlayer
LogPluginManager: Mounting plugin ArchVisCharacter
LogPluginManager: Mounting plugin CableComponent
LogPluginManager: Mounting plugin CustomMeshComponent
LogPluginManager: Mounting plugin ExampleDeviceProfileSelector
LogPluginManager: Mounting plugin GoogleCloudMessaging
LogPluginManager: Mounting plugin ImmediatePhysics
LogPluginManager: Mounting plugin IOSDeviceProfileSelector
LogPluginManager: Mounting plugin LinuxDeviceProfileSelector
LogPluginManager: Mounting plugin LocationServicesBPLibrary
LogPluginManager: Mounting plugin MobilePatchingUtils
LogPluginManager: Mounting plugin OculusVR
LogPluginManager: Plugin shader directory ../../../Engine/Plugins/Runtime/Oculus/OculusVR/Shaders found
LogPluginManager: Mapping shader source directory ../../../Engine/Plugins/Runtime/Oculus/OculusVR/Shaders to virtual directory /Plugin/OculusVR
LogPluginManager: Mounting plugin PhysXVehicles
LogPluginManager: Mounting plugin ProceduralMeshComponent
LogPluginManager: Mounting plugin RuntimePhysXCooking
LogPluginManager: Mounting plugin SteamVR
LogPluginManager: Mounting plugin WindowsMoviePlayer
LogInit: Using libcurl 7.47.1
LogInit:  - built for x86_64-pc-win32
LogInit:  - supports SSL with OpenSSL/1.0.2g
LogInit:  - supports HTTP deflate (compression) using libz 1.2.8
LogInit:  - other features:
LogInit:      CURL_VERSION_SSL
LogInit:      CURL_VERSION_LIBZ
LogInit:      CURL_VERSION_IPV6
LogInit:      CURL_VERSION_ASYNCHDNS
LogInit:      CURL_VERSION_LARGEFILE
LogInit:      CURL_VERSION_IDN
LogInit:  CurlRequestOptions (configurable via config and command line):
LogInit:  - bVerifyPeer = false  - Libcurl will NOT verify peer certificate
LogInit:  - bUseHttpProxy = false  - Libcurl will NOT use HTTP proxy
LogInit:  - bDontReuseConnections = false  - Libcurl will reuse connections
LogInit:  - CertBundlePath = nullptr  - Libcurl will use whatever was configured at build time.
LogInit: Build: ++UE4+Release-4.18-CL-3754814
LogInit: Engine Version: 4.18.1-3754814+++UE4+Release-4.18
LogInit: Compatible Engine Version: 4.18.0-3709383+++UE4+Release-4.18
LogInit: Net CL: 3709383
LogDevObjectVersion: Number of dev versions registered: 16
LogDevObjectVersion:   Dev-Blueprints (B0D832E4-1F89-4F0D-ACCF-7EB736FD4AA2): 10
LogDevObjectVersion:   Dev-Build (E1C64328-A22C-4D53-A36C-8E866417BD8C): 0
LogDevObjectVersion:   Dev-Core (375EC13C-06E4-48FB-B500-84F0262A717E): 2
LogDevObjectVersion:   Dev-Editor (E4B068ED-F494-42E9-A231-DA0B2E46BB41): 20
LogDevObjectVersion:   Dev-Framework (CFFC743F-43B0-4480-9391-14DF171D2073): 30
LogDevObjectVersion:   Dev-Mobile (B02B49B5-BB20-44E9-A304-32B752E40360): 0
LogDevObjectVersion:   Dev-Networking (A4E4105C-59A1-49B5-A7C5-40C4547EDFEE): 0
LogDevObjectVersion:   Dev-Online (39C831C9-5AE6-47DC-9A44-9C173E1C8E7C): 0
LogDevObjectVersion:   Dev-Physics (78F01B33-EBEA-4F98-B9B4-84EACCB95AA2): 0
LogDevObjectVersion:   Dev-Platform (6631380F-2D4D-43E0-8009-CF276956A95A): 0
LogDevObjectVersion:   Dev-Rendering (12F88B9F-8875-4AFC-A67C-D90C383ABD29): 20
LogDevObjectVersion:   Dev-Sequencer (7B5AE74C-D270-4C10-A958-57980B212A5A): 4
LogDevObjectVersion:   Dev-VR (D7296918-1DD6-4BDD-9DE2-64A83CC13884): 0
LogDevObjectVersion:   Dev-LoadTimes (C2A15278-BFE7-4AFE-6C17-90FF531DF755): 1
LogDevObjectVersion:   Private-Geometry (6EACA3D4-40EC-4CC1-B786-8BED09428FC5): 1
LogDevObjectVersion:   Dev-AnimPhys (29E575DD-E0A3-4627-9D10-D276232CDCEA): 12
LogInit: Compiled (64-bit): Nov 14 2017 02:05:55
LogInit: Compiled with Visual C++: 19.00.24215.01
LogInit: Build Configuration: Development
LogInit: Branch Name: ++UE4+Release-4.18
LogInit: Command line:  
LogInit: Base directory: C:/Program Files/Epic Games/UE_4.18/Engine/Binaries/Win64/
LogInit: Installed Engine Build: 1
LogInit: Presizing for max 8388607 objects, including 0 objects not considered by GC, pre-allocating 0 bytes for permanent pool.
LogInit: Object subsystem initialized
[2017.11.19-17.27.57:028][  0]LogInit: Selected Device Profile: [Windows]
[2017.11.19-17.27.57:028][  0]LogInit: Applying CVar settings loaded from the selected device profile: [Windows]
[2017.11.19-17.27.57:034][  0]LogInit: Computer: MANIF3ST
[2017.11.19-17.27.57:034][  0]LogInit: User: manif3st
[2017.11.19-17.27.57:034][  0]LogInit: CPU Page size=4096, Cores=4
[2017.11.19-17.27.57:034][  0]LogInit: High frequency timer resolution =3.320307 MHz
[2017.11.19-17.27.57:035][  0]LogMemory: Memory total: Physical=11.9GB (12GB approx)
[2017.11.19-17.27.57:035][  0]LogMemory: Platform Memory Stats for Windows
[2017.11.19-17.27.57:035][  0]LogMemory: Process Physical Memory: 272.38 MB used, 272.38 MB peak
[2017.11.19-17.27.57:035][  0]LogMemory: Process Virtual Memory: 271.81 MB used, 271.81 MB peak
[2017.11.19-17.27.57:035][  0]LogMemory: Physical Memory: 5483.16 MB used,  6692.60 MB free, 12175.76 MB total
[2017.11.19-17.27.57:035][  0]LogMemory: Virtual Memory: 631.15 MB used,  6692.60 MB free, 134217728.00 MB total
[2017.11.19-17.27.57:160][  0]LogInit: Using OS detected language (en-US).
[2017.11.19-17.27.57:160][  0]LogInit: Using OS detected locale (en-ZA).
[2017.11.19-17.27.57:163][  0]LogTextLocalizationManager: No specific localization for 'en-US' exists, so the 'en' localization will be used.
[2017.11.19-17.27.57:489][  0]LogInit: Setting process to per monitor DPI aware
[2017.11.19-17.27.57:751][  0]LogD3D11RHI: D3D11 adapters:
[2017.11.19-17.27.57:799][  0]LogD3D11RHI:    0. 'NVIDIA GeForce GTX 770' (Feature Level 11_0)
[2017.11.19-17.27.57:799][  0]LogD3D11RHI:       2017/0/6087 MB DedicatedVideo/DedicatedSystem/SharedSystem, Outputs:2, VendorId:0x10de
[2017.11.19-17.27.57:804][  0]LogD3D11RHI:    1. 'Intel(R) HD Graphics 4600' (Feature Level 11_0)
[2017.11.19-17.27.57:804][  0]LogD3D11RHI:       112/0/2048 MB DedicatedVideo/DedicatedSystem/SharedSystem, Outputs:1, VendorId:0x8086
[2017.11.19-17.27.57:805][  0]LogD3D11RHI:    2. 'Microsoft Basic Render Driver' (Feature Level 11_0)
[2017.11.19-17.27.57:805][  0]LogD3D11RHI:       0/0/6087 MB DedicatedVideo/DedicatedSystem/SharedSystem, Outputs:0, VendorId:0x1414
[2017.11.19-17.27.57:805][  0]LogD3D11RHI: Chosen D3D11 Adapter: 0
[2017.11.19-17.27.57:808][  0]LogD3D11RHI: Creating new Direct3DDevice
[2017.11.19-17.27.57:808][  0]LogD3D11RHI:     GPU DeviceId: 0x1184 (for the marketing name, search the web for "GPU Device Id")
[2017.11.19-17.27.57:808][  0]LogWindows: EnumDisplayDevices:
[2017.11.19-17.27.57:808][  0]LogWindows:    0. 'NVIDIA GeForce GTX 770' (P:0 D:1)
[2017.11.19-17.27.57:808][  0]LogWindows:    1. 'NVIDIA GeForce GTX 770' (P:1 D:1)
[2017.11.19-17.27.57:808][  0]LogWindows:    2. 'NVIDIA GeForce GTX 770' (P:0 D:0)
[2017.11.19-17.27.57:809][  0]LogWindows:    3. 'NVIDIA GeForce GTX 770' (P:0 D:0)
[2017.11.19-17.27.57:809][  0]LogWindows:    4. 'Intel(R) HD Graphics 4600' (P:0 D:1)
[2017.11.19-17.27.57:809][  0]LogWindows:    5. 'Intel(R) HD Graphics 4600' (P:0 D:0)
[2017.11.19-17.27.57:809][  0]LogWindows:    6. 'Intel(R) HD Graphics 4600' (P:0 D:0)
[2017.11.19-17.27.57:809][  0]LogWindows: DebugString: PrimaryIsNotTheChoosenAdapter PrimaryIsNotTheChoosenAdapter PrimaryIsNotTheChoosenAdapter FoundDriverCount:4 
[2017.11.19-17.27.57:809][  0]LogD3D11RHI:     Adapter Name: NVIDIA GeForce GTX 770
[2017.11.19-17.27.57:809][  0]LogD3D11RHI:   Driver Version: 388.13 (internal:23.21.13.8813, unified:388.13)
[2017.11.19-17.27.57:809][  0]LogD3D11RHI:      Driver Date: 10-27-2017
[2017.11.19-17.27.57:809][  0]LogRHI: Texture pool is 1412 MB (70% of 2017 MB)
[2017.11.19-17.27.57:835][  0]LogD3D11RHI: Async texture creation enabled
[2017.11.19-17.27.57:862][  0]LogD3D11RHI: GPU Timing Frequency: 1000.000000 (Debug: 2 1)
[2017.11.19-17.27.57:865][  0]LogShaderCompilers: Guid format shader working directory is 6 characters bigger than the processId version (E:/Work/Unreal Projects/ProjectSushiSlasher/Intermediate/Shaders/WorkingDirectory/5192/).
[2017.11.19-17.27.57:865][  0]LogShaderCompilers: Cleaned the shader compiler working directory 'C:/Users/manif3st/AppData/Local/Temp/UnrealShaderWorkingDir/C24CDC494EA703D1000BB188808DA576/'.
[2017.11.19-17.27.57:865][  0]LogShaderCompilers: Display: Using Local Shader Compiler.
[2017.11.19-17.27.58:654][  0]LogTemp: Display: Loaded TP AllDesktopTargetPlatform
[2017.11.19-17.27.58:703][  0]LogTemp: Display: Loaded TP MacClientTargetPlatform
[2017.11.19-17.27.58:752][  0]LogTemp: Display: Loaded TP MacNoEditorTargetPlatform
[2017.11.19-17.27.58:801][  0]LogTemp: Display: Loaded TP MacServerTargetPlatform
[2017.11.19-17.27.58:851][  0]LogTemp: Display: Loaded TP MacTargetPlatform
[2017.11.19-17.27.58:900][  0]LogTemp: Display: Loaded TP WindowsClientTargetPlatform
[2017.11.19-17.27.58:950][  0]LogTemp: Display: Loaded TP WindowsNoEditorTargetPlatform
[2017.11.19-17.27.58:999][  0]LogTemp: Display: Loaded TP WindowsServerTargetPlatform
[2017.11.19-17.27.59:043][  0]LogTemp: Display: Loaded TP WindowsTargetPlatform
[2017.11.19-17.27.59:091][  0]LogTemp: Display: Loaded TP Android_ASTCTargetPlatform
[2017.11.19-17.27.59:139][  0]LogTemp: Display: Loaded TP Android_ATCTargetPlatform
[2017.11.19-17.27.59:187][  0]LogTemp: Display: Loaded TP Android_DXTTargetPlatform
[2017.11.19-17.27.59:235][  0]LogTemp: Display: Loaded TP Android_ETC1TargetPlatform
[2017.11.19-17.27.59:284][  0]LogTemp: Display: Loaded TP Android_ETC2TargetPlatform
[2017.11.19-17.27.59:381][  0]LogTemp: Display: Loaded TP Android_MultiTargetPlatform
[2017.11.19-17.27.59:381][  0]LogTemp: Display: Loaded TP Android_PVRTCTargetPlatform
[2017.11.19-17.27.59:429][  0]LogTemp: Display: Loaded TP AndroidTargetPlatform
[2017.11.19-17.27.59:468][  0]LogTemp: Display: Loaded TP HTML5TargetPlatform
[2017.11.19-17.27.59:554][  0]LogTemp: Display: Loaded TP IOSTargetPlatform
[2017.11.19-17.27.59:577][  0]LogTemp: Display: Loaded TP TVOSTargetPlatform
[2017.11.19-17.27.59:626][  0]LogTemp: Display: Loaded TP LinuxClientTargetPlatform
[2017.11.19-17.27.59:674][  0]LogTemp: Display: Loaded TP LinuxNoEditorTargetPlatform
[2017.11.19-17.27.59:723][  0]LogTemp: Display: Loaded TP LinuxServerTargetPlatform
[2017.11.19-17.27.59:771][  0]LogTemp: Display: Loaded TP LinuxTargetPlatform
[2017.11.19-17.27.59:771][  0]LogTargetPlatformManager: Display: Building Assets For Windows
[2017.11.19-17.28.00:206][  0]LogDerivedDataCache: Display: Max Cache Size: 512 MB
[2017.11.19-17.28.00:268][  0]LogDerivedDataCache: Loaded boot cache 0.06s 78MB C:/Users/manif3st/AppData/Local/UnrealEngine/4.18/DerivedDataCache/Boot.ddc.
[2017.11.19-17.28.00:268][  0]LogDerivedDataCache: Display: Loaded Boot cache: C:/Users/manif3st/AppData/Local/UnrealEngine/4.18/DerivedDataCache/Boot.ddc
[2017.11.19-17.28.00:268][  0]LogDerivedDataCache: FDerivedDataBackendGraph:  Pak pak cache file E:/Work/Unreal Projects/ProjectSushiSlasher/DerivedDataCache/DDC.ddp not found, will not use a pak cache.
[2017.11.19-17.28.00:268][  0]LogDerivedDataCache: Unable to find inner node Pak for hierarchical cache Hierarchy.
[2017.11.19-17.28.00:268][  0]LogDerivedDataCache: FDerivedDataBackendGraph:  CompressedPak pak cache file E:/Work/Unreal Projects/ProjectSushiSlasher/DerivedDataCache/Compressed.ddp not found, will not use a pak cache.
[2017.11.19-17.28.00:268][  0]LogDerivedDataCache: Unable to find inner node CompressedPak for hierarchical cache Hierarchy.
[2017.11.19-17.28.00:282][  0]LogDerivedDataCache: Display: Pak cache opened for reading ../../../Engine/DerivedDataCache/Compressed.ddp.
[2017.11.19-17.28.00:295][  0]LogDerivedDataCache: Using Local data cache path C:/Users/manif3st/AppData/Local/UnrealEngine/Common/DerivedDataCache: Writable
[2017.11.19-17.28.00:303][  0]LogMaterial: Verifying Global Shaders for PCD3D_SM5
[2017.11.19-17.28.00:304][  0]LogSlate: Using Freetype 2.6.0
[2017.11.19-17.28.00:304][  0]LogSlate: SlateFontCache - WITH_FREETYPE: 1, WITH_HARFBUZZ: 1
[2017.11.19-17.28.00:304][  0]LogSlate: SlateFontCache - WITH_FREETYPE: 1, WITH_HARFBUZZ: 1
[2017.11.19-17.28.00:626][  0]LogInit: Selected Device Profile: [Windows]
[2017.11.19-17.28.00:935][  0]LogSimplygon: Simplygon DLL not present - disabling.
[2017.11.19-17.28.00:976][  0]LogMeshReduction: Using SimplygonSwarm for distributed automatic mesh merging
[2017.11.19-17.28.00:976][  0]LogMeshReduction: Using QuadricMeshReduction for automatic static mesh reduction
[2017.11.19-17.28.00:976][  0]LogMeshReduction: No automatic skeletal mesh reduction module available
[2017.11.19-17.28.00:976][  0]LogMeshReduction: No automatic mesh merging module available
[2017.11.19-17.28.00:976][  0]LogMeshMerging: No automatic mesh merging module available
[2017.11.19-17.28.01:009][  0]LogNetVersion: ProjectSushiSlasher , NetCL: 3709383, EngineNetVer: 2, GameNetVer: 0 (Checksum: 1048320748)
[2017.11.19-17.28.01:161][  0]LogAssetRegistry: FAssetRegistry took 0.0251 seconds to start up
[2017.11.19-17.28.01:591][  0]LogPackageLocalizationCache: Processed 7 localized package path(s) for 2 prioritized culture(s) in 0.043434 seconds
[2017.11.19-17.28.01:596][  0]LogUObjectArray: 35900 objects as part of root set at end of initial load.
[2017.11.19-17.28.01:596][  0]LogUObjectAllocator: 7372024 out of 0 bytes used by permanent object pool.
[2017.11.19-17.28.01:596][  0]LogUObjectArray: CloseDisregardForGC: 0/0 objects in disregard for GC pool
[2017.11.19-17.28.01:641][  0]LogInit: WinSock: version 1.1 (2.2), MaxSocks=32767, MaxUdp=65467
[2017.11.19-17.28.04:261][  0]LogTcpMessaging: Initializing TcpMessaging bridge
[2017.11.19-17.28.04:305][  0]LogUdpMessaging: Initializing bridge on interface 0.0.0.0:0 to multicast group 230.0.0.1:6666.
[2017.11.19-17.28.05:001][  0]LogMaterial: Uniform references updated for custom material expression Custom.
[2017.11.19-17.28.05:425][  0]SourceControl: Source control is disabled
[2017.11.19-17.28.05:426][  0]SourceControl: Source control is disabled
[2017.11.19-17.28.05:483][  0]SourceControl: Source control is disabled
[2017.11.19-17.28.05:538][  0]SourceControl: Source control is disabled
[2017.11.19-17.28.06:398][  0]LogAndroidPermission: UAndroidPermissionCallbackProxy::GetInstance
[2017.11.19-17.28.06:685][  0]LogOcInput: OculusInput pre-init called
[2017.11.19-17.28.06:974][  0]LogEngine: Initializing Engine...
[2017.11.19-17.28.06:976][  0]LogHMD: Failed to initialize OpenVR with code 110
[2017.11.19-17.28.07:175][  0]LogStats: UGameplayTagsManager::ConstructGameplayTagTree: Construct from data asset -  0.000 s
[2017.11.19-17.28.07:175][  0]LogStats: UGameplayTagsManager::ConstructGameplayTagTree: GameplayTagTreeChangedEvent.Broadcast -  0.000 s
[2017.11.19-17.28.07:301][  0]LogAIModule: Creating AISystem for world Untitled
[2017.11.19-17.28.07:311][  0]LogInit: XAudio2 using 'Speakers (Realtek High Definition Audio)' : 2 channels at 48 kHz using 32 bits per sample (channel mask 0x3)
[2017.11.19-17.28.07:323][  0]LogInit: FAudioDevice initialized.
[2017.11.19-17.28.07:458][  0]LogDerivedDataCache: Saved boot cache 0.14s 78MB C:/Users/manif3st/AppData/Local/UnrealEngine/4.18/DerivedDataCache/Boot.ddc.
[2017.11.19-17.28.07:465][  0]LogInit: Texture streaming: Enabled
[2017.11.19-17.28.07:551][  0]LogEngineSessionManager: EngineSessionManager initialized
[2017.11.19-17.28.07:677][  0]LogInit: Transaction tracking system initialized
[2017.11.19-17.28.07:984][  0]BlueprintLog: New page: Editor Load
[2017.11.19-17.28.08:845][  0]LocalizationService: Localization service is disabled
[2017.11.19-17.28.09:573][  0]LogConsoleResponse: Display: 
[2017.11.19-17.28.09:736][  0]LogCook: Display: Max memory allowance for cook 16384mb min free memory 0mb
[2017.11.19-17.28.09:736][  0]LogCook: Display: Mobile HDR setting 1
[2017.11.19-17.28.09:736][  0]LogGameplayTags: Display: UGameplayTagsManager::DoneAddingNativeTags. DelegateIsBound: 0
[2017.11.19-17.28.10:434][  0]LogFileCache: Scanning file cache for directory 'E:/Work/Unreal Projects/ProjectSushiSlasher/Content/' took 0.01s
[2017.11.19-17.28.10:961][  0]SourceControl: Source control is disabled
[2017.11.19-17.28.10:961][  0]Cmd: MAP LOAD FILE="E:/Work/Unreal Projects/ProjectSushiSlasher/Content/SideScrollerBP/Maps/SideScrollerExampleMap.umap" TEMPLATE=0 SHOWPROGRESS=1 FEATURELEVEL=3
[2017.11.19-17.28.10:962][  0]LogEditorServer: Warning: Can't find file 'E:/Work/Unreal Projects/ProjectSushiSlasher/Content/SideScrollerBP/Maps/SideScrollerExampleMap.umap'
[2017.11.19-17.28.10:962][  0]Cmd: MAP CHECKDEP NOCLEARLOG
[2017.11.19-17.28.11:033][  0]MapCheck: Map check complete: 0 Error(s), 0 Warning(s), took 71,377ms to complete.
[2017.11.19-17.28.11:033][  0]LogFileHelpers: Loading map 'SideScrollerExampleMap' took 0.072
[2017.11.19-17.28.11:093][  0]LogWindowsTextInputMethodSystem: Display: IME system now deactivated.
[2017.11.19-17.28.11:162][  0]LogCollectionManager: Loaded 0 collections in 0.001755 seconds
[2017.11.19-17.28.11:244][  0]LogFileCache: Scanning file cache for directory 'E:/Work/Unreal Projects/ProjectSushiSlasher/Saved/Collections/' took 0.01s
[2017.11.19-17.28.11:244][  0]LogFileCache: Scanning file cache for directory 'E:/Work/Unreal Projects/ProjectSushiSlasher/Content/Developers/manif3st/Collections/' took 0.01s
[2017.11.19-17.28.11:244][  0]LogFileCache: Scanning file cache for directory 'E:/Work/Unreal Projects/ProjectSushiSlasher/Content/Collections/' took 0.01s
[2017.11.19-17.28.11:244][  0]LogCollectionManager: Rebuilt the GUID cache for 0 collections in 0.000000 seconds
[2017.11.19-17.28.11:252][  0]LogContentBrowser: Native class hierarchy populated in 0.0069 seconds. Added 2363 classes and 519 folders.
[2017.11.19-17.28.11:313][  0]LogContentBrowser: Native class hierarchy updated for 'WidgetCarousel' in 0.0002 seconds. Added 0 classes and 0 folders.
[2017.11.19-17.28.11:359][  0]LogContentBrowser: Native class hierarchy updated for 'AddContentDialog' in 0.0002 seconds. Added 0 classes and 0 folders.
[2017.11.19-17.28.11:401][  0]LogContentBrowser: Native class hierarchy updated for 'SceneOutliner' in 0.0002 seconds. Added 1 classes and 2 folders.
[2017.11.19-17.28.11:449][  0]LogSlate: Took 0.000301 seconds to synchronously load lazily loaded font '../../../Engine/Content/Slate/Fonts/Roboto-Regular.ttf' (155K)
[2017.11.19-17.28.11:451][  0]LogSlate: Took 0.000255 seconds to synchronously load lazily loaded font '../../../Engine/Content/Slate/Fonts/Roboto-Bold.ttf' (160K)
[2017.11.19-17.28.11:456][  0]LogSlate: Took 0.000285 seconds to synchronously load lazily loaded font '../../../Engine/Content/Editor/Slate/Fonts/FontAwesome.ttf' (139K)
[2017.11.19-17.28.11:535][  0]LogRenderer: Reallocating scene render targets to support 1052x556 Format 10 NumSamples 1 (Frame:1).
[2017.11.19-17.28.11:685][  0]LogContentBrowser: Native class hierarchy updated for 'HierarchicalLODOutliner' in 0.0003 seconds. Added 1 classes and 2 folders.
[2017.11.19-17.28.11:685][  0]LogLoad: (Engine Initialization) Total time: 17.07 seconds
[2017.11.19-17.28.11:685][  0]LogLoad: (Engine Initialization) Total Blueprint compile time: 0.00 seconds
[2017.11.19-17.28.11:685][  0]LogExternalProfiler: No external profilers were discovered.  External profiling features will not be available.
[2017.11.19-17.28.11:709][  0]LogAssetRegistry: Asset discovery search completed in 10.5701 seconds
[2017.11.19-17.28.11:711][  0]LogCollectionManager: Rebuilt the object cache for 0 collections in 0.000000 seconds (found 0 objects)
[2017.11.19-17.28.11:711][  0]LogCollectionManager: Fixed up redirectors for 0 collections in 0.000045 seconds (updated 0 objects)
[2017.11.19-17.28.11:714][  0]LogContentStreaming: Texture pool size now 1000 MB
[2017.11.19-17.28.11:748][  0]LogSlate: Took 0.000309 seconds to synchronously load lazily loaded font '../../../Engine/Content/Slate/Fonts/Roboto-Light.ttf' (159K)
[2017.11.19-17.28.18:276][743]LogLinker: Warning: Can't find file '/Game/SushiSlasher/HUD/NinjaHud'
[2017.11.19-17.28.18:276][743]LogLinker: Warning: Can't find file for asset '/Game/SushiSlasher/HUD/NinjaHud' while loading E:/Work/Unreal Projects/ProjectSushiSlasher/Content/SushiSlasher/Blueprints/SushiSlasherAnimBP.uasset.
[2017.11.19-17.28.18:276][743]LoadErrors: Error: /Game/SushiSlasher/Blueprints/SushiSlasherAnimBP : Can't find file for asset. /Game/SushiSlasher/HUD/NinjaHud
[2017.11.19-17.28.18:292][743]LogLinker: Warning: Can't find file '/Game/SushiSlasher/HUD/NinjaHud'
[2017.11.19-17.28.18:292][743]LogLinker: Warning: Can't find file for asset '/Game/SushiSlasher/HUD/NinjaHud' while loading E:/Work/Unreal Projects/ProjectSushiSlasher/Content/SushiSlasher/Blueprints/SushiSlasherAnimBP.uasset.
[2017.11.19-17.28.18:292][743]LogLinker: Warning: Can't find file '/Game/SushiSlasher/HUD/NinjaHud'
[2017.11.19-17.28.18:293][743]LogLinker: Warning: Can't find file for asset '/Game/SushiSlasher/HUD/NinjaHud' while loading E:/Work/Unreal Projects/ProjectSushiSlasher/Content/SushiSlasher/Blueprints/SushiSlasherAnimBP.uasset.
[2017.11.19-17.28.18:293][743]LogLinker: Warning: Can't find file '/Game/SushiSlasher/HUD/NinjaHud'
[2017.11.19-17.28.18:293][743]LoadErrors: Failed to load /Game/SushiSlasher/HUD/NinjaHud.NinjaHud_C Referenced by K2Node_CreateWidget_0
[2017.11.19-17.28.18:293][743]LogLinker: Warning: Can't find file for asset '/Game/SushiSlasher/HUD/NinjaHud' while loading E:/Work/Unreal Projects/ProjectSushiSlasher/Content/SushiSlasher/Blueprints/SushiSlasherAnimBP.uasset.
[2017.11.19-17.28.18:294][743]LogLinker: Warning: Can't find file '/Game/SushiSlasher/HUD/NinjaHud'
[2017.11.19-17.28.18:294][743]LogLinker: Warning: Can't find file for asset '/Game/SushiSlasher/HUD/NinjaHud' while loading E:/Work/Unreal Projects/ProjectSushiSlasher/Content/SushiSlasher/Blueprints/SushiSlasherAnimBP.uasset.
[2017.11.19-17.28.18:314][743]LogBlueprint: Error: [Compiler SushiSlasherBP] Spawn node  Create Widget  must have a class specified.
[2017.11.19-17.28.18:321][743]LogBlueprint: Warning: [Compiler SushiSlasherBP] [0023,71] Compile of SushiSlasherBP failed. 1 Fatal Issue(s) 0 Warning(s) [in 26 ms] (/Game/SushiSlasher/Blueprints/SushiSlasherBP.SushiSlasherBP)
[2017.11.19-17.28.18:327][743]LogLinker: Warning: Can't find file '/Game/SushiSlasher/HUD/NinjaHud'
[2017.11.19-17.28.18:327][743]LogLinker: Warning: Can't find file for asset '/Game/SushiSlasher/HUD/NinjaHud' while loading E:/Work/Unreal Projects/ProjectSushiSlasher/Content/SushiSlasher/Blueprints/SushiSlasherBP.uasset.
[2017.11.19-17.28.18:327][743]LoadErrors: Error: /Game/SushiSlasher/Blueprints/SushiSlasherBP : Can't find file for asset. /Game/SushiSlasher/HUD/NinjaHud
[2017.11.19-17.28.18:327][743]LogLinker: Warning: Can't find file '/Game/SushiSlasher/HUD/NinjaHud'
[2017.11.19-17.28.18:327][743]LogLinker: Warning: Can't find file for asset '/Game/SushiSlasher/HUD/NinjaHud' while loading E:/Work/Unreal Projects/ProjectSushiSlasher/Content/SushiSlasher/Blueprints/SushiSlasherBP.uasset.
[2017.11.19-17.28.18:389][743]LogSlate: Took 0.000215 seconds to synchronously load lazily loaded font '../../../Engine/Content/Slate/Fonts/Roboto-Light.ttf' (159K)
[2017.11.19-17.28.18:651][743]LogContentBrowser: Native class hierarchy updated for 'BlueprintGraph' in 0.0005 seconds. Added 116 classes and 0 folders.
[2017.11.19-17.28.19:153][743]LogSlate: Took 0.000196 seconds to synchronously load lazily loaded font '../../../Engine/Content/Slate/Fonts/Roboto-Regular.ttf' (155K)
[2017.11.19-17.28.19:212][743]LogSlate: Took 0.000337 seconds to synchronously load lazily loaded font '../../../Engine/Content/Editor/Slate/Fonts/Roboto-BoldCondensed.ttf' (158K)
[2017.11.19-17.28.19:322][744]LogSlate: Took 0.000305 seconds to synchronously load lazily loaded font '../../../Engine/Content/Editor/Slate/Fonts/Roboto-Italic.ttf' (157K)
[2017.11.19-17.28.21:848][943]LogSlate: Warning: Prevented a slow task dialog from being summoned while a context menu was open
[2017.11.19-17.28.23:385][ 58]BlueprintLog: New page: Compile SushiSlasherBP
[2017.11.19-17.28.26:226][290]LogTemp: Repeating last play command: Selected Viewport
[2017.11.19-17.28.26:248][290]LogPlayLevel: PlayLevel: No blueprints needed recompiling
[2017.11.19-17.28.26:249][290]PIE: New page: PIE session: Untitled_0 (19 Nov 2017, 9:28:26 PM)
[2017.11.19-17.28.26:249][290]LogPlayLevel: Creating play world package: /Temp/UEDPIE_0_Untitled_0
[2017.11.19-17.28.26:249][290]LogPlayLevel: PIE: StaticDuplicateObject took: (0.000448s)
[2017.11.19-17.28.26:250][290]LogAIModule: Creating AISystem for world Untitled
[2017.11.19-17.28.26:250][290]LogPlayLevel: PIE: World Init took: (0.000502s)
[2017.11.19-17.28.26:250][290]LogPlayLevel: PIE: Created PIE world by copying editor world from /Temp/Untitled_0.Untitled to /Temp/UEDPIE_0_Untitled_0.Untitled (0.001150s)
[2017.11.19-17.28.26:270][290]LogInit: XAudio2 using 'Speakers (Realtek High Definition Audio)' : 2 channels at 48 kHz using 32 bits per sample (channel mask 0x3)
[2017.11.19-17.28.26:280][290]LogInit: FAudioDevice initialized.
[2017.11.19-17.28.26:323][290]LogLinker: Warning: Can't find file '/Game/SideScrollerBP/Blueprints/SideScrollerGameMode'
[2017.11.19-17.28.26:323][290]LogLinker: Warning: Can't find file '/Game/SideScrollerBP/Blueprints/SideScrollerGameMode'
[2017.11.19-17.28.26:324][290]LogUObjectGlobals: Warning: Failed to find object 'Class /Game/SideScrollerBP/Blueprints/SideScrollerGameMode.SideScrollerGameMode_C'
[2017.11.19-17.28.26:324][290]LogLoad: Game class is 'GameModeBase'
[2017.11.19-17.28.26:325][290]LogWorld: Bringing World /Temp/UEDPIE_0_Untitled_0.Untitled up for play (max tick rate 0) at 2017.11.19-19.28.26
[2017.11.19-17.28.26:325][290]LogWorld: Bringing up level for play took: 0.000341
[2017.11.19-17.28.26:368][290]LogContentBrowser: Native class hierarchy updated for 'MovieSceneCapture' in 0.0003 seconds. Added 11 classes and 0 folders.
[2017.11.19-17.28.26:369][290]PIE: Play in editor start time for /Temp/UEDPIE_0_Untitled_0 0,019
[2017.11.19-17.28.27:872][443]LogContentBrowser: Native class hierarchy updated for 'SkeletonEditor' in 0.0002 seconds. Added 1 classes and 2 folders.
[2017.11.19-17.28.28:109][443]LogActorComponent: RegisterComponentWithWorld: (/Engine/Transient.World_4:PersistentLevel.Actor_0.DebugSkelMeshComponent_0) Already registered. Aborting.
[2017.11.19-17.28.28:322][443]LogSkeletalMesh: USkeletalMeshComponent::InitArticulated : Bodies already created (/Engine/Transient.World_4:PersistentLevel.Actor_0.DebugSkelMeshComponent_0) - call TermArticulated first.
[2017.11.19-17.28.28:651][443]LogContentBrowser: Native class hierarchy updated for 'ClothingSystemEditorInterface' in 0.0002 seconds. Added 1 classes and 0 folders.
[2017.11.19-17.28.33:499][940]LogLinker: Warning: Can't find file '/Game/SushiSlasher/HUD/NinjaHud'
[2017.11.19-17.28.33:499][940]LogLinker: Warning: Can't find file for asset '/Game/SushiSlasher/HUD/NinjaHud' while loading E:/Work/Unreal Projects/ProjectSushiSlasher/Content/SushiSlasher/Blueprints/SushiSlasherBP.uasset.
[2017.11.19-17.28.33:500][940]LogLinker: Warning: Can't find file '/Game/SushiSlasher/HUD/NinjaHud'
[2017.11.19-17.28.33:500][940]LogLinker: Warning: Can't find file for asset '/Game/SushiSlasher/HUD/NinjaHud' while loading E:/Work/Unreal Projects/ProjectSushiSlasher/Content/SushiSlasher/Blueprints/SushiSlasherBP.uasset.
[2017.11.19-17.28.33:658][940]LogAIModule: Creating AISystem for world DefaultMap
[2017.11.19-17.28.35:390][940]Cmd: MAP LOAD FILE="E:/Work/Unreal Projects/ProjectSushiSlasher/Content/Maps/DefaultMap.umap" TEMPLATE=0 SHOWPROGRESS=1 FEATURELEVEL=3
[2017.11.19-17.28.35:391][940]LightingResults: New page: Lighting Build
[2017.11.19-17.28.35:432][940]LogContentBrowser: Native class hierarchy updated for 'StatsViewer' in 0.0002 seconds. Added 5 classes and 0 folders.
[2017.11.19-17.28.35:433][940]LoadErrors: New page: Loading map: DefaultMap.umap
[2017.11.19-17.28.35:433][940]MapCheck: New page: Map Check
[2017.11.19-17.28.35:433][940]LightingResults: New page: Lighting Build
[2017.11.19-17.28.35:515][940]LogEditorServer: Finished looking for orphan Actors (0.000 secs)
[2017.11.19-17.28.35:543][940]Cmd: MAP CHECKDEP NOCLEARLOG
[2017.11.19-17.28.35:630][940]MapCheck: Map check complete: 0 Error(s), 0 Warning(s), took 86,979ms to complete.
[2017.11.19-17.28.35:631][940]LogFileHelpers: Loading map 'DefaultMap' took 0.242
[2017.11.19-17.28.36:200][996]LogTemp: Repeating last play command: Selected Viewport
[2017.11.19-17.28.36:208][996]LogBlueprintUserMessages: Early PlayInEditor Detection: Level '/Game/Maps/DefaultMap.DefaultMap:PersistentLevel' has LevelScriptBlueprint '/Game/Maps/DefaultMap.DefaultMap:PersistentLevel.DefaultMap' with GeneratedClass '/Game/Maps/DefaultMap.DefaultMap_C' with ClassGeneratedBy '/Game/Maps/DefaultMap.DefaultMap:PersistentLevel.DefaultMap'
[2017.11.19-17.28.36:209][996]LogPlayLevel: PlayLevel: No blueprints needed recompiling
[2017.11.19-17.28.36:209][996]PIE: New page: PIE session: DefaultMap (19 Nov 2017, 9:28:36 PM)
[2017.11.19-17.28.36:209][996]LogPlayLevel: Creating play world package: /Game/Maps/UEDPIE_0_DefaultMap
[2017.11.19-17.28.36:213][996]LogPlayLevel: PIE: StaticDuplicateObject took: (0.003780s)
[2017.11.19-17.28.36:213][996]LogAIModule: Creating AISystem for world DefaultMap
[2017.11.19-17.28.36:213][996]LogPlayLevel: PIE: World Init took: (0.000510s)
[2017.11.19-17.28.36:213][996]LogPlayLevel: PIE: Created PIE world by copying editor world from /Game/Maps/DefaultMap.DefaultMap to /Game/Maps/UEDPIE_0_DefaultMap.DefaultMap (0.004541s)
[2017.11.19-17.28.36:236][996]LogInit: XAudio2 using 'Speakers (Realtek High Definition Audio)' : 2 channels at 48 kHz using 32 bits per sample (channel mask 0x3)
[2017.11.19-17.28.36:245][996]LogInit: FAudioDevice initialized.
[2017.11.19-17.28.36:280][996]LogLoad: Game class is 'SushiSlasherGamemode_C'
[2017.11.19-17.28.36:281][996]LogWorld: Bringing World /Game/Maps/UEDPIE_0_DefaultMap.DefaultMap up for play (max tick rate 0) at 2017.11.19-19.28.36
[2017.11.19-17.28.36:282][996]LogWorld: Bringing up level for play took: 0.001420
[2017.11.19-17.28.36:291][996]PIE: Play in editor start time for /Game/Maps/UEDPIE_0_DefaultMap -0,059
[2017.11.19-17.28.36:291][996]LogBlueprintUserMessages: Late PlayInEditor Detection: Level '/Game/Maps/DefaultMap.DefaultMap:PersistentLevel' has LevelScriptBlueprint '/Game/Maps/DefaultMap.DefaultMap:PersistentLevel.DefaultMap' with GeneratedClass '/Game/Maps/DefaultMap.DefaultMap_C' with ClassGeneratedBy '/Game/Maps/DefaultMap.DefaultMap:PersistentLevel.DefaultMap'
[2017.11.19-17.28.38:462][255]LogBlueprintUserMessages: [HealthDeplete2_479] Depleted health by 50
[2017.11.19-17.28.40:562][507]LogBlueprintUserMessages: [HealthDeplete3] Depleted health by 50
[2017.11.19-17.28.59:706][804]LogBlueprintUserMessages: Early EndPlayMap Detection: Level '/Game/Maps/DefaultMap.DefaultMap:PersistentLevel' has LevelScriptBlueprint '/Game/Maps/DefaultMap.DefaultMap:PersistentLevel.DefaultMap' with GeneratedClass '/Game/Maps/DefaultMap.DefaultMap_C' with ClassGeneratedBy '/Game/Maps/DefaultMap.DefaultMap:PersistentLevel.DefaultMap'
[2017.11.19-17.28.59:739][804]LogBlueprintUserMessages: Late EndPlayMap Detection: Level '/Game/Maps/DefaultMap.DefaultMap:PersistentLevel' has LevelScriptBlueprint '/Game/Maps/DefaultMap.DefaultMap:PersistentLevel.DefaultMap' with GeneratedClass '/Game/Maps/DefaultMap.DefaultMap_C' with ClassGeneratedBy '/Game/Maps/DefaultMap.DefaultMap:PersistentLevel.DefaultMap'
[2017.11.19-17.29.01:855][ 52]LogEditorViewport: Clicking on Actor (LMB): NavMeshBoundsVolume (NavMeshBoundsVolume)
[2017.11.19-17.29.16:634][802]LogTemp: Repeating last play command: Selected Viewport
[2017.11.19-17.29.16:642][802]LogBlueprintUserMessages: Early PlayInEditor Detection: Level '/Game/Maps/DefaultMap.DefaultMap:PersistentLevel' has LevelScriptBlueprint '/Game/Maps/DefaultMap.DefaultMap:PersistentLevel.DefaultMap' with GeneratedClass '/Game/Maps/DefaultMap.DefaultMap_C' with ClassGeneratedBy '/Game/Maps/DefaultMap.DefaultMap:PersistentLevel.DefaultMap'
[2017.11.19-17.29.16:642][802]LogPlayLevel: PlayLevel: No blueprints needed recompiling
[2017.11.19-17.29.16:642][802]PIE: New page: PIE session: DefaultMap (19 Nov 2017, 9:29:16 PM)
[2017.11.19-17.29.16:642][802]LogPlayLevel: Creating play world package: /Game/Maps/UEDPIE_0_DefaultMap
[2017.11.19-17.29.16:646][802]LogPlayLevel: PIE: StaticDuplicateObject took: (0.003712s)
[2017.11.19-17.29.16:646][802]LogAIModule: Creating AISystem for world DefaultMap
[2017.11.19-17.29.16:647][802]LogPlayLevel: PIE: World Init took: (0.000495s)
[2017.11.19-17.29.16:647][802]LogPlayLevel: PIE: Created PIE world by copying editor world from /Game/Maps/DefaultMap.DefaultMap to /Game/Maps/UEDPIE_0_DefaultMap.DefaultMap (0.004415s)
[2017.11.19-17.29.16:666][802]LogInit: XAudio2 using 'Speakers (Realtek High Definition Audio)' : 2 channels at 48 kHz using 32 bits per sample (channel mask 0x3)
[2017.11.19-17.29.16:675][802]LogInit: FAudioDevice initialized.
[2017.11.19-17.29.16:707][802]LogLoad: Game class is 'SushiSlasherGamemode_C'
[2017.11.19-17.29.16:709][802]LogWorld: Bringing World /Game/Maps/UEDPIE_0_DefaultMap.DefaultMap up for play (max tick rate 0) at 2017.11.19-19.29.16
[2017.11.19-17.29.16:709][802]LogWorld: Bringing up level for play took: 0.001537
[2017.11.19-17.29.16:712][802]PIE: Play in editor start time for /Game/Maps/UEDPIE_0_DefaultMap 0,362
[2017.11.19-17.29.16:712][802]LogBlueprintUserMessages: Late PlayInEditor Detection: Level '/Game/Maps/DefaultMap.DefaultMap:PersistentLevel' has LevelScriptBlueprint '/Game/Maps/DefaultMap.DefaultMap:PersistentLevel.DefaultMap' with GeneratedClass '/Game/Maps/DefaultMap.DefaultMap_C' with ClassGeneratedBy '/Game/Maps/DefaultMap.DefaultMap:PersistentLevel.DefaultMap'
[2017.11.19-17.29.20:135][212]LogBlueprintUserMessages: Early EndPlayMap Detection: Level '/Game/Maps/DefaultMap.DefaultMap:PersistentLevel' has LevelScriptBlueprint '/Game/Maps/DefaultMap.DefaultMap:PersistentLevel.DefaultMap' with GeneratedClass '/Game/Maps/DefaultMap.DefaultMap_C' with ClassGeneratedBy '/Game/Maps/DefaultMap.DefaultMap:PersistentLevel.DefaultMap'
[2017.11.19-17.29.20:170][212]LogBlueprintUserMessages: Late EndPlayMap Detection: Level '/Game/Maps/DefaultMap.DefaultMap:PersistentLevel' has LevelScriptBlueprint '/Game/Maps/DefaultMap.DefaultMap:PersistentLevel.DefaultMap' with GeneratedClass '/Game/Maps/DefaultMap.DefaultMap_C' with ClassGeneratedBy '/Game/Maps/DefaultMap.DefaultMap:PersistentLevel.DefaultMap'
[2017.11.19-17.29.22:061][430]LogTemp: Repeating last play command: Selected Viewport
[2017.11.19-17.29.22:069][430]LogBlueprintUserMessages: Early PlayInEditor Detection: Level '/Game/Maps/DefaultMap.DefaultMap:PersistentLevel' has LevelScriptBlueprint '/Game/Maps/DefaultMap.DefaultMap:PersistentLevel.DefaultMap' with GeneratedClass '/Game/Maps/DefaultMap.DefaultMap_C' with ClassGeneratedBy '/Game/Maps/DefaultMap.DefaultMap:PersistentLevel.DefaultMap'
[2017.11.19-17.29.22:069][430]LogPlayLevel: PlayLevel: No blueprints needed recompiling
[2017.11.19-17.29.22:069][430]PIE: New page: PIE session: DefaultMap (19 Nov 2017, 9:29:22 PM)
[2017.11.19-17.29.22:069][430]LogPlayLevel: Creating play world package: /Game/Maps/UEDPIE_0_DefaultMap
[2017.11.19-17.29.22:073][430]LogPlayLevel: PIE: StaticDuplicateObject took: (0.003707s)
[2017.11.19-17.29.22:073][430]LogAIModule: Creating AISystem for world DefaultMap
[2017.11.19-17.29.22:073][430]LogPlayLevel: PIE: World Init took: (0.000508s)
[2017.11.19-17.29.22:074][430]LogPlayLevel: PIE: Created PIE world by copying editor world from /Game/Maps/DefaultMap.DefaultMap to /Game/Maps/UEDPIE_0_DefaultMap.DefaultMap (0.004438s)
[2017.11.19-17.29.22:096][430]LogInit: XAudio2 using 'Speakers (Realtek High Definition Audio)' : 2 channels at 48 kHz using 32 bits per sample (channel mask 0x3)
[2017.11.19-17.29.22:104][430]LogInit: FAudioDevice initialized.
[2017.11.19-17.29.22:136][430]LogLoad: Game class is 'SushiSlasherGamemode_C'
[2017.11.19-17.29.22:137][430]LogWorld: Bringing World /Game/Maps/UEDPIE_0_DefaultMap.DefaultMap up for play (max tick rate 0) at 2017.11.19-19.29.22
[2017.11.19-17.29.22:137][430]LogWorld: Bringing up level for play took: 0.001316
[2017.11.19-17.29.22:139][430]PIE: Play in editor start time for /Game/Maps/UEDPIE_0_DefaultMap -0,21
[2017.11.19-17.29.22:140][430]LogBlueprintUserMessages: Late PlayInEditor Detection: Level '/Game/Maps/DefaultMap.DefaultMap:PersistentLevel' has LevelScriptBlueprint '/Game/Maps/DefaultMap.DefaultMap:PersistentLevel.DefaultMap' with GeneratedClass '/Game/Maps/DefaultMap.DefaultMap_C' with ClassGeneratedBy '/Game/Maps/DefaultMap.DefaultMap:PersistentLevel.DefaultMap'
[2017.11.19-17.29.22:904][521]LogBlueprintUserMessages: Early EndPlayMap Detection: Level '/Game/Maps/DefaultMap.DefaultMap:PersistentLevel' has LevelScriptBlueprint '/Game/Maps/DefaultMap.DefaultMap:PersistentLevel.DefaultMap' with GeneratedClass '/Game/Maps/DefaultMap.DefaultMap_C' with ClassGeneratedBy '/Game/Maps/DefaultMap.DefaultMap:PersistentLevel.DefaultMap'
[2017.11.19-17.29.22:934][521]LogBlueprintUserMessages: Late EndPlayMap Detection: Level '/Game/Maps/DefaultMap.DefaultMap:PersistentLevel' has LevelScriptBlueprint '/Game/Maps/DefaultMap.DefaultMap:PersistentLevel.DefaultMap' with GeneratedClass '/Game/Maps/DefaultMap.DefaultMap_C' with ClassGeneratedBy '/Game/Maps/DefaultMap.DefaultMap:PersistentLevel.DefaultMap'
[2017.11.19-17.29.26:457][924]LogEditorViewport: Clicking on Actor (LMB): NavMeshBoundsVolume (NavMeshBoundsVolume)
[2017.11.19-17.29.50:792][819]LogSlate: Warning: Prevented a slow task dialog from being summoned while a context menu was open
[2017.11.19-17.30.16:048][816]LogTemp: Repeating last play command: Selected Viewport
[2017.11.19-17.30.16:057][816]LogBlueprintUserMessages: Early PlayInEditor Detection: Level '/Game/Maps/DefaultMap.DefaultMap:PersistentLevel' has LevelScriptBlueprint '/Game/Maps/DefaultMap.DefaultMap:PersistentLevel.DefaultMap' with GeneratedClass '/Game/Maps/DefaultMap.DefaultMap_C' with ClassGeneratedBy '/Game/Maps/DefaultMap.DefaultMap:PersistentLevel.DefaultMap'
[2017.11.19-17.30.16:057][816]LogPlayLevel: PlayLevel: No blueprints needed recompiling
[2017.11.19-17.30.16:057][816]PIE: New page: PIE session: DefaultMap (19 Nov 2017, 9:30:16 PM)
[2017.11.19-17.30.16:057][816]LogPlayLevel: Creating play world package: /Game/Maps/UEDPIE_0_DefaultMap
[2017.11.19-17.30.16:061][816]LogPlayLevel: PIE: StaticDuplicateObject took: (0.004046s)
[2017.11.19-17.30.16:062][816]LogAIModule: Creating AISystem for world DefaultMap
[2017.11.19-17.30.16:062][816]LogPlayLevel: PIE: World Init took: (0.000531s)
[2017.11.19-17.30.16:062][816]LogPlayLevel: PIE: Created PIE world by copying editor world from /Game/Maps/DefaultMap.DefaultMap to /Game/Maps/UEDPIE_0_DefaultMap.DefaultMap (0.004809s)
[2017.11.19-17.30.16:081][816]LogInit: XAudio2 using 'Speakers (Realtek High Definition Audio)' : 2 channels at 48 kHz using 32 bits per sample (channel mask 0x3)
[2017.11.19-17.30.16:090][816]LogInit: FAudioDevice initialized.
[2017.11.19-17.30.16:123][816]LogLoad: Game class is 'SushiSlasherGamemode_C'
[2017.11.19-17.30.16:124][816]LogWorld: Bringing World /Game/Maps/UEDPIE_0_DefaultMap.DefaultMap up for play (max tick rate 0) at 2017.11.19-19.30.16
[2017.11.19-17.30.16:125][816]LogWorld: Bringing up level for play took: 0.001354
[2017.11.19-17.30.16:127][816]PIE: Play in editor start time for /Game/Maps/UEDPIE_0_DefaultMap -0,223
[2017.11.19-17.30.16:127][816]LogBlueprintUserMessages: Late PlayInEditor Detection: Level '/Game/Maps/DefaultMap.DefaultMap:PersistentLevel' has LevelScriptBlueprint '/Game/Maps/DefaultMap.DefaultMap:PersistentLevel.DefaultMap' with GeneratedClass '/Game/Maps/DefaultMap.DefaultMap_C' with ClassGeneratedBy '/Game/Maps/DefaultMap.DefaultMap:PersistentLevel.DefaultMap'
[2017.11.19-17.30.18:433][ 92]LogBlueprintUserMessages: Early EndPlayMap Detection: Level '/Game/Maps/DefaultMap.DefaultMap:PersistentLevel' has LevelScriptBlueprint '/Game/Maps/DefaultMap.DefaultMap:PersistentLevel.DefaultMap' with GeneratedClass '/Game/Maps/DefaultMap.DefaultMap_C' with ClassGeneratedBy '/Game/Maps/DefaultMap.DefaultMap:PersistentLevel.DefaultMap'
[2017.11.19-17.30.18:468][ 92]LogBlueprintUserMessages: Late EndPlayMap Detection: Level '/Game/Maps/DefaultMap.DefaultMap:PersistentLevel' has LevelScriptBlueprint '/Game/Maps/DefaultMap.DefaultMap:PersistentLevel.DefaultMap' with GeneratedClass '/Game/Maps/DefaultMap.DefaultMap_C' with ClassGeneratedBy '/Game/Maps/DefaultMap.DefaultMap:PersistentLevel.DefaultMap'
[2017.11.19-17.30.23:790][668]LogEditorViewport: Clicking on Actor (LMB): NavMeshBoundsVolume (NavMeshBoundsVolume)
[2017.11.19-17.30.34:271][847]LogEditorViewport: Clicking on Actor (LMB): BP_Sky_Sphere_C (Sky Sphere)
[2017.11.19-17.30.35:273][961]LogTemp: Repeating last play command: Selected Viewport
[2017.11.19-17.30.35:282][961]LogBlueprintUserMessages: Early PlayInEditor Detection: Level '/Game/Maps/DefaultMap.DefaultMap:PersistentLevel' has LevelScriptBlueprint '/Game/Maps/DefaultMap.DefaultMap:PersistentLevel.DefaultMap' with GeneratedClass '/Game/Maps/DefaultMap.DefaultMap_C' with ClassGeneratedBy '/Game/Maps/DefaultMap.DefaultMap:PersistentLevel.DefaultMap'
[2017.11.19-17.30.35:282][961]LogPlayLevel: PlayLevel: No blueprints needed recompiling
[2017.11.19-17.30.35:282][961]PIE: New page: PIE session: DefaultMap (19 Nov 2017, 9:30:35 PM)
[2017.11.19-17.30.35:282][961]LogPlayLevel: Creating play world package: /Game/Maps/UEDPIE_0_DefaultMap
[2017.11.19-17.30.35:286][961]LogPlayLevel: PIE: StaticDuplicateObject took: (0.004019s)
[2017.11.19-17.30.35:286][961]LogAIModule: Creating AISystem for world DefaultMap
[2017.11.19-17.30.35:287][961]LogPlayLevel: PIE: World Init took: (0.000529s)
[2017.11.19-17.30.35:287][961]LogPlayLevel: PIE: Created PIE world by copying editor world from /Game/Maps/DefaultMap.DefaultMap to /Game/Maps/UEDPIE_0_DefaultMap.DefaultMap (0.004762s)
[2017.11.19-17.30.35:304][961]LogInit: XAudio2 using 'Speakers (Realtek High Definition Audio)' : 2 channels at 48 kHz using 32 bits per sample (channel mask 0x3)
[2017.11.19-17.30.35:313][961]LogInit: FAudioDevice initialized.
[2017.11.19-17.30.35:342][961]LogLoad: Game class is 'SushiSlasherGamemode_C'
[2017.11.19-17.30.35:344][961]LogWorld: Bringing World /Game/Maps/UEDPIE_0_DefaultMap.DefaultMap up for play (max tick rate 0) at 2017.11.19-19.30.35
[2017.11.19-17.30.35:344][961]LogWorld: Bringing up level for play took: 0.001348
[2017.11.19-17.30.35:346][961]PIE: Play in editor start time for /Game/Maps/UEDPIE_0_DefaultMap 0,996
[2017.11.19-17.30.35:346][961]LogBlueprintUserMessages: Late PlayInEditor Detection: Level '/Game/Maps/DefaultMap.DefaultMap:PersistentLevel' has LevelScriptBlueprint '/Game/Maps/DefaultMap.DefaultMap:PersistentLevel.DefaultMap' with GeneratedClass '/Game/Maps/DefaultMap.DefaultMap_C' with ClassGeneratedBy '/Game/Maps/DefaultMap.DefaultMap:PersistentLevel.DefaultMap'
[2017.11.19-17.30.37:252][189]LogBlueprintUserMessages: [HealthDeplete2_479] Depleted health by 50
[2017.11.19-17.30.40:944][632]LogBlueprintUserMessages: Early EndPlayMap Detection: Level '/Game/Maps/DefaultMap.DefaultMap:PersistentLevel' has LevelScriptBlueprint '/Game/Maps/DefaultMap.DefaultMap:PersistentLevel.DefaultMap' with GeneratedClass '/Game/Maps/DefaultMap.DefaultMap_C' with ClassGeneratedBy '/Game/Maps/DefaultMap.DefaultMap:PersistentLevel.DefaultMap'
[2017.11.19-17.30.40:977][632]LogBlueprintUserMessages: Late EndPlayMap Detection: Level '/Game/Maps/DefaultMap.DefaultMap:PersistentLevel' has LevelScriptBlueprint '/Game/Maps/DefaultMap.DefaultMap:PersistentLevel.DefaultMap' with GeneratedClass '/Game/Maps/DefaultMap.DefaultMap_C' with ClassGeneratedBy '/Game/Maps/DefaultMap.DefaultMap:PersistentLevel.DefaultMap'
[2017.11.19-17.30.45:391][133]Cmd: TRANSACTION UNDO
[2017.11.19-17.30.45:391][133]LogEditorTransaction: Undo Clicking on Actors
[2017.11.19-17.30.45:426][133]LogSlate: Took 0.000279 seconds to synchronously load lazily loaded font '../../../Engine/Content/Slate/Fonts/Roboto-Light.ttf' (159K)
[2017.11.19-17.30.45:691][162]Cmd: TRANSACTION UNDO
[2017.11.19-17.30.45:691][162]LogEditorTransaction: Undo Scale Actors
[2017.11.19-17.30.45:976][194]Cmd: TRANSACTION UNDO
[2017.11.19-17.30.45:976][194]LogEditorTransaction: Undo Scale Actors
[2017.11.19-17.30.46:303][232]Cmd: TRANSACTION UNDO
[2017.11.19-17.30.46:303][232]LogEditorTransaction: Undo Move Actors
[2017.11.19-17.30.46:643][272]Cmd: TRANSACTION UNDO
[2017.11.19-17.30.46:644][272]LogEditorTransaction: Undo Scale Actors
[2017.11.19-17.30.47:184][336]Cmd: TRANSACTION UNDO
[2017.11.19-17.30.47:184][336]LogEditorTransaction: Undo Clicking on Actors
[2017.11.19-17.30.47:636][385]Cmd: TRANSACTION UNDO
[2017.11.19-17.30.47:636][385]LogEditorTransaction: Undo Select Brush Surface
[2017.11.19-17.30.47:989][426]Cmd: TRANSACTION UNDO
[2017.11.19-17.30.47:989][426]LogEditorTransaction: Undo Change Collision Profile
[2017.11.19-17.30.48:319][464]Cmd: TRANSACTION UNDO
[2017.11.19-17.30.48:319][464]LogEditorTransaction: Undo Edit Hollow
[2017.11.19-17.30.50:574][723]LogTemp: Repeating last play command: Selected Viewport
[2017.11.19-17.30.50:582][723]LogBlueprintUserMessages: Early PlayInEditor Detection: Level '/Game/Maps/DefaultMap.DefaultMap:PersistentLevel' has LevelScriptBlueprint '/Game/Maps/DefaultMap.DefaultMap:PersistentLevel.DefaultMap' with GeneratedClass '/Game/Maps/DefaultMap.DefaultMap_C' with ClassGeneratedBy '/Game/Maps/DefaultMap.DefaultMap:PersistentLevel.DefaultMap'
[2017.11.19-17.30.50:582][723]LogPlayLevel: PlayLevel: No blueprints needed recompiling
[2017.11.19-17.30.50:582][723]PIE: New page: PIE session: DefaultMap (19 Nov 2017, 9:30:50 PM)
[2017.11.19-17.30.50:582][723]LogPlayLevel: Creating play world package: /Game/Maps/UEDPIE_0_DefaultMap
[2017.11.19-17.30.50:586][723]LogPlayLevel: PIE: StaticDuplicateObject took: (0.003764s)
[2017.11.19-17.30.50:587][723]LogAIModule: Creating AISystem for world DefaultMap
[2017.11.19-17.30.50:587][723]LogPlayLevel: PIE: World Init took: (0.000517s)
[2017.11.19-17.30.50:587][723]LogPlayLevel: PIE: Created PIE world by copying editor world from /Game/Maps/DefaultMap.DefaultMap to /Game/Maps/UEDPIE_0_DefaultMap.DefaultMap (0.004488s)
[2017.11.19-17.30.50:606][723]LogInit: XAudio2 using 'Speakers (Realtek High Definition Audio)' : 2 channels at 48 kHz using 32 bits per sample (channel mask 0x3)
[2017.11.19-17.30.50:614][723]LogInit: FAudioDevice initialized.
[2017.11.19-17.30.50:646][723]LogLoad: Game class is 'SushiSlasherGamemode_C'
[2017.11.19-17.30.50:648][723]LogWorld: Bringing World /Game/Maps/UEDPIE_0_DefaultMap.DefaultMap up for play (max tick rate 0) at 2017.11.19-19.30.50
[2017.11.19-17.30.50:648][723]LogWorld: Bringing up level for play took: 0.001286
[2017.11.19-17.30.50:650][723]PIE: Play in editor start time for /Game/Maps/UEDPIE_0_DefaultMap 0,3
[2017.11.19-17.30.50:650][723]LogBlueprintUserMessages: Late PlayInEditor Detection: Level '/Game/Maps/DefaultMap.DefaultMap:PersistentLevel' has LevelScriptBlueprint '/Game/Maps/DefaultMap.DefaultMap:PersistentLevel.DefaultMap' with GeneratedClass '/Game/Maps/DefaultMap.DefaultMap_C' with ClassGeneratedBy '/Game/Maps/DefaultMap.DefaultMap:PersistentLevel.DefaultMap'
[2017.11.19-17.31.07:692][767]LogBlueprintUserMessages: Early EndPlayMap Detection: Level '/Game/Maps/DefaultMap.DefaultMap:PersistentLevel' has LevelScriptBlueprint '/Game/Maps/DefaultMap.DefaultMap:PersistentLevel.DefaultMap' with GeneratedClass '/Game/Maps/DefaultMap.DefaultMap_C' with ClassGeneratedBy '/Game/Maps/DefaultMap.DefaultMap:PersistentLevel.DefaultMap'
[2017.11.19-17.31.07:727][767]LogBlueprintUserMessages: Late EndPlayMap Detection: Level '/Game/Maps/DefaultMap.DefaultMap:PersistentLevel' has LevelScriptBlueprint '/Game/Maps/DefaultMap.DefaultMap:PersistentLevel.DefaultMap' with GeneratedClass '/Game/Maps/DefaultMap.DefaultMap_C' with ClassGeneratedBy '/Game/Maps/DefaultMap.DefaultMap:PersistentLevel.DefaultMap'
[2017.11.19-17.31.28:215][123]LogTemp: Repeating last play command: Selected Viewport
[2017.11.19-17.31.28:224][123]LogBlueprintUserMessages: Early PlayInEditor Detection: Level '/Game/Maps/DefaultMap.DefaultMap:PersistentLevel' has LevelScriptBlueprint '/Game/Maps/DefaultMap.DefaultMap:PersistentLevel.DefaultMap' with GeneratedClass '/Game/Maps/DefaultMap.DefaultMap_C' with ClassGeneratedBy '/Game/Maps/DefaultMap.DefaultMap:PersistentLevel.DefaultMap'
[2017.11.19-17.31.28:224][123]LogPlayLevel: PlayLevel: No blueprints needed recompiling
[2017.11.19-17.31.28:224][123]PIE: New page: PIE session: DefaultMap (19 Nov 2017, 9:31:28 PM)
[2017.11.19-17.31.28:224][123]LogPlayLevel: Creating play world package: /Game/Maps/UEDPIE_0_DefaultMap
[2017.11.19-17.31.28:228][123]LogPlayLevel: PIE: StaticDuplicateObject took: (0.003734s)
[2017.11.19-17.31.28:228][123]LogAIModule: Creating AISystem for world DefaultMap
[2017.11.19-17.31.28:228][123]LogPlayLevel: PIE: World Init took: (0.000512s)
[2017.11.19-17.31.28:228][123]LogPlayLevel: PIE: Created PIE world by copying editor world from /Game/Maps/DefaultMap.DefaultMap to /Game/Maps/UEDPIE_0_DefaultMap.DefaultMap (0.004454s)
[2017.11.19-17.31.28:247][123]LogInit: XAudio2 using 'Speakers (Realtek High Definition Audio)' : 2 channels at 48 kHz using 32 bits per sample (channel mask 0x3)
[2017.11.19-17.31.28:256][123]LogInit: FAudioDevice initialized.
[2017.11.19-17.31.28:287][123]LogLoad: Game class is 'SushiSlasherGamemode_C'
[2017.11.19-17.31.28:289][123]LogWorld: Bringing World /Game/Maps/UEDPIE_0_DefaultMap.DefaultMap up for play (max tick rate 0) at 2017.11.19-19.31.28
[2017.11.19-17.31.28:289][123]LogWorld: Bringing up level for play took: 0.001391
[2017.11.19-17.31.28:291][123]PIE: Play in editor start time for /Game/Maps/UEDPIE_0_DefaultMap -0,059
[2017.11.19-17.31.28:298][123]LogBlueprintUserMessages: Late PlayInEditor Detection: Level '/Game/Maps/DefaultMap.DefaultMap:PersistentLevel' has LevelScriptBlueprint '/Game/Maps/DefaultMap.DefaultMap:PersistentLevel.DefaultMap' with GeneratedClass '/Game/Maps/DefaultMap.DefaultMap_C' with ClassGeneratedBy '/Game/Maps/DefaultMap.DefaultMap:PersistentLevel.DefaultMap'
[2017.11.19-17.31.36:342][ 85]LogBlueprintUserMessages: Early EndPlayMap Detection: Level '/Game/Maps/DefaultMap.DefaultMap:PersistentLevel' has LevelScriptBlueprint '/Game/Maps/DefaultMap.DefaultMap:PersistentLevel.DefaultMap' with GeneratedClass '/Game/Maps/DefaultMap.DefaultMap_C' with ClassGeneratedBy '/Game/Maps/DefaultMap.DefaultMap:PersistentLevel.DefaultMap'
[2017.11.19-17.31.36:380][ 85]LogBlueprintUserMessages: Late EndPlayMap Detection: Level '/Game/Maps/DefaultMap.DefaultMap:PersistentLevel' has LevelScriptBlueprint '/Game/Maps/DefaultMap.DefaultMap:PersistentLevel.DefaultMap' with GeneratedClass '/Game/Maps/DefaultMap.DefaultMap_C' with ClassGeneratedBy '/Game/Maps/DefaultMap.DefaultMap:PersistentLevel.DefaultMap'
[2017.11.19-17.31.37:677][222]LogEditorViewport: Clicking on Actor (LMB): PlayerStart (PlayerStart)
[2017.11.19-17.31.40:528][520]LogEditorViewport: Clicking on Actor (LMB): AINinjaBP_C (AINinjaBP)
[2017.11.19-17.31.48:638][415]LogEditorViewport: Clicking on Actor (LMB): PlayerStart (PlayerStart)
[2017.11.19-17.31.51:217][717]LogEditorViewport: Clicking on Actor (LMB): AINinjaBP_C (AINinjaBP)
[2017.11.19-17.31.55:444][201]LogEditorViewport: Clicking on Actor (LMB): PlayerStart (PlayerStart)
[2017.11.19-17.31.57:058][383]LogEditorViewport: Clicking on Actor (LMB): AINinjaBP_C (AINinjaBP)
[2017.11.19-17.32.02:202][948]LogTemp: Repeating last play command: Selected Viewport
[2017.11.19-17.32.02:210][948]LogBlueprintUserMessages: Early PlayInEditor Detection: Level '/Game/Maps/DefaultMap.DefaultMap:PersistentLevel' has LevelScriptBlueprint '/Game/Maps/DefaultMap.DefaultMap:PersistentLevel.DefaultMap' with GeneratedClass '/Game/Maps/DefaultMap.DefaultMap_C' with ClassGeneratedBy '/Game/Maps/DefaultMap.DefaultMap:PersistentLevel.DefaultMap'
[2017.11.19-17.32.02:210][948]LogPlayLevel: PlayLevel: No blueprints needed recompiling
[2017.11.19-17.32.02:210][948]PIE: New page: PIE session: DefaultMap (19 Nov 2017, 9:32:02 PM)
[2017.11.19-17.32.02:210][948]LogPlayLevel: Creating play world package: /Game/Maps/UEDPIE_0_DefaultMap
[2017.11.19-17.32.02:214][948]LogPlayLevel: PIE: StaticDuplicateObject took: (0.003747s)
[2017.11.19-17.32.02:214][948]LogAIModule: Creating AISystem for world DefaultMap
[2017.11.19-17.32.02:215][948]LogPlayLevel: PIE: World Init took: (0.000535s)
[2017.11.19-17.32.02:215][948]LogPlayLevel: PIE: Created PIE world by copying editor world from /Game/Maps/DefaultMap.DefaultMap to /Game/Maps/UEDPIE_0_DefaultMap.DefaultMap (0.004491s)
[2017.11.19-17.32.02:234][948]LogInit: XAudio2 using 'Speakers (Realtek High Definition Audio)' : 2 channels at 48 kHz using 32 bits per sample (channel mask 0x3)
[2017.11.19-17.32.02:243][948]LogInit: FAudioDevice initialized.
[2017.11.19-17.32.02:274][948]LogLoad: Game class is 'SushiSlasherGamemode_C'
[2017.11.19-17.32.02:275][948]LogWorld: Bringing World /Game/Maps/UEDPIE_0_DefaultMap.DefaultMap up for play (max tick rate 0) at 2017.11.19-19.32.02
[2017.11.19-17.32.02:276][948]LogWorld: Bringing up level for play took: 0.001292
[2017.11.19-17.32.02:278][948]PIE: Play in editor start time for /Game/Maps/UEDPIE_0_DefaultMap -0,072
[2017.11.19-17.32.02:278][948]LogBlueprintUserMessages: Late PlayInEditor Detection: Level '/Game/Maps/DefaultMap.DefaultMap:PersistentLevel' has LevelScriptBlueprint '/Game/Maps/DefaultMap.DefaultMap:PersistentLevel.DefaultMap' with GeneratedClass '/Game/Maps/DefaultMap.DefaultMap_C' with ClassGeneratedBy '/Game/Maps/DefaultMap.DefaultMap:PersistentLevel.DefaultMap'
[2017.11.19-17.32.04:383][200]LogBlueprintUserMessages: [HealthDeplete2_479] Depleted health by 50
[2017.11.19-17.32.24:314][591]LogBlueprintUserMessages: [HealthRegen_329] Large Wasabi Ball consumed
[2017.11.19-17.32.24:938][666]LogBlueprintUserMessages: [HealthDeplete3] Depleted health by 50
[2017.11.19-17.32.27:648][991]LogBlueprintUserMessages: Early EndPlayMap Detection: Level '/Game/Maps/DefaultMap.DefaultMap:PersistentLevel' has LevelScriptBlueprint '/Game/Maps/DefaultMap.DefaultMap:PersistentLevel.DefaultMap' with GeneratedClass '/Game/Maps/DefaultMap.DefaultMap_C' with ClassGeneratedBy '/Game/Maps/DefaultMap.DefaultMap:PersistentLevel.DefaultMap'
[2017.11.19-17.32.27:680][991]LogBlueprintUserMessages: Late EndPlayMap Detection: Level '/Game/Maps/DefaultMap.DefaultMap:PersistentLevel' has LevelScriptBlueprint '/Game/Maps/DefaultMap.DefaultMap:PersistentLevel.DefaultMap' with GeneratedClass '/Game/Maps/DefaultMap.DefaultMap_C' with ClassGeneratedBy '/Game/Maps/DefaultMap.DefaultMap:PersistentLevel.DefaultMap'
[2017.11.19-17.32.34:434][776]LogEditorViewport: Clicking on Actor (LMB): HealthRegen_C (HealthRegen)
[2017.11.19-17.32.36:058][955]LogEditorViewport: Clicking on Actor (LMB): HealthDeplete_C (HealthDeplete3)
[2017.11.19-17.32.40:916][518]Cmd: OBJ SAVEPACKAGE PACKAGE="/Game/Maps/DefaultMap" FILE="E:/Work/Unreal Projects/ProjectSushiSlasher/Content/Maps/DefaultMap.umap" SILENT=true AUTOSAVING=false KEEPDIRTY=false
[2017.11.19-17.32.41:076][518]LogSavePackage: Save=140.36ms
[2017.11.19-17.32.41:076][518]LogSavePackage: Moving 'E:/Work/Unreal Projects/ProjectSushiSlasher/Saved/DefaultMap7A355BC74E548322260FB091CBFC32B9.tmp' to 'E:/Work/Unreal Projects/ProjectSushiSlasher/Content/Maps/DefaultMap.umap'
[2017.11.19-17.32.41:077][518]LogSavePackage: Display: Finished SavePackage E:/Work/Unreal Projects/ProjectSushiSlasher/Content/Maps/DefaultMap.umap
[2017.11.19-17.32.41:091][518]Cmd: OBJ SAVEPACKAGE PACKAGE="/Game/Maps/DefaultMap_BuiltData" FILE="E:/Work/Unreal Projects/ProjectSushiSlasher/Content/Maps/DefaultMap_BuiltData.uasset" SILENT=true
[2017.11.19-17.32.41:130][518]LogSavePackage: Save=37.23ms
[2017.11.19-17.32.41:130][518]LogSavePackage: Moving 'E:/Work/Unreal Projects/ProjectSushiSlasher/Saved/DefaultMap_BuiltData06F638C54DAE506DAC8E79A47B6015C5.tmp' to 'E:/Work/Unreal Projects/ProjectSushiSlasher/Content/Maps/DefaultMap_BuiltData.uasset'
[2017.11.19-17.32.41:131][518]LogSavePackage: Display: Finished SavePackage E:/Work/Unreal Projects/ProjectSushiSlasher/Content/Maps/DefaultMap_BuiltData.uasset
[2017.11.19-17.32.42:424][666]LogTemp: Repeating last play command: Selected Viewport
[2017.11.19-17.32.42:433][666]LogBlueprintUserMessages: Early PlayInEditor Detection: Level '/Game/Maps/DefaultMap.DefaultMap:PersistentLevel' has LevelScriptBlueprint '/Game/Maps/DefaultMap.DefaultMap:PersistentLevel.DefaultMap' with GeneratedClass '/Game/Maps/DefaultMap.DefaultMap_C' with ClassGeneratedBy '/Game/Maps/DefaultMap.DefaultMap:PersistentLevel.DefaultMap'
[2017.11.19-17.32.42:433][666]LogPlayLevel: PlayLevel: No blueprints needed recompiling
[2017.11.19-17.32.42:433][666]PIE: New page: PIE session: DefaultMap (19 Nov 2017, 9:32:42 PM)
[2017.11.19-17.32.42:433][666]LogPlayLevel: Creating play world package: /Game/Maps/UEDPIE_0_DefaultMap
[2017.11.19-17.32.42:437][666]LogPlayLevel: PIE: StaticDuplicateObject took: (0.003986s)
[2017.11.19-17.32.42:438][666]LogAIModule: Creating AISystem for world DefaultMap
[2017.11.19-17.32.42:438][666]LogPlayLevel: PIE: World Init took: (0.000535s)
[2017.11.19-17.32.42:438][666]LogPlayLevel: PIE: Created PIE world by copying editor world from /Game/Maps/DefaultMap.DefaultMap to /Game/Maps/UEDPIE_0_DefaultMap.DefaultMap (0.004741s)
[2017.11.19-17.32.42:458][666]LogInit: XAudio2 using 'Speakers (Realtek High Definition Audio)' : 2 channels at 48 kHz using 32 bits per sample (channel mask 0x3)
[2017.11.19-17.32.42:468][666]LogInit: FAudioDevice initialized.
[2017.11.19-17.32.42:502][666]LogLoad: Game class is 'SushiSlasherGamemode_C'
[2017.11.19-17.32.42:504][666]LogWorld: Bringing World /Game/Maps/UEDPIE_0_DefaultMap.DefaultMap up for play (max tick rate 0) at 2017.11.19-19.32.42
[2017.11.19-17.32.42:504][666]LogWorld: Bringing up level for play took: 0.001405
[2017.11.19-17.32.42:506][666]PIE: Play in editor start time for /Game/Maps/UEDPIE_0_DefaultMap 0,156
[2017.11.19-17.32.42:506][666]LogBlueprintUserMessages: Late PlayInEditor Detection: Level '/Game/Maps/DefaultMap.DefaultMap:PersistentLevel' has LevelScriptBlueprint '/Game/Maps/DefaultMap.DefaultMap:PersistentLevel.DefaultMap' with GeneratedClass '/Game/Maps/DefaultMap.DefaultMap_C' with ClassGeneratedBy '/Game/Maps/DefaultMap.DefaultMap:PersistentLevel.DefaultMap'
[2017.11.19-17.32.44:745][934]LogBlueprintUserMessages: [HealthDeplete2_479] Depleted health by 50
[2017.11.19-17.32.52:575][873]LogBlueprintUserMessages: [HealthDeplete3] Depleted health by 50
[2017.11.19-17.32.54:183][ 66]LogBlueprintUserMessages: [HealthRegen_329] Large Wasabi Ball consumed
[2017.11.19-17.33.01:918][994]LogBlueprintUserMessages: Early EndPlayMap Detection: Level '/Game/Maps/DefaultMap.DefaultMap:PersistentLevel' has LevelScriptBlueprint '/Game/Maps/DefaultMap.DefaultMap:PersistentLevel.DefaultMap' with GeneratedClass '/Game/Maps/DefaultMap.DefaultMap_C' with ClassGeneratedBy '/Game/Maps/DefaultMap.DefaultMap:PersistentLevel.DefaultMap'
[2017.11.19-17.33.01:950][994]LogBlueprintUserMessages: Late EndPlayMap Detection: Level '/Game/Maps/DefaultMap.DefaultMap:PersistentLevel' has LevelScriptBlueprint '/Game/Maps/DefaultMap.DefaultMap:PersistentLevel.DefaultMap' with GeneratedClass '/Game/Maps/DefaultMap.DefaultMap_C' with ClassGeneratedBy '/Game/Maps/DefaultMap.DefaultMap:PersistentLevel.DefaultMap'
[2017.11.19-17.33.11:496][ 34]Cmd: OBJ SAVEPACKAGE PACKAGE="/Game/HUD/NinjaHud" FILE="E:/Work/Unreal Projects/ProjectSushiSlasher/Content/HUD/NinjaHud.uasset" SILENT=true
[2017.11.19-17.33.11:540][ 34]LogSavePackage: Save=39.83ms
[2017.11.19-17.33.11:540][ 34]LogSavePackage: Moving 'E:/Work/Unreal Projects/ProjectSushiSlasher/Saved/NinjaHudEA45268E455F7B0343647C84DA6C2987.tmp' to 'E:/Work/Unreal Projects/ProjectSushiSlasher/Content/HUD/NinjaHud.uasset'
[2017.11.19-17.33.11:541][ 34]LogSavePackage: Display: Finished SavePackage E:/Work/Unreal Projects/ProjectSushiSlasher/Content/HUD/NinjaHud.uasset
[2017.11.19-17.33.18:225][732]SourceControl: On branch master
[2017.11.19-17.33.18:225][732]SourceControl: Your branch is up to date with 'origin/master'.
[2017.11.19-17.33.18:225][732]SourceControl: Changes to be committed:
[2017.11.19-17.33.18:225][732]SourceControl:   (use "git reset HEAD <file>..." to unstage)
[2017.11.19-17.33.18:225][732]SourceControl: 	modified:   Content/AI/TesterAI/Animations/AINinja_Idle.uasset
[2017.11.19-17.33.18:225][732]SourceControl: 	modified:   Content/AI/TesterAI/Animations/AINinja_IdleRun.uasset
[2017.11.19-17.33.18:225][732]SourceControl: 	modified:   Content/AI/TesterAI/Animations/AINinja_Run.uasset
[2017.11.19-17.33.18:225][732]SourceControl: 	modified:   Content/AI/TesterAI/Animations/AINinja_attack1_idle.uasset
[2017.11.19-17.33.18:225][732]SourceControl: 	modified:   Content/AI/TesterAI/Animations/AINinja_attack1_run.uasset
[2017.11.19-17.33.18:225][732]SourceControl: 	modified:   Content/AI/TesterAI/Animations/Ninja_attack1_idle.uasset
[2017.11.19-17.33.18:225][732]SourceControl: 	modified:   Content/AI/TesterAI/Animations/Ninja_attack1_run.uasset
[2017.11.19-17.33.18:225][732]SourceControl: 	modified:   Content/AI/TesterAI/Animations/Ninja_idle.uasset
[2017.11.19-17.33.18:225][732]SourceControl: 	modified:   Content/AI/TesterAI/Animations/Ninja_run.uasset
[2017.11.19-17.33.18:225][732]SourceControl: 	modified:   Content/AI/TesterAI/Blueprints/AINinjaBP.uasset
[2017.11.19-17.33.18:225][732]SourceControl: 	modified:   Content/AI/TesterAI/Blueprints/AINinja_AnimBP.uasset
[2017.11.19-17.33.18:225][732]SourceControl: 	modified:   Content/AI/TesterAI/Skeletons/AILambert1.uasset
[2017.11.19-17.33.18:225][732]SourceControl: 	modified:   Content/AI/TesterAI/Skeletons/AINinja_base.uasset
[2017.11.19-17.33.18:225][732]SourceControl: 	modified:   Content/AI/TesterAI/Skeletons/AINinja_base_PhysicsAsset.uasset
[2017.11.19-17.33.18:225][732]SourceControl: 	modified:   Content/AI/TesterAI/Skeletons/AINinja_base_Skeleton.uasset
[2017.11.19-17.33.18:225][732]SourceControl: 	modified:   Content/Maps/DefaultMap.umap
[2017.11.19-17.33.18:225][732]SourceControl: 	modified:   Content/Maps/DefaultMap_BuiltData.uasset
[2017.11.19-17.33.18:225][732]SourceControl: 	modified:   Content/Maps/StarterMap.umap
[2017.11.19-17.33.18:225][732]SourceControl: 	modified:   Content/Materials/Wasabigreen.uasset
[2017.11.19-17.33.18:225][732]SourceControl: 	modified:   Content/Meshes/NinjaSword.uasset
[2017.11.19-17.33.18:225][732]SourceControl: 	modified:   Content/SushiSlasher/Animations/Ninja_FallingIdle.uasset
[2017.11.19-17.33.18:225][732]SourceControl: 	modified:   Content/SushiSlasher/Animations/Ninja_IdleRun.uasset
[2017.11.19-17.33.18:225][732]SourceControl: 	modified:   Content/SushiSlasher/Animations/Ninja_IdleRunBackpedal.uasset
[2017.11.19-17.33.18:225][732]SourceControl: 	modified:   Content/SushiSlasher/Animations/Ninja_JumpFalling.uasset
[2017.11.19-17.33.18:225][732]SourceControl: 	modified:   Content/SushiSlasher/Animations/Ninja_attack1_backpedal.uasset
[2017.11.19-17.33.18:225][732]SourceControl: 	modified:   Content/SushiSlasher/Animations/Ninja_attack1_idle.uasset
[2017.11.19-17.33.18:225][732]SourceControl: 	modified:   Content/SushiSlasher/Animations/Ninja_attack1_idle1Torso.uasset
[2017.11.19-17.33.18:225][732]SourceControl: 	modified:   Content/SushiSlasher/Animations/Ninja_attack1_run.uasset
[2017.11.19-17.33.18:225][732]SourceControl: 	modified:   Content/SushiSlasher/Animations/Ninja_backpedal.uasset
[2017.11.19-17.33.18:225][732]SourceControl: 	modified:   Content/SushiSlasher/Animations/Ninja_fall.uasset
[2017.11.19-17.33.18:225][732]SourceControl: 	modified:   Content/SushiSlasher/Animations/Ninja_idle.uasset
[2017.11.19-17.33.18:225][732]SourceControl: 	modified:   Content/SushiSlasher/Animations/Ninja_jump.uasset
[2017.11.19-17.33.18:225][732]SourceControl: 	modified:   Content/SushiSlasher/Animations/Ninja_run.uasset
[2017.11.19-17.33.18:225][732]SourceControl: 	modified:   Content/SushiSlasher/Blueprints/SushiSlasherAnimBP.uasset
[2017.11.19-17.33.18:225][732]SourceControl: 	modified:   Content/SushiSlasher/Blueprints/SushiSlasherBP.uasset
[2017.11.19-17.33.18:225][732]SourceControl: 	modified:   Content/SushiSlasher/Blueprints/SushiSlasherGamemode.uasset
[2017.11.19-17.33.18:225][732]SourceControl: 	modified:   Content/SushiSlasher/Items/HealthDeplete.uasset
[2017.11.19-17.33.18:225][732]SourceControl: 	modified:   Content/SushiSlasher/Items/HealthRegen.uasset
[2017.11.19-17.33.18:225][732]SourceControl: 	modified:   Content/SushiSlasher/Skeletons/Ninja_base.uasset
[2017.11.19-17.33.18:225][732]SourceControl: 	modified:   Content/SushiSlasher/Skeletons/Ninja_base_Skeleton.uasset
[2017.11.19-17.33.18:225][732]SourceControl: 	modified:   Content/SushiSlasher/Skeletons/lambert1.uasset
[2017.11.19-17.33.18:225][732]SourceControl: 	modified:   ProjectSushiSlasher.uproject
[2017.11.19-17.33.18:225][732]SourceControl: Changes not staged for commit:
[2017.11.19-17.33.18:225][732]SourceControl:   (use "git add <file>..." to update what will be committed)
[2017.11.19-17.33.18:225][732]SourceControl:   (use "git checkout -- <file>..." to discard changes in working directory)
[2017.11.19-17.33.18:225][732]SourceControl: 	modified:   Content/Maps/DefaultMap.umap
[2017.11.19-17.33.18:225][732]SourceControl: 	modified:   Content/Maps/DefaultMap_BuiltData.uasset
[2017.11.19-17.33.18:225][732]SourceControl: Untracked files:
[2017.11.19-17.33.18:225][732]SourceControl:   (use "git add <file>..." to include in what will be committed)
[2017.11.19-17.33.18:225][732]SourceControl: 	Config/DefaultEditor.ini
[2017.11.19-17.33.18:225][732]SourceControl: 	Config/DefaultEditorPerProjectUserSettings.ini
[2017.11.19-17.33.18:225][732]SourceControl: 	Config/DefaultGame.ini
[2017.11.19-17.33.18:225][732]SourceControl: 	Content/HUD/
[2017.11.19-17.33.18:225][732]SourceControl: 	Intermediate/
[2017.11.19-17.33.18:225][732]SourceControl: 	Saved/
[2017.11.19-17.33.40:878][278]Cmd: OBJ SAVEPACKAGE PACKAGE="/Game/Maps/DefaultMap" FILE="E:/Work/Unreal Projects/ProjectSushiSlasher/Content/Maps/DefaultMap.umap" SILENT=true AUTOSAVING=false KEEPDIRTY=false
[2017.11.19-17.33.41:028][278]LogSavePackage: Save=132.22ms
[2017.11.19-17.33.41:028][278]LogSavePackage: Moving 'E:/Work/Unreal Projects/ProjectSushiSlasher/Saved/DefaultMap763908A44C2AB622251D799BDA15522E.tmp' to 'E:/Work/Unreal Projects/ProjectSushiSlasher/Content/Maps/DefaultMap.umap'
[2017.11.19-17.33.41:030][278]LogSavePackage: Display: Finished SavePackage E:/Work/Unreal Projects/ProjectSushiSlasher/Content/Maps/DefaultMap.umap
[2017.11.19-17.33.41:106][278]Cmd: OBJ SAVEPACKAGE PACKAGE="/Game/Maps/DefaultMap_BuiltData" FILE="E:/Work/Unreal Projects/ProjectSushiSlasher/Content/Maps/DefaultMap_BuiltData.uasset" SILENT=true
[2017.11.19-17.33.41:134][278]LogSavePackage: Save=26.35ms
[2017.11.19-17.33.41:134][278]LogSavePackage: Moving 'E:/Work/Unreal Projects/ProjectSushiSlasher/Saved/DefaultMap_BuiltDataA7DD9D5E40F15141FD9C90BDCB510397.tmp' to 'E:/Work/Unreal Projects/ProjectSushiSlasher/Content/Maps/DefaultMap_BuiltData.uasset'
[2017.11.19-17.33.41:135][278]LogSavePackage: Display: Finished SavePackage E:/Work/Unreal Projects/ProjectSushiSlasher/Content/Maps/DefaultMap_BuiltData.uasset
